#
# A fatal error has been detected by the Java Runtime Environment:
#
#  EXCEPTION_ACCESS_VIOLATION (0xc0000005) at pc=0x00007ffdc5bb9f50, pid=1628, tid=10256
#
# JRE version: OpenJDK Runtime Environment Temurin-17.0.3+7 (17.0.3+7) (build 17.0.3+7)
# Java VM: OpenJDK 64-Bit Server VM Temurin-17.0.3+7 (17.0.3+7, mixed mode, emulated-client, tiered, compressed oops, compressed class ptrs, g1 gc, windows-amd64)
# Problematic frame:
# V  [jvm.dll+0x539f50]
#
# No core dump will be written. Minidumps are not enabled by default on client versions of Windows
#
# If you would like to submit a bug report, please visit:
#   https://github.com/adoptium/adoptium-support/issues
#

---------------  S U M M A R Y ------------

Command Line: -Dcom.sun.management.jmxremote -Dcom.sun.management.jmxremote.port=53138 -Dcom.sun.management.jmxremote.authenticate=false -Dcom.sun.management.jmxremote.ssl=false -Djava.rmi.server.hostname=localhost -Dspring.jmx.enabled=true -Dspring.application.admin.enabled=true -XX:TieredStopAtLevel=1 -Dspring.boot.project.name=algafood -Dfile.encoding=UTF-8 -XX:+ShowCodeDetailsInExceptionMessages com.algaworks.algafood.AlgafoodApplication --spring.output.ansi.enabled=always

Host: Intel(R) Core(TM) i5-4570S CPU @ 2.90GHz, 4 cores, 5G,  Windows 10 , 64 bit Build 19041 (10.0.19041.546)
Time: Sun Dec 18 12:00:44 2022 Hora oficial do Brasil elapsed time: 5460.922278 seconds (0d 1h 31m 0s)

---------------  T H R E A D  ---------------

Current thread (0x000001f905fc5710):  JavaThread "RMI TCP Connection(135)-127.0.0.1" daemon [_thread_in_vm, id=10256, stack(0x000000eb70100000,0x000000eb70200000)]

Stack: [0x000000eb70100000,0x000000eb70200000],  sp=0x000000eb701fe6d8,  free space=1017k
Native frames: (J=compiled Java code, j=interpreted, Vv=VM code, C=native code)
V  [jvm.dll+0x539f50]

Java frames: (J=compiled Java code, j=interpreted, Vv=VM code)
j  javax.management.remote.rmi.RMIConnectionImpl.doOperation(I[Ljava/lang/Object;)Ljava/lang/Object;+284 java.management.rmi@17.0.3
j  javax.management.remote.rmi.RMIConnectionImpl$PrivilegedOperation.run()Ljava/lang/Object;+12 java.management.rmi@17.0.3
j  javax.management.remote.rmi.RMIConnectionImpl.doPrivilegedOperation(I[Ljava/lang/Object;Ljavax/security/auth/Subject;)Ljava/lang/Object;+81 java.management.rmi@17.0.3
j  javax.management.remote.rmi.RMIConnectionImpl.getDefaultDomain(Ljavax/security/auth/Subject;)Ljava/lang/String;+37 java.management.rmi@17.0.3
j  jdk.internal.reflect.GeneratedMethodAccessor171.invoke(Ljava/lang/Object;[Ljava/lang/Object;)Ljava/lang/Object;+40 java.base@17.0.3
J 2370 c1 jdk.internal.reflect.DelegatingMethodAccessorImpl.invoke(Ljava/lang/Object;[Ljava/lang/Object;)Ljava/lang/Object; java.base@17.0.3 (10 bytes) @ 0x000001f9788bba64 [0x000001f9788bba20+0x0000000000000044]
J 2382 c1 java.lang.reflect.Method.invoke(Ljava/lang/Object;[Ljava/lang/Object;)Ljava/lang/Object; java.base@17.0.3 (65 bytes) @ 0x000001f9788c0854 [0x000001f9788c0760+0x00000000000000f4]
j  sun.rmi.server.UnicastServerRef.dispatch(Ljava/rmi/Remote;Ljava/rmi/server/RemoteCall;)V+264 java.rmi@17.0.3
j  sun.rmi.transport.Transport$1.run()Ljava/lang/Void;+23 java.rmi@17.0.3
J 11197 c1 sun.rmi.transport.Transport.serviceCall(Ljava/rmi/server/RemoteCall;)Z java.rmi@17.0.3 (349 bytes) @ 0x000001f97970ede4 [0x000001f97970e560+0x0000000000000884]
j  sun.rmi.transport.tcp.TCPTransport.handleMessages(Lsun/rmi/transport/Connection;Z)V+145 java.rmi@17.0.3
j  sun.rmi.transport.tcp.TCPTransport$ConnectionHandler.run0()V+522 java.rmi@17.0.3
j  sun.rmi.transport.tcp.TCPTransport$ConnectionHandler.lambda$run$0()Ljava/lang/Void;+1 java.rmi@17.0.3
j  sun.rmi.transport.tcp.TCPTransport$ConnectionHandler$$Lambda$109+0x0000000100139fe8.run()Ljava/lang/Object;+4 java.rmi@17.0.3
J 2677 c1 java.security.AccessController.doPrivileged(Ljava/security/PrivilegedAction;Ljava/security/AccessControlContext;)Ljava/lang/Object; java.base@17.0.3 (17 bytes) @ 0x000001f97894c424 [0x000001f97894c3c0+0x0000000000000064]
j  sun.rmi.transport.tcp.TCPTransport$ConnectionHandler.run()V+37 java.rmi@17.0.3
j  java.util.concurrent.ThreadPoolExecutor.runWorker(Ljava/util/concurrent/ThreadPoolExecutor$Worker;)V+92 java.base@17.0.3
j  java.util.concurrent.ThreadPoolExecutor$Worker.run()V+5 java.base@17.0.3
j  java.lang.Thread.run()V+11 java.base@17.0.3
v  ~StubRoutines::call_stub

siginfo: EXCEPTION_ACCESS_VIOLATION (0xc0000005), reading address 0xffffffffffffffff


Register to memory mapping:

RIP=0x00007ffdc5bb9f50 jvm.dll
RAX=0x000001f906563518 points into unknown readable memory: 0x88000a002e750340 | 40 03 75 2e 00 0a 00 88
RBX=0x000001f905fc5710 is a thread
RCX=0x7265536e6165424d is an unknown value
RDX=0x000000010008df90 is a pointer to class: 
com.sun.jmx.mbeanserver.JmxMBeanServer {0x000000010008df98}
 - instance size:     5
 - klass size:        170
 - access:            public final synchronized 
 - state:             fully_initialized
 - name:              'com/sun/jmx/mbeanserver/JmxMBeanServer'
 - super:             'java/lang/Object'
 - sub:               
 - arrays:            NULL
 - methods:           Array<T>(0x000001f97f531720)
 - method ordering:   Array<T>(0x000001f97f000018)
 - default_methods:   Array<T>(0x0000000000000000)
 - local interfaces:  Array<T>(0x000001f97f52ca10)
 - trans. interfaces: Array<T>(0x000001f97f5347b0)
 - constants:         constant pool [546] {0x000001f97f52b718} for 'com/sun/jmx/mbeanserver/JmxMBeanServer' cache=0x000001f97f5348c8
 - class loader data:  loader data: 0x000001f974d29350 of 'bootstrap'
 - source file:       'JmxMBeanServer.java'
 - class annotations:       Array<T>(0x0000000000000000)
 - class type annotations:  Array<T>(0x0000000000000000)
 - field annotations:       Array<T>(0x0000000000000000)
 - field type annotations:  Array<T>(0x0000000000000000)
 - inner classes:     Array<T>(0x000001f97f534768)
 - nest members:     Array<T>(0x000001f97f5347a0)
 - permitted subclasses:     Array<T>(0x000001f97f000028)
 - java mirror:       a 'java/lang/Class'{0x00000000a1fdb3e8} = 'com/sun/jmx/mbeanserver/JmxMBeanServer'
 - vtable length      5  (start addr: 0x000000010008e158)
 - itable length      107 (start addr: 0x000000010008e180)
 - ---- static fields (1 words):
 - public static final 'DEFAULT_FAIR_LOCK_POLICY' 'Z' @112 
 - ---- non-static fields (6 words):
 - private final 'interceptorsEnabled' 'Z' @12 
 - private final 'instantiator' 'Lcom/sun/jmx/mbeanserver/MBeanInstantiator;' @16 
 - private final 'secureClr' 'Lcom/sun/jmx/mbeanserver/SecureClassLoaderRepository;' @20 
 - private final 'outerShell' 'Ljavax/management/MBeanServer;' @24 
 - private volatile 'mbsInterceptor' 'Ljavax/management/MBeanServer;' @28 
 - private final 'mBeanServerDelegateObject' 'Ljavax/management/MBeanServerDelegate;' @32 
 - non-static oop maps: 16-32 
RSP=0x000000eb701fe6d8 is pointing into the stack for thread: 0x000001f905fc5710
RBP=0x000001f906563130 points into unknown readable memory: 0x0000000000000000 | 00 00 00 00 00 00 00 00
RSI=0x00007ffdc5faf9f0 jvm.dll
RDI=0x000001f905e52180 points into unknown readable memory: 0x2a0501b600000002 | 02 00 00 00 b6 01 05 2a
R8 =0x7265536e6165424d is an unknown value
R9 =0x0000000000000003 is an unknown value
R10=0x00007ffdc5a03950 jvm.dll
R11=0x000001f978ae4e40 is at entry_point+32 in (nmethod*)0x000001f978ae4c90
R12=0x00000000000003d8 is an unknown value
R13=0x000001f906563140 points into unknown readable memory: 0x6e616c2e6176616a | 6a 61 76 61 2e 6c 61 6e
R14=0x000000010008df90 is a pointer to class: 
com.sun.jmx.mbeanserver.JmxMBeanServer {0x000000010008df98}
 - instance size:     5
 - klass size:        170
 - access:            public final synchronized 
 - state:             fully_initialized
 - name:              'com/sun/jmx/mbeanserver/JmxMBeanServer'
 - super:             'java/lang/Object'
 - sub:               
 - arrays:            NULL
 - methods:           Array<T>(0x000001f97f531720)
 - method ordering:   Array<T>(0x000001f97f000018)
 - default_methods:   Array<T>(0x0000000000000000)
 - local interfaces:  Array<T>(0x000001f97f52ca10)
 - trans. interfaces: Array<T>(0x000001f97f5347b0)
 - constants:         constant pool [546] {0x000001f97f52b718} for 'com/sun/jmx/mbeanserver/JmxMBeanServer' cache=0x000001f97f5348c8
 - class loader data:  loader data: 0x000001f974d29350 of 'bootstrap'
 - source file:       'JmxMBeanServer.java'
 - class annotations:       Array<T>(0x0000000000000000)
 - class type annotations:  Array<T>(0x0000000000000000)
 - field annotations:       Array<T>(0x0000000000000000)
 - field type annotations:  Array<T>(0x0000000000000000)
 - inner classes:     Array<T>(0x000001f97f534768)
 - nest members:     Array<T>(0x000001f97f5347a0)
 - permitted subclasses:     Array<T>(0x000001f97f000028)
 - java mirror:       a 'java/lang/Class'{0x00000000a1fdb3e8} = 'com/sun/jmx/mbeanserver/JmxMBeanServer'
 - vtable length      5  (start addr: 0x000000010008e158)
 - itable length      107 (start addr: 0x000000010008e180)
 - ---- static fields (1 words):
 - public static final 'DEFAULT_FAIR_LOCK_POLICY' 'Z' @112 
 - ---- non-static fields (6 words):
 - private final 'interceptorsEnabled' 'Z' @12 
 - private final 'instantiator' 'Lcom/sun/jmx/mbeanserver/MBeanInstantiator;' @16 
 - private final 'secureClr' 'Lcom/sun/jmx/mbeanserver/SecureClassLoaderRepository;' @20 
 - private final 'outerShell' 'Ljavax/management/MBeanServer;' @24 
 - private volatile 'mbsInterceptor' 'Ljavax/management/MBeanServer;' @28 
 - private final 'mBeanServerDelegateObject' 'Ljavax/management/MBeanServerDelegate;' @32 
 - non-static oop maps: 16-32 
R15=0x000001f905fc5710 is a thread


Registers:
RAX=0x000001f906563518, RBX=0x000001f905fc5710, RCX=0x7265536e6165424d, RDX=0x000000010008df90
RSP=0x000000eb701fe6d8, RBP=0x000001f906563130, RSI=0x00007ffdc5faf9f0, RDI=0x000001f905e52180
R8 =0x7265536e6165424d, R9 =0x0000000000000003, R10=0x00007ffdc5a03950, R11=0x000001f978ae4e40
R12=0x00000000000003d8, R13=0x000001f906563140, R14=0x000000010008df90, R15=0x000001f905fc5710
RIP=0x00007ffdc5bb9f50, EFLAGS=0x0000000000010206

Top of Stack: (sp=0x000000eb701fe6d8)
0x000000eb701fe6d8:   00007ffdc5a039be 000000000000011f
0x000000eb701fe6e8:   00000000a2038b20 00000000a5b85410
0x000000eb701fe6f8:   0000001300000013 0000000000000000
0x000000eb701fe708:   000001f97842c773 000001f906563518
0x000000eb701fe718:   00000000a1f72e38 000000eb701fee00
0x000000eb701fe728:   000001f978a9ad54 00000000a5b88eb8
0x000000eb701fe738:   00000000a59009e0 000000eb701fed98
0x000000eb701fe748:   000001f97897e0dd 00000000a5901090
0x000000eb701fe758:   00000000a5b88eb8 000000eb701fe8f0
0x000000eb701fe768:   000001f97897d65c 000000eb00000000
0x000000eb701fe778:   000001f97881a32c 000001f9063a3970
0x000000eb701fe788:   00007ffdc5e862e6 000000eb701fed98
0x000000eb701fe798:   00007ffdc5a9efb6 00000000a1f6d3a8
0x000000eb701fe7a8:   00000000a1f6d438 000000eb701feb88
0x000000eb701fe7b8:   000001f978a9a332 0000000000000011
0x000000eb701fe7c8:   000000eb701fe830 0000000000000010 

Instructions: (pc=0x00007ffdc5bb9f50)
0x00007ffdc5bb9e50:   7d 20 48 8b 82 e8 00 00 00 8b 88 a4 00 00 00 c1
0x00007ffdc5bb9e60:   e9 1a f6 c1 01 74 0b 48 8b 4a 18 e8 d0 fe ff ff
0x00007ffdc5bb9e70:   eb 17 48 8b 4a 18 48 85 c9 75 09 48 8d 05 46 73
0x00007ffdc5bb9e80:   3d 00 eb 05 e8 97 45 26 00 48 8b 1d f0 09 65 00
0x00007ffdc5bb9e90:   48 8d 15 71 29 45 00 4c 8b c0 48 8d 4c 24 30 e8
0x00007ffdc5bb9ea0:   cc d8 b6 ff 4c 8b cb 48 8d 15 12 29 45 00 49 8b
0x00007ffdc5bb9eb0:   cf 4c 8b 00 4c 89 44 24 20 41 b8 a6 00 00 00 e8
0x00007ffdc5bb9ec0:   7c 2d d8 ff 48 83 3e 00 74 13 49 8b d4 48 8b cf
0x00007ffdc5bb9ed0:   e8 fb 26 b7 ff 48 8b ce e8 63 26 b7 ff 48 89 77
0x00007ffdc5bb9ee0:   10 48 89 6f 18 4c 89 77 20 48 8b 8c 24 40 01 00
0x00007ffdc5bb9ef0:   00 48 33 cc e8 07 22 35 00 4c 8d 9c 24 50 01 00
0x00007ffdc5bb9f00:   00 49 8b 5b 30 49 8b 6b 40 49 8b e3 41 5f 41 5e
0x00007ffdc5bb9f10:   41 5c 5f 5e c3 cc cc cc cc cc cc cc cc cc cc cc
0x00007ffdc5bb9f20:   8b 91 a4 00 00 00 8b c2 c1 e8 09 a8 01 74 08 48
0x00007ffdc5bb9f30:   8d 05 02 7d 40 00 c3 c1 ea 0a 48 8d 05 b7 29 45
0x00007ffdc5bb9f40:   00 f6 c2 01 75 07 48 8d 05 bb 29 45 00 c3 cc cc
0x00007ffdc5bb9f50:   8b 41 08 48 8b d1 85 c0 7e 16 8b 81 a4 00 00 00
0x00007ffdc5bb9f60:   c1 e8 1a a8 01 74 2e 48 8b 49 18 e9 d0 fd ff ff
0x00007ffdc5bb9f70:   3d 00 00 00 c0 7d 1e 48 8b 81 e8 00 00 00 8b 88
0x00007ffdc5bb9f80:   a4 00 00 00 c1 e9 1a f6 c1 01 74 09 48 8b 4a 18
0x00007ffdc5bb9f90:   e9 ab fd ff ff 48 8b 4a 18 48 85 c9 75 08 48 8d
0x00007ffdc5bb9fa0:   05 23 72 3d 00 c3 e9 75 44 26 00 cc cc cc cc cc
0x00007ffdc5bb9fb0:   48 83 ec 28 ba b4 00 00 00 48 8d 0d 00 28 45 00
0x00007ffdc5bb9fc0:   e8 4b b3 d0 ff e8 a6 ba 13 00 33 c0 48 83 c4 28
0x00007ffdc5bb9fd0:   c3 cc cc cc cc cc cc cc cc cc cc cc cc cc cc cc
0x00007ffdc5bb9fe0:   48 83 ec 28 ba ab 00 00 00 48 8d 0d d0 27 45 00
0x00007ffdc5bb9ff0:   e8 1b b3 d0 ff 48 83 c4 28 e9 72 ba 13 00 cc cc
0x00007ffdc5bba000:   40 53 55 56 57 41 55 41 56 48 83 ec 38 33 f6 4d
0x00007ffdc5bba010:   8b e9 4d 8b f0 48 8b da 48 8b f9 48 85 d2 75 0d
0x00007ffdc5bba020:   48 89 71 78 48 89 49 30 e9 91 00 00 00 48 3b 59
0x00007ffdc5bba030:   78 75 0d 48 3b 1d f6 7e 66 00 0f 85 7e 00 00 00
0x00007ffdc5bba040:   48 89 59 78 8b 42 14 83 f8 20 75 07 b8 08 00 00 


Stack slot to memory mapping:
stack at sp + 0 slots: 0x00007ffdc5a039be jvm.dll
stack at sp + 1 slots: 0x000000000000011f is an unknown value
stack at sp + 2 slots: 0x00000000a2038b20 is an oop: jdk.internal.misc.Unsafe 
{0x00000000a2038b20} - klass: 'jdk/internal/misc/Unsafe'
 - ---- fields (total size 2 words):
stack at sp + 3 slots: 0x00000000a5b85410 is an oop: [B 
{0x00000000a5b85410} - klass: {type array byte}
 - length: 8192
stack at sp + 4 slots: 0x0000001300000013 is an unknown value
stack at sp + 5 slots: 0x0 is NULL
stack at sp + 6 slots: 0x000001f97842c773 is at entry_point+211 in (nmethod*)0x000001f97842c510
stack at sp + 7 slots: 0x000001f906563518 points into unknown readable memory: 0x88000a002e750340 | 40 03 75 2e 00 0a 00 88


---------------  P R O C E S S  ---------------

Threads class SMR info:
_java_thread_list=0x000001f90649ee00, length=36, elements={
0x000001f97edeb400, 0x000001f97eded000, 0x000001f97ee3c680, 0x000001f97ee3d200,
0x000001f97ee3dac0, 0x000001f97ee50610, 0x000001f97ee51670, 0x000001f97ee69f40,
0x000001f97f8bb020, 0x000001f97f9e2500, 0x000001f902313360, 0x000001f902306080,
0x000001f9024b9900, 0x000001f9024c4280, 0x000001f902515470, 0x000001f9027b0540,
0x000001f9027b0a10, 0x000001f905fc3f00, 0x000001f9027af6d0, 0x000001f9027b13b0,
0x000001f9027aed30, 0x000001f9027b1880, 0x000001f9027b1d50, 0x000001f905fc0a10,
0x000001f905fc1d50, 0x000001f905fc48a0, 0x000001f905fc1880, 0x000001f905fc6f20,
0x000001f905fc2220, 0x000001f905fc26f0, 0x000001f905fc0540, 0x000001f905fc2bc0,
0x000001f905fc3090, 0x000001f905fc3560, 0x000001f905fc3a30, 0x000001f905fc5710
}

Java Threads: ( => current thread )
  0x000001f97edeb400 JavaThread "Reference Handler" daemon [_thread_blocked, id=10852, stack(0x000000eb6d600000,0x000000eb6d700000)]
  0x000001f97eded000 JavaThread "Finalizer" daemon [_thread_blocked, id=296, stack(0x000000eb6d700000,0x000000eb6d800000)]
  0x000001f97ee3c680 JavaThread "Signal Dispatcher" daemon [_thread_blocked, id=7896, stack(0x000000eb6d800000,0x000000eb6d900000)]
  0x000001f97ee3d200 JavaThread "Attach Listener" daemon [_thread_blocked, id=3164, stack(0x000000eb6d900000,0x000000eb6da00000)]
  0x000001f97ee3dac0 JavaThread "Service Thread" daemon [_thread_blocked, id=3068, stack(0x000000eb6da00000,0x000000eb6db00000)]
  0x000001f97ee50610 JavaThread "Monitor Deflation Thread" daemon [_thread_blocked, id=2116, stack(0x000000eb6db00000,0x000000eb6dc00000)]
  0x000001f97ee51670 JavaThread "C1 CompilerThread0" daemon [_thread_blocked, id=932, stack(0x000000eb6dc00000,0x000000eb6dd00000)]
  0x000001f97ee69f40 JavaThread "Sweeper thread" daemon [_thread_blocked, id=248, stack(0x000000eb6dd00000,0x000000eb6de00000)]
  0x000001f97f8bb020 JavaThread "Common-Cleaner" daemon [_thread_blocked, id=10560, stack(0x000000eb6de00000,0x000000eb6df00000)]
  0x000001f97f9e2500 JavaThread "Notification Thread" daemon [_thread_blocked, id=4604, stack(0x000000eb6e100000,0x000000eb6e200000)]
  0x000001f902313360 JavaThread "RMI TCP Accept-0" daemon [_thread_in_native, id=2144, stack(0x000000eb6e200000,0x000000eb6e300000)]
  0x000001f902306080 JavaThread "RMI TCP Accept-53138" daemon [_thread_in_native, id=4648, stack(0x000000eb6e300000,0x000000eb6e400000)]
  0x000001f9024b9900 JavaThread "RMI TCP Accept-0" daemon [_thread_in_native, id=2068, stack(0x000000eb6e500000,0x000000eb6e600000)]
  0x000001f9024c4280 JavaThread "RMI Scheduler(0)" daemon [_thread_blocked, id=7416, stack(0x000000eb6e700000,0x000000eb6e800000)]
  0x000001f902515470 JavaThread "JMX server connection timeout 21" daemon [_thread_blocked, id=2232, stack(0x000000eb6e900000,0x000000eb6ea00000)]
  0x000001f9027b0540 JavaThread "mysql-cj-abandoned-connection-cleanup" daemon [_thread_blocked, id=10004, stack(0x000000eb6f400000,0x000000eb6f500000)]
  0x000001f9027b0a10 JavaThread "Live Reload Server" daemon [_thread_in_native, id=4748, stack(0x000000eb6fa00000,0x000000eb6fb00000)]
  0x000001f905fc3f00 JavaThread "DestroyJavaVM" [_thread_blocked, id=3888, stack(0x000000eb6cf00000,0x000000eb6d000000)]
  0x000001f9027af6d0 JavaThread "Catalina-utility-1" [_thread_blocked, id=11184, stack(0x000000eb6cd00000,0x000000eb6ce00000)]
  0x000001f9027b13b0 JavaThread "Catalina-utility-2" [_thread_blocked, id=10416, stack(0x000000eb6e000000,0x000000eb6e100000)]
  0x000001f9027aed30 JavaThread "container-0" [_thread_blocked, id=9068, stack(0x000000eb6e400000,0x000000eb6e500000)]
  0x000001f9027b1880 JavaThread "HikariPool-8 housekeeper" daemon [_thread_blocked, id=6136, stack(0x000000eb6ef00000,0x000000eb6f000000)]
  0x000001f9027b1d50 JavaThread "File Watcher" daemon [_thread_blocked, id=7644, stack(0x000000eb6f000000,0x000000eb6f100000)]
  0x000001f905fc0a10 JavaThread "http-nio-8080-exec-1" daemon [_thread_blocked, id=3844, stack(0x000000eb6f200000,0x000000eb6f300000)]
  0x000001f905fc1d50 JavaThread "http-nio-8080-exec-2" daemon [_thread_blocked, id=5068, stack(0x000000eb6f300000,0x000000eb6f400000)]
  0x000001f905fc48a0 JavaThread "http-nio-8080-exec-3" daemon [_thread_blocked, id=8124, stack(0x000000eb6f500000,0x000000eb6f600000)]
  0x000001f905fc1880 JavaThread "http-nio-8080-exec-4" daemon [_thread_blocked, id=2684, stack(0x000000eb6f600000,0x000000eb6f700000)]
  0x000001f905fc6f20 JavaThread "http-nio-8080-exec-5" daemon [_thread_blocked, id=6668, stack(0x000000eb6f700000,0x000000eb6f800000)]
  0x000001f905fc2220 JavaThread "http-nio-8080-exec-6" daemon [_thread_blocked, id=4052, stack(0x000000eb6f800000,0x000000eb6f900000)]
  0x000001f905fc26f0 JavaThread "http-nio-8080-exec-7" daemon [_thread_blocked, id=9972, stack(0x000000eb6f900000,0x000000eb6fa00000)]
  0x000001f905fc0540 JavaThread "http-nio-8080-exec-8" daemon [_thread_blocked, id=9032, stack(0x000000eb6fb00000,0x000000eb6fc00000)]
  0x000001f905fc2bc0 JavaThread "http-nio-8080-exec-9" daemon [_thread_blocked, id=7420, stack(0x000000eb6fc00000,0x000000eb6fd00000)]
  0x000001f905fc3090 JavaThread "http-nio-8080-exec-10" daemon [_thread_blocked, id=5644, stack(0x000000eb6fd00000,0x000000eb6fe00000)]
  0x000001f905fc3560 JavaThread "http-nio-8080-Poller" daemon [_thread_in_native, id=4288, stack(0x000000eb6fe00000,0x000000eb6ff00000)]
  0x000001f905fc3a30 JavaThread "http-nio-8080-Acceptor" daemon [_thread_in_native, id=432, stack(0x000000eb6ff00000,0x000000eb70000000)]
=>0x000001f905fc5710 JavaThread "RMI TCP Connection(135)-127.0.0.1" daemon [_thread_in_vm, id=10256, stack(0x000000eb70100000,0x000000eb70200000)]

Other Threads:
  0x000001f97ee09610 VMThread "VM Thread" [stack: 0x000000eb6d500000,0x000000eb6d600000] [id=8228]
  0x000001f974c5dc00 WatcherThread [stack: 0x000000eb6e600000,0x000000eb6e700000] [id=2988]
  0x000001f974ca8ad0 GCTaskThread "GC Thread#0" [stack: 0x000000eb6d000000,0x000000eb6d100000] [id=6820]
  0x000001f902506fe0 GCTaskThread "GC Thread#1" [stack: 0x000000eb6ea00000,0x000000eb6eb00000] [id=6740]
  0x000001f9024f82f0 GCTaskThread "GC Thread#2" [stack: 0x000000eb6eb00000,0x000000eb6ec00000] [id=7996]
  0x000001f902529b60 GCTaskThread "GC Thread#3" [stack: 0x000000eb6ec00000,0x000000eb6ed00000] [id=6768]
  0x000001f974cb55a0 ConcurrentGCThread "G1 Main Marker" [stack: 0x000000eb6d100000,0x000000eb6d200000] [id=1340]
  0x000001f974cb67a0 ConcurrentGCThread "G1 Conc#0" [stack: 0x000000eb6d200000,0x000000eb6d300000] [id=516]
  0x000001f974d190f0 ConcurrentGCThread "G1 Refine#0" [stack: 0x000000eb6d300000,0x000000eb6d400000] [id=2824]
  0x000001f902504370 ConcurrentGCThread "G1 Refine#1" [stack: 0x000000eb6ed00000,0x000000eb6ee00000] [id=11056]
  0x000001f97fae99b0 ConcurrentGCThread "G1 Refine#2" [stack: 0x000000eb6ee00000,0x000000eb6ef00000] [id=3388]
  0x000001f974d1a300 ConcurrentGCThread "G1 Service" [stack: 0x000000eb6d400000,0x000000eb6d500000] [id=3024]

Threads with active compile tasks:

VM state: not at safepoint (normal execution)

VM Mutex/Monitor currently owned by a thread: None

Heap address: 0x00000000a1c00000, size: 1508 MB, Compressed Oops mode: 32-bit

CDS archive(s) not mapped
Compressed class space mapped at: 0x0000000100000000-0x0000000140000000, reserved size: 1073741824
Narrow klass base: 0x0000000000000000, Narrow klass shift: 3, Narrow klass range: 0x140000000

GC Precious Log:
 CPUs: 4 total, 4 available
 Memory: 6027M
 Large Page Support: Disabled
 NUMA Support: Disabled
 Compressed Oops: Enabled (32-bit)
 Heap Region Size: 1M
 Heap Min Capacity: 8M
 Heap Initial Capacity: 96M
 Heap Max Capacity: 1508M
 Pre-touch: Disabled
 Parallel Workers: 4
 Concurrent Workers: 1
 Concurrent Refinement Workers: 4
 Periodic GC: Disabled

Heap:
 garbage-first heap   total 92160K, used 61035K [0x00000000a1c00000, 0x0000000100000000)
  region size 1024K, 32 young (32768K), 3 survivors (3072K)
 Metaspace       used 76901K, committed 78272K, reserved 1122304K
  class space    used 10216K, committed 10624K, reserved 1048576K

Heap Regions: E=young(eden), S=young(survivor), O=old, HS=humongous(starts), HC=humongous(continues), CS=collection set, F=free, OA=open archive, CA=closed archive, TAMS=top-at-mark-start (previous, next)
|   0|0x00000000a1c00000, 0x00000000a1d00000, 0x00000000a1d00000|100%|HS|  |TAMS 0x00000000a1d00000, 0x00000000a1c00000| Untracked 
|   1|0x00000000a1d00000, 0x00000000a1dfffe8, 0x00000000a1e00000| 99%| O|  |TAMS 0x00000000a1dfffe8, 0x00000000a1d00000| Untracked 
|   2|0x00000000a1e00000, 0x00000000a1f00000, 0x00000000a1f00000|100%| O|  |TAMS 0x00000000a1f00000, 0x00000000a1e00000| Untracked 
|   3|0x00000000a1f00000, 0x00000000a1fffff8, 0x00000000a2000000| 99%| O|  |TAMS 0x00000000a1fffff8, 0x00000000a1f00000| Untracked 
|   4|0x00000000a2000000, 0x00000000a2100000, 0x00000000a2100000|100%| O|  |TAMS 0x00000000a2100000, 0x00000000a2000000| Untracked 
|   5|0x00000000a2100000, 0x00000000a21fffe8, 0x00000000a2200000| 99%| O|  |TAMS 0x00000000a21fffe8, 0x00000000a2100000| Untracked 
|   6|0x00000000a2200000, 0x00000000a22fffd0, 0x00000000a2300000| 99%| O|  |TAMS 0x00000000a22fffd0, 0x00000000a2200000| Untracked 
|   7|0x00000000a2300000, 0x00000000a2400000, 0x00000000a2400000|100%| O|  |TAMS 0x00000000a2400000, 0x00000000a2300000| Untracked 
|   8|0x00000000a2400000, 0x00000000a24fffc8, 0x00000000a2500000| 99%| O|  |TAMS 0x00000000a24fffc8, 0x00000000a2400000| Untracked 
|   9|0x00000000a2500000, 0x00000000a2600000, 0x00000000a2600000|100%| O|  |TAMS 0x00000000a2500000, 0x00000000a2500000| Untracked 
|  10|0x00000000a2600000, 0x00000000a26ffef0, 0x00000000a2700000| 99%| O|  |TAMS 0x00000000a26ffef0, 0x00000000a2600000| Untracked 
|  11|0x00000000a2700000, 0x00000000a27fffa8, 0x00000000a2800000| 99%| O|  |TAMS 0x00000000a27fffa8, 0x00000000a2700000| Untracked 
|  12|0x00000000a2800000, 0x00000000a28fffe8, 0x00000000a2900000| 99%| O|  |TAMS 0x00000000a28fffe8, 0x00000000a2800000| Untracked 
|  13|0x00000000a2900000, 0x00000000a29ffff0, 0x00000000a2a00000| 99%| O|  |TAMS 0x00000000a29ffff0, 0x00000000a2900000| Untracked 
|  14|0x00000000a2a00000, 0x00000000a2b00000, 0x00000000a2b00000|100%| O|  |TAMS 0x00000000a2b00000, 0x00000000a2a00000| Untracked 
|  15|0x00000000a2b00000, 0x00000000a2c00000, 0x00000000a2c00000|100%| O|  |TAMS 0x00000000a2c00000, 0x00000000a2b00000| Untracked 
|  16|0x00000000a2c00000, 0x00000000a2cffff0, 0x00000000a2d00000| 99%| O|  |TAMS 0x00000000a2cffff0, 0x00000000a2c00000| Untracked 
|  17|0x00000000a2d00000, 0x00000000a2dfffb8, 0x00000000a2e00000| 99%| O|  |TAMS 0x00000000a2dfffb8, 0x00000000a2d00000| Untracked 
|  18|0x00000000a2e00000, 0x00000000a2f00000, 0x00000000a2f00000|100%| O|  |TAMS 0x00000000a2f00000, 0x00000000a2e00000| Untracked 
|  19|0x00000000a2f00000, 0x00000000a3000000, 0x00000000a3000000|100%| O|  |TAMS 0x00000000a3000000, 0x00000000a2f00000| Untracked 
|  20|0x00000000a3000000, 0x00000000a30ffff0, 0x00000000a3100000| 99%| O|  |TAMS 0x00000000a30ffff0, 0x00000000a3000000| Untracked 
|  21|0x00000000a3100000, 0x00000000a31fffb8, 0x00000000a3200000| 99%| O|  |TAMS 0x00000000a3100000, 0x00000000a3100000| Untracked 
|  22|0x00000000a3200000, 0x00000000a32fffc8, 0x00000000a3300000| 99%| O|  |TAMS 0x00000000a3200000, 0x00000000a3200000| Untracked 
|  23|0x00000000a3300000, 0x00000000a3400000, 0x00000000a3400000|100%| O|  |TAMS 0x00000000a3300000, 0x00000000a3300000| Untracked 
|  24|0x00000000a3400000, 0x00000000a34c0af0, 0x00000000a3500000| 75%| O|  |TAMS 0x00000000a3400000, 0x00000000a3400000| Untracked 
|  25|0x00000000a3500000, 0x00000000a35b74c0, 0x00000000a3600000| 71%| O|  |TAMS 0x00000000a3500000, 0x00000000a3500000| Untracked 
|  26|0x00000000a3600000, 0x00000000a3700000, 0x00000000a3700000|100%| O|  |TAMS 0x00000000a3600000, 0x00000000a3600000| Untracked 
|  27|0x00000000a3700000, 0x00000000a3800000, 0x00000000a3800000|100%| O|  |TAMS 0x00000000a3700000, 0x00000000a3700000| Untracked 
|  28|0x00000000a3800000, 0x00000000a3863f00, 0x00000000a3900000| 39%| O|  |TAMS 0x00000000a3800000, 0x00000000a3800000| Untracked 
|  29|0x00000000a3900000, 0x00000000a39dec00, 0x00000000a3a00000| 87%| O|  |TAMS 0x00000000a3900000, 0x00000000a3900000| Untracked 
|  30|0x00000000a3a00000, 0x00000000a3a00000, 0x00000000a3b00000|  0%| F|  |TAMS 0x00000000a3a00000, 0x00000000a3a00000| Untracked 
|  31|0x00000000a3b00000, 0x00000000a3b00000, 0x00000000a3c00000|  0%| F|  |TAMS 0x00000000a3b00000, 0x00000000a3b00000| Untracked 
|  32|0x00000000a3c00000, 0x00000000a3c00000, 0x00000000a3d00000|  0%| F|  |TAMS 0x00000000a3c00000, 0x00000000a3c00000| Untracked 
|  33|0x00000000a3d00000, 0x00000000a3d00000, 0x00000000a3e00000|  0%| F|  |TAMS 0x00000000a3d00000, 0x00000000a3d00000| Untracked 
|  34|0x00000000a3e00000, 0x00000000a3e00000, 0x00000000a3f00000|  0%| F|  |TAMS 0x00000000a3e00000, 0x00000000a3e00000| Untracked 
|  35|0x00000000a3f00000, 0x00000000a3f00000, 0x00000000a4000000|  0%| F|  |TAMS 0x00000000a3f00000, 0x00000000a3f00000| Untracked 
|  36|0x00000000a4000000, 0x00000000a4000000, 0x00000000a4100000|  0%| F|  |TAMS 0x00000000a4000000, 0x00000000a4000000| Untracked 
|  37|0x00000000a4100000, 0x00000000a4100000, 0x00000000a4200000|  0%| F|  |TAMS 0x00000000a4100000, 0x00000000a4100000| Untracked 
|  38|0x00000000a4200000, 0x00000000a4200000, 0x00000000a4300000|  0%| F|  |TAMS 0x00000000a4200000, 0x00000000a4200000| Untracked 
|  39|0x00000000a4300000, 0x00000000a4300000, 0x00000000a4400000|  0%| F|  |TAMS 0x00000000a4300000, 0x00000000a4300000| Untracked 
|  40|0x00000000a4400000, 0x00000000a4400000, 0x00000000a4500000|  0%| F|  |TAMS 0x00000000a4400000, 0x00000000a4400000| Untracked 
|  41|0x00000000a4500000, 0x00000000a45e0618, 0x00000000a4600000| 87%| S|CS|TAMS 0x00000000a4500000, 0x00000000a4500000| Complete 
|  42|0x00000000a4600000, 0x00000000a4700000, 0x00000000a4700000|100%| S|CS|TAMS 0x00000000a4600000, 0x00000000a4600000| Complete 
|  43|0x00000000a4700000, 0x00000000a4800000, 0x00000000a4800000|100%| S|CS|TAMS 0x00000000a4700000, 0x00000000a4700000| Complete 
|  44|0x00000000a4800000, 0x00000000a4800000, 0x00000000a4900000|  0%| F|  |TAMS 0x00000000a4800000, 0x00000000a4800000| Untracked 
|  45|0x00000000a4900000, 0x00000000a4900000, 0x00000000a4a00000|  0%| F|  |TAMS 0x00000000a4900000, 0x00000000a4900000| Untracked 
|  46|0x00000000a4a00000, 0x00000000a4a00000, 0x00000000a4b00000|  0%| F|  |TAMS 0x00000000a4a00000, 0x00000000a4a00000| Untracked 
|  47|0x00000000a4b00000, 0x00000000a4b00000, 0x00000000a4c00000|  0%| F|  |TAMS 0x00000000a4b00000, 0x00000000a4b00000| Untracked 
|  48|0x00000000a4c00000, 0x00000000a4c00000, 0x00000000a4d00000|  0%| F|  |TAMS 0x00000000a4c00000, 0x00000000a4c00000| Untracked 
|  49|0x00000000a4d00000, 0x00000000a4d00000, 0x00000000a4e00000|  0%| F|  |TAMS 0x00000000a4d00000, 0x00000000a4d00000| Untracked 
|  50|0x00000000a4e00000, 0x00000000a4e00000, 0x00000000a4f00000|  0%| F|  |TAMS 0x00000000a4e00000, 0x00000000a4e00000| Untracked 
|  51|0x00000000a4f00000, 0x00000000a4f00000, 0x00000000a5000000|  0%| F|  |TAMS 0x00000000a4f00000, 0x00000000a4f00000| Untracked 
|  52|0x00000000a5000000, 0x00000000a5000000, 0x00000000a5100000|  0%| F|  |TAMS 0x00000000a5000000, 0x00000000a5000000| Untracked 
|  53|0x00000000a5100000, 0x00000000a5100000, 0x00000000a5200000|  0%| F|  |TAMS 0x00000000a5100000, 0x00000000a5100000| Untracked 
|  54|0x00000000a5200000, 0x00000000a5200000, 0x00000000a5300000|  0%| F|  |TAMS 0x00000000a5200000, 0x00000000a5200000| Untracked 
|  55|0x00000000a5300000, 0x00000000a5300000, 0x00000000a5400000|  0%| F|  |TAMS 0x00000000a5300000, 0x00000000a5300000| Untracked 
|  56|0x00000000a5400000, 0x00000000a5400000, 0x00000000a5500000|  0%| F|  |TAMS 0x00000000a5400000, 0x00000000a5400000| Untracked 
|  57|0x00000000a5500000, 0x00000000a5500000, 0x00000000a5600000|  0%| F|  |TAMS 0x00000000a5500000, 0x00000000a5500000| Untracked 
|  58|0x00000000a5600000, 0x00000000a5600000, 0x00000000a5700000|  0%| F|  |TAMS 0x00000000a5600000, 0x00000000a5600000| Untracked 
|  59|0x00000000a5700000, 0x00000000a5700000, 0x00000000a5800000|  0%| F|  |TAMS 0x00000000a5700000, 0x00000000a5700000| Untracked 
|  60|0x00000000a5800000, 0x00000000a5800000, 0x00000000a5900000|  0%| F|  |TAMS 0x00000000a5800000, 0x00000000a5800000| Untracked 
|  61|0x00000000a5900000, 0x00000000a5a00000, 0x00000000a5a00000|100%| E|  |TAMS 0x00000000a5900000, 0x00000000a5900000| Complete 
|  62|0x00000000a5a00000, 0x00000000a5b00000, 0x00000000a5b00000|100%| E|CS|TAMS 0x00000000a5a00000, 0x00000000a5a00000| Complete 
|  63|0x00000000a5b00000, 0x00000000a5c00000, 0x00000000a5c00000|100%| E|CS|TAMS 0x00000000a5b00000, 0x00000000a5b00000| Complete 
|  64|0x00000000a5c00000, 0x00000000a5d00000, 0x00000000a5d00000|100%| E|CS|TAMS 0x00000000a5c00000, 0x00000000a5c00000| Complete 
|  65|0x00000000a5d00000, 0x00000000a5e00000, 0x00000000a5e00000|100%| E|CS|TAMS 0x00000000a5d00000, 0x00000000a5d00000| Complete 
|  66|0x00000000a5e00000, 0x00000000a5f00000, 0x00000000a5f00000|100%| E|CS|TAMS 0x00000000a5e00000, 0x00000000a5e00000| Complete 
|  67|0x00000000a5f00000, 0x00000000a6000000, 0x00000000a6000000|100%| E|CS|TAMS 0x00000000a5f00000, 0x00000000a5f00000| Complete 
|  68|0x00000000a6000000, 0x00000000a6100000, 0x00000000a6100000|100%| E|CS|TAMS 0x00000000a6000000, 0x00000000a6000000| Complete 
|  69|0x00000000a6100000, 0x00000000a6200000, 0x00000000a6200000|100%| E|CS|TAMS 0x00000000a6100000, 0x00000000a6100000| Complete 
|  70|0x00000000a6200000, 0x00000000a6300000, 0x00000000a6300000|100%| E|CS|TAMS 0x00000000a6200000, 0x00000000a6200000| Complete 
|  71|0x00000000a6300000, 0x00000000a6400000, 0x00000000a6400000|100%| E|CS|TAMS 0x00000000a6300000, 0x00000000a6300000| Complete 
|  72|0x00000000a6400000, 0x00000000a6500000, 0x00000000a6500000|100%| E|CS|TAMS 0x00000000a6400000, 0x00000000a6400000| Complete 
|  73|0x00000000a6500000, 0x00000000a6600000, 0x00000000a6600000|100%| E|CS|TAMS 0x00000000a6500000, 0x00000000a6500000| Complete 
|  74|0x00000000a6600000, 0x00000000a6700000, 0x00000000a6700000|100%| E|CS|TAMS 0x00000000a6600000, 0x00000000a6600000| Complete 
|  75|0x00000000a6700000, 0x00000000a6800000, 0x00000000a6800000|100%| E|CS|TAMS 0x00000000a6700000, 0x00000000a6700000| Complete 
|  76|0x00000000a6800000, 0x00000000a6900000, 0x00000000a6900000|100%| E|CS|TAMS 0x00000000a6800000, 0x00000000a6800000| Complete 
|  77|0x00000000a6900000, 0x00000000a6a00000, 0x00000000a6a00000|100%| E|CS|TAMS 0x00000000a6900000, 0x00000000a6900000| Complete 
|  78|0x00000000a6a00000, 0x00000000a6b00000, 0x00000000a6b00000|100%| E|CS|TAMS 0x00000000a6a00000, 0x00000000a6a00000| Complete 
|  79|0x00000000a6b00000, 0x00000000a6c00000, 0x00000000a6c00000|100%| E|CS|TAMS 0x00000000a6b00000, 0x00000000a6b00000| Complete 
|  80|0x00000000a6c00000, 0x00000000a6d00000, 0x00000000a6d00000|100%| E|CS|TAMS 0x00000000a6c00000, 0x00000000a6c00000| Complete 
|  81|0x00000000a6d00000, 0x00000000a6e00000, 0x00000000a6e00000|100%| E|CS|TAMS 0x00000000a6d00000, 0x00000000a6d00000| Complete 
|  82|0x00000000a6e00000, 0x00000000a6f00000, 0x00000000a6f00000|100%| E|CS|TAMS 0x00000000a6e00000, 0x00000000a6e00000| Complete 
|  83|0x00000000a6f00000, 0x00000000a7000000, 0x00000000a7000000|100%| E|CS|TAMS 0x00000000a6f00000, 0x00000000a6f00000| Complete 
|  84|0x00000000a7000000, 0x00000000a7100000, 0x00000000a7100000|100%| E|CS|TAMS 0x00000000a7000000, 0x00000000a7000000| Complete 
|  85|0x00000000a7100000, 0x00000000a7200000, 0x00000000a7200000|100%| E|CS|TAMS 0x00000000a7100000, 0x00000000a7100000| Complete 
|  86|0x00000000a7200000, 0x00000000a7300000, 0x00000000a7300000|100%| E|CS|TAMS 0x00000000a7200000, 0x00000000a7200000| Complete 
|  87|0x00000000a7300000, 0x00000000a7400000, 0x00000000a7400000|100%| E|CS|TAMS 0x00000000a7300000, 0x00000000a7300000| Complete 
|  88|0x00000000a7400000, 0x00000000a7500000, 0x00000000a7500000|100%| E|CS|TAMS 0x00000000a7400000, 0x00000000a7400000| Complete 
|  89|0x00000000a7500000, 0x00000000a7600000, 0x00000000a7600000|100%| E|CS|TAMS 0x00000000a7500000, 0x00000000a7500000| Complete 

Card table byte_map: [0x000001f97b310000,0x000001f97b610000] _byte_map_base: 0x000001f97ae02000

Marking Bits (Prev, Next): (CMBitMap*) 0x000001f974ca9030, (CMBitMap*) 0x000001f974ca8ff0
 Prev Bits: [0x000001f97d0a0000, 0x000001f97e830000)
 Next Bits: [0x000001f97b910000, 0x000001f97d0a0000)

Polling page: 0x000001f972be0000

Metaspace:

Usage:
  Non-class:     65.12 MB used.
      Class:      9.98 MB used.
       Both:     75.10 MB used.

Virtual space:
  Non-class space:       72.00 MB reserved,      66.06 MB ( 92%) committed,  9 nodes.
      Class space:        1.00 GB reserved,      10.38 MB (  1%) committed,  1 nodes.
             Both:        1.07 GB reserved,      76.44 MB (  7%) committed. 

Chunk freelists:
   Non-Class:  2.47 MB
       Class:  1.59 MB
        Both:  4.06 MB

MaxMetaspaceSize: unlimited
CompressedClassSpaceSize: 1.00 GB
Initial GC threshold: 21.00 MB
Current GC threshold: 127.44 MB
CDS: off
MetaspaceReclaimPolicy: balanced
 - commit_granule_bytes: 65536.
 - commit_granule_words: 8192.
 - virtual_space_node_default_size: 1048576.
 - enlarge_chunks_in_place: 1.
 - new_chunks_are_fully_committed: 0.
 - uncommit_free_chunks: 1.
 - use_allocation_guard: 0.
 - handle_deallocations: 1.


Internal statistics:

num_allocs_failed_limit: 14.
num_arena_births: 1066.
num_arena_deaths: 148.
num_vsnodes_births: 10.
num_vsnodes_deaths: 0.
num_space_committed: 1229.
num_space_uncommitted: 6.
num_chunks_returned_to_freelist: 326.
num_chunks_taken_from_freelist: 3784.
num_chunk_merges: 52.
num_chunk_splits: 2343.
num_chunks_enlarged: 1587.
num_purges: 16.
num_inconsistent_stats: 0.

CodeCache: size=49152Kb used=20310Kb max_used=20757Kb free=28841Kb
 bounds [0x000001f978310000, 0x000001f979770000, 0x000001f97b310000]
 total_blobs=12040 nmethods=11357 adapters=609
 compilation: enabled
              stopped_count=0, restarted_count=0
 full_count=0

Compilation events (20 events):
Event: 4830.145 Thread 0x000001f97ee51670 11347       1       sun.security.ssl.SSLConfiguration::getEnabledExtensions (131 bytes)
Event: 4830.145 Thread 0x000001f97ee51670 nmethod 11347 0x000001f9796d0610 code [0x000001f9796d0840, 0x000001f9796d0e98]
Event: 4980.823 Thread 0x000001f97ee51670 11348       1       java.net.SocketImpl::getLocalPort (5 bytes)
Event: 4980.823 Thread 0x000001f97ee51670 nmethod 11348 0x000001f9796d0310 code [0x000001f9796d04a0, 0x000001f9796d0578]
Event: 5140.131 Thread 0x000001f97ee51670 11349       1       java.net.Socket::setImpl (6 bytes)
Event: 5140.131 Thread 0x000001f97ee51670 nmethod 11349 0x000001f9796d0010 code [0x000001f9796d01a0, 0x000001f9796d02b8]
Event: 5140.131 Thread 0x000001f97ee51670 11350       1       java.net.SocketImpl::getInetAddress (5 bytes)
Event: 5140.131 Thread 0x000001f97ee51670 nmethod 11350 0x000001f9796cfd10 code [0x000001f9796cfea0, 0x000001f9796cff78]
Event: 5140.131 Thread 0x000001f97ee51670 11351       1       java.io.InputStream::markSupported (2 bytes)
Event: 5140.131 Thread 0x000001f97ee51670 nmethod 11351 0x000001f9796cfa10 code [0x000001f9796cfba0, 0x000001f9796cfc78]
Event: 5140.131 Thread 0x000001f97ee51670 11352       1       java.net.Socket::isBound (5 bytes)
Event: 5140.131 Thread 0x000001f97ee51670 nmethod 11352 0x000001f9796cf710 code [0x000001f9796cf8a0, 0x000001f9796cf978]
Event: 5140.131 Thread 0x000001f97ee51670 11353       1       sun.rmi.transport.tcp.TCPEndpoint::getClientSocketFactory (5 bytes)
Event: 5140.131 Thread 0x000001f97ee51670 nmethod 11353 0x000001f9796cf410 code [0x000001f9796cf5a0, 0x000001f9796cf678]
Event: 5140.131 Thread 0x000001f97ee51670 11354       1       sun.rmi.transport.tcp.TCPEndpoint::getServerSocketFactory (5 bytes)
Event: 5140.131 Thread 0x000001f97ee51670 nmethod 11354 0x000001f9796cf110 code [0x000001f9796cf2a0, 0x000001f9796cf378]
Event: 5155.133 Thread 0x000001f97ee51670 11356   !   1       java.util.concurrent.SynchronousQueue$TransferStack::transfer (541 bytes)
Event: 5155.138 Thread 0x000001f97ee51670 nmethod 11356 0x000001f9796c9190 code [0x000001f9796c98a0, 0x000001f9796cd538]
Event: 5220.837 Thread 0x000001f97ee51670 11357       1       sun.rmi.server.MarshalInputStream::skipDefaultResolveClass (6 bytes)
Event: 5220.837 Thread 0x000001f97ee51670 nmethod 11357 0x000001f9796c8e90 code [0x000001f9796c9020, 0x000001f9796c90f8]

GC Heap History (20 events):
Event: 728.038 GC heap before
{Heap before GC invocations=48 (full 6):
 garbage-first heap   total 92160K, used 74142K [0x00000000a1c00000, 0x0000000100000000)
  region size 1024K, 47 young (48128K), 4 survivors (4096K)
 Metaspace       used 77090K, committed 77760K, reserved 1122304K
  class space    used 10169K, committed 10496K, reserved 1048576K
}
Event: 728.042 GC heap after
{Heap after GC invocations=49 (full 6):
 garbage-first heap   total 92160K, used 31179K [0x00000000a1c00000, 0x0000000100000000)
  region size 1024K, 2 young (2048K), 2 survivors (2048K)
 Metaspace       used 77090K, committed 77760K, reserved 1122304K
  class space    used 10169K, committed 10496K, reserved 1048576K
}
Event: 728.209 GC heap before
{Heap before GC invocations=49 (full 6):
 garbage-first heap   total 92160K, used 75211K [0x00000000a1c00000, 0x0000000100000000)
  region size 1024K, 45 young (46080K), 2 survivors (2048K)
 Metaspace       used 77283K, committed 77888K, reserved 1122304K
  class space    used 10180K, committed 10496K, reserved 1048576K
}
Event: 728.211 GC heap after
{Heap after GC invocations=50 (full 6):
 garbage-first heap   total 92160K, used 32413K [0x00000000a1c00000, 0x0000000100000000)
  region size 1024K, 3 young (3072K), 3 survivors (3072K)
 Metaspace       used 77283K, committed 77888K, reserved 1122304K
  class space    used 10180K, committed 10496K, reserved 1048576K
}
Event: 1237.783 GC heap before
{Heap before GC invocations=50 (full 6):
 garbage-first heap   total 92160K, used 62109K [0x00000000a1c00000, 0x0000000100000000)
  region size 1024K, 34 young (34816K), 3 survivors (3072K)
 Metaspace       used 77941K, committed 78656K, reserved 1122304K
  class space    used 10280K, committed 10624K, reserved 1048576K
}
Event: 1237.831 GC heap after
{Heap after GC invocations=51 (full 7):
 garbage-first heap   total 92160K, used 26478K [0x00000000a1c00000, 0x0000000100000000)
  region size 1024K, 0 young (0K), 0 survivors (0K)
 Metaspace       used 76247K, committed 78272K, reserved 1122304K
  class space    used 10154K, committed 10624K, reserved 1048576K
}
Event: 1238.331 GC heap before
{Heap before GC invocations=51 (full 7):
 garbage-first heap   total 92160K, used 74606K [0x00000000a1c00000, 0x0000000100000000)
  region size 1024K, 47 young (48128K), 0 survivors (0K)
 Metaspace       used 76472K, committed 78272K, reserved 1122304K
  class space    used 10188K, committed 10624K, reserved 1048576K
}
Event: 1238.334 GC heap after
{Heap after GC invocations=52 (full 7):
 garbage-first heap   total 92160K, used 30139K [0x00000000a1c00000, 0x0000000100000000)
  region size 1024K, 4 young (4096K), 4 survivors (4096K)
 Metaspace       used 76472K, committed 78272K, reserved 1122304K
  class space    used 10188K, committed 10624K, reserved 1048576K
}
Event: 1239.881 GC heap before
{Heap before GC invocations=52 (full 7):
 garbage-first heap   total 92160K, used 74171K [0x00000000a1c00000, 0x0000000100000000)
  region size 1024K, 47 young (48128K), 4 survivors (4096K)
 Metaspace       used 76699K, committed 78272K, reserved 1122304K
  class space    used 10204K, committed 10624K, reserved 1048576K
}
Event: 1239.884 GC heap after
{Heap after GC invocations=53 (full 7):
 garbage-first heap   total 92160K, used 30914K [0x00000000a1c00000, 0x0000000100000000)
  region size 1024K, 2 young (2048K), 2 survivors (2048K)
 Metaspace       used 76699K, committed 78272K, reserved 1122304K
  class space    used 10204K, committed 10624K, reserved 1048576K
}
Event: 1240.086 GC heap before
{Heap before GC invocations=53 (full 7):
 garbage-first heap   total 92160K, used 74946K [0x00000000a1c00000, 0x0000000100000000)
  region size 1024K, 45 young (46080K), 2 survivors (2048K)
 Metaspace       used 76898K, committed 78272K, reserved 1122304K
  class space    used 10216K, committed 10624K, reserved 1048576K
}
Event: 1240.089 GC heap after
{Heap after GC invocations=54 (full 7):
 garbage-first heap   total 92160K, used 32328K [0x00000000a1c00000, 0x0000000100000000)
  region size 1024K, 3 young (3072K), 3 survivors (3072K)
 Metaspace       used 76898K, committed 78272K, reserved 1122304K
  class space    used 10216K, committed 10624K, reserved 1048576K
}
Event: 2208.868 GC heap before
{Heap before GC invocations=54 (full 7):
 garbage-first heap   total 92160K, used 75336K [0x00000000a1c00000, 0x0000000100000000)
  region size 1024K, 45 young (46080K), 3 survivors (3072K)
 Metaspace       used 76901K, committed 78272K, reserved 1122304K
  class space    used 10216K, committed 10624K, reserved 1048576K
}
Event: 2208.871 GC heap after
{Heap after GC invocations=55 (full 7):
 garbage-first heap   total 92160K, used 32199K [0x00000000a1c00000, 0x0000000100000000)
  region size 1024K, 3 young (3072K), 3 survivors (3072K)
 Metaspace       used 76901K, committed 78272K, reserved 1122304K
  class space    used 10216K, committed 10624K, reserved 1048576K
}
Event: 3032.511 GC heap before
{Heap before GC invocations=55 (full 7):
 garbage-first heap   total 92160K, used 76231K [0x00000000a1c00000, 0x0000000100000000)
  region size 1024K, 46 young (47104K), 3 survivors (3072K)
 Metaspace       used 76901K, committed 78272K, reserved 1122304K
  class space    used 10216K, committed 10624K, reserved 1048576K
}
Event: 3032.515 GC heap after
{Heap after GC invocations=56 (full 7):
 garbage-first heap   total 92160K, used 32206K [0x00000000a1c00000, 0x0000000100000000)
  region size 1024K, 3 young (3072K), 3 survivors (3072K)
 Metaspace       used 76901K, committed 78272K, reserved 1122304K
  class space    used 10216K, committed 10624K, reserved 1048576K
}
Event: 4004.064 GC heap before
{Heap before GC invocations=56 (full 7):
 garbage-first heap   total 92160K, used 77262K [0x00000000a1c00000, 0x0000000100000000)
  region size 1024K, 47 young (48128K), 3 survivors (3072K)
 Metaspace       used 76901K, committed 78272K, reserved 1122304K
  class space    used 10216K, committed 10624K, reserved 1048576K
}
Event: 4004.067 GC heap after
{Heap after GC invocations=57 (full 7):
 garbage-first heap   total 92160K, used 32219K [0x00000000a1c00000, 0x0000000100000000)
  region size 1024K, 3 young (3072K), 3 survivors (3072K)
 Metaspace       used 76901K, committed 78272K, reserved 1122304K
  class space    used 10216K, committed 10624K, reserved 1048576K
}
Event: 4825.359 GC heap before
{Heap before GC invocations=57 (full 7):
 garbage-first heap   total 92160K, used 77275K [0x00000000a1c00000, 0x0000000100000000)
  region size 1024K, 47 young (48128K), 3 survivors (3072K)
 Metaspace       used 76901K, committed 78272K, reserved 1122304K
  class space    used 10216K, committed 10624K, reserved 1048576K
}
Event: 4825.362 GC heap after
{Heap after GC invocations=58 (full 7):
 garbage-first heap   total 92160K, used 32363K [0x00000000a1c00000, 0x0000000100000000)
  region size 1024K, 3 young (3072K), 3 survivors (3072K)
 Metaspace       used 76901K, committed 78272K, reserved 1122304K
  class space    used 10216K, committed 10624K, reserved 1048576K
}

Deoptimization events (20 events):
Event: 1.634 Thread 0x000001f9027b1880 DEOPT PACKING pc=0x000001f978852d94 sp=0x000000eb6f0fcd00
Event: 1.634 Thread 0x000001f9027b1880 DEOPT UNPACKING pc=0x000001f978362b43 sp=0x000000eb6f0fc258 mode 0
Event: 1.819 Thread 0x000001f9027b1880 DEOPT PACKING pc=0x000001f978a08e75 sp=0x000000eb6f0fd4c0
Event: 1.820 Thread 0x000001f9027b1880 DEOPT UNPACKING pc=0x000001f978362b43 sp=0x000000eb6f0fc930 mode 3
Event: 2.313 Thread 0x000001f9027b1880 DEOPT PACKING pc=0x000001f97889ad05 sp=0x000000eb6f0fb250
Event: 2.313 Thread 0x000001f9027b1880 DEOPT UNPACKING pc=0x000001f978362b43 sp=0x000000eb6f0fa7b0 mode 3
Event: 2.333 Thread 0x000001f9027b1880 DEOPT PACKING pc=0x000001f978abbcfd sp=0x000000eb6f0fbad0
Event: 2.333 Thread 0x000001f9027b1880 DEOPT UNPACKING pc=0x000001f978362b43 sp=0x000000eb6f0fb038 mode 3
Event: 3.159 Thread 0x000001f9027b1880 DEOPT PACKING pc=0x000001f978b5b92f sp=0x000000eb6f0fcb00
Event: 3.159 Thread 0x000001f9027b1880 DEOPT UNPACKING pc=0x000001f978362b43 sp=0x000000eb6f0fc090 mode 3
Event: 6.202 Thread 0x000001f9027b1880 DEOPT PACKING pc=0x000001f978846c42 sp=0x000000eb6f0fc710
Event: 6.203 Thread 0x000001f9027b1880 DEOPT UNPACKING pc=0x000001f978362b43 sp=0x000000eb6f0fbc18 mode 3
Event: 6.397 Thread 0x000001f9027b1880 DEOPT PACKING pc=0x000001f97881fdc5 sp=0x000000eb6f0fd300
Event: 6.397 Thread 0x000001f9027b1880 DEOPT UNPACKING pc=0x000001f978362b43 sp=0x000000eb6f0fc848 mode 3
Event: 120.648 Thread 0x000001f905fc1d50 DEOPT PACKING pc=0x000001f97851d819 sp=0x000000eb6e4fd0a0
Event: 120.648 Thread 0x000001f905fc1d50 DEOPT UNPACKING pc=0x000001f978362b43 sp=0x000000eb6e4fc580 mode 3
Event: 142.207 Thread 0x000001f9027b13b0 DEOPT PACKING pc=0x000001f979190ee3 sp=0x000000eb6e8fda00
Event: 142.207 Thread 0x000001f9027b13b0 DEOPT UNPACKING pc=0x000001f978362b43 sp=0x000000eb6e8fce90 mode 3
Event: 1239.845 Thread 0x000001f9027ae860 DEOPT PACKING pc=0x000001f979545744 sp=0x000000eb6dffbd30
Event: 1239.845 Thread 0x000001f9027ae860 DEOPT UNPACKING pc=0x000001f978362b43 sp=0x000000eb6dffb1c8 mode 3

Classes unloaded (20 events):
Event: 1237.800 Thread 0x000001f97ee09610 Unloading class 0x00000001009fbb80 'com/algaworks/algafood/domain/repository/PermissaoRepository'
Event: 1237.800 Thread 0x000001f97ee09610 Unloading class 0x00000001009fb950 'com/algaworks/algafood/domain/model/FormaPagamento'
Event: 1237.800 Thread 0x000001f97ee09610 Unloading class 0x00000001009fb758 'com/algaworks/algafood/domain/repository/FormaPagamentoRepository'
Event: 1237.800 Thread 0x000001f97ee09610 Unloading class 0x00000001009fb528 'com/algaworks/algafood/domain/model/Estado'
Event: 1237.800 Thread 0x000001f97ee09610 Unloading class 0x00000001009fb330 'com/algaworks/algafood/domain/repository/EstadoRepository'
Event: 1237.800 Thread 0x000001f97ee09610 Unloading class 0x00000001009fb100 'com/algaworks/algafood/domain/model/Cozinha'
Event: 1237.800 Thread 0x000001f97ee09610 Unloading class 0x00000001009faf08 'com/algaworks/algafood/domain/repository/CozinhaRepository'
Event: 1237.800 Thread 0x000001f97ee09610 Unloading class 0x00000001009facc8 'com/algaworks/algafood/domain/model/Cidade'
Event: 1237.800 Thread 0x000001f97ee09610 Unloading class 0x0000000100939200 'com/algaworks/algafood/domain/repository/CidadeRepository'
Event: 1237.800 Thread 0x000001f97ee09610 Unloading class 0x00000001009faab8 'com/algaworks/algafood/infrastucture/repository/RestauranteRepositoryImpl'
Event: 1237.800 Thread 0x000001f97ee09610 Unloading class 0x00000001009fa8a0 'com/algaworks/algafood/domain/service/CadastroRestauranteService'
Event: 1237.800 Thread 0x000001f97ee09610 Unloading class 0x00000001009fa688 'com/algaworks/algafood/domain/service/CadastroEstadoService'
Event: 1237.800 Thread 0x000001f97ee09610 Unloading class 0x00000001009fa470 'com/algaworks/algafood/domain/service/CadastroCozinhaService'
Event: 1237.800 Thread 0x000001f97ee09610 Unloading class 0x00000001009fa258 'com/algaworks/algafood/domain/service/CadastroCidadeService'
Event: 1237.800 Thread 0x000001f97ee09610 Unloading class 0x00000001009fa000 'com/algaworks/algafood/api/controller/TesteController'
Event: 1237.800 Thread 0x000001f97ee09610 Unloading class 0x00000001009f9400 'com/algaworks/algafood/api/controller/RestauranteController'
Event: 1237.800 Thread 0x000001f97ee09610 Unloading class 0x00000001009f9c60 'com/algaworks/algafood/api/controller/EstadoController'
Event: 1237.800 Thread 0x000001f97ee09610 Unloading class 0x00000001009f9a30 'com/algaworks/algafood/api/controller/CozinhaController'
Event: 1237.800 Thread 0x000001f97ee09610 Unloading class 0x00000001009f9800 'com/algaworks/algafood/api/controller/CidadeController'
Event: 1237.800 Thread 0x000001f97ee09610 Unloading class 0x0000000100939000 'com/algaworks/algafood/AlgafoodApplication'

Classes redefined (0 events):
No events

Internal exceptions (20 events):
Event: 2994.771 Thread 0x000001f905fc43d0 Exception <a 'java/net/SocketException'{0x00000000a55ed1b8}: Connection reset by peer: shutdown> (0x00000000a55ed1b8) 
thrown [e:\jenkins\tmp\workspace\build\src\src\hotspot\share\prims\jni.cpp, line 535]
Event: 2998.314 Thread 0x000001f905fc43d0 Exception <a 'java/io/IOException'{0x00000000a55f1400}> (0x00000000a55f1400) 
thrown [e:\jenkins\tmp\workspace\build\src\src\hotspot\share\prims\jni.cpp, line 516]
Event: 2999.312 Thread 0x000001f905fc43d0 Exception <a 'java/io/IOException'{0x00000000a55f3cc0}> (0x00000000a55f3cc0) 
thrown [e:\jenkins\tmp\workspace\build\src\src\hotspot\share\prims\jni.cpp, line 516]
Event: 2999.312 Thread 0x000001f905fc43d0 Exception <a 'java/io/IOException'{0x00000000a55f47f8}> (0x00000000a55f47f8) 
thrown [e:\jenkins\tmp\workspace\build\src\src\hotspot\share\prims\jni.cpp, line 516]
Event: 3011.890 Thread 0x000001f905fc43d0 Exception <a 'java/io/IOException'{0x00000000a4f77480}> (0x00000000a4f77480) 
thrown [e:\jenkins\tmp\workspace\build\src\src\hotspot\share\prims\jni.cpp, line 516]
Event: 3013.764 Thread 0x000001f905fc43d0 Exception <a 'java/io/IOException'{0x00000000a4f7a268}> (0x00000000a4f7a268) 
thrown [e:\jenkins\tmp\workspace\build\src\src\hotspot\share\prims\jni.cpp, line 516]
Event: 3023.333 Thread 0x000001f905fc43d0 Exception <a 'java/io/IOException'{0x00000000a4c76fc0}> (0x00000000a4c76fc0) 
thrown [e:\jenkins\tmp\workspace\build\src\src\hotspot\share\prims\jni.cpp, line 516]
Event: 3023.333 Thread 0x000001f905fc43d0 Exception <a 'java/io/IOException'{0x00000000a4c77af8}> (0x00000000a4c77af8) 
thrown [e:\jenkins\tmp\workspace\build\src\src\hotspot\share\prims\jni.cpp, line 516]
Event: 3033.737 Thread 0x000001f905fc43d0 Exception <a 'java/net/SocketException'{0x00000000a74c2758}: Connection reset by peer: shutdown> (0x00000000a74c2758) 
thrown [e:\jenkins\tmp\workspace\build\src\src\hotspot\share\prims\jni.cpp, line 535]
Event: 3034.489 Thread 0x000001f905fc43d0 Exception <a 'java/net/SocketException'{0x00000000a74c4180}: Connection reset by peer: shutdown> (0x00000000a74c4180) 
thrown [e:\jenkins\tmp\workspace\build\src\src\hotspot\share\prims\jni.cpp, line 535]
Event: 4752.669 Thread 0x000001f905fc43d0 Exception <a 'java/net/SocketException'{0x00000000a56160c0}: Connection reset by peer: shutdown> (0x00000000a56160c0) 
thrown [e:\jenkins\tmp\workspace\build\src\src\hotspot\share\prims\jni.cpp, line 535]
Event: 4763.136 Thread 0x000001f905fc43d0 Exception <a 'java/io/IOException'{0x00000000a55dca70}> (0x00000000a55dca70) 
thrown [e:\jenkins\tmp\workspace\build\src\src\hotspot\share\prims\jni.cpp, line 516]
Event: 4770.833 Thread 0x000001f905fc5be0 Exception <a 'java/io/IOException'{0x00000000a532b100}> (0x00000000a532b100) 
thrown [e:\jenkins\tmp\workspace\build\src\src\hotspot\share\prims\jni.cpp, line 516]
Event: 4786.151 Thread 0x000001f905fc73f0 Exception <a 'java/net/SocketException'{0x00000000a50b43b8}: Connection reset by peer: shutdown> (0x00000000a50b43b8) 
thrown [e:\jenkins\tmp\workspace\build\src\src\hotspot\share\prims\jni.cpp, line 535]
Event: 4787.164 Thread 0x000001f905fc73f0 Exception <a 'java/io/IOException'{0x00000000a50b5900}> (0x00000000a50b5900) 
thrown [e:\jenkins\tmp\workspace\build\src\src\hotspot\share\prims\jni.cpp, line 516]
Event: 4787.164 Thread 0x000001f905fc73f0 Exception <a 'java/io/IOException'{0x00000000a50b6438}> (0x00000000a50b6438) 
thrown [e:\jenkins\tmp\workspace\build\src\src\hotspot\share\prims\jni.cpp, line 516]
Event: 4808.680 Thread 0x000001f905fc4d70 Exception <a 'java/io/IOException'{0x00000000a4b01420}> (0x00000000a4b01420) 
thrown [e:\jenkins\tmp\workspace\build\src\src\hotspot\share\prims\jni.cpp, line 516]
Event: 4808.680 Thread 0x000001f905fc4d70 Exception <a 'java/io/IOException'{0x00000000a4b01f58}> (0x00000000a4b01f58) 
thrown [e:\jenkins\tmp\workspace\build\src\src\hotspot\share\prims\jni.cpp, line 516]
Event: 4825.363 Thread 0x000001f905fc43d0 Exception <a 'java/io/IOException'{0x00000000a7516878}> (0x00000000a7516878) 
thrown [e:\jenkins\tmp\workspace\build\src\src\hotspot\share\prims\jni.cpp, line 516]
Event: 4830.140 Thread 0x000001f905fc43d0 Exception <a 'java/io/IOException'{0x00000000a7519660}> (0x00000000a7519660) 
thrown [e:\jenkins\tmp\workspace\build\src\src\hotspot\share\prims\jni.cpp, line 516]

VM Operations (20 events):
Event: 4763.865 Executing VM operation: Cleanup
Event: 4763.865 Executing VM operation: Cleanup done
Event: 4770.942 Executing VM operation: Cleanup
Event: 4770.942 Executing VM operation: Cleanup done
Event: 4772.970 Executing VM operation: Cleanup
Event: 4772.970 Executing VM operation: Cleanup done
Event: 4787.116 Executing VM operation: Cleanup
Event: 4787.116 Executing VM operation: Cleanup done
Event: 4788.129 Executing VM operation: Cleanup
Event: 4788.129 Executing VM operation: Cleanup done
Event: 4794.179 Executing VM operation: Cleanup
Event: 4794.179 Executing VM operation: Cleanup done
Event: 4809.347 Executing VM operation: Cleanup
Event: 4809.347 Executing VM operation: Cleanup done
Event: 4825.359 Executing VM operation: G1CollectForAllocation
Event: 4825.362 Executing VM operation: G1CollectForAllocation done
Event: 4827.365 Executing VM operation: Cleanup
Event: 4827.365 Executing VM operation: Cleanup done
Event: 4830.403 Executing VM operation: Cleanup
Event: 4830.404 Executing VM operation: Cleanup done

Events (20 events):
Event: 4770.833 Thread 0x000001f905fc5be0 Thread added: 0x000001f905fc5be0
Event: 4770.833 Thread 0x000001f905fc43d0 Thread added: 0x000001f905fc43d0
Event: 4777.067 Thread 0x000001f905fc5be0 Thread exited: 0x000001f905fc5be0
Event: 4777.083 Thread 0x000001f905fc43d0 Thread exited: 0x000001f905fc43d0
Event: 4786.150 Thread 0x000001f905fc73f0 Thread added: 0x000001f905fc73f0
Event: 4786.150 Thread 0x000001f905fc43d0 Thread added: 0x000001f905fc43d0
Event: 4792.174 Thread 0x000001f905fc73f0 Thread exited: 0x000001f905fc73f0
Event: 4792.189 Thread 0x000001f905fc43d0 Thread exited: 0x000001f905fc43d0
Event: 4793.343 Thread 0x000001f905fc43d0 Thread added: 0x000001f905fc43d0
Event: 4793.343 Thread 0x000001f905fc0070 Thread added: 0x000001f905fc0070
Event: 4798.345 Thread 0x000001f905fc43d0 Thread exited: 0x000001f905fc43d0
Event: 4798.360 Thread 0x000001f905fc0070 Thread exited: 0x000001f905fc0070
Event: 4808.678 Thread 0x000001f905fc4d70 Thread added: 0x000001f905fc4d70
Event: 4808.679 Thread 0x000001f905fc5240 Thread added: 0x000001f905fc5240
Event: 4813.687 Thread 0x000001f905fc4d70 Thread exited: 0x000001f905fc4d70
Event: 4813.703 Thread 0x000001f905fc5240 Thread exited: 0x000001f905fc5240
Event: 4825.359 Thread 0x000001f905fc43d0 Thread added: 0x000001f905fc43d0
Event: 4825.359 Thread 0x000001f905fc4d70 Thread added: 0x000001f905fc4d70
Event: 4835.153 Thread 0x000001f905fc43d0 Thread exited: 0x000001f905fc43d0
Event: 4835.169 Thread 0x000001f905fc4d70 Thread exited: 0x000001f905fc4d70


Dynamic libraries:
0x00007ff6933e0000 - 0x00007ff6933ee000 	D:\Doc_Meire Lopes\Desktop\NOVOS DOWLOADS\Software\SPRING_REST\Sts\sts-4.15.1.RELEASE\plugins\org.eclipse.justj.openjdk.hotspot.jre.full.win32.x86_64_17.0.3.v20220515-1416\jre\bin\javaw.exe
0x00007ffe29ad0000 - 0x00007ffe29cc6000 	C:\Windows\SYSTEM32\ntdll.dll
0x00007ffe29380000 - 0x00007ffe2943d000 	C:\Windows\System32\KERNEL32.DLL
0x00007ffe27440000 - 0x00007ffe27708000 	C:\Windows\System32\KERNELBASE.dll
0x00007ffe27710000 - 0x00007ffe27810000 	C:\Windows\System32\ucrtbase.dll
0x00007ffdd6ad0000 - 0x00007ffdd6ae8000 	D:\Doc_Meire Lopes\Desktop\NOVOS DOWLOADS\Software\SPRING_REST\Sts\sts-4.15.1.RELEASE\plugins\org.eclipse.justj.openjdk.hotspot.jre.full.win32.x86_64_17.0.3.v20220515-1416\jre\bin\jli.dll
0x00007ffe29600000 - 0x00007ffe297a0000 	C:\Windows\System32\USER32.dll
0x00007ffe27940000 - 0x00007ffe27962000 	C:\Windows\System32\win32u.dll
0x00007ffe298f0000 - 0x00007ffe2991a000 	C:\Windows\System32\GDI32.dll
0x00007ffe27210000 - 0x00007ffe27319000 	C:\Windows\System32\gdi32full.dll
0x00007ffe273a0000 - 0x00007ffe2743d000 	C:\Windows\System32\msvcp_win.dll
0x00007ffdd4b30000 - 0x00007ffdd4b49000 	D:\Doc_Meire Lopes\Desktop\NOVOS DOWLOADS\Software\SPRING_REST\Sts\sts-4.15.1.RELEASE\plugins\org.eclipse.justj.openjdk.hotspot.jre.full.win32.x86_64_17.0.3.v20220515-1416\jre\bin\VCRUNTIME140.dll
0x00007ffe12f10000 - 0x00007ffe131ab000 	C:\Windows\WinSxS\amd64_microsoft.windows.common-controls_6595b64144ccf1df_6.0.19041.488_none_ca04af081b815d21\COMCTL32.dll
0x00007ffe27be0000 - 0x00007ffe27c7e000 	C:\Windows\System32\msvcrt.dll
0x00007ffe298c0000 - 0x00007ffe298f0000 	C:\Windows\System32\IMM32.DLL
0x00007ffdd6bc0000 - 0x00007ffdd6bcc000 	D:\Doc_Meire Lopes\Desktop\NOVOS DOWLOADS\Software\SPRING_REST\Sts\sts-4.15.1.RELEASE\plugins\org.eclipse.justj.openjdk.hotspot.jre.full.win32.x86_64_17.0.3.v20220515-1416\jre\bin\vcruntime140_1.dll
0x00007ffdca5b0000 - 0x00007ffdca641000 	D:\Doc_Meire Lopes\Desktop\NOVOS DOWLOADS\Software\SPRING_REST\Sts\sts-4.15.1.RELEASE\plugins\org.eclipse.justj.openjdk.hotspot.jre.full.win32.x86_64_17.0.3.v20220515-1416\jre\bin\msvcp140.dll
0x00007ffdc5680000 - 0x00007ffdc62c8000 	D:\Doc_Meire Lopes\Desktop\NOVOS DOWLOADS\Software\SPRING_REST\Sts\sts-4.15.1.RELEASE\plugins\org.eclipse.justj.openjdk.hotspot.jre.full.win32.x86_64_17.0.3.v20220515-1416\jre\bin\server\jvm.dll
0x00007ffe28e20000 - 0x00007ffe28ecc000 	C:\Windows\System32\ADVAPI32.dll
0x00007ffe28ed0000 - 0x00007ffe28f6b000 	C:\Windows\System32\sechost.dll
0x00007ffe280f0000 - 0x00007ffe28214000 	C:\Windows\System32\RPCRT4.dll
0x00007ffe29920000 - 0x00007ffe29928000 	C:\Windows\System32\PSAPI.DLL
0x00007ffe11630000 - 0x00007ffe11639000 	C:\Windows\SYSTEM32\WSOCK32.dll
0x00007ffe15f60000 - 0x00007ffe15f87000 	C:\Windows\SYSTEM32\WINMM.dll
0x00007ffe29280000 - 0x00007ffe292eb000 	C:\Windows\System32\WS2_32.dll
0x00007ffe21980000 - 0x00007ffe2198a000 	C:\Windows\SYSTEM32\VERSION.dll
0x00007ffe25180000 - 0x00007ffe25192000 	C:\Windows\SYSTEM32\kernel.appcore.dll
0x00007ffe114b0000 - 0x00007ffe114ba000 	D:\Doc_Meire Lopes\Desktop\NOVOS DOWLOADS\Software\SPRING_REST\Sts\sts-4.15.1.RELEASE\plugins\org.eclipse.justj.openjdk.hotspot.jre.full.win32.x86_64_17.0.3.v20220515-1416\jre\bin\jimage.dll
0x00007ffe195c0000 - 0x00007ffe197a4000 	C:\Windows\SYSTEM32\DBGHELP.DLL
0x00007ffe164b0000 - 0x00007ffe164dc000 	C:\Windows\SYSTEM32\dbgcore.DLL
0x00007ffe278c0000 - 0x00007ffe2793f000 	C:\Windows\System32\bcryptPrimitives.dll
0x00007ffdd68f0000 - 0x00007ffdd6915000 	D:\Doc_Meire Lopes\Desktop\NOVOS DOWLOADS\Software\SPRING_REST\Sts\sts-4.15.1.RELEASE\plugins\org.eclipse.justj.openjdk.hotspot.jre.full.win32.x86_64_17.0.3.v20220515-1416\jre\bin\java.dll
0x00007ffdd68d0000 - 0x00007ffdd68e8000 	D:\Doc_Meire Lopes\Desktop\NOVOS DOWLOADS\Software\SPRING_REST\Sts\sts-4.15.1.RELEASE\plugins\org.eclipse.justj.openjdk.hotspot.jre.full.win32.x86_64_17.0.3.v20220515-1416\jre\bin\zip.dll
0x00007ffe28600000 - 0x00007ffe28d41000 	C:\Windows\System32\SHELL32.dll
0x00007ffe25380000 - 0x00007ffe25b15000 	C:\Windows\SYSTEM32\windows.storage.dll
0x00007ffe282a0000 - 0x00007ffe285f5000 	C:\Windows\System32\combase.dll
0x00007ffe26bb0000 - 0x00007ffe26bdc000 	C:\Windows\SYSTEM32\Wldp.dll
0x00007ffe27b30000 - 0x00007ffe27bde000 	C:\Windows\System32\SHCORE.dll
0x00007ffe28dc0000 - 0x00007ffe28e15000 	C:\Windows\System32\shlwapi.dll
0x00007ffe27140000 - 0x00007ffe27166000 	C:\Windows\SYSTEM32\profapi.dll
0x00007ffdd68b0000 - 0x00007ffdd68c9000 	D:\Doc_Meire Lopes\Desktop\NOVOS DOWLOADS\Software\SPRING_REST\Sts\sts-4.15.1.RELEASE\plugins\org.eclipse.justj.openjdk.hotspot.jre.full.win32.x86_64_17.0.3.v20220515-1416\jre\bin\net.dll
0x00007ffe1fcf0000 - 0x00007ffe1fdf0000 	C:\Windows\SYSTEM32\WINHTTP.dll
0x00007ffe26930000 - 0x00007ffe2699a000 	C:\Windows\system32\mswsock.dll
0x00007ffdd6890000 - 0x00007ffdd68a5000 	D:\Doc_Meire Lopes\Desktop\NOVOS DOWLOADS\Software\SPRING_REST\Sts\sts-4.15.1.RELEASE\plugins\org.eclipse.justj.openjdk.hotspot.jre.full.win32.x86_64_17.0.3.v20220515-1416\jre\bin\nio.dll
0x00007ffdd6850000 - 0x00007ffdd6859000 	D:\Doc_Meire Lopes\Desktop\NOVOS DOWLOADS\Software\SPRING_REST\Sts\sts-4.15.1.RELEASE\plugins\org.eclipse.justj.openjdk.hotspot.jre.full.win32.x86_64_17.0.3.v20220515-1416\jre\bin\management.dll
0x00007ffdd4f00000 - 0x00007ffdd4f0b000 	D:\Doc_Meire Lopes\Desktop\NOVOS DOWLOADS\Software\SPRING_REST\Sts\sts-4.15.1.RELEASE\plugins\org.eclipse.justj.openjdk.hotspot.jre.full.win32.x86_64_17.0.3.v20220515-1416\jre\bin\management_ext.dll
0x00007ffe1ab90000 - 0x00007ffe1aba7000 	C:\Windows\system32\napinsp.dll
0x00007ffe1ac30000 - 0x00007ffe1ac4b000 	C:\Windows\system32\pnrpnsp.dll
0x00007ffe1ac10000 - 0x00007ffe1ac25000 	C:\Windows\system32\wshbth.dll
0x00007ffe22bf0000 - 0x00007ffe22c0d000 	C:\Windows\system32\NLAapi.dll
0x00007ffe26620000 - 0x00007ffe2665b000 	C:\Windows\SYSTEM32\IPHLPAPI.DLL
0x00007ffe26660000 - 0x00007ffe2672b000 	C:\Windows\SYSTEM32\DNSAPI.dll
0x00007ffe29440000 - 0x00007ffe29448000 	C:\Windows\System32\NSI.dll
0x00007ffe1a650000 - 0x00007ffe1a662000 	C:\Windows\System32\winrnr.dll
0x00007ffe1f480000 - 0x00007ffe1f48a000 	C:\Windows\System32\rasadhlp.dll
0x00007ffe1f490000 - 0x00007ffe1f50f000 	C:\Windows\System32\fwpuclnt.dll
0x00007ffe27320000 - 0x00007ffe27347000 	C:\Windows\System32\bcrypt.dll
0x00007ffe26b00000 - 0x00007ffe26b18000 	C:\Windows\SYSTEM32\CRYPTSP.dll
0x00007ffe262c0000 - 0x00007ffe262f4000 	C:\Windows\system32\rsaenh.dll
0x00007ffe27100000 - 0x00007ffe2712e000 	C:\Windows\SYSTEM32\USERENV.dll
0x00007ffe26b20000 - 0x00007ffe26b2c000 	C:\Windows\SYSTEM32\CRYPTBASE.dll
0x00007ffe21a60000 - 0x00007ffe21a77000 	C:\Windows\SYSTEM32\dhcpcsvc6.DLL
0x00007ffe21a40000 - 0x00007ffe21a5d000 	C:\Windows\SYSTEM32\dhcpcsvc.DLL
0x00007ffe02460000 - 0x00007ffe02470000 	D:\Doc_Meire Lopes\Desktop\NOVOS DOWLOADS\Software\SPRING_REST\Sts\sts-4.15.1.RELEASE\plugins\org.eclipse.justj.openjdk.hotspot.jre.full.win32.x86_64_17.0.3.v20220515-1416\jre\bin\verify.dll
0x00007ffdd76f0000 - 0x00007ffdd76fe000 	D:\Doc_Meire Lopes\Desktop\NOVOS DOWLOADS\Software\SPRING_REST\Sts\sts-4.15.1.RELEASE\plugins\org.eclipse.justj.openjdk.hotspot.jre.full.win32.x86_64_17.0.3.v20220515-1416\jre\bin\sunmscapi.dll
0x00007ffe27970000 - 0x00007ffe27acd000 	C:\Windows\System32\CRYPT32.dll
0x00007ffe26c20000 - 0x00007ffe26c47000 	C:\Windows\SYSTEM32\ncrypt.dll
0x00007ffe26be0000 - 0x00007ffe26c1b000 	C:\Windows\SYSTEM32\NTASN1.dll
0x00007ffe22fd0000 - 0x00007ffe22fd7000 	C:\Windows\system32\wshunix.dll

dbghelp: loaded successfully - version: 4.0.5 - missing functions: none
symbol engine: initialized successfully - sym options: 0x614 - pdb path: .;D:\Doc_Meire Lopes\Desktop\NOVOS DOWLOADS\Software\SPRING_REST\Sts\sts-4.15.1.RELEASE\plugins\org.eclipse.justj.openjdk.hotspot.jre.full.win32.x86_64_17.0.3.v20220515-1416\jre\bin;C:\Windows\SYSTEM32;C:\Windows\WinSxS\amd64_microsoft.windows.common-controls_6595b64144ccf1df_6.0.19041.488_none_ca04af081b815d21;D:\Doc_Meire Lopes\Desktop\NOVOS DOWLOADS\Software\SPRING_REST\Sts\sts-4.15.1.RELEASE\plugins\org.eclipse.justj.openjdk.hotspot.jre.full.win32.x86_64_17.0.3.v20220515-1416\jre\bin\server

VM Arguments:
jvm_args: -Dcom.sun.management.jmxremote -Dcom.sun.management.jmxremote.port=53138 -Dcom.sun.management.jmxremote.authenticate=false -Dcom.sun.management.jmxremote.ssl=false -Djava.rmi.server.hostname=localhost -Dspring.jmx.enabled=true -Dspring.application.admin.enabled=true -XX:TieredStopAtLevel=1 -Dspring.boot.project.name=algafood -Dfile.encoding=UTF-8 -XX:+ShowCodeDetailsInExceptionMessages 
java_command: com.algaworks.algafood.AlgafoodApplication --spring.output.ansi.enabled=always
java_class_path (initial): C:\Users\USUARIO\git\algafood\algafood\target\classes;C:\Users\USUARIO\.m2\repository\org\springframework\boot\spring-boot-starter-web\2.7.5\spring-boot-starter-web-2.7.5.jar;C:\Users\USUARIO\.m2\repository\org\springframework\boot\spring-boot-starter-json\2.7.5\spring-boot-starter-json-2.7.5.jar;C:\Users\USUARIO\.m2\repository\com\fasterxml\jackson\datatype\jackson-datatype-jdk8\2.13.4\jackson-datatype-jdk8-2.13.4.jar;C:\Users\USUARIO\.m2\repository\com\fasterxml\jackson\datatype\jackson-datatype-jsr310\2.13.4\jackson-datatype-jsr310-2.13.4.jar;C:\Users\USUARIO\.m2\repository\com\fasterxml\jackson\module\jackson-module-parameter-names\2.13.4\jackson-module-parameter-names-2.13.4.jar;C:\Users\USUARIO\.m2\repository\org\springframework\boot\spring-boot-starter-tomcat\2.7.5\spring-boot-starter-tomcat-2.7.5.jar;C:\Users\USUARIO\.m2\repository\org\apache\tomcat\embed\tomcat-embed-core\9.0.68\tomcat-embed-core-9.0.68.jar;C:\Users\USUARIO\.m2\repository\org\apache\tomcat\embed\tomcat-embed-el\9.0.68\tomcat-embed-el-9.0.68.jar;C:\Users\USUARIO\.m2\repository\org\apache\tomcat\embed\tomcat-embed-websocket\9.0.68\tomcat-embed-websocket-9.0.68.jar;C:\Users\USUARIO\.m2\repository\org\springframework\spring-web\5.3.23\spring-web-5.3.23.jar;C:\Users\USUARIO\.m2\repository\org\springframework\spring-beans\5.3.23\spring-beans-5.3.23.jar;C:\Users\USUARIO\.m2\repository\org\springframework\spring-webmvc\5.3.23\spring-webmvc-5.3.23.jar;C:\Users\USUARIO\.m2\repository\org\springframework\spring-aop\5.3.23\spring-aop-5.3.23.jar;C:\Users\USUARIO\.m2\repository\org\springframework\spring-context\5.3.23\spring-context-5.3.23.jar;C:\Users\USUARIO\.m2\repository\org\springframework\spring-expression\5.3.23\spring-expression-5.3.23.jar;C:\Users\USUARIO\.m2\repository\org\springframework\boot\spring-boot-devtools\2.7.5\spring-boot-devtools-2.7.5.jar;C:\Users\USUARIO\.m2\repository\org\springframework\boot\spring-boot\2.7.5\spring-boot-2.7.5.jar;C:\Users\USUARIO\.m
Launcher Type: SUN_STANDARD

[Global flags]
     intx CICompilerCount                          = 3                                         {product} {ergonomic}
     uint ConcGCThreads                            = 1                                         {product} {ergonomic}
     uint G1ConcRefinementThreads                  = 4                                         {product} {ergonomic}
   size_t G1HeapRegionSize                         = 1048576                                   {product} {ergonomic}
    uintx GCDrainStackTargetSize                   = 64                                        {product} {ergonomic}
   size_t InitialHeapSize                          = 100663296                                 {product} {ergonomic}
     bool ManagementServer                         = true                                      {product} {command line}
   size_t MarkStackSize                            = 4194304                                   {product} {ergonomic}
   size_t MaxHeapSize                              = 1581252608                                {product} {ergonomic}
   size_t MaxNewSize                               = 947912704                                 {product} {ergonomic}
   size_t MinHeapDeltaBytes                        = 1048576                                   {product} {ergonomic}
   size_t MinHeapSize                              = 8388608                                   {product} {ergonomic}
    uintx NonProfiledCodeHeapSize                  = 0                                      {pd product} {ergonomic}
     bool ProfileInterpreter                       = false                                  {pd product} {command line}
    uintx ProfiledCodeHeapSize                     = 0                                      {pd product} {ergonomic}
     bool ShowCodeDetailsInExceptionMessages       = true                                   {manageable} {command line}
   size_t SoftMaxHeapSize                          = 1581252608                             {manageable} {ergonomic}
     intx TieredStopAtLevel                        = 1                                         {product} {command line}
     bool UseCompressedClassPointers               = true                           {product lp64_product} {ergonomic}
     bool UseCompressedOops                        = true                           {product lp64_product} {ergonomic}
     bool UseG1GC                                  = true                                      {product} {ergonomic}
     bool UseLargePagesIndividualAllocation        = false                                  {pd product} {ergonomic}

Logging:
Log output configuration:
 #0: stdout all=warning uptime,level,tags
 #1: stderr all=off uptime,level,tags

Environment Variables:
PATH=D:/Doc_Meire Lopes/Desktop/NOVOS DOWLOADS/Software/SPRING_REST/Sts/sts-4.15.1.RELEASE//plugins/org.eclipse.justj.openjdk.hotspot.jre.full.win32.x86_64_17.0.3.v20220515-1416/jre/bin/server;D:/Doc_Meire Lopes/Desktop/NOVOS DOWLOADS/Software/SPRING_REST/Sts/sts-4.15.1.RELEASE//plugins/org.eclipse.justj.openjdk.hotspot.jre.full.win32.x86_64_17.0.3.v20220515-1416/jre/bin;C:\Program Files (x86)\Common Files\Intel\Shared Libraries\redist\intel64\compiler;C:\Windows\system32;C:\Windows;C:\Windows\System32\Wbem;C:\Windows\System32\WindowsPowerShell\v1.0\;C:\Windows\System32\OpenSSH\;C:\Program Files\Microsoft SQL Server\120\Tools\Binn\;C:\Program Files\Common Files\Autodesk Shared\;C:\MinGW\bin;C:\Program Files (x86)\HP\Common\HPDestPlgIn\;C:\Program Files\Git\cmd;C:\Program Files\Git;C:\Program Files\Java\jdk-14.0.1\bin;C:\Program Files\Java\jdk-11.0.15+10\bin;C:\Users\USUARIO\AppData\Local\Microsoft\WindowsApps;d:\Program Files\JetBrains\IntelliJ IDEA Community Edition 2021.1.3\bin;;C:\Program Files (x86)\HP\Common\HPDestPlgIn\;C:\Program Files\Java\jdk-14.0.1\bin;D:\Doc_Meire Lopes\Desktop\2022\Digital House\Softwares\apache-maven-3.8.5\bin;D:\Doc_Meire Lopes\Desktop\2022\JAVA\apache-maven-3.8.6\bin;C:\Users\USUARIO\AppData\Local\Programs\Microsoft VS Code\bin;C:\Program Files\Java\jdk-11.0.15+10\bin;D:\Doc_Meire Lopes\Desktop\NOVOS DOWLOADS\Software\apache-maven-3.8.6\bin;;D:\Doc_Meire Lopes\Desktop\NOVOS DOWLOADS\Software\SPRING_REST\Sts\sts-4.15.1.RELEASE;
USERNAME=USUARIO
OS=Windows_NT
PROCESSOR_IDENTIFIER=Intel64 Family 6 Model 60 Stepping 3, GenuineIntel



---------------  S Y S T E M  ---------------

OS:
 Windows 10 , 64 bit Build 19041 (10.0.19041.546)
OS uptime: 0 days 3:20 hours

CPU: total 4 (initial active 4) (4 cores per cpu, 1 threads per core) family 6 model 60 stepping 3 microcode 0x27, cx8, cmov, fxsr, mmx, sse, sse2, sse3, ssse3, sse4.1, sse4.2, popcnt, lzcnt, tsc, tscinvbit, avx, avx2, aes, erms, clmul, bmi1, bmi2, fma, vzeroupper, clflush

Memory: 4k page, system-wide physical 6027M (897M free)
TotalPageFile size 9611M (AvailPageFile size 1565M)
current process WorkingSet (physical memory assigned to process): 254M, peak: 258M
current process commit charge ("private bytes"): 280M, peak: 288M

vm_info: OpenJDK 64-Bit Server VM (17.0.3+7) for windows-amd64 JRE (17.0.3+7), built on Apr 19 2022 16:55:35 by "" with MS VC++ 16.7 (VS2019)

END.
