#
# A fatal error has been detected by the Java Runtime Environment:
#
#  Internal Error (methodData.cpp:1142), pid=688, tid=6308
#  Error: ShouldNotReachHere()
#
# JRE version: OpenJDK Runtime Environment Temurin-17.0.3+7 (17.0.3+7) (build 17.0.3+7)
# Java VM: OpenJDK 64-Bit Server VM Temurin-17.0.3+7 (17.0.3+7, mixed mode, emulated-client, tiered, compressed oops, compressed class ptrs, g1 gc, windows-amd64)
# No core dump will be written. Minidumps are not enabled by default on client versions of Windows
#
# If you would like to submit a bug report, please visit:
#   https://github.com/adoptium/adoptium-support/issues
#

---------------  S U M M A R Y ------------

Command Line: -Dcom.sun.management.jmxremote -Dcom.sun.management.jmxremote.port=57143 -Dcom.sun.management.jmxremote.authenticate=false -Dcom.sun.management.jmxremote.ssl=false -Djava.rmi.server.hostname=localhost -Dspring.jmx.enabled=true -Dspring.application.admin.enabled=true -XX:TieredStopAtLevel=1 -Dspring.boot.project.name=algafood -Dfile.encoding=UTF-8 -XX:+ShowCodeDetailsInExceptionMessages com.algaworks.algafood.AlgafoodApplication --spring.output.ansi.enabled=always

Host: Intel(R) Core(TM) i5-4570S CPU @ 2.90GHz, 4 cores, 5G,  Windows 10 , 64 bit Build 19041 (10.0.19041.546)
Time: Sun Dec 18 15:35:01 2022 Hora oficial do Brasil elapsed time: 1216.474212 seconds (0d 0h 20m 16s)

---------------  T H R E A D  ---------------

Current thread (0x000002578b025400):  GCTaskThread "GC Thread#1" [stack: 0x0000009989a00000,0x0000009989b00000] [id=6308]

Stack: [0x0000009989a00000,0x0000009989b00000]
Native frames: (J=compiled Java code, j=interpreted, Vv=VM code, C=native code)
V  [jvm.dll+0x675efa]
V  [jvm.dll+0x830a24]
V  [jvm.dll+0x8321ce]
V  [jvm.dll+0x8327e7]
V  [jvm.dll+0x2453ec]
V  [jvm.dll+0x245333]
V  [jvm.dll+0x62e5fa]
V  [jvm.dll+0x62d785]
V  [jvm.dll+0x36c238]
V  [jvm.dll+0x680b82]
V  [jvm.dll+0x307272]
V  [jvm.dll+0x85de5b]
V  [jvm.dll+0x85dea6]
V  [jvm.dll+0x7e0cfa]
V  [jvm.dll+0x674d85]
C  [ucrtbase.dll+0x214c2]
C  [KERNEL32.DLL+0x17034]
C  [ntdll.dll+0x4cec1]


---------------  P R O C E S S  ---------------

Threads class SMR info:
_java_thread_list=0x000002578f58cd80, length=19, elements={
0x00000257ff3c3f70, 0x00000257ff3c6f80, 0x00000257ff3e33c0, 0x00000257ff3e5f50,
0x00000257ff40bfa0, 0x00000257ff40c470, 0x00000257ff410230, 0x00000257ff411b40,
0x000002578a856840, 0x000002578a9c3d90, 0x000002578ae65980, 0x000002578ae65e50,
0x000002578afe3d20, 0x000002578b39ce00, 0x000002578b3f19a0, 0x000002578b3f44f0,
0x000002578f3cd0a0, 0x000002578f3cda40, 0x000002578f3c9bb0
}

Java Threads: ( => current thread )
  0x00000257ff3c3f70 JavaThread "Reference Handler" daemon [_thread_blocked, id=11696, stack(0x0000009988a00000,0x0000009988b00000)]
  0x00000257ff3c6f80 JavaThread "Finalizer" daemon [_thread_blocked, id=10420, stack(0x0000009988b00000,0x0000009988c00000)]
  0x00000257ff3e33c0 JavaThread "Signal Dispatcher" daemon [_thread_blocked, id=9524, stack(0x0000009988c00000,0x0000009988d00000)]
  0x00000257ff3e5f50 JavaThread "Attach Listener" daemon [_thread_blocked, id=3428, stack(0x0000009988d00000,0x0000009988e00000)]
  0x00000257ff40bfa0 JavaThread "Service Thread" daemon [_thread_blocked, id=11584, stack(0x0000009988e00000,0x0000009988f00000)]
  0x00000257ff40c470 JavaThread "Monitor Deflation Thread" daemon [_thread_blocked, id=11364, stack(0x0000009988f00000,0x0000009989000000)]
  0x00000257ff410230 JavaThread "C1 CompilerThread0" daemon [_thread_blocked, id=9496, stack(0x0000009989000000,0x0000009989100000)]
  0x00000257ff411b40 JavaThread "Sweeper thread" daemon [_thread_blocked, id=11196, stack(0x0000009989100000,0x0000009989200000)]
  0x000002578a856840 JavaThread "Common-Cleaner" daemon [_thread_blocked, id=12148, stack(0x0000009989200000,0x0000009989300000)]
  0x000002578a9c3d90 JavaThread "Notification Thread" daemon [_thread_blocked, id=8404, stack(0x0000009989500000,0x0000009989600000)]
  0x000002578ae65980 JavaThread "RMI TCP Accept-0" daemon [_thread_in_native, id=12236, stack(0x0000009989600000,0x0000009989700000)]
  0x000002578ae65e50 JavaThread "RMI TCP Accept-57143" daemon [_thread_in_native, id=6200, stack(0x0000009989700000,0x0000009989800000)]
  0x000002578afe3d20 JavaThread "RMI TCP Accept-0" daemon [_thread_in_native, id=7028, stack(0x0000009989800000,0x0000009989900000)]
  0x000002578b39ce00 JavaThread "RMI Scheduler(0)" daemon [_thread_blocked, id=7696, stack(0x000000998a000000,0x000000998a100000)]
  0x000002578b3f19a0 JavaThread "mysql-cj-abandoned-connection-cleanup" daemon [_thread_blocked, id=6448, stack(0x000000998a800000,0x000000998a900000)]
  0x000002578b3f44f0 JavaThread "Live Reload Server" daemon [_thread_in_native, id=11780, stack(0x000000998ae00000,0x000000998af00000)]
  0x000002578f3cd0a0 JavaThread "DestroyJavaVM" [_thread_blocked, id=11164, stack(0x0000009988300000,0x0000009988400000)]
  0x000002578f3cda40 JavaThread "File Watcher" daemon [_thread_blocked, id=9824, stack(0x0000009988200000,0x0000009988300000)]
  0x000002578f3c9bb0 JavaThread "Thread-7" [_thread_blocked, id=4180, stack(0x0000009988000000,0x0000009988100000)]

Other Threads:
  0x00000257ff3be7c0 VMThread "VM Thread" [stack: 0x0000009988900000,0x0000009988a00000] [id=4568]
  0x00000257fcf9d270 WatcherThread [stack: 0x0000009989900000,0x0000009989a00000] [id=10012]
  0x00000257fcfe81d0 GCTaskThread "GC Thread#0" [stack: 0x0000009988400000,0x0000009988500000] [id=11356]
=>0x000002578b025400 GCTaskThread "GC Thread#1" [stack: 0x0000009989a00000,0x0000009989b00000] [id=6308]
  0x000002578b095fd0 GCTaskThread "GC Thread#2" [stack: 0x0000009989b00000,0x0000009989c00000] [id=10828]
  0x000002578b096280 GCTaskThread "GC Thread#3" [stack: 0x0000009989c00000,0x0000009989d00000] [id=7148]
  0x00000257fcff5440 ConcurrentGCThread "G1 Main Marker" [stack: 0x0000009988500000,0x0000009988600000] [id=11980]
  0x00000257fcff5d60 ConcurrentGCThread "G1 Conc#0" [stack: 0x0000009988600000,0x0000009988700000] [id=11132]
  0x00000257fd05d310 ConcurrentGCThread "G1 Refine#0" [stack: 0x0000009988700000,0x0000009988800000] [id=2988]
  0x000002578b033d30 ConcurrentGCThread "G1 Refine#1" [stack: 0x0000009989d00000,0x0000009989e00000] [id=11644]
  0x000002578b004070 ConcurrentGCThread "G1 Refine#2" [stack: 0x0000009989e00000,0x0000009989f00000] [id=12004]
  0x00000257fd05dc40 ConcurrentGCThread "G1 Service" [stack: 0x0000009988800000,0x0000009988900000] [id=10448]

Threads with active compile tasks:

VM state: at safepoint (normal execution)

VM Mutex/Monitor currently owned by a thread:  ([mutex/lock_event])
[0x00000257fcf979c0] Threads_lock - owner thread: 0x00000257ff3be7c0
[0x00000257fcf975d0] Heap_lock - owner thread: 0x000002578f3c9bb0

Heap address: 0x00000000a1c00000, size: 1508 MB, Compressed Oops mode: 32-bit

CDS archive(s) not mapped
Compressed class space mapped at: 0x0000000100000000-0x0000000140000000, reserved size: 1073741824
Narrow klass base: 0x0000000000000000, Narrow klass shift: 3, Narrow klass range: 0x140000000

GC Precious Log:
 CPUs: 4 total, 4 available
 Memory: 6027M
 Large Page Support: Disabled
 NUMA Support: Disabled
 Compressed Oops: Enabled (32-bit)
 Heap Region Size: 1M
 Heap Min Capacity: 8M
 Heap Initial Capacity: 96M
 Heap Max Capacity: 1508M
 Pre-touch: Disabled
 Parallel Workers: 4
 Concurrent Workers: 1
 Concurrent Refinement Workers: 4
 Periodic GC: Disabled

Heap:
 garbage-first heap   total 92160K, used 64304K [0x00000000a1c00000, 0x0000000100000000)
  region size 1024K, 35 young (35840K), 3 survivors (3072K)
 Metaspace       used 75124K, committed 75776K, reserved 1114112K
  class space    used 10060K, committed 10368K, reserved 1048576K

Heap Regions: E=young(eden), S=young(survivor), O=old, HS=humongous(starts), HC=humongous(continues), CS=collection set, F=free, OA=open archive, CA=closed archive, TAMS=top-at-mark-start (previous, next)
|   0|0x00000000a1c00000, 0x00000000a1d00000, 0x00000000a1d00000|100%|HS|  |TAMS 0x00000000a1d00000, 0x00000000a1c00000| Untracked 
|   1|0x00000000a1d00000, 0x00000000a1e00000, 0x00000000a1e00000|100%| O|  |TAMS 0x00000000a1e00000, 0x00000000a1d00000| Untracked 
|   2|0x00000000a1e00000, 0x00000000a1f00000, 0x00000000a1f00000|100%| O|  |TAMS 0x00000000a1f00000, 0x00000000a1e00000| Untracked 
|   3|0x00000000a1f00000, 0x00000000a2000000, 0x00000000a2000000|100%| O|  |TAMS 0x00000000a2000000, 0x00000000a1f00000| Untracked 
|   4|0x00000000a2000000, 0x00000000a20ffff8, 0x00000000a2100000| 99%| O|  |TAMS 0x00000000a2000000, 0x00000000a2000000| Untracked 
|   5|0x00000000a2100000, 0x00000000a2200000, 0x00000000a2200000|100%| O|  |TAMS 0x00000000a2200000, 0x00000000a2100000| Untracked 
|   6|0x00000000a2200000, 0x00000000a22ffff0, 0x00000000a2300000| 99%| O|  |TAMS 0x00000000a2200000, 0x00000000a2200000| Untracked 
|   7|0x00000000a2300000, 0x00000000a23ffff8, 0x00000000a2400000| 99%| O|  |TAMS 0x00000000a2300000, 0x00000000a2300000| Untracked 
|   8|0x00000000a2400000, 0x00000000a24fffe8, 0x00000000a2500000| 99%| O|  |TAMS 0x00000000a2400000, 0x00000000a2400000| Untracked 
|   9|0x00000000a2500000, 0x00000000a25fffa0, 0x00000000a2600000| 99%| O|  |TAMS 0x00000000a2500000, 0x00000000a2500000| Untracked 
|  10|0x00000000a2600000, 0x00000000a2700000, 0x00000000a2700000|100%| O|  |TAMS 0x00000000a2600000, 0x00000000a2600000| Untracked 
|  11|0x00000000a2700000, 0x00000000a2800000, 0x00000000a2800000|100%| O|  |TAMS 0x00000000a2700000, 0x00000000a2700000| Untracked 
|  12|0x00000000a2800000, 0x00000000a2900000, 0x00000000a2900000|100%| O|  |TAMS 0x00000000a2800000, 0x00000000a2800000| Untracked 
|  13|0x00000000a2900000, 0x00000000a29ffff0, 0x00000000a2a00000| 99%| O|  |TAMS 0x00000000a2900000, 0x00000000a2900000| Untracked 
|  14|0x00000000a2a00000, 0x00000000a2b00000, 0x00000000a2b00000|100%| O|  |TAMS 0x00000000a2a00000, 0x00000000a2a00000| Untracked 
|  15|0x00000000a2b00000, 0x00000000a2c00000, 0x00000000a2c00000|100%| O|  |TAMS 0x00000000a2c00000, 0x00000000a2b00000| Untracked 
|  16|0x00000000a2c00000, 0x00000000a2cffe30, 0x00000000a2d00000| 99%| O|  |TAMS 0x00000000a2c00000, 0x00000000a2c00000| Untracked 
|  17|0x00000000a2d00000, 0x00000000a2dfff48, 0x00000000a2e00000| 99%| O|  |TAMS 0x00000000a2d00000, 0x00000000a2d00000| Untracked 
|  18|0x00000000a2e00000, 0x00000000a2efffa0, 0x00000000a2f00000| 99%| O|  |TAMS 0x00000000a2e00000, 0x00000000a2e00000| Untracked 
|  19|0x00000000a2f00000, 0x00000000a2fffff0, 0x00000000a3000000| 99%| O|  |TAMS 0x00000000a2f00000, 0x00000000a2f00000| Untracked 
|  20|0x00000000a3000000, 0x00000000a30c7bd8, 0x00000000a3100000| 78%| O|  |TAMS 0x00000000a3000000, 0x00000000a3000000| Untracked 
|  21|0x00000000a3100000, 0x00000000a31ffff8, 0x00000000a3200000| 99%| O|  |TAMS 0x00000000a3100000, 0x00000000a3100000| Untracked 
|  22|0x00000000a3200000, 0x00000000a32fffe8, 0x00000000a3300000| 99%| O|  |TAMS 0x00000000a3200000, 0x00000000a3200000| Untracked 
|  23|0x00000000a3300000, 0x00000000a33fffe0, 0x00000000a3400000| 99%| O|  |TAMS 0x00000000a3300000, 0x00000000a3300000| Untracked 
|  24|0x00000000a3400000, 0x00000000a34232a0, 0x00000000a3500000| 13%| O|  |TAMS 0x00000000a3400000, 0x00000000a3400000| Untracked 
|  25|0x00000000a3500000, 0x00000000a35e97a0, 0x00000000a3600000| 91%| O|  |TAMS 0x00000000a3500000, 0x00000000a3500000| Untracked 
|  26|0x00000000a3600000, 0x00000000a3700000, 0x00000000a3700000|100%| O|  |TAMS 0x00000000a3600000, 0x00000000a3600000| Untracked 
|  27|0x00000000a3700000, 0x00000000a3800000, 0x00000000a3800000|100%| O|  |TAMS 0x00000000a3700000, 0x00000000a3700000| Untracked 
|  28|0x00000000a3800000, 0x00000000a3900000, 0x00000000a3900000|100%| O|  |TAMS 0x00000000a3800000, 0x00000000a3800000| Untracked 
|  29|0x00000000a3900000, 0x00000000a399a400, 0x00000000a3a00000| 60%| O|  |TAMS 0x00000000a3900000, 0x00000000a3900000| Untracked 
|  30|0x00000000a3a00000, 0x00000000a3a00000, 0x00000000a3b00000|  0%| F|  |TAMS 0x00000000a3a00000, 0x00000000a3a00000| Untracked 
|  31|0x00000000a3b00000, 0x00000000a3b00000, 0x00000000a3c00000|  0%| F|  |TAMS 0x00000000a3b00000, 0x00000000a3b00000| Untracked 
|  32|0x00000000a3c00000, 0x00000000a3c00000, 0x00000000a3d00000|  0%| F|  |TAMS 0x00000000a3c00000, 0x00000000a3c00000| Untracked 
|  33|0x00000000a3d00000, 0x00000000a3d00000, 0x00000000a3e00000|  0%| F|  |TAMS 0x00000000a3d00000, 0x00000000a3d00000| Untracked 
|  34|0x00000000a3e00000, 0x00000000a3e00000, 0x00000000a3f00000|  0%| F|  |TAMS 0x00000000a3e00000, 0x00000000a3e00000| Untracked 
|  35|0x00000000a3f00000, 0x00000000a3f00000, 0x00000000a4000000|  0%| F|  |TAMS 0x00000000a3f00000, 0x00000000a3f00000| Untracked 
|  36|0x00000000a4000000, 0x00000000a4000000, 0x00000000a4100000|  0%| F|  |TAMS 0x00000000a4000000, 0x00000000a4000000| Untracked 
|  37|0x00000000a4100000, 0x00000000a4100000, 0x00000000a4200000|  0%| F|  |TAMS 0x00000000a4100000, 0x00000000a4100000| Untracked 
|  38|0x00000000a4200000, 0x00000000a4200000, 0x00000000a4300000|  0%| F|  |TAMS 0x00000000a4200000, 0x00000000a4200000| Untracked 
|  39|0x00000000a4300000, 0x00000000a4300000, 0x00000000a4400000|  0%| F|  |TAMS 0x00000000a4300000, 0x00000000a4300000| Untracked 
|  40|0x00000000a4400000, 0x00000000a4400000, 0x00000000a4500000|  0%| F|  |TAMS 0x00000000a4400000, 0x00000000a4400000| Untracked 
|  41|0x00000000a4500000, 0x00000000a4500000, 0x00000000a4600000|  0%| F|  |TAMS 0x00000000a4500000, 0x00000000a4500000| Untracked 
|  42|0x00000000a4600000, 0x00000000a4600000, 0x00000000a4700000|  0%| F|  |TAMS 0x00000000a4600000, 0x00000000a4600000| Untracked 
|  43|0x00000000a4700000, 0x00000000a4700000, 0x00000000a4800000|  0%| F|  |TAMS 0x00000000a4700000, 0x00000000a4700000| Untracked 
|  44|0x00000000a4800000, 0x00000000a4800000, 0x00000000a4900000|  0%| F|  |TAMS 0x00000000a4800000, 0x00000000a4800000| Untracked 
|  45|0x00000000a4900000, 0x00000000a4900000, 0x00000000a4a00000|  0%| F|  |TAMS 0x00000000a4900000, 0x00000000a4900000| Untracked 
|  46|0x00000000a4a00000, 0x00000000a4a1cb70, 0x00000000a4b00000| 11%| S|  |TAMS 0x00000000a4a00000, 0x00000000a4a00000| Complete 
|  47|0x00000000a4b00000, 0x00000000a4c00000, 0x00000000a4c00000|100%| O|  |TAMS 0x00000000a4c00000, 0x00000000a4b00000| Untracked 
|  48|0x00000000a4c00000, 0x00000000a4d00000, 0x00000000a4d00000|100%| S|  |TAMS 0x00000000a4c00000, 0x00000000a4c00000| Complete 
|  49|0x00000000a4d00000, 0x00000000a4e00000, 0x00000000a4e00000|100%| S|  |TAMS 0x00000000a4d00000, 0x00000000a4d00000| Complete 
|  50|0x00000000a4e00000, 0x00000000a4e00000, 0x00000000a4f00000|  0%| F|  |TAMS 0x00000000a4e00000, 0x00000000a4e00000| Untracked 
|  51|0x00000000a4f00000, 0x00000000a4f00000, 0x00000000a5000000|  0%| F|  |TAMS 0x00000000a4f00000, 0x00000000a4f00000| Untracked 
|  52|0x00000000a5000000, 0x00000000a5000000, 0x00000000a5100000|  0%| F|  |TAMS 0x00000000a5000000, 0x00000000a5000000| Untracked 
|  53|0x00000000a5100000, 0x00000000a5100000, 0x00000000a5200000|  0%| F|  |TAMS 0x00000000a5100000, 0x00000000a5100000| Untracked 
|  54|0x00000000a5200000, 0x00000000a5200000, 0x00000000a5300000|  0%| F|  |TAMS 0x00000000a5200000, 0x00000000a5200000| Untracked 
|  55|0x00000000a5300000, 0x00000000a5300000, 0x00000000a5400000|  0%| F|  |TAMS 0x00000000a5300000, 0x00000000a5300000| Untracked 
|  56|0x00000000a5400000, 0x00000000a5400000, 0x00000000a5500000|  0%| F|  |TAMS 0x00000000a5400000, 0x00000000a5400000| Untracked 
|  57|0x00000000a5500000, 0x00000000a5500000, 0x00000000a5600000|  0%| F|  |TAMS 0x00000000a5500000, 0x00000000a5500000| Untracked 
|  58|0x00000000a5600000, 0x00000000a56410a0, 0x00000000a5700000| 25%| E|  |TAMS 0x00000000a5600000, 0x00000000a5600000| Complete 
|  59|0x00000000a5700000, 0x00000000a5800000, 0x00000000a5800000|100%| E|  |TAMS 0x00000000a5700000, 0x00000000a5700000| Complete 
|  60|0x00000000a5800000, 0x00000000a5900000, 0x00000000a5900000|100%| E|  |TAMS 0x00000000a5800000, 0x00000000a5800000| Complete 
|  61|0x00000000a5900000, 0x00000000a5a00000, 0x00000000a5a00000|100%| E|  |TAMS 0x00000000a5900000, 0x00000000a5900000| Complete 
|  62|0x00000000a5a00000, 0x00000000a5b00000, 0x00000000a5b00000|100%| E|  |TAMS 0x00000000a5a00000, 0x00000000a5a00000| Complete 
|  63|0x00000000a5b00000, 0x00000000a5c00000, 0x00000000a5c00000|100%| E|  |TAMS 0x00000000a5b00000, 0x00000000a5b00000| Complete 
|  64|0x00000000a5c00000, 0x00000000a5d00000, 0x00000000a5d00000|100%| E|  |TAMS 0x00000000a5c00000, 0x00000000a5c00000| Complete 
|  65|0x00000000a5d00000, 0x00000000a5e00000, 0x00000000a5e00000|100%| E|  |TAMS 0x00000000a5d00000, 0x00000000a5d00000| Complete 
|  66|0x00000000a5e00000, 0x00000000a5f00000, 0x00000000a5f00000|100%| E|  |TAMS 0x00000000a5e00000, 0x00000000a5e00000| Complete 
|  67|0x00000000a5f00000, 0x00000000a6000000, 0x00000000a6000000|100%| E|  |TAMS 0x00000000a5f00000, 0x00000000a5f00000| Complete 
|  68|0x00000000a6000000, 0x00000000a6100000, 0x00000000a6100000|100%| E|  |TAMS 0x00000000a6000000, 0x00000000a6000000| Complete 
|  69|0x00000000a6100000, 0x00000000a6200000, 0x00000000a6200000|100%| E|  |TAMS 0x00000000a6100000, 0x00000000a6100000| Complete 
|  70|0x00000000a6200000, 0x00000000a6300000, 0x00000000a6300000|100%| E|  |TAMS 0x00000000a6200000, 0x00000000a6200000| Complete 
|  71|0x00000000a6300000, 0x00000000a6400000, 0x00000000a6400000|100%| E|  |TAMS 0x00000000a6300000, 0x00000000a6300000| Complete 
|  72|0x00000000a6400000, 0x00000000a6500000, 0x00000000a6500000|100%| E|  |TAMS 0x00000000a6400000, 0x00000000a6400000| Complete 
|  73|0x00000000a6500000, 0x00000000a6600000, 0x00000000a6600000|100%| E|  |TAMS 0x00000000a6500000, 0x00000000a6500000| Complete 
|  74|0x00000000a6600000, 0x00000000a6700000, 0x00000000a6700000|100%| E|  |TAMS 0x00000000a6600000, 0x00000000a6600000| Complete 
|  75|0x00000000a6700000, 0x00000000a6800000, 0x00000000a6800000|100%| E|  |TAMS 0x00000000a6700000, 0x00000000a6700000| Complete 
|  76|0x00000000a6800000, 0x00000000a6900000, 0x00000000a6900000|100%| E|  |TAMS 0x00000000a6800000, 0x00000000a6800000| Complete 
|  77|0x00000000a6900000, 0x00000000a6a00000, 0x00000000a6a00000|100%| E|  |TAMS 0x00000000a6900000, 0x00000000a6900000| Complete 
|  78|0x00000000a6a00000, 0x00000000a6b00000, 0x00000000a6b00000|100%| E|  |TAMS 0x00000000a6a00000, 0x00000000a6a00000| Complete 
|  79|0x00000000a6b00000, 0x00000000a6c00000, 0x00000000a6c00000|100%| E|  |TAMS 0x00000000a6b00000, 0x00000000a6b00000| Complete 
|  80|0x00000000a6c00000, 0x00000000a6d00000, 0x00000000a6d00000|100%| E|  |TAMS 0x00000000a6c00000, 0x00000000a6c00000| Complete 
|  81|0x00000000a6d00000, 0x00000000a6e00000, 0x00000000a6e00000|100%| E|  |TAMS 0x00000000a6d00000, 0x00000000a6d00000| Complete 
|  82|0x00000000a6e00000, 0x00000000a6f00000, 0x00000000a6f00000|100%| E|  |TAMS 0x00000000a6e00000, 0x00000000a6e00000| Complete 
|  83|0x00000000a6f00000, 0x00000000a7000000, 0x00000000a7000000|100%| E|  |TAMS 0x00000000a6f00000, 0x00000000a6f00000| Complete 
|  84|0x00000000a7000000, 0x00000000a7100000, 0x00000000a7100000|100%| E|  |TAMS 0x00000000a7000000, 0x00000000a7000000| Complete 
|  85|0x00000000a7100000, 0x00000000a7200000, 0x00000000a7200000|100%| E|  |TAMS 0x00000000a7100000, 0x00000000a7100000| Complete 
|  86|0x00000000a7200000, 0x00000000a7300000, 0x00000000a7300000|100%| E|  |TAMS 0x00000000a7200000, 0x00000000a7200000| Complete 
|  87|0x00000000a7300000, 0x00000000a7400000, 0x00000000a7400000|100%| E|  |TAMS 0x00000000a7300000, 0x00000000a7300000| Complete 
|  88|0x00000000a7400000, 0x00000000a7500000, 0x00000000a7500000|100%| E|  |TAMS 0x00000000a7400000, 0x00000000a7400000| Complete 
|  89|0x00000000a7500000, 0x00000000a7600000, 0x00000000a7600000|100%| E|  |TAMS 0x00000000a7500000, 0x00000000a7500000| Complete 

Card table byte_map: [0x00000257fd070000,0x00000257fd370000] _byte_map_base: 0x00000257fcb62000

Marking Bits (Prev, Next): (CMBitMap*) 0x00000257fcfe86f0, (CMBitMap*) 0x00000257fcfe8730
 Prev Bits: [0x00000257fd670000, 0x00000257fee00000)
 Next Bits: [0x00000257865e0000, 0x0000025787d70000)

Polling page: 0x00000257faf30000

Metaspace:

Usage:
  Non-class:     63.54 MB used.
      Class:      9.83 MB used.
       Both:     73.36 MB used.

Virtual space:
  Non-class space:       64.00 MB reserved,      63.88 MB (>99%) committed,  8 nodes.
      Class space:        1.00 GB reserved,      10.12 MB ( <1%) committed,  1 nodes.
             Both:        1.06 GB reserved,      74.00 MB (  7%) committed. 

Chunk freelists:
   Non-Class:  124.00 KB
       Class:  1.79 MB
        Both:  1.91 MB

MaxMetaspaceSize: unlimited
CompressedClassSpaceSize: 1.00 GB
Initial GC threshold: 21.00 MB
Current GC threshold: 121.69 MB
CDS: off
MetaspaceReclaimPolicy: balanced
 - commit_granule_bytes: 65536.
 - commit_granule_words: 8192.
 - virtual_space_node_default_size: 1048576.
 - enlarge_chunks_in_place: 1.
 - new_chunks_are_fully_committed: 0.
 - uncommit_free_chunks: 1.
 - use_allocation_guard: 0.
 - handle_deallocations: 1.


Internal statistics:

num_allocs_failed_limit: 11.
num_arena_births: 732.
num_arena_deaths: 2.
num_vsnodes_births: 9.
num_vsnodes_deaths: 0.
num_space_committed: 1184.
num_space_uncommitted: 0.
num_chunks_returned_to_freelist: 14.
num_chunks_taken_from_freelist: 3087.
num_chunk_merges: 11.
num_chunk_splits: 2099.
num_chunks_enlarged: 1528.
num_purges: 2.
num_inconsistent_stats: 0.

CodeCache: size=49152Kb used=14635Kb max_used=15710Kb free=34516Kb
 bounds [0x00000257835e0000, 0x0000025784540000, 0x00000257865e0000]
 total_blobs=8725 nmethods=8043 adapters=608
 compilation: enabled
              stopped_count=0, restarted_count=0
 full_count=0

Compilation events (20 events):
Event: 939.340 Thread 0x00000257ff410230 8032       1       org.apache.catalina.loader.WebappLoader::getClassLoader (5 bytes)
Event: 939.340 Thread 0x00000257ff410230 nmethod 8032 0x00000257843e1910 code [0x00000257843e1aa0, 0x00000257843e1b78]
Event: 1149.482 Thread 0x00000257ff410230 8033       1       java.util.TreeSet::addAll (82 bytes)
Event: 1149.482 Thread 0x00000257ff410230 nmethod 8033 0x00000257843e0f10 code [0x00000257843e1140, 0x00000257843e1688]
Event: 1216.435 Thread 0x00000257ff410230 8034       1       java.io.FileOutputStream::write (20 bytes)
Event: 1216.435 Thread 0x00000257ff410230 nmethod 8034 0x00000257843e0790 code [0x00000257843e0920, 0x00000257843e0a08]
Event: 1216.441 Thread 0x00000257ff410230 8036       1       org.apache.tomcat.util.net.Acceptor::getState (5 bytes)
Event: 1216.441 Thread 0x00000257ff410230 nmethod 8036 0x00000257843e0490 code [0x00000257843e0620, 0x00000257843e06f8]
Event: 1216.442 Thread 0x00000257ff410230 8037       1       sun.util.calendar.CalendarDate::getMonth (5 bytes)
Event: 1216.442 Thread 0x00000257ff410230 nmethod 8037 0x00000257843e0190 code [0x00000257843e0320, 0x00000257843e03f8]
Event: 1216.442 Thread 0x00000257ff410230 8038       1       org.apache.catalina.core.StandardContext::getThreadBindingListener (5 bytes)
Event: 1216.442 Thread 0x00000257ff410230 nmethod 8038 0x00000257843dfe90 code [0x00000257843e0020, 0x00000257843e00f8]
Event: 1216.442 Thread 0x00000257ff410230 8039       1       org.apache.tomcat.util.collections.ManagedConcurrentWeakHashMap$Key::hashCode (5 bytes)
Event: 1216.442 Thread 0x00000257ff410230 nmethod 8039 0x00000257843dfb90 code [0x00000257843dfd20, 0x00000257843dfdf8]
Event: 1216.444 Thread 0x00000257ff410230 8041       1       java.lang.Thread::checkAccess (14 bytes)
Event: 1216.444 Thread 0x00000257ff410230 nmethod 8041 0x00000257843df410 code [0x00000257843df5a0, 0x00000257843df6c8]
Event: 1216.446 Thread 0x00000257ff410230 8042   !   1       org.springframework.beans.factory.support.DefaultSingletonBeanRegistry::destroyBean (385 bytes)
Event: 1216.447 Thread 0x00000257ff410230 nmethod 8042 0x00000257843dd690 code [0x00000257843dda80, 0x00000257843dea58]
Event: 1216.450 Thread 0x00000257ff410230 8043       1       com.mysql.cj.protocol.AbstractSocketConnection::getMysqlSocket (5 bytes)
Event: 1216.450 Thread 0x00000257ff410230 nmethod 8043 0x00000257843dd390 code [0x00000257843dd520, 0x00000257843dd5f8]

GC Heap History (20 events):
Event: 5.965 GC heap after
{Heap after GC invocations=17 (full 0):
 garbage-first heap   total 61440K, used 25609K [0x00000000a1c00000, 0x0000000100000000)
  region size 1024K, 1 young (1024K), 1 survivors (1024K)
 Metaspace       used 64572K, committed 65024K, reserved 1105920K
  class space    used 8608K, committed 8832K, reserved 1048576K
}
Event: 6.166 GC heap before
{Heap before GC invocations=17 (full 0):
 garbage-first heap   total 61440K, used 48137K [0x00000000a1c00000, 0x0000000100000000)
  region size 1024K, 23 young (23552K), 1 survivors (1024K)
 Metaspace       used 66632K, committed 67072K, reserved 1114112K
  class space    used 8911K, committed 9152K, reserved 1048576K
}
Event: 6.168 GC heap after
{Heap after GC invocations=18 (full 0):
 garbage-first heap   total 61440K, used 26406K [0x00000000a1c00000, 0x0000000100000000)
  region size 1024K, 2 young (2048K), 2 survivors (2048K)
 Metaspace       used 66632K, committed 67072K, reserved 1114112K
  class space    used 8911K, committed 9152K, reserved 1048576K
}
Event: 6.312 GC heap before
{Heap before GC invocations=18 (full 0):
 garbage-first heap   total 61440K, used 48934K [0x00000000a1c00000, 0x0000000100000000)
  region size 1024K, 24 young (24576K), 2 survivors (2048K)
 Metaspace       used 67760K, committed 68224K, reserved 1114112K
  class space    used 9068K, committed 9280K, reserved 1048576K
}
Event: 6.315 GC heap after
{Heap after GC invocations=19 (full 0):
 garbage-first heap   total 101376K, used 26924K [0x00000000a1c00000, 0x0000000100000000)
  region size 1024K, 2 young (2048K), 2 survivors (2048K)
 Metaspace       used 67760K, committed 68224K, reserved 1114112K
  class space    used 9068K, committed 9280K, reserved 1048576K
}
Event: 6.726 GC heap before
{Heap before GC invocations=19 (full 0):
 garbage-first heap   total 101376K, used 79148K [0x00000000a1c00000, 0x0000000100000000)
  region size 1024K, 53 young (54272K), 2 survivors (2048K)
 Metaspace       used 70444K, committed 70912K, reserved 1114112K
  class space    used 9452K, committed 9664K, reserved 1048576K
}
Event: 6.731 GC heap after
{Heap after GC invocations=20 (full 0):
 garbage-first heap   total 101376K, used 29569K [0x00000000a1c00000, 0x0000000100000000)
  region size 1024K, 5 young (5120K), 5 survivors (5120K)
 Metaspace       used 70444K, committed 70912K, reserved 1114112K
  class space    used 9452K, committed 9664K, reserved 1048576K
}
Event: 365.450 GC heap before
{Heap before GC invocations=20 (full 0):
 garbage-first heap   total 101376K, used 71553K [0x00000000a1c00000, 0x0000000100000000)
  region size 1024K, 47 young (48128K), 5 survivors (5120K)
 Metaspace       used 74248K, committed 74752K, reserved 1114112K
  class space    used 9944K, committed 10176K, reserved 1048576K
}
Event: 365.519 GC heap after
{Heap after GC invocations=21 (full 1):
 garbage-first heap   total 92160K, used 26448K [0x00000000a1c00000, 0x0000000100000000)
  region size 1024K, 0 young (0K), 0 survivors (0K)
 Metaspace       used 74245K, committed 74752K, reserved 1114112K
  class space    used 9944K, committed 10176K, reserved 1048576K
}
Event: 368.720 GC heap before
{Heap before GC invocations=21 (full 1):
 garbage-first heap   total 92160K, used 73552K [0x00000000a1c00000, 0x0000000100000000)
  region size 1024K, 46 young (47104K), 0 survivors (0K)
 Metaspace       used 74531K, committed 75072K, reserved 1114112K
  class space    used 10008K, committed 10304K, reserved 1048576K
}
Event: 368.722 GC heap after
{Heap after GC invocations=22 (full 1):
 garbage-first heap   total 92160K, used 29023K [0x00000000a1c00000, 0x0000000100000000)
  region size 1024K, 3 young (3072K), 3 survivors (3072K)
 Metaspace       used 74531K, committed 75072K, reserved 1114112K
  class space    used 10008K, committed 10304K, reserved 1048576K
}
Event: 370.637 GC heap before
{Heap before GC invocations=22 (full 1):
 garbage-first heap   total 92160K, used 72031K [0x00000000a1c00000, 0x0000000100000000)
  region size 1024K, 46 young (47104K), 3 survivors (3072K)
 Metaspace       used 74687K, committed 75264K, reserved 1114112K
  class space    used 10029K, committed 10304K, reserved 1048576K
}
Event: 370.641 GC heap after
{Heap after GC invocations=23 (full 1):
 garbage-first heap   total 92160K, used 31155K [0x00000000a1c00000, 0x0000000100000000)
  region size 1024K, 5 young (5120K), 5 survivors (5120K)
 Metaspace       used 74687K, committed 75264K, reserved 1114112K
  class space    used 10029K, committed 10304K, reserved 1048576K
}
Event: 370.775 GC heap before
{Heap before GC invocations=23 (full 1):
 garbage-first heap   total 92160K, used 73139K [0x00000000a1c00000, 0x0000000100000000)
  region size 1024K, 46 young (47104K), 5 survivors (5120K)
 Metaspace       used 74908K, committed 75456K, reserved 1114112K
  class space    used 10044K, committed 10304K, reserved 1048576K
}
Event: 370.779 GC heap after
{Heap after GC invocations=24 (full 1):
 garbage-first heap   total 92160K, used 31460K [0x00000000a1c00000, 0x0000000100000000)
  region size 1024K, 4 young (4096K), 4 survivors (4096K)
 Metaspace       used 74908K, committed 75456K, reserved 1114112K
  class space    used 10044K, committed 10304K, reserved 1048576K
}
Event: 381.999 GC heap before
{Heap before GC invocations=24 (full 1):
 garbage-first heap   total 92160K, used 73444K [0x00000000a1c00000, 0x0000000100000000)
  region size 1024K, 45 young (46080K), 4 survivors (4096K)
 Metaspace       used 75121K, committed 75712K, reserved 1114112K
  class space    used 10060K, committed 10368K, reserved 1048576K
}
Event: 382.006 GC heap after
{Heap after GC invocations=25 (full 1):
 garbage-first heap   total 92160K, used 32523K [0x00000000a1c00000, 0x0000000100000000)
  region size 1024K, 3 young (3072K), 3 survivors (3072K)
 Metaspace       used 75121K, committed 75712K, reserved 1114112K
  class space    used 10060K, committed 10368K, reserved 1048576K
}
Event: 861.950 GC heap before
{Heap before GC invocations=25 (full 1):
 garbage-first heap   total 92160K, used 73483K [0x00000000a1c00000, 0x0000000100000000)
  region size 1024K, 43 young (44032K), 3 survivors (3072K)
 Metaspace       used 75121K, committed 75712K, reserved 1114112K
  class space    used 10060K, committed 10368K, reserved 1048576K
}
Event: 861.952 GC heap after
{Heap after GC invocations=26 (full 1):
 garbage-first heap   total 92160K, used 32300K [0x00000000a1c00000, 0x0000000100000000)
  region size 1024K, 3 young (3072K), 3 survivors (3072K)
 Metaspace       used 75121K, committed 75712K, reserved 1114112K
  class space    used 10060K, committed 10368K, reserved 1048576K
}
Event: 1216.453 GC heap before
{Heap before GC invocations=26 (full 1):
 garbage-first heap   total 92160K, used 64044K [0x00000000a1c00000, 0x0000000100000000)
  region size 1024K, 35 young (35840K), 3 survivors (3072K)
 Metaspace       used 75124K, committed 75776K, reserved 1114112K
  class space    used 10060K, committed 10368K, reserved 1048576K
}

Deoptimization events (20 events):
Event: 0.620 Thread 0x00000257fcf9c400 DEOPT PACKING pc=0x000002578389f375 sp=0x00000099883fdc60
Event: 0.620 Thread 0x00000257fcf9c400 DEOPT UNPACKING pc=0x0000025783632b43 sp=0x00000099883fd0b8 mode 3
Event: 1.118 Thread 0x000002578b3f2810 DEOPT PACKING pc=0x0000025783b13f99 sp=0x000000998a4fca90
Event: 1.118 Thread 0x000002578b3f2810 DEOPT UNPACKING pc=0x0000025783632b43 sp=0x000000998a4fbf70 mode 3
Event: 1.734 Thread 0x000002578b3f2810 DEOPT PACKING pc=0x0000025783b35514 sp=0x000000998a4fcf50
Event: 1.734 Thread 0x000002578b3f2810 DEOPT UNPACKING pc=0x0000025783632b43 sp=0x000000998a4fc4a8 mode 0
Event: 1.918 Thread 0x000002578b3f2810 DEOPT PACKING pc=0x0000025783cdd275 sp=0x000000998a4fd710
Event: 1.918 Thread 0x000002578b3f2810 DEOPT UNPACKING pc=0x0000025783632b43 sp=0x000000998a4fcb80 mode 3
Event: 2.425 Thread 0x000002578b3f2810 DEOPT PACKING pc=0x0000025783b6f305 sp=0x000000998a4fb4a0
Event: 2.425 Thread 0x000002578b3f2810 DEOPT UNPACKING pc=0x0000025783632b43 sp=0x000000998a4faa00 mode 3
Event: 2.448 Thread 0x000002578b3f2810 DEOPT PACKING pc=0x0000025783d8da7d sp=0x000000998a4fbd20
Event: 2.448 Thread 0x000002578b3f2810 DEOPT UNPACKING pc=0x0000025783632b43 sp=0x000000998a4fb288 mode 3
Event: 3.364 Thread 0x000002578b3f2810 DEOPT PACKING pc=0x0000025783e322af sp=0x000000998a4fcd50
Event: 3.364 Thread 0x000002578b3f2810 DEOPT UNPACKING pc=0x0000025783632b43 sp=0x000000998a4fc2e0 mode 3
Event: 6.420 Thread 0x000002578b3f2810 DEOPT PACKING pc=0x0000025783b293c2 sp=0x000000998a4fc960
Event: 6.420 Thread 0x000002578b3f2810 DEOPT UNPACKING pc=0x0000025783632b43 sp=0x000000998a4fbe68 mode 3
Event: 6.636 Thread 0x000002578b3f2810 DEOPT PACKING pc=0x0000025783b03545 sp=0x000000998a4fd550
Event: 6.636 Thread 0x000002578b3f2810 DEOPT UNPACKING pc=0x0000025783632b43 sp=0x000000998a4fca98 mode 3
Event: 366.732 Thread 0x000002578f3caef0 DEOPT PACKING pc=0x00000257837db299 sp=0x00000099893fd640
Event: 366.732 Thread 0x000002578f3caef0 DEOPT UNPACKING pc=0x0000025783632b43 sp=0x00000099893fcb20 mode 3

Classes unloaded (20 events):
Event: 1216.466 Thread 0x00000257ff3be7c0 Unloading class 0x0000000100142800 'java/lang/invoke/LambdaForm$MH+0x0000000100142800'
Event: 1216.466 Thread 0x00000257ff3be7c0 Unloading class 0x0000000100141800 'jdk/internal/reflect/GeneratedSerializationConstructorAccessor3'
Event: 1216.466 Thread 0x00000257ff3be7c0 Unloading class 0x0000000100141400 'jdk/internal/reflect/GeneratedSerializationConstructorAccessor2'
Event: 1216.466 Thread 0x00000257ff3be7c0 Unloading class 0x0000000100141000 'jdk/internal/reflect/GeneratedSerializationConstructorAccessor1'
Event: 1216.466 Thread 0x00000257ff3be7c0 Unloading class 0x0000000100140800 'java/lang/invoke/LambdaForm$DMH+0x0000000100140800'
Event: 1216.466 Thread 0x00000257ff3be7c0 Unloading class 0x0000000100140000 'java/lang/invoke/LambdaForm$DMH+0x0000000100140000'
Event: 1216.466 Thread 0x00000257ff3be7c0 Unloading class 0x00000001000c6c00 'jdk/internal/reflect/GeneratedConstructorAccessor1'
Event: 1216.466 Thread 0x00000257ff3be7c0 Unloading class 0x00000001000c6000 'java/lang/invoke/LambdaForm$MH+0x00000001000c6000'
Event: 1216.466 Thread 0x00000257ff3be7c0 Unloading class 0x00000001000c5c00 'java/lang/invoke/LambdaForm$MH+0x00000001000c5c00'
Event: 1216.466 Thread 0x00000257ff3be7c0 Unloading class 0x00000001000c5800 'java/lang/invoke/LambdaForm$MH+0x00000001000c5800'
Event: 1216.466 Thread 0x00000257ff3be7c0 Unloading class 0x00000001000c5400 'java/lang/invoke/LambdaForm$MH+0x00000001000c5400'
Event: 1216.466 Thread 0x00000257ff3be7c0 Unloading class 0x00000001000c5000 'java/lang/invoke/LambdaForm$MH+0x00000001000c5000'
Event: 1216.466 Thread 0x00000257ff3be7c0 Unloading class 0x00000001000c4c00 'java/lang/invoke/LambdaForm$MH+0x00000001000c4c00'
Event: 1216.466 Thread 0x00000257ff3be7c0 Unloading class 0x00000001000c3c00 'java/lang/invoke/LambdaForm$MH+0x00000001000c3c00'
Event: 1216.466 Thread 0x00000257ff3be7c0 Unloading class 0x00000001000c3800 'java/lang/invoke/LambdaForm$MH+0x00000001000c3800'
Event: 1216.466 Thread 0x00000257ff3be7c0 Unloading class 0x00000001000c3000 'java/lang/invoke/LambdaForm$MH+0x00000001000c3000'
Event: 1216.466 Thread 0x00000257ff3be7c0 Unloading class 0x00000001000c2400 'java/lang/invoke/LambdaForm$MH+0x00000001000c2400'
Event: 1216.466 Thread 0x00000257ff3be7c0 Unloading class 0x00000001000c1c00 'java/lang/invoke/LambdaForm$MH+0x00000001000c1c00'
Event: 1216.466 Thread 0x00000257ff3be7c0 Unloading class 0x00000001000c1400 'java/lang/invoke/LambdaForm$MH+0x00000001000c1400'
Event: 1216.466 Thread 0x00000257ff3be7c0 Unloading class 0x00000001000c0c00 'java/lang/invoke/LambdaForm$MH+0x00000001000c0c00'

Classes redefined (0 events):
No events

Internal exceptions (20 events):
Event: 1216.435 Thread 0x000002578f3caef0 Exception <a 'java/io/IOException'{0x00000000a58b9208}> (0x00000000a58b9208) 
thrown [e:\jenkins\tmp\workspace\build\src\src\hotspot\share\prims\jni.cpp, line 516]
Event: 1216.435 Thread 0x000002578f3caef0 Exception <a 'java/io/IOException'{0x00000000a58b9520}> (0x00000000a58b9520) 
thrown [e:\jenkins\tmp\workspace\build\src\src\hotspot\share\prims\jni.cpp, line 516]
Event: 1216.442 Thread 0x000002578f3c9bb0 Exception <a 'java/io/IOException'{0x00000000a58ee6e0}> (0x00000000a58ee6e0) 
thrown [e:\jenkins\tmp\workspace\build\src\src\hotspot\share\prims\jni.cpp, line 516]
Event: 1216.442 Thread 0x000002578f3c9bb0 Exception <a 'java/io/IOException'{0x00000000a58eeca0}> (0x00000000a58eeca0) 
thrown [e:\jenkins\tmp\workspace\build\src\src\hotspot\share\prims\jni.cpp, line 516]
Event: 1216.445 Thread 0x000002578f3cd570 Exception <a 'java/lang/InterruptedException'{0x00000000a57a1dd8}: sleep interrupted> (0x00000000a57a1dd8) 
thrown [e:\jenkins\tmp\workspace\build\src\src\hotspot\share\prims\jvm.cpp, line 3067]
Event: 1216.448 Thread 0x000002578f3c9bb0 Exception <a 'java/io/IOException'{0x00000000a57fb1c8}> (0x00000000a57fb1c8) 
thrown [e:\jenkins\tmp\workspace\build\src\src\hotspot\share\prims\jni.cpp, line 516]
Event: 1216.448 Thread 0x000002578f3c9bb0 Exception <a 'java/io/IOException'{0x00000000a57fb4e0}> (0x00000000a57fb4e0) 
thrown [e:\jenkins\tmp\workspace\build\src\src\hotspot\share\prims\jni.cpp, line 516]
Event: 1216.448 Thread 0x000002578f3c9bb0 Exception <a 'java/io/IOException'{0x00000000a5603210}> (0x00000000a5603210) 
thrown [e:\jenkins\tmp\workspace\build\src\src\hotspot\share\prims\jni.cpp, line 516]
Event: 1216.448 Thread 0x000002578f3c9bb0 Exception <a 'java/io/IOException'{0x00000000a5603528}> (0x00000000a5603528) 
thrown [e:\jenkins\tmp\workspace\build\src\src\hotspot\share\prims\jni.cpp, line 516]
Event: 1216.449 Thread 0x000002578f3c7a00 Exception <a 'java/io/IOException'{0x00000000a5617958}> (0x00000000a5617958) 
thrown [e:\jenkins\tmp\workspace\build\src\src\hotspot\share\prims\jni.cpp, line 516]
Event: 1216.450 Thread 0x000002578f3c7a00 Exception <a 'java/io/IOException'{0x00000000a56217e0}> (0x00000000a56217e0) 
thrown [e:\jenkins\tmp\workspace\build\src\src\hotspot\share\prims\jni.cpp, line 516]
Event: 1216.450 Thread 0x000002578f3c7a00 Exception <a 'java/io/IOException'{0x00000000a5622318}> (0x00000000a5622318) 
thrown [e:\jenkins\tmp\workspace\build\src\src\hotspot\share\prims\jni.cpp, line 516]
Event: 1216.451 Thread 0x000002578f3c7a00 Exception <a 'java/io/IOException'{0x00000000a5625090}> (0x00000000a5625090) 
thrown [e:\jenkins\tmp\workspace\build\src\src\hotspot\share\prims\jni.cpp, line 516]
Event: 1216.451 Thread 0x000002578f3c7a00 Exception <a 'java/net/SocketException'{0x00000000a562a528}: Connection reset by peer: shutdown> (0x00000000a562a528) 
thrown [e:\jenkins\tmp\workspace\build\src\src\hotspot\share\prims\jni.cpp, line 535]
Event: 1216.452 Thread 0x000002578f3c7a00 Exception <a 'java/io/IOException'{0x00000000a562ba30}> (0x00000000a562ba30) 
thrown [e:\jenkins\tmp\workspace\build\src\src\hotspot\share\prims\jni.cpp, line 516]
Event: 1216.452 Thread 0x000002578f3c7a00 Exception <a 'java/io/IOException'{0x00000000a562c568}> (0x00000000a562c568) 
thrown [e:\jenkins\tmp\workspace\build\src\src\hotspot\share\prims\jni.cpp, line 516]
Event: 1216.452 Thread 0x000002578f3c7a00 Exception <a 'java/io/IOException'{0x00000000a562edb8}> (0x00000000a562edb8) 
thrown [e:\jenkins\tmp\workspace\build\src\src\hotspot\share\prims\jni.cpp, line 516]
Event: 1216.452 Thread 0x000002578f3c7a00 Exception <a 'java/io/IOException'{0x00000000a562f8f0}> (0x00000000a562f8f0) 
thrown [e:\jenkins\tmp\workspace\build\src\src\hotspot\share\prims\jni.cpp, line 516]
Event: 1216.452 Thread 0x000002578f3c9bb0 Exception <a 'java/io/IOException'{0x00000000a5605610}> (0x00000000a5605610) 
thrown [e:\jenkins\tmp\workspace\build\src\src\hotspot\share\prims\jni.cpp, line 516]
Event: 1216.453 Thread 0x000002578f3c9bb0 Exception <a 'java/io/IOException'{0x00000000a5605928}> (0x00000000a5605928) 
thrown [e:\jenkins\tmp\workspace\build\src\src\hotspot\share\prims\jni.cpp, line 516]

VM Operations (20 events):
Event: 370.641 Executing VM operation: G1CollectForAllocation done
Event: 370.775 Executing VM operation: G1CollectForAllocation
Event: 370.779 Executing VM operation: G1CollectForAllocation done
Event: 371.123 Executing VM operation: ICBufferFull
Event: 371.123 Executing VM operation: ICBufferFull done
Event: 372.124 Executing VM operation: Cleanup
Event: 372.124 Executing VM operation: Cleanup done
Event: 381.999 Executing VM operation: G1CollectForAllocation
Event: 382.006 Executing VM operation: G1CollectForAllocation done
Event: 391.063 Executing VM operation: Cleanup
Event: 391.063 Executing VM operation: Cleanup done
Event: 559.241 Executing VM operation: Cleanup
Event: 559.241 Executing VM operation: Cleanup done
Event: 569.296 Executing VM operation: Cleanup
Event: 569.296 Executing VM operation: Cleanup done
Event: 659.882 Executing VM operation: Cleanup
Event: 659.882 Executing VM operation: Cleanup done
Event: 861.949 Executing VM operation: G1CollectForAllocation
Event: 861.952 Executing VM operation: G1CollectForAllocation done
Event: 1216.453 Executing VM operation: G1CollectFull

Events (20 events):
Event: 1216.436 Thread 0x000002578f3c9bb0 Thread added: 0x000002578f3c9bb0
Event: 1216.436 Thread 0x000002578f3caef0 Thread exited: 0x000002578f3caef0
Event: 1216.441 Thread 0x000002578f3c96e0 Thread exited: 0x000002578f3c96e0
Event: 1216.444 Thread 0x000002578f3c8d40 Thread exited: 0x000002578f3c8d40
Event: 1216.444 Thread 0x000002578f3cb890 Thread exited: 0x000002578f3cb890
Event: 1216.445 Thread 0x000002578f3c83a0 Thread exited: 0x000002578f3c83a0
Event: 1216.445 Thread 0x000002578f3c7ed0 Thread exited: 0x000002578f3c7ed0
Event: 1216.445 Thread 0x000002578f3cc700 Thread exited: 0x000002578f3cc700
Event: 1216.445 Thread 0x000002578f3ce8b0 Thread exited: 0x000002578f3ce8b0
Event: 1216.445 Thread 0x000002578f3ce3e0 Thread exited: 0x000002578f3ce3e0
Event: 1216.445 Thread 0x000002578f3c7060 Thread exited: 0x000002578f3c7060
Event: 1216.445 Thread 0x000002578f3c9210 Thread exited: 0x000002578f3c9210
Event: 1216.445 Thread 0x000002578f3c7530 Thread exited: 0x000002578f3c7530
Event: 1216.445 Thread 0x000002578f3cbd60 Thread exited: 0x000002578f3cbd60
Event: 1216.445 Thread 0x000002578f3cd570 Thread exited: 0x000002578f3cd570
Event: 1216.446 Thread 0x000002578f3c7a00 Thread exited: 0x000002578f3c7a00
Event: 1216.446 Thread 0x000002578f3c8870 Thread exited: 0x000002578f3c8870
Event: 1216.448 Thread 0x000002578f3c7a00 Thread added: 0x000002578f3c7a00
Event: 1216.448 Thread 0x000002578f3ccbd0 Thread exited: 0x000002578f3ccbd0
Event: 1216.452 Thread 0x000002578f3c7a00 Thread exited: 0x000002578f3c7a00


Dynamic libraries:
0x00007ff6933e0000 - 0x00007ff6933ee000 	D:\Doc_Meire Lopes\Desktop\NOVOS DOWLOADS\Software\SPRING_REST\Sts\sts-4.15.1.RELEASE\plugins\org.eclipse.justj.openjdk.hotspot.jre.full.win32.x86_64_17.0.3.v20220515-1416\jre\bin\javaw.exe
0x00007ffe29ad0000 - 0x00007ffe29cc6000 	C:\Windows\SYSTEM32\ntdll.dll
0x00007ffe29380000 - 0x00007ffe2943d000 	C:\Windows\System32\KERNEL32.DLL
0x00007ffe27440000 - 0x00007ffe27708000 	C:\Windows\System32\KERNELBASE.dll
0x00007ffe27710000 - 0x00007ffe27810000 	C:\Windows\System32\ucrtbase.dll
0x00007ffdd6ad0000 - 0x00007ffdd6ae8000 	D:\Doc_Meire Lopes\Desktop\NOVOS DOWLOADS\Software\SPRING_REST\Sts\sts-4.15.1.RELEASE\plugins\org.eclipse.justj.openjdk.hotspot.jre.full.win32.x86_64_17.0.3.v20220515-1416\jre\bin\jli.dll
0x00007ffdd4b30000 - 0x00007ffdd4b49000 	D:\Doc_Meire Lopes\Desktop\NOVOS DOWLOADS\Software\SPRING_REST\Sts\sts-4.15.1.RELEASE\plugins\org.eclipse.justj.openjdk.hotspot.jre.full.win32.x86_64_17.0.3.v20220515-1416\jre\bin\VCRUNTIME140.dll
0x00007ffe29600000 - 0x00007ffe297a0000 	C:\Windows\System32\USER32.dll
0x00007ffe27940000 - 0x00007ffe27962000 	C:\Windows\System32\win32u.dll
0x00007ffe12f10000 - 0x00007ffe131ab000 	C:\Windows\WinSxS\amd64_microsoft.windows.common-controls_6595b64144ccf1df_6.0.19041.488_none_ca04af081b815d21\COMCTL32.dll
0x00007ffe298f0000 - 0x00007ffe2991a000 	C:\Windows\System32\GDI32.dll
0x00007ffe27be0000 - 0x00007ffe27c7e000 	C:\Windows\System32\msvcrt.dll
0x00007ffe27210000 - 0x00007ffe27319000 	C:\Windows\System32\gdi32full.dll
0x00007ffe273a0000 - 0x00007ffe2743d000 	C:\Windows\System32\msvcp_win.dll
0x00007ffe298c0000 - 0x00007ffe298f0000 	C:\Windows\System32\IMM32.DLL
0x00007ffdd6bc0000 - 0x00007ffdd6bcc000 	D:\Doc_Meire Lopes\Desktop\NOVOS DOWLOADS\Software\SPRING_REST\Sts\sts-4.15.1.RELEASE\plugins\org.eclipse.justj.openjdk.hotspot.jre.full.win32.x86_64_17.0.3.v20220515-1416\jre\bin\vcruntime140_1.dll
0x00007ffdca5b0000 - 0x00007ffdca641000 	D:\Doc_Meire Lopes\Desktop\NOVOS DOWLOADS\Software\SPRING_REST\Sts\sts-4.15.1.RELEASE\plugins\org.eclipse.justj.openjdk.hotspot.jre.full.win32.x86_64_17.0.3.v20220515-1416\jre\bin\msvcp140.dll
0x00007ffdc5680000 - 0x00007ffdc62c8000 	D:\Doc_Meire Lopes\Desktop\NOVOS DOWLOADS\Software\SPRING_REST\Sts\sts-4.15.1.RELEASE\plugins\org.eclipse.justj.openjdk.hotspot.jre.full.win32.x86_64_17.0.3.v20220515-1416\jre\bin\server\jvm.dll
0x00007ffe28e20000 - 0x00007ffe28ecc000 	C:\Windows\System32\ADVAPI32.dll
0x00007ffe28ed0000 - 0x00007ffe28f6b000 	C:\Windows\System32\sechost.dll
0x00007ffe280f0000 - 0x00007ffe28214000 	C:\Windows\System32\RPCRT4.dll
0x00007ffe29920000 - 0x00007ffe29928000 	C:\Windows\System32\PSAPI.DLL
0x00007ffe11630000 - 0x00007ffe11639000 	C:\Windows\SYSTEM32\WSOCK32.dll
0x00007ffe15f60000 - 0x00007ffe15f87000 	C:\Windows\SYSTEM32\WINMM.dll
0x00007ffe21980000 - 0x00007ffe2198a000 	C:\Windows\SYSTEM32\VERSION.dll
0x00007ffe29280000 - 0x00007ffe292eb000 	C:\Windows\System32\WS2_32.dll
0x00007ffe25180000 - 0x00007ffe25192000 	C:\Windows\SYSTEM32\kernel.appcore.dll
0x00007ffe114b0000 - 0x00007ffe114ba000 	D:\Doc_Meire Lopes\Desktop\NOVOS DOWLOADS\Software\SPRING_REST\Sts\sts-4.15.1.RELEASE\plugins\org.eclipse.justj.openjdk.hotspot.jre.full.win32.x86_64_17.0.3.v20220515-1416\jre\bin\jimage.dll
0x00007ffe195c0000 - 0x00007ffe197a4000 	C:\Windows\SYSTEM32\DBGHELP.DLL
0x00007ffe164b0000 - 0x00007ffe164dc000 	C:\Windows\SYSTEM32\dbgcore.DLL
0x00007ffe278c0000 - 0x00007ffe2793f000 	C:\Windows\System32\bcryptPrimitives.dll
0x00007ffdd68f0000 - 0x00007ffdd6915000 	D:\Doc_Meire Lopes\Desktop\NOVOS DOWLOADS\Software\SPRING_REST\Sts\sts-4.15.1.RELEASE\plugins\org.eclipse.justj.openjdk.hotspot.jre.full.win32.x86_64_17.0.3.v20220515-1416\jre\bin\java.dll
0x00007ffdd68d0000 - 0x00007ffdd68e8000 	D:\Doc_Meire Lopes\Desktop\NOVOS DOWLOADS\Software\SPRING_REST\Sts\sts-4.15.1.RELEASE\plugins\org.eclipse.justj.openjdk.hotspot.jre.full.win32.x86_64_17.0.3.v20220515-1416\jre\bin\zip.dll
0x00007ffe28600000 - 0x00007ffe28d41000 	C:\Windows\System32\SHELL32.dll
0x00007ffe25380000 - 0x00007ffe25b15000 	C:\Windows\SYSTEM32\windows.storage.dll
0x00007ffe282a0000 - 0x00007ffe285f5000 	C:\Windows\System32\combase.dll
0x00007ffe26bb0000 - 0x00007ffe26bdc000 	C:\Windows\SYSTEM32\Wldp.dll
0x00007ffe27b30000 - 0x00007ffe27bde000 	C:\Windows\System32\SHCORE.dll
0x00007ffe28dc0000 - 0x00007ffe28e15000 	C:\Windows\System32\shlwapi.dll
0x00007ffe27140000 - 0x00007ffe27166000 	C:\Windows\SYSTEM32\profapi.dll
0x00007ffdd68b0000 - 0x00007ffdd68c9000 	D:\Doc_Meire Lopes\Desktop\NOVOS DOWLOADS\Software\SPRING_REST\Sts\sts-4.15.1.RELEASE\plugins\org.eclipse.justj.openjdk.hotspot.jre.full.win32.x86_64_17.0.3.v20220515-1416\jre\bin\net.dll
0x00007ffe1fcf0000 - 0x00007ffe1fdf0000 	C:\Windows\SYSTEM32\WINHTTP.dll
0x00007ffe26930000 - 0x00007ffe2699a000 	C:\Windows\system32\mswsock.dll
0x00007ffdd6890000 - 0x00007ffdd68a5000 	D:\Doc_Meire Lopes\Desktop\NOVOS DOWLOADS\Software\SPRING_REST\Sts\sts-4.15.1.RELEASE\plugins\org.eclipse.justj.openjdk.hotspot.jre.full.win32.x86_64_17.0.3.v20220515-1416\jre\bin\nio.dll
0x00007ffdd6850000 - 0x00007ffdd6859000 	D:\Doc_Meire Lopes\Desktop\NOVOS DOWLOADS\Software\SPRING_REST\Sts\sts-4.15.1.RELEASE\plugins\org.eclipse.justj.openjdk.hotspot.jre.full.win32.x86_64_17.0.3.v20220515-1416\jre\bin\management.dll
0x00007ffdd4f00000 - 0x00007ffdd4f0b000 	D:\Doc_Meire Lopes\Desktop\NOVOS DOWLOADS\Software\SPRING_REST\Sts\sts-4.15.1.RELEASE\plugins\org.eclipse.justj.openjdk.hotspot.jre.full.win32.x86_64_17.0.3.v20220515-1416\jre\bin\management_ext.dll
0x00007ffe1ab90000 - 0x00007ffe1aba7000 	C:\Windows\system32\napinsp.dll
0x00007ffe1ac30000 - 0x00007ffe1ac4b000 	C:\Windows\system32\pnrpnsp.dll
0x00007ffe1ac10000 - 0x00007ffe1ac25000 	C:\Windows\system32\wshbth.dll
0x00007ffe22bf0000 - 0x00007ffe22c0d000 	C:\Windows\system32\NLAapi.dll
0x00007ffe26620000 - 0x00007ffe2665b000 	C:\Windows\SYSTEM32\IPHLPAPI.DLL
0x00007ffe26660000 - 0x00007ffe2672b000 	C:\Windows\SYSTEM32\DNSAPI.dll
0x00007ffe29440000 - 0x00007ffe29448000 	C:\Windows\System32\NSI.dll
0x00007ffe1a650000 - 0x00007ffe1a662000 	C:\Windows\System32\winrnr.dll
0x00007ffe1f480000 - 0x00007ffe1f48a000 	C:\Windows\System32\rasadhlp.dll
0x00007ffe1f490000 - 0x00007ffe1f50f000 	C:\Windows\System32\fwpuclnt.dll
0x00007ffe27320000 - 0x00007ffe27347000 	C:\Windows\System32\bcrypt.dll
0x00007ffe26b00000 - 0x00007ffe26b18000 	C:\Windows\SYSTEM32\CRYPTSP.dll
0x00007ffe262c0000 - 0x00007ffe262f4000 	C:\Windows\system32\rsaenh.dll
0x00007ffe27100000 - 0x00007ffe2712e000 	C:\Windows\SYSTEM32\USERENV.dll
0x00007ffe26b20000 - 0x00007ffe26b2c000 	C:\Windows\SYSTEM32\CRYPTBASE.dll
0x00007ffe21a60000 - 0x00007ffe21a77000 	C:\Windows\SYSTEM32\dhcpcsvc6.DLL
0x00007ffe21a40000 - 0x00007ffe21a5d000 	C:\Windows\SYSTEM32\dhcpcsvc.DLL
0x00007ffe02460000 - 0x00007ffe02470000 	D:\Doc_Meire Lopes\Desktop\NOVOS DOWLOADS\Software\SPRING_REST\Sts\sts-4.15.1.RELEASE\plugins\org.eclipse.justj.openjdk.hotspot.jre.full.win32.x86_64_17.0.3.v20220515-1416\jre\bin\verify.dll
0x00007ffdd76f0000 - 0x00007ffdd76fe000 	D:\Doc_Meire Lopes\Desktop\NOVOS DOWLOADS\Software\SPRING_REST\Sts\sts-4.15.1.RELEASE\plugins\org.eclipse.justj.openjdk.hotspot.jre.full.win32.x86_64_17.0.3.v20220515-1416\jre\bin\sunmscapi.dll
0x00007ffe27970000 - 0x00007ffe27acd000 	C:\Windows\System32\CRYPT32.dll
0x00007ffe26c20000 - 0x00007ffe26c47000 	C:\Windows\SYSTEM32\ncrypt.dll
0x00007ffe26be0000 - 0x00007ffe26c1b000 	C:\Windows\SYSTEM32\NTASN1.dll
0x00007ffe22ea0000 - 0x00007ffe22ea7000 	C:\Windows\system32\wshunix.dll

dbghelp: loaded successfully - version: 4.0.5 - missing functions: none
symbol engine: initialized successfully - sym options: 0x614 - pdb path: .;D:\Doc_Meire Lopes\Desktop\NOVOS DOWLOADS\Software\SPRING_REST\Sts\sts-4.15.1.RELEASE\plugins\org.eclipse.justj.openjdk.hotspot.jre.full.win32.x86_64_17.0.3.v20220515-1416\jre\bin;C:\Windows\SYSTEM32;C:\Windows\WinSxS\amd64_microsoft.windows.common-controls_6595b64144ccf1df_6.0.19041.488_none_ca04af081b815d21;D:\Doc_Meire Lopes\Desktop\NOVOS DOWLOADS\Software\SPRING_REST\Sts\sts-4.15.1.RELEASE\plugins\org.eclipse.justj.openjdk.hotspot.jre.full.win32.x86_64_17.0.3.v20220515-1416\jre\bin\server

VM Arguments:
jvm_args: -Dcom.sun.management.jmxremote -Dcom.sun.management.jmxremote.port=57143 -Dcom.sun.management.jmxremote.authenticate=false -Dcom.sun.management.jmxremote.ssl=false -Djava.rmi.server.hostname=localhost -Dspring.jmx.enabled=true -Dspring.application.admin.enabled=true -XX:TieredStopAtLevel=1 -Dspring.boot.project.name=algafood -Dfile.encoding=UTF-8 -XX:+ShowCodeDetailsInExceptionMessages 
java_command: com.algaworks.algafood.AlgafoodApplication --spring.output.ansi.enabled=always
java_class_path (initial): C:\Users\USUARIO\git\algafood\algafood\target\classes;C:\Users\USUARIO\.m2\repository\org\springframework\boot\spring-boot-starter-web\2.7.5\spring-boot-starter-web-2.7.5.jar;C:\Users\USUARIO\.m2\repository\org\springframework\boot\spring-boot-starter-json\2.7.5\spring-boot-starter-json-2.7.5.jar;C:\Users\USUARIO\.m2\repository\com\fasterxml\jackson\datatype\jackson-datatype-jdk8\2.13.4\jackson-datatype-jdk8-2.13.4.jar;C:\Users\USUARIO\.m2\repository\com\fasterxml\jackson\datatype\jackson-datatype-jsr310\2.13.4\jackson-datatype-jsr310-2.13.4.jar;C:\Users\USUARIO\.m2\repository\com\fasterxml\jackson\module\jackson-module-parameter-names\2.13.4\jackson-module-parameter-names-2.13.4.jar;C:\Users\USUARIO\.m2\repository\org\springframework\boot\spring-boot-starter-tomcat\2.7.5\spring-boot-starter-tomcat-2.7.5.jar;C:\Users\USUARIO\.m2\repository\org\apache\tomcat\embed\tomcat-embed-core\9.0.68\tomcat-embed-core-9.0.68.jar;C:\Users\USUARIO\.m2\repository\org\apache\tomcat\embed\tomcat-embed-el\9.0.68\tomcat-embed-el-9.0.68.jar;C:\Users\USUARIO\.m2\repository\org\apache\tomcat\embed\tomcat-embed-websocket\9.0.68\tomcat-embed-websocket-9.0.68.jar;C:\Users\USUARIO\.m2\repository\org\springframework\spring-web\5.3.23\spring-web-5.3.23.jar;C:\Users\USUARIO\.m2\repository\org\springframework\spring-beans\5.3.23\spring-beans-5.3.23.jar;C:\Users\USUARIO\.m2\repository\org\springframework\spring-webmvc\5.3.23\spring-webmvc-5.3.23.jar;C:\Users\USUARIO\.m2\repository\org\springframework\spring-aop\5.3.23\spring-aop-5.3.23.jar;C:\Users\USUARIO\.m2\repository\org\springframework\spring-context\5.3.23\spring-context-5.3.23.jar;C:\Users\USUARIO\.m2\repository\org\springframework\spring-expression\5.3.23\spring-expression-5.3.23.jar;C:\Users\USUARIO\.m2\repository\org\springframework\boot\spring-boot-devtools\2.7.5\spring-boot-devtools-2.7.5.jar;C:\Users\USUARIO\.m2\repository\org\springframework\boot\spring-boot\2.7.5\spring-boot-2.7.5.jar;C:\Users\USUARIO\.m
Launcher Type: SUN_STANDARD

[Global flags]
     intx CICompilerCount                          = 3                                         {product} {ergonomic}
     uint ConcGCThreads                            = 1                                         {product} {ergonomic}
     uint G1ConcRefinementThreads                  = 4                                         {product} {ergonomic}
   size_t G1HeapRegionSize                         = 1048576                                   {product} {ergonomic}
    uintx GCDrainStackTargetSize                   = 64                                        {product} {ergonomic}
   size_t InitialHeapSize                          = 100663296                                 {product} {ergonomic}
     bool ManagementServer                         = true                                      {product} {command line}
   size_t MarkStackSize                            = 4194304                                   {product} {ergonomic}
   size_t MaxHeapSize                              = 1581252608                                {product} {ergonomic}
   size_t MaxNewSize                               = 947912704                                 {product} {ergonomic}
   size_t MinHeapDeltaBytes                        = 1048576                                   {product} {ergonomic}
   size_t MinHeapSize                              = 8388608                                   {product} {ergonomic}
    uintx NonProfiledCodeHeapSize                  = 0                                      {pd product} {ergonomic}
     bool ProfileInterpreter                       = false                                  {pd product} {command line}
    uintx ProfiledCodeHeapSize                     = 0                                      {pd product} {ergonomic}
     bool ShowCodeDetailsInExceptionMessages       = true                                   {manageable} {command line}
   size_t SoftMaxHeapSize                          = 1581252608                             {manageable} {ergonomic}
     intx TieredStopAtLevel                        = 1                                         {product} {command line}
     bool UseCompressedClassPointers               = true                           {product lp64_product} {ergonomic}
     bool UseCompressedOops                        = true                           {product lp64_product} {ergonomic}
     bool UseG1GC                                  = true                                      {product} {ergonomic}
     bool UseLargePagesIndividualAllocation        = false                                  {pd product} {ergonomic}

Logging:
Log output configuration:
 #0: stdout all=warning uptime,level,tags
 #1: stderr all=off uptime,level,tags

Environment Variables:
PATH=D:/Doc_Meire Lopes/Desktop/NOVOS DOWLOADS/Software/SPRING_REST/Sts/sts-4.15.1.RELEASE//plugins/org.eclipse.justj.openjdk.hotspot.jre.full.win32.x86_64_17.0.3.v20220515-1416/jre/bin/server;D:/Doc_Meire Lopes/Desktop/NOVOS DOWLOADS/Software/SPRING_REST/Sts/sts-4.15.1.RELEASE//plugins/org.eclipse.justj.openjdk.hotspot.jre.full.win32.x86_64_17.0.3.v20220515-1416/jre/bin;C:\Program Files (x86)\Common Files\Intel\Shared Libraries\redist\intel64\compiler;C:\Windows\system32;C:\Windows;C:\Windows\System32\Wbem;C:\Windows\System32\WindowsPowerShell\v1.0\;C:\Windows\System32\OpenSSH\;C:\Program Files\Microsoft SQL Server\120\Tools\Binn\;C:\Program Files\Common Files\Autodesk Shared\;C:\MinGW\bin;C:\Program Files (x86)\HP\Common\HPDestPlgIn\;C:\Program Files\Git\cmd;C:\Program Files\Git;C:\Program Files\Java\jdk-14.0.1\bin;C:\Program Files\Java\jdk-11.0.15+10\bin;C:\Users\USUARIO\AppData\Local\Microsoft\WindowsApps;d:\Program Files\JetBrains\IntelliJ IDEA Community Edition 2021.1.3\bin;;C:\Program Files (x86)\HP\Common\HPDestPlgIn\;C:\Program Files\Java\jdk-14.0.1\bin;D:\Doc_Meire Lopes\Desktop\2022\Digital House\Softwares\apache-maven-3.8.5\bin;D:\Doc_Meire Lopes\Desktop\2022\JAVA\apache-maven-3.8.6\bin;C:\Users\USUARIO\AppData\Local\Programs\Microsoft VS Code\bin;C:\Program Files\Java\jdk-11.0.15+10\bin;D:\Doc_Meire Lopes\Desktop\NOVOS DOWLOADS\Software\apache-maven-3.8.6\bin;;D:\Doc_Meire Lopes\Desktop\NOVOS DOWLOADS\Software\SPRING_REST\Sts\sts-4.15.1.RELEASE;
USERNAME=USUARIO
OS=Windows_NT
PROCESSOR_IDENTIFIER=Intel64 Family 6 Model 60 Stepping 3, GenuineIntel



---------------  S Y S T E M  ---------------

OS:
 Windows 10 , 64 bit Build 19041 (10.0.19041.546)
OS uptime: 0 days 6:55 hours

CPU: total 4 (initial active 4) (4 cores per cpu, 1 threads per core) family 6 model 60 stepping 3 microcode 0x27, cx8, cmov, fxsr, mmx, sse, sse2, sse3, ssse3, sse4.1, sse4.2, popcnt, lzcnt, tsc, tscinvbit, avx, avx2, aes, erms, clmul, bmi1, bmi2, fma, vzeroupper, clflush

Memory: 4k page, system-wide physical 6027M (675M free)
TotalPageFile size 9611M (AvailPageFile size 1303M)
current process WorkingSet (physical memory assigned to process): 245M, peak: 252M
current process commit charge ("private bytes"): 279M, peak: 283M

vm_info: OpenJDK 64-Bit Server VM (17.0.3+7) for windows-amd64 JRE (17.0.3+7), built on Apr 19 2022 16:55:35 by "" with MS VC++ 16.7 (VS2019)

END.
