#
# A fatal error has been detected by the Java Runtime Environment:
#
#  EXCEPTION_ACCESS_VIOLATION (0xc0000005) at pc=0x00007ffaaae868c4, pid=9064, tid=10320
#
# JRE version: OpenJDK Runtime Environment Temurin-17.0.3+7 (17.0.3+7) (build 17.0.3+7)
# Java VM: OpenJDK 64-Bit Server VM Temurin-17.0.3+7 (17.0.3+7, mixed mode, emulated-client, tiered, compressed oops, compressed class ptrs, g1 gc, windows-amd64)
# Problematic frame:
# V  [jvm.dll+0x3168c4]
#
# No core dump will be written. Minidumps are not enabled by default on client versions of Windows
#
# If you would like to submit a bug report, please visit:
#   https://github.com/adoptium/adoptium-support/issues
#

---------------  S U M M A R Y ------------

Command Line: -Dcom.sun.management.jmxremote -Dcom.sun.management.jmxremote.port=52875 -Dcom.sun.management.jmxremote.authenticate=false -Dcom.sun.management.jmxremote.ssl=false -Djava.rmi.server.hostname=localhost -Dspring.jmx.enabled=true -Dspring.application.admin.enabled=true -XX:TieredStopAtLevel=1 -Dspring.boot.project.name=algafood -Dfile.encoding=UTF-8 -XX:+ShowCodeDetailsInExceptionMessages com.algaworks.algafood.AlgafoodApplication --spring.output.ansi.enabled=always

Host: Intel(R) Core(TM) i5-4570S CPU @ 2.90GHz, 4 cores, 5G,  Windows 10 , 64 bit Build 19041 (10.0.19041.546)
Time: Sat Dec  3 20:53:48 2022 Hora oficial do Brasil elapsed time: 35711.907698 seconds (0d 9h 55m 11s)

---------------  T H R E A D  ---------------

Current thread (0x00000285d9051840):  GCTaskThread "GC Thread#2" [stack: 0x000000bb9af00000,0x000000bb9b000000] [id=10320]

Stack: [0x000000bb9af00000,0x000000bb9b000000],  sp=0x000000bb9afffa30,  free space=1022k
Native frames: (J=compiled Java code, j=interpreted, Vv=VM code, C=native code)
V  [jvm.dll+0x3168c4]
V  [jvm.dll+0x1f4f94]
V  [jvm.dll+0x303c8b]
V  [jvm.dll+0x1f7858]
V  [jvm.dll+0x317980]
V  [jvm.dll+0x3177c5]
V  [jvm.dll+0x2de824]
V  [jvm.dll+0x2e027b]
V  [jvm.dll+0x85de5b]
V  [jvm.dll+0x85dea6]
V  [jvm.dll+0x7e0cfa]
V  [jvm.dll+0x674d85]
C  [ucrtbase.dll+0x214c2]
C  [KERNEL32.DLL+0x17034]
C  [ntdll.dll+0x4cec1]


siginfo: EXCEPTION_ACCESS_VIOLATION (0xc0000005), reading address 0x000002944ba88c48


Register to memory mapping:

RIP=0x00007ffaaae868c4 jvm.dll
RAX=0x00000285cba88c48 points into unknown readable memory: 0x0000000000000000 | 00 00 00 00 00 00 00 00
RBX=0x00000285d8a21798 points into unknown readable memory: 0x00007ffaab4c87a0 | a0 87 4c ab fa 7f 00 00
RCX=0x0000000000000014 is an unknown value
RDX=0x00000285daceefb0 points into unknown readable memory: 0x0074000000000120 | 20 01 00 00 00 00 74 00
RSP=0x000000bb9afffa30 points into unknown readable memory: 0x000000000000001b | 1b 00 00 00 00 00 00 00
RBP=0x0000000000000120 is an unknown value
RSI=0x00000285daceeeb0 points into unknown readable memory: 0x00000000a2c500a8 | a8 00 c5 a2 00 00 00 00
RDI=0x00000285daceefb0 points into unknown readable memory: 0x0074000000000120 | 20 01 00 00 00 00 74 00
R8 =0x0000000740000000 is an unknown value
R9 =0x00000285cba51d40 points into unknown readable memory: 0x00007ffaab4c0150 | 50 01 4c ab fa 7f 00 00
R10=0x0074000000000120 is an unknown value
R11=0x0000000000000001 is an unknown value
R12=0x00000285d9007068 points into unknown readable memory: 0x9000016f76f4608d | 8d 60 f4 76 6f 01 00 90
R13=0x00000000000003d8 is an unknown value
R14=0x00000285d8a21798 points into unknown readable memory: 0x00007ffaab4c87a0 | a0 87 4c ab fa 7f 00 00
R15=0x00000285d8a21760 points into unknown readable memory: 0x00007ffaab4c87d0 | d0 87 4c ab fa 7f 00 00


Registers:
RAX=0x00000285cba88c48, RBX=0x00000285d8a21798, RCX=0x0000000000000014, RDX=0x00000285daceefb0
RSP=0x000000bb9afffa30, RBP=0x0000000000000120, RSI=0x00000285daceeeb0, RDI=0x00000285daceefb0
R8 =0x0000000740000000, R9 =0x00000285cba51d40, R10=0x0074000000000120, R11=0x0000000000000001
R12=0x00000285d9007068, R13=0x00000000000003d8, R14=0x00000285d8a21798, R15=0x00000285d8a21760
RIP=0x00007ffaaae868c4, EFLAGS=0x0000000000010206

Top of Stack: (sp=0x000000bb9afffa30)
0x000000bb9afffa30:   000000000000001b 00007ffaab350001
0x000000bb9afffa40:   00000285d9057f01 00007ffaab1df62f
0x000000bb9afffa50:   00000285daceefb0 00007ffaaad64f94
0x000000bb9afffa60:   0000000000000020 00000285d8a2ff00
0x000000bb9afffa70:   00000285d911f080 00000285d8a21798
0x000000bb9afffa80:   000000bb99efe800 00007ffaaae73c8b
0x000000bb9afffa90:   00000285d8a217f8 00000285d9057fe0
0x000000bb9afffaa0:   00000285d8a217f8 00000285d8a217f8
0x000000bb9afffab0:   00000285d887bdb0 00007ffaaad67858
0x000000bb9afffac0:   000000000000032c 0000000000039549
0x000000bb9afffad0:   0000005325e7d4fc 00005df93a82ec5a
0x000000bb9afffae0:   00000285d9057f01 00007ffaaae87980
0x000000bb9afffaf0:   00000285d8a217f8 0000000000000000
0x000000bb9afffb00:   0000000000000000 000000bb99efe800
0x000000bb9afffb10:   000000bb00000001 00000052c57101f2
0x000000bb9afffb20:   00007ffaab4c4228 0000005325e7d4fc 

Instructions: (pc=0x00007ffaaae868c4)
0x00007ffaaae867c4:   7e 00 49 8b d0 48 2b 15 00 8b 7e 00 48 d3 ea 89
0x00007ffaaae867d4:   16 48 8b 53 08 8b 8a c0 01 00 00 49 d3 e8 48 8b
0x00007ffaaae867e4:   8a b0 01 00 00 4a 8b 04 c1 8b 88 94 00 00 00 d1
0x00007ffaaae867f4:   e9 f6 c1 01 74 70 48 8b 43 20 c6 40 22 01 eb 66
0x00007ffaaae86804:   80 f9 fe 75 41 41 8b 88 c0 01 00 00 48 8b d7 49
0x00007ffaaae86814:   8b 80 b8 01 00 00 48 d3 e0 8b 0d 4d 53 85 00 48
0x00007ffaaae86824:   2b d0 49 8b 80 70 03 00 00 48 d3 ea 8b ca 80 3c
0x00007ffaaae86834:   08 00 74 23 c6 04 08 00 49 8b 80 70 05 00 00 c6
0x00007ffaaae86844:   44 48 01 ff eb 11 80 f9 fd 75 0c 48 8b 4b 10 48
0x00007ffaaae86854:   8b d6 e8 d5 f9 ff ff 8b 53 18 4c 8b c7 48 8b 4b
0x00007ffaaae86864:   28 e8 c6 ef fb ff 48 8b 4b 10 e8 3d d4 fe ff 48
0x00007ffaaae86874:   8b 7c 24 30 48 8b 5c 24 40 48 83 c4 20 5e c3 cc
0x00007ffaaae86884:   cc cc cc cc cc cc cc cc cc cc cc cc 48 89 5c 24
0x00007ffaaae86894:   08 57 48 83 ec 20 4c 8b 12 48 8b fa 48 8b d9 4d
0x00007ffaaae868a4:   85 d2 0f 84 f9 00 00 00 4c 8b 49 08 4d 8b c2 41
0x00007ffaaae868b4:   8b 89 90 05 00 00 49 8b 81 80 05 00 00 49 d3 e8
0x00007ffaaae868c4:   42 0f b7 0c 40 66 89 4c 24 38 66 c1 e9 08 84 c9
0x00007ffaaae868d4:   78 74 4d 8b 02 41 0f b6 c0 24 03 3c 03 75 1e 80
0x00007ffaaae868e4:   3d 06 4a 85 00 00 74 0f 41 0f b6 c0 24 07 3c 05
0x00007ffaaae868f4:   75 05 45 33 c0 eb 1d 49 83 e0 fc eb 17 0f b7 54
0x00007ffaaae86904:   24 38 4d 8b c8 48 8b 4b 10 4d 8b c2 e8 6b f5 fe
0x00007ffaaae86914:   ff 4c 8b c0 4c 89 07 48 8b 53 08 8b 8a c0 01 00
0x00007ffaaae86924:   00 49 d3 e8 48 8b 8a b0 01 00 00 4a 8b 04 c1 8b
0x00007ffaaae86934:   88 94 00 00 00 d1 e9 f6 c1 01 74 5c 48 8b 43 20
0x00007ffaaae86944:   c6 40 22 01 eb 52 80 f9 fe 75 3f 41 8b 89 c0 01
0x00007ffaaae86954:   00 00 49 8b 81 b8 01 00 00 48 d3 e0 8b 0d 0a 52
0x00007ffaaae86964:   85 00 4c 2b d0 49 8b 81 70 03 00 00 49 d3 ea 41
0x00007ffaaae86974:   8b ca 80 3c 08 00 74 20 c6 04 08 00 49 8b 81 70
0x00007ffaaae86984:   05 00 00 c6 44 48 01 ff eb 0e 80 f9 fd 75 09 48
0x00007ffaaae86994:   8b 4b 10 e8 44 f8 ff ff 48 8b 4b 10 e8 0b d3 fe
0x00007ffaaae869a4:   ff 48 8b 5c 24 30 48 83 c4 20 5f c3 48 89 5c 24
0x00007ffaaae869b4:   08 57 48 83 ec 20 8b 02 48 8b fa 48 8b d9 85 c0 


Stack slot to memory mapping:
stack at sp + 0 slots: 0x000000000000001b is an unknown value
stack at sp + 1 slots: 0x00007ffaab350001 jvm.dll
stack at sp + 2 slots: 0x00000285d9057f01 points into unknown readable memory: 74 3b 29 56 20 69 73
stack at sp + 3 slots: 0x00007ffaab1df62f jvm.dll
stack at sp + 4 slots: 0x00000285daceefb0 points into unknown readable memory: 0x0074000000000120 | 20 01 00 00 00 00 74 00
stack at sp + 5 slots: 0x00007ffaaad64f94 jvm.dll
stack at sp + 6 slots: 0x0000000000000020 is an unknown value
stack at sp + 7 slots: 0x00000285d8a2ff00 points into unknown readable memory: 0xefa28ee6a18ee6a0 | a0 e6 8e a1 e6 8e a2 ef


---------------  P R O C E S S  ---------------

Threads class SMR info:
_java_thread_list=0x00000285dd91f0a0, length=38, elements={
0x00000285d7becea0, 0x00000285d7bedc20, 0x00000285d8808190, 0x00000285d8808d10,
0x00000285d880a5e0, 0x00000285d880aea0, 0x00000285d880b810, 0x00000285d881f040,
0x00000285d88be020, 0x00000285d89aee60, 0x00000285d8f41ce0, 0x00000285d8ec04d0,
0x00000285d9019070, 0x00000285d9398830, 0x00000285d8f1f570, 0x00000285d8f1c550,
0x00000285d8f1e700, 0x00000285d91700b0, 0x00000285d8f1fa40, 0x00000285d91730d0,
0x00000285d9170f20, 0x00000285d916df00, 0x00000285d916c6f0, 0x00000285d916d560,
0x00000285d916da30, 0x00000285d916c220, 0x00000285d916fbe0, 0x00000285d91718c0,
0x00000285d9172260, 0x00000285d9172730, 0x00000285d8e3b760, 0x00000285d8e3a8f0,
0x00000285d8e3c100, 0x00000285d8e3a420, 0x00000285d8e3adc0, 0x00000285d8e3d910,
0x00000285d8e3caa0, 0x00000285d8e3b290
}

Java Threads: ( => current thread )
  0x00000285d7becea0 JavaThread "Reference Handler" daemon [_thread_blocked, id=9720, stack(0x000000bb99f00000,0x000000bb9a000000)]
  0x00000285d7bedc20 JavaThread "Finalizer" daemon [_thread_blocked, id=12148, stack(0x000000bb9a000000,0x000000bb9a100000)]
  0x00000285d8808190 JavaThread "Signal Dispatcher" daemon [_thread_blocked, id=11620, stack(0x000000bb9a100000,0x000000bb9a200000)]
  0x00000285d8808d10 JavaThread "Attach Listener" daemon [_thread_blocked, id=12120, stack(0x000000bb9a200000,0x000000bb9a300000)]
  0x00000285d880a5e0 JavaThread "Service Thread" daemon [_thread_blocked, id=1208, stack(0x000000bb9a300000,0x000000bb9a400000)]
  0x00000285d880aea0 JavaThread "Monitor Deflation Thread" daemon [_thread_blocked, id=9688, stack(0x000000bb9a400000,0x000000bb9a500000)]
  0x00000285d880b810 JavaThread "C1 CompilerThread0" daemon [_thread_blocked, id=8052, stack(0x000000bb9a500000,0x000000bb9a600000)]
  0x00000285d881f040 JavaThread "Sweeper thread" daemon [_thread_blocked, id=11484, stack(0x000000bb9a600000,0x000000bb9a700000)]
  0x00000285d88be020 JavaThread "Common-Cleaner" daemon [_thread_blocked, id=11932, stack(0x000000bb9a700000,0x000000bb9a800000)]
  0x00000285d89aee60 JavaThread "Notification Thread" daemon [_thread_blocked, id=4808, stack(0x000000bb9a900000,0x000000bb9aa00000)]
  0x00000285d8f41ce0 JavaThread "RMI TCP Accept-0" daemon [_thread_in_native, id=6208, stack(0x000000bb9aa00000,0x000000bb9ab00000)]
  0x00000285d8ec04d0 JavaThread "RMI TCP Accept-52875" daemon [_thread_in_native, id=10852, stack(0x000000bb9ab00000,0x000000bb9ac00000)]
  0x00000285d9019070 JavaThread "RMI TCP Accept-0" daemon [_thread_in_native, id=10608, stack(0x000000bb9ac00000,0x000000bb9ad00000)]
  0x00000285d9398830 JavaThread "RMI Scheduler(0)" daemon [_thread_blocked, id=12112, stack(0x000000bb9b600000,0x000000bb9b700000)]
  0x00000285d8f1f570 JavaThread "JMX server connection timeout 24" daemon [_thread_blocked, id=2948, stack(0x000000bb9ba00000,0x000000bb9bb00000)]
  0x00000285d8f1c550 JavaThread "mysql-cj-abandoned-connection-cleanup" daemon [_thread_blocked, id=10728, stack(0x000000bb9be00000,0x000000bb9bf00000)]
  0x00000285d8f1e700 JavaThread "Live Reload Server" daemon [_thread_in_native, id=12248, stack(0x000000bb9c200000,0x000000bb9c300000)]
  0x00000285d91700b0 JavaThread "DestroyJavaVM" [_thread_blocked, id=5272, stack(0x000000bb99800000,0x000000bb99900000)]
  0x00000285d8f1fa40 JavaThread "File Watcher" daemon [_thread_blocked, id=4548, stack(0x000000bb9b500000,0x000000bb9b600000)]
  0x00000285d91730d0 JavaThread "RMI TCP Connection(688)-127.0.0.1" daemon [_thread_in_native, id=12168, stack(0x000000bb99500000,0x000000bb99600000)]
  0x00000285d9170f20 JavaThread "Catalina-utility-1" [_thread_blocked, id=1592, stack(0x000000bb99700000,0x000000bb99800000)]
  0x00000285d916df00 JavaThread "Catalina-utility-2" [_thread_blocked, id=3148, stack(0x000000bb9b700000,0x000000bb9b800000)]
  0x00000285d916c6f0 JavaThread "container-1" [_thread_blocked, id=12140, stack(0x000000bb9b800000,0x000000bb9b900000)]
  0x00000285d916d560 JavaThread "HikariPool-34 housekeeper" daemon [_thread_blocked, id=3920, stack(0x000000bb9bb00000,0x000000bb9bc00000)]
  0x00000285d916da30 JavaThread "File Watcher" daemon [_thread_blocked, id=11984, stack(0x000000bb9bd00000,0x000000bb9be00000)]
  0x00000285d916c220 JavaThread "http-nio-8080-exec-1" daemon [_thread_blocked, id=7756, stack(0x000000bb9bf00000,0x000000bb9c000000)]
  0x00000285d916fbe0 JavaThread "http-nio-8080-exec-2" daemon [_thread_blocked, id=9616, stack(0x000000bb9c000000,0x000000bb9c100000)]
  0x00000285d91718c0 JavaThread "http-nio-8080-exec-3" daemon [_thread_blocked, id=11840, stack(0x000000bb9c100000,0x000000bb9c200000)]
  0x00000285d9172260 JavaThread "http-nio-8080-exec-4" daemon [_thread_blocked, id=12012, stack(0x000000bb9c300000,0x000000bb9c400000)]
  0x00000285d9172730 JavaThread "http-nio-8080-exec-5" daemon [_thread_blocked, id=11904, stack(0x000000bb9c400000,0x000000bb9c500000)]
  0x00000285d8e3b760 JavaThread "http-nio-8080-exec-6" daemon [_thread_blocked, id=9480, stack(0x000000bb9c500000,0x000000bb9c600000)]
  0x00000285d8e3a8f0 JavaThread "http-nio-8080-exec-7" daemon [_thread_blocked, id=10612, stack(0x000000bb9c600000,0x000000bb9c700000)]
  0x00000285d8e3c100 JavaThread "http-nio-8080-exec-8" daemon [_thread_blocked, id=10364, stack(0x000000bb9c700000,0x000000bb9c800000)]
  0x00000285d8e3a420 JavaThread "http-nio-8080-exec-9" daemon [_thread_blocked, id=1676, stack(0x000000bb9c800000,0x000000bb9c900000)]
  0x00000285d8e3adc0 JavaThread "http-nio-8080-exec-10" daemon [_thread_blocked, id=6056, stack(0x000000bb9c900000,0x000000bb9ca00000)]
  0x00000285d8e3d910 JavaThread "http-nio-8080-Poller" daemon [_thread_in_native, id=11808, stack(0x000000bb9cb00000,0x000000bb9cc00000)]
  0x00000285d8e3caa0 JavaThread "http-nio-8080-Acceptor" daemon [_thread_in_native, id=10348, stack(0x000000bb9cc00000,0x000000bb9cd00000)]
  0x00000285d8e3b290 JavaThread "HikariPool-34 connection adder" daemon [_thread_blocked, id=10800, stack(0x000000bb9a800000,0x000000bb9a900000)]

Other Threads:
  0x00000285d7be8570 VMThread "VM Thread" [stack: 0x000000bb99e00000,0x000000bb99f00000] [id=2748]
  0x00000285d8ffe8e0 WatcherThread [stack: 0x000000bb9ad00000,0x000000bb9ae00000] [id=11628]
  0x00000285cba8b2d0 GCTaskThread "GC Thread#0" [stack: 0x000000bb99900000,0x000000bb99a00000] [id=11600]
  0x00000285d9058390 GCTaskThread "GC Thread#1" [stack: 0x000000bb9ae00000,0x000000bb9af00000] [id=2768]
=>0x00000285d9051840 GCTaskThread "GC Thread#2" [stack: 0x000000bb9af00000,0x000000bb9b000000] [id=10320]
  0x00000285d9051af0 GCTaskThread "GC Thread#3" [stack: 0x000000bb9b000000,0x000000bb9b100000] [id=11700]
  0x00000285cba97da0 ConcurrentGCThread "G1 Main Marker" [stack: 0x000000bb99a00000,0x000000bb99b00000] [id=8776]
  0x00000285cba99fb0 ConcurrentGCThread "G1 Conc#0" [stack: 0x000000bb99b00000,0x000000bb99c00000] [id=11148]
  0x00000285cbafc570 ConcurrentGCThread "G1 Refine#0" [stack: 0x000000bb99c00000,0x000000bb99d00000] [id=3508]
  0x00000285d902b590 ConcurrentGCThread "G1 Refine#1" [stack: 0x000000bb9b100000,0x000000bb9b200000] [id=8048]
  0x00000285d902b870 ConcurrentGCThread "G1 Refine#2" [stack: 0x000000bb9b200000,0x000000bb9b300000] [id=580]
  0x00000285d9058640 ConcurrentGCThread "G1 Refine#3" [stack: 0x000000bb9b300000,0x000000bb9b400000] [id=8028]
  0x00000285cbafcea0 ConcurrentGCThread "G1 Service" [stack: 0x000000bb99d00000,0x000000bb99e00000] [id=4712]

Threads with active compile tasks:

VM state: at safepoint (normal execution)

VM Mutex/Monitor currently owned by a thread:  ([mutex/lock_event])
[0x00000285cba3ce70] Threads_lock - owner thread: 0x00000285d7be8570
[0x00000285cba3d1d0] Heap_lock - owner thread: 0x00000285d8e3b290

Heap address: 0x00000000a1c00000, size: 1508 MB, Compressed Oops mode: 32-bit

CDS archive(s) not mapped
Compressed class space mapped at: 0x0000000100000000-0x0000000140000000, reserved size: 1073741824
Narrow klass base: 0x0000000000000000, Narrow klass shift: 3, Narrow klass range: 0x140000000

GC Precious Log:
 CPUs: 4 total, 4 available
 Memory: 6027M
 Large Page Support: Disabled
 NUMA Support: Disabled
 Compressed Oops: Enabled (32-bit)
 Heap Region Size: 1M
 Heap Min Capacity: 8M
 Heap Initial Capacity: 96M
 Heap Max Capacity: 1508M
 Pre-touch: Disabled
 Parallel Workers: 4
 Concurrent Workers: 1
 Concurrent Refinement Workers: 4
 Periodic GC: Disabled

Heap:
 garbage-first heap   total 68608K, used 57866K [0x00000000a1c00000, 0x0000000100000000)
  region size 1024K, 31 young (31744K), 1 survivors (1024K)
 Metaspace       used 68611K, committed 69504K, reserved 1114112K
  class space    used 9152K, committed 9472K, reserved 1048576K

Heap Regions: E=young(eden), S=young(survivor), O=old, HS=humongous(starts), HC=humongous(continues), CS=collection set, F=free, OA=open archive, CA=closed archive, TAMS=top-at-mark-start (previous, next)
|   0|0x00000000a1c00000, 0x00000000a1d00000, 0x00000000a1d00000|100%|HS|  |TAMS 0x00000000a1d00000, 0x00000000a1c00000| Untracked 
|   1|0x00000000a1d00000, 0x00000000a1e00000, 0x00000000a1e00000|100%| O|  |TAMS 0x00000000a1e00000, 0x00000000a1d00000| Untracked 
|   2|0x00000000a1e00000, 0x00000000a1f00000, 0x00000000a1f00000|100%| O|  |TAMS 0x00000000a1f00000, 0x00000000a1e00000| Untracked 
|   3|0x00000000a1f00000, 0x00000000a1ffffe8, 0x00000000a2000000| 99%| O|  |TAMS 0x00000000a1ffffe8, 0x00000000a1f00000| Untracked 
|   4|0x00000000a2000000, 0x00000000a2100000, 0x00000000a2100000|100%| O|  |TAMS 0x00000000a2100000, 0x00000000a2000000| Untracked 
|   5|0x00000000a2100000, 0x00000000a2200000, 0x00000000a2200000|100%| O|  |TAMS 0x00000000a2200000, 0x00000000a2100000| Untracked 
|   6|0x00000000a2200000, 0x00000000a22fffc8, 0x00000000a2300000| 99%| O|  |TAMS 0x00000000a22fffc8, 0x00000000a2200000| Untracked 
|   7|0x00000000a2300000, 0x00000000a23fffc0, 0x00000000a2400000| 99%| O|  |TAMS 0x00000000a23fffc0, 0x00000000a2300000| Untracked 
|   8|0x00000000a2400000, 0x00000000a2500000, 0x00000000a2500000|100%| O|  |TAMS 0x00000000a2500000, 0x00000000a2400000| Untracked 
|   9|0x00000000a2500000, 0x00000000a25fffe8, 0x00000000a2600000| 99%| O|  |TAMS 0x00000000a25fffe8, 0x00000000a2500000| Untracked 
|  10|0x00000000a2600000, 0x00000000a26fff90, 0x00000000a2700000| 99%| O|  |TAMS 0x00000000a26fff90, 0x00000000a2600000| Untracked 
|  11|0x00000000a2700000, 0x00000000a27fffd8, 0x00000000a2800000| 99%| O|  |TAMS 0x00000000a27fffd8, 0x00000000a2700000| Untracked 
|  12|0x00000000a2800000, 0x00000000a2900000, 0x00000000a2900000|100%| O|  |TAMS 0x00000000a2900000, 0x00000000a2800000| Untracked 
|  13|0x00000000a2900000, 0x00000000a29fffe8, 0x00000000a2a00000| 99%| O|  |TAMS 0x00000000a29fffe8, 0x00000000a2900000| Untracked 
|  14|0x00000000a2a00000, 0x00000000a2afffe0, 0x00000000a2b00000| 99%| O|  |TAMS 0x00000000a2afffe0, 0x00000000a2a00000| Untracked 
|  15|0x00000000a2b00000, 0x00000000a2bfffd8, 0x00000000a2c00000| 99%| O|  |TAMS 0x00000000a2b00000, 0x00000000a2b00000| Untracked 
|  16|0x00000000a2c00000, 0x00000000a2cffff8, 0x00000000a2d00000| 99%| O|  |TAMS 0x00000000a2c00000, 0x00000000a2c00000| Untracked 
|  17|0x00000000a2d00000, 0x00000000a2dffff0, 0x00000000a2e00000| 99%| O|  |TAMS 0x00000000a2d00000, 0x00000000a2d00000| Untracked 
|  18|0x00000000a2e00000, 0x00000000a2f00000, 0x00000000a2f00000|100%| O|  |TAMS 0x00000000a2e00000, 0x00000000a2e00000| Untracked 
|  19|0x00000000a2f00000, 0x00000000a2f41b00, 0x00000000a3000000| 25%| O|  |TAMS 0x00000000a2f00000, 0x00000000a2f00000| Untracked 
|  20|0x00000000a3000000, 0x00000000a303ba18, 0x00000000a3100000| 23%| O|  |TAMS 0x00000000a3000000, 0x00000000a3000000| Untracked 
|  21|0x00000000a3100000, 0x00000000a3200000, 0x00000000a3200000|100%| O|  |TAMS 0x00000000a3100000, 0x00000000a3100000| Untracked 
|  22|0x00000000a3200000, 0x00000000a3300000, 0x00000000a3300000|100%| O|  |TAMS 0x00000000a3200000, 0x00000000a3200000| Untracked 
|  23|0x00000000a3300000, 0x00000000a33fce68, 0x00000000a3400000| 98%| O|  |TAMS 0x00000000a3300000, 0x00000000a3300000| Untracked 
|  24|0x00000000a3400000, 0x00000000a3500000, 0x00000000a3500000|100%| O|  |TAMS 0x00000000a3400000, 0x00000000a3400000| Untracked 
|  25|0x00000000a3500000, 0x00000000a3600000, 0x00000000a3600000|100%| O|  |TAMS 0x00000000a3500000, 0x00000000a3500000| Untracked 
|  26|0x00000000a3600000, 0x00000000a36af800, 0x00000000a3700000| 68%| O|  |TAMS 0x00000000a3600000, 0x00000000a3600000| Untracked 
|  27|0x00000000a3700000, 0x00000000a3700000, 0x00000000a3800000|  0%| F|  |TAMS 0x00000000a3700000, 0x00000000a3700000| Untracked 
|  28|0x00000000a3800000, 0x00000000a3800000, 0x00000000a3900000|  0%| F|  |TAMS 0x00000000a3800000, 0x00000000a3800000| Untracked 
|  29|0x00000000a3900000, 0x00000000a3900000, 0x00000000a3a00000|  0%| F|  |TAMS 0x00000000a3900000, 0x00000000a3900000| Untracked 
|  30|0x00000000a3a00000, 0x00000000a3a00000, 0x00000000a3b00000|  0%| F|  |TAMS 0x00000000a3a00000, 0x00000000a3a00000| Untracked 
|  31|0x00000000a3b00000, 0x00000000a3b00000, 0x00000000a3c00000|  0%| F|  |TAMS 0x00000000a3b00000, 0x00000000a3b00000| Untracked 
|  32|0x00000000a3c00000, 0x00000000a3c00000, 0x00000000a3d00000|  0%| F|  |TAMS 0x00000000a3c00000, 0x00000000a3c00000| Untracked 
|  33|0x00000000a3d00000, 0x00000000a3d00000, 0x00000000a3e00000|  0%| F|  |TAMS 0x00000000a3d00000, 0x00000000a3d00000| Untracked 
|  34|0x00000000a3e00000, 0x00000000a3ea4030, 0x00000000a3f00000| 64%| S|  |TAMS 0x00000000a3e00000, 0x00000000a3e00000| Complete 
|  35|0x00000000a3f00000, 0x00000000a3fa5d58, 0x00000000a4000000| 64%| E|CS|TAMS 0x00000000a3f00000, 0x00000000a3f00000| Complete 
|  36|0x00000000a4000000, 0x00000000a4100000, 0x00000000a4100000|100%| E|CS|TAMS 0x00000000a4000000, 0x00000000a4000000| Complete 
|  37|0x00000000a4100000, 0x00000000a41b33e0, 0x00000000a4200000| 70%| O|  |TAMS 0x00000000a4100000, 0x00000000a4100000| Untracked 
|  38|0x00000000a4200000, 0x00000000a4300000, 0x00000000a4300000|100%| E|CS|TAMS 0x00000000a4200000, 0x00000000a4200000| Complete 
|  39|0x00000000a4300000, 0x00000000a4400000, 0x00000000a4400000|100%| E|CS|TAMS 0x00000000a4300000, 0x00000000a4300000| Complete 
|  40|0x00000000a4400000, 0x00000000a4500000, 0x00000000a4500000|100%| E|CS|TAMS 0x00000000a4400000, 0x00000000a4400000| Complete 
|  41|0x00000000a4500000, 0x00000000a4600000, 0x00000000a4600000|100%| E|CS|TAMS 0x00000000a4500000, 0x00000000a4500000| Complete 
|  42|0x00000000a4600000, 0x00000000a4700000, 0x00000000a4700000|100%| E|CS|TAMS 0x00000000a4600000, 0x00000000a4600000| Complete 
|  43|0x00000000a4700000, 0x00000000a4800000, 0x00000000a4800000|100%| E|CS|TAMS 0x00000000a4700000, 0x00000000a4700000| Complete 
|  44|0x00000000a4800000, 0x00000000a4900000, 0x00000000a4900000|100%| E|CS|TAMS 0x00000000a4800000, 0x00000000a4800000| Complete 
|  45|0x00000000a4900000, 0x00000000a4a00000, 0x00000000a4a00000|100%| E|CS|TAMS 0x00000000a4900000, 0x00000000a4900000| Complete 
|  46|0x00000000a4a00000, 0x00000000a4b00000, 0x00000000a4b00000|100%| E|CS|TAMS 0x00000000a4a00000, 0x00000000a4a00000| Complete 
|  47|0x00000000a4b00000, 0x00000000a4c00000, 0x00000000a4c00000|100%| E|CS|TAMS 0x00000000a4b00000, 0x00000000a4b00000| Complete 
|  48|0x00000000a4c00000, 0x00000000a4d00000, 0x00000000a4d00000|100%| E|CS|TAMS 0x00000000a4c00000, 0x00000000a4c00000| Complete 
|  49|0x00000000a4d00000, 0x00000000a4e00000, 0x00000000a4e00000|100%| E|CS|TAMS 0x00000000a4d00000, 0x00000000a4d00000| Complete 
|  50|0x00000000a4e00000, 0x00000000a4f00000, 0x00000000a4f00000|100%| E|CS|TAMS 0x00000000a4e00000, 0x00000000a4e00000| Complete 
|  51|0x00000000a4f00000, 0x00000000a5000000, 0x00000000a5000000|100%| E|CS|TAMS 0x00000000a4f00000, 0x00000000a4f00000| Complete 
|  52|0x00000000a5000000, 0x00000000a5100000, 0x00000000a5100000|100%| E|CS|TAMS 0x00000000a5000000, 0x00000000a5000000| Complete 
|  53|0x00000000a5100000, 0x00000000a5200000, 0x00000000a5200000|100%| E|CS|TAMS 0x00000000a5100000, 0x00000000a5100000| Complete 
|  54|0x00000000a5200000, 0x00000000a5300000, 0x00000000a5300000|100%| E|CS|TAMS 0x00000000a5200000, 0x00000000a5200000| Complete 
|  55|0x00000000a5300000, 0x00000000a5400000, 0x00000000a5400000|100%| E|CS|TAMS 0x00000000a5300000, 0x00000000a5300000| Complete 
|  56|0x00000000a5400000, 0x00000000a5500000, 0x00000000a5500000|100%| E|CS|TAMS 0x00000000a5400000, 0x00000000a5400000| Complete 
|  57|0x00000000a5500000, 0x00000000a5600000, 0x00000000a5600000|100%| E|CS|TAMS 0x00000000a5500000, 0x00000000a5500000| Complete 
|  58|0x00000000a5600000, 0x00000000a5700000, 0x00000000a5700000|100%| E|CS|TAMS 0x00000000a5600000, 0x00000000a5600000| Complete 
|  59|0x00000000a5700000, 0x00000000a5800000, 0x00000000a5800000|100%| E|CS|TAMS 0x00000000a5700000, 0x00000000a5700000| Complete 
|  60|0x00000000a5800000, 0x00000000a5900000, 0x00000000a5900000|100%| E|CS|TAMS 0x00000000a5800000, 0x00000000a5800000| Complete 
|  61|0x00000000a5900000, 0x00000000a5a00000, 0x00000000a5a00000|100%| E|CS|TAMS 0x00000000a5900000, 0x00000000a5900000| Complete 
|  62|0x00000000a5a00000, 0x00000000a5b00000, 0x00000000a5b00000|100%| E|CS|TAMS 0x00000000a5a00000, 0x00000000a5a00000| Complete 
|  63|0x00000000a5b00000, 0x00000000a5c00000, 0x00000000a5c00000|100%| E|CS|TAMS 0x00000000a5b00000, 0x00000000a5b00000| Complete 
|  64|0x00000000a5c00000, 0x00000000a5d00000, 0x00000000a5d00000|100%| E|CS|TAMS 0x00000000a5c00000, 0x00000000a5c00000| Complete 
|  65|0x00000000a5d00000, 0x00000000a5e00000, 0x00000000a5e00000|100%| E|CS|TAMS 0x00000000a5d00000, 0x00000000a5d00000| Complete 
|  66|0x00000000a5e00000, 0x00000000a5f00000, 0x00000000a5f00000|100%| E|CS|TAMS 0x00000000a5e00000, 0x00000000a5e00000| Complete 

Card table byte_map: [0x00000285d20f0000,0x00000285d23f0000] _byte_map_base: 0x00000285d1be2000

Marking Bits (Prev, Next): (CMBitMap*) 0x00000285cba8b830, (CMBitMap*) 0x00000285cba8b7f0
 Prev Bits: [0x00000285d3e80000, 0x00000285d5610000)
 Next Bits: [0x00000285d26f0000, 0x00000285d3e80000)

Polling page: 0x00000285c98f0000

Metaspace:

Usage:
  Non-class:     58.07 MB used.
      Class:      8.94 MB used.
       Both:     67.00 MB used.

Virtual space:
  Non-class space:       64.00 MB reserved,      58.62 MB ( 92%) committed,  8 nodes.
      Class space:        1.00 GB reserved,       9.25 MB ( <1%) committed,  1 nodes.
             Both:        1.06 GB reserved,      67.88 MB (  6%) committed. 

Chunk freelists:
   Non-Class:  1.56 MB
       Class:  2.66 MB
        Both:  4.22 MB

MaxMetaspaceSize: unlimited
CompressedClassSpaceSize: 1.00 GB
Initial GC threshold: 21.00 MB
Current GC threshold: 112.94 MB
CDS: off
MetaspaceReclaimPolicy: balanced
 - commit_granule_bytes: 65536.
 - commit_granule_words: 8192.
 - virtual_space_node_default_size: 1048576.
 - enlarge_chunks_in_place: 1.
 - new_chunks_are_fully_committed: 0.
 - uncommit_free_chunks: 1.
 - use_allocation_guard: 0.
 - handle_deallocations: 1.


Internal statistics:

num_allocs_failed_limit: 13.
num_arena_births: 3312.
num_arena_deaths: 2552.
num_vsnodes_births: 9.
num_vsnodes_deaths: 0.
num_space_committed: 1089.
num_space_uncommitted: 3.
num_chunks_returned_to_freelist: 4205.
num_chunks_taken_from_freelist: 7222.
num_chunk_merges: 688.
num_chunk_splits: 2678.
num_chunks_enlarged: 1482.
num_purges: 64.
num_inconsistent_stats: 0.

CodeCache: size=49152Kb used=25698Kb max_used=26549Kb free=23453Kb
 bounds [0x00000285cf0f0000, 0x00000285d0ae0000, 0x00000285d20f0000]
 total_blobs=15217 nmethods=14557 adapters=586
 compilation: enabled
              stopped_count=0, restarted_count=0
 full_count=0

Compilation events (20 events):
Event: 27010.629 Thread 0x00000285d880b810 14548       1       java.nio.ByteBuffer::rewind (5 bytes)
Event: 27010.629 Thread 0x00000285d880b810 nmethod 14548 0x00000285d09f5e10 code [0x00000285d09f5fa0, 0x00000285d09f6088]
Event: 27010.629 Thread 0x00000285d880b810 14549       1       org.apache.coyote.Request::getNote (7 bytes)
Event: 27010.629 Thread 0x00000285d880b810 nmethod 14549 0x00000285d09f5a90 code [0x00000285d09f5c20, 0x00000285d09f5d18]
Event: 28591.033 Thread 0x00000285d880b810 14550       1       java.net.Socket::shutdownInput (66 bytes)
Event: 28591.033 Thread 0x00000285d880b810 nmethod 14550 0x00000285d09f5390 code [0x00000285d09f55a0, 0x00000285d09f5918]
Event: 28591.033 Thread 0x00000285d880b810 14551       1       java.net.DelegatingSocketImpl::shutdownInput (8 bytes)
Event: 28591.033 Thread 0x00000285d880b810 nmethod 14551 0x00000285d09f5090 code [0x00000285d09f5220, 0x00000285d09f5308]
Event: 28591.033 Thread 0x00000285d880b810 14552   !   1       sun.nio.ch.NioSocketImpl::shutdownInput (42 bytes)
Event: 28591.033 Thread 0x00000285d880b810 nmethod 14552 0x00000285d09f4b90 code [0x00000285d09f4d40, 0x00000285d09f4f58]
Event: 33940.464 Thread 0x00000285d880b810 14553       1       java.util.concurrent.ConcurrentSkipListMap::cpr (26 bytes)
Event: 33940.464 Thread 0x00000285d880b810 nmethod 14553 0x00000285d09f4790 code [0x00000285d09f4940, 0x00000285d09f4ab8]
Event: 33940.464 Thread 0x00000285d880b810 14554       1       java.net.InetAddress$CachedAddresses::compareTo (9 bytes)
Event: 33940.464 Thread 0x00000285d880b810 nmethod 14554 0x00000285d09f4410 code [0x00000285d09f45a0, 0x00000285d09f46a8]
Event: 33940.464 Thread 0x00000285d880b810 14555       1       java.net.InetAddress$CachedAddresses::compareTo (38 bytes)
Event: 33940.464 Thread 0x00000285d880b810 nmethod 14555 0x00000285d09f3f90 code [0x00000285d09f4140, 0x00000285d09f4338]
Event: 34317.651 Thread 0x00000285d880b810 14556       1       java.io.ObjectOutputStream$HandleTable::growEntries (58 bytes)
Event: 34317.651 Thread 0x00000285d880b810 nmethod 14556 0x00000285d09f3890 code [0x00000285d09f3a40, 0x00000285d09f3e58]
Event: 35673.691 Thread 0x00000285d880b810 14557  s    1       java.lang.Throwable::getCause (17 bytes)
Event: 35673.691 Thread 0x00000285d880b810 nmethod 14557 0x00000285d09f3490 code [0x00000285d09f3620, 0x00000285d09f37b8]

GC Heap History (20 events):
Event: 33334.205 GC heap after
{Heap after GC invocations=196 (full 32):
 garbage-first heap   total 68608K, used 27122K [0x00000000a1c00000, 0x0000000100000000)
  region size 1024K, 1 young (1024K), 1 survivors (1024K)
 Metaspace       used 68601K, committed 69504K, reserved 1114112K
  class space    used 9150K, committed 9472K, reserved 1048576K
}
Event: 33591.000 GC heap before
{Heap before GC invocations=196 (full 32):
 garbage-first heap   total 68608K, used 57842K [0x00000000a1c00000, 0x0000000100000000)
  region size 1024K, 31 young (31744K), 1 survivors (1024K)
 Metaspace       used 68601K, committed 69504K, reserved 1114112K
  class space    used 9150K, committed 9472K, reserved 1048576K
}
Event: 33591.001 GC heap after
{Heap after GC invocations=197 (full 32):
 garbage-first heap   total 68608K, used 27161K [0x00000000a1c00000, 0x0000000100000000)
  region size 1024K, 1 young (1024K), 1 survivors (1024K)
 Metaspace       used 68601K, committed 69504K, reserved 1114112K
  class space    used 9150K, committed 9472K, reserved 1048576K
}
Event: 33849.233 GC heap before
{Heap before GC invocations=197 (full 32):
 garbage-first heap   total 68608K, used 57881K [0x00000000a1c00000, 0x0000000100000000)
  region size 1024K, 31 young (31744K), 1 survivors (1024K)
 Metaspace       used 68601K, committed 69504K, reserved 1114112K
  class space    used 9150K, committed 9472K, reserved 1048576K
}
Event: 33849.234 GC heap after
{Heap after GC invocations=198 (full 32):
 garbage-first heap   total 68608K, used 27136K [0x00000000a1c00000, 0x0000000100000000)
  region size 1024K, 1 young (1024K), 1 survivors (1024K)
 Metaspace       used 68601K, committed 69504K, reserved 1114112K
  class space    used 9150K, committed 9472K, reserved 1048576K
}
Event: 33999.135 GC heap before
{Heap before GC invocations=198 (full 32):
 garbage-first heap   total 68608K, used 56832K [0x00000000a1c00000, 0x0000000100000000)
  region size 1024K, 31 young (31744K), 1 survivors (1024K)
 Metaspace       used 68601K, committed 69504K, reserved 1114112K
  class space    used 9150K, committed 9472K, reserved 1048576K
}
Event: 33999.137 GC heap after
{Heap after GC invocations=199 (full 32):
 garbage-first heap   total 68608K, used 27456K [0x00000000a1c00000, 0x0000000100000000)
  region size 1024K, 1 young (1024K), 1 survivors (1024K)
 Metaspace       used 68601K, committed 69504K, reserved 1114112K
  class space    used 9150K, committed 9472K, reserved 1048576K
}
Event: 34258.599 GC heap before
{Heap before GC invocations=199 (full 32):
 garbage-first heap   total 68608K, used 58176K [0x00000000a1c00000, 0x0000000100000000)
  region size 1024K, 31 young (31744K), 1 survivors (1024K)
 Metaspace       used 68601K, committed 69504K, reserved 1114112K
  class space    used 9150K, committed 9472K, reserved 1048576K
}
Event: 34258.600 GC heap after
{Heap after GC invocations=200 (full 32):
 garbage-first heap   total 68608K, used 27375K [0x00000000a1c00000, 0x0000000100000000)
  region size 1024K, 1 young (1024K), 1 survivors (1024K)
 Metaspace       used 68601K, committed 69504K, reserved 1114112K
  class space    used 9150K, committed 9472K, reserved 1048576K
}
Event: 34517.732 GC heap before
{Heap before GC invocations=200 (full 32):
 garbage-first heap   total 68608K, used 58095K [0x00000000a1c00000, 0x0000000100000000)
  region size 1024K, 31 young (31744K), 1 survivors (1024K)
 Metaspace       used 68601K, committed 69504K, reserved 1114112K
  class space    used 9150K, committed 9472K, reserved 1048576K
}
Event: 34517.733 GC heap after
{Heap after GC invocations=201 (full 32):
 garbage-first heap   total 68608K, used 27205K [0x00000000a1c00000, 0x0000000100000000)
  region size 1024K, 1 young (1024K), 1 survivors (1024K)
 Metaspace       used 68601K, committed 69504K, reserved 1114112K
  class space    used 9150K, committed 9472K, reserved 1048576K
}
Event: 34775.580 GC heap before
{Heap before GC invocations=201 (full 32):
 garbage-first heap   total 68608K, used 57925K [0x00000000a1c00000, 0x0000000100000000)
  region size 1024K, 31 young (31744K), 1 survivors (1024K)
 Metaspace       used 68601K, committed 69504K, reserved 1114112K
  class space    used 9150K, committed 9472K, reserved 1048576K
}
Event: 34775.582 GC heap after
{Heap after GC invocations=202 (full 32):
 garbage-first heap   total 68608K, used 27190K [0x00000000a1c00000, 0x0000000100000000)
  region size 1024K, 1 young (1024K), 1 survivors (1024K)
 Metaspace       used 68601K, committed 69504K, reserved 1114112K
  class space    used 9150K, committed 9472K, reserved 1048576K
}
Event: 35033.354 GC heap before
{Heap before GC invocations=202 (full 32):
 garbage-first heap   total 68608K, used 57910K [0x00000000a1c00000, 0x0000000100000000)
  region size 1024K, 31 young (31744K), 1 survivors (1024K)
 Metaspace       used 68601K, committed 69504K, reserved 1114112K
  class space    used 9150K, committed 9472K, reserved 1048576K
}
Event: 35033.355 GC heap after
{Heap after GC invocations=203 (full 32):
 garbage-first heap   total 68608K, used 27155K [0x00000000a1c00000, 0x0000000100000000)
  region size 1024K, 1 young (1024K), 1 survivors (1024K)
 Metaspace       used 68601K, committed 69504K, reserved 1114112K
  class space    used 9150K, committed 9472K, reserved 1048576K
}
Event: 35290.937 GC heap before
{Heap before GC invocations=203 (full 32):
 garbage-first heap   total 68608K, used 57875K [0x00000000a1c00000, 0x0000000100000000)
  region size 1024K, 31 young (31744K), 1 survivors (1024K)
 Metaspace       used 68601K, committed 69504K, reserved 1114112K
  class space    used 9150K, committed 9472K, reserved 1048576K
}
Event: 35290.939 GC heap after
{Heap after GC invocations=204 (full 32):
 garbage-first heap   total 68608K, used 27156K [0x00000000a1c00000, 0x0000000100000000)
  region size 1024K, 1 young (1024K), 1 survivors (1024K)
 Metaspace       used 68601K, committed 69504K, reserved 1114112K
  class space    used 9150K, committed 9472K, reserved 1048576K
}
Event: 35549.982 GC heap before
{Heap before GC invocations=204 (full 32):
 garbage-first heap   total 68608K, used 57876K [0x00000000a1c00000, 0x0000000100000000)
  region size 1024K, 31 young (31744K), 1 survivors (1024K)
 Metaspace       used 68601K, committed 69504K, reserved 1114112K
  class space    used 9150K, committed 9472K, reserved 1048576K
}
Event: 35549.984 GC heap after
{Heap after GC invocations=205 (full 32):
 garbage-first heap   total 68608K, used 27146K [0x00000000a1c00000, 0x0000000100000000)
  region size 1024K, 1 young (1024K), 1 survivors (1024K)
 Metaspace       used 68601K, committed 69504K, reserved 1114112K
  class space    used 9150K, committed 9472K, reserved 1048576K
}
Event: 35711.823 GC heap before
{Heap before GC invocations=205 (full 32):
 garbage-first heap   total 68608K, used 57866K [0x00000000a1c00000, 0x0000000100000000)
  region size 1024K, 31 young (31744K), 1 survivors (1024K)
 Metaspace       used 68611K, committed 69504K, reserved 1114112K
  class space    used 9152K, committed 9472K, reserved 1048576K
}

Deoptimization events (20 events):
Event: 2.437 Thread 0x00000285d93b3c80 DEOPT PACKING pc=0x00000285cf7d9f75 sp=0x000000bb9b8fc180
Event: 2.437 Thread 0x00000285d93b3c80 DEOPT UNPACKING pc=0x00000285cf142b43 sp=0x000000bb9b8fb5f0 mode 3
Event: 3.047 Thread 0x00000285d93b3c80 DEOPT PACKING pc=0x00000285cf686e05 sp=0x000000bb9b8fb2f0
Event: 3.047 Thread 0x00000285d93b3c80 DEOPT UNPACKING pc=0x00000285cf142b43 sp=0x000000bb9b8fa850 mode 3
Event: 3.069 Thread 0x00000285d93b3c80 DEOPT PACKING pc=0x00000285cf88a4fd sp=0x000000bb9b8fbb70
Event: 3.069 Thread 0x00000285d93b3c80 DEOPT UNPACKING pc=0x00000285cf142b43 sp=0x000000bb9b8fb0d8 mode 3
Event: 9.970 Thread 0x00000285d93b3c80 DEOPT PACKING pc=0x00000285cf457f19 sp=0x000000bb9b8fd180
Event: 9.970 Thread 0x00000285d93b3c80 DEOPT UNPACKING pc=0x00000285cf142b43 sp=0x000000bb9b8fc660 mode 3
Event: 10.347 Thread 0x00000285d93b3c80 DEOPT PACKING pc=0x00000285cf63e0c2 sp=0x000000bb9b8fd410
Event: 10.347 Thread 0x00000285d93b3c80 DEOPT UNPACKING pc=0x00000285cf142b43 sp=0x000000bb9b8fc918 mode 3
Event: 10.347 Thread 0x00000285d93b3c80 DEOPT PACKING pc=0x00000285cf616f45 sp=0x000000bb9b8fd3d0
Event: 10.347 Thread 0x00000285d93b3c80 DEOPT UNPACKING pc=0x00000285cf142b43 sp=0x000000bb9b8fc918 mode 3
Event: 3116.475 Thread 0x00000285d9172260 DEOPT PACKING pc=0x00000285cfd409e3 sp=0x000000bb9bcfdd90
Event: 3116.475 Thread 0x00000285d9172260 DEOPT UNPACKING pc=0x00000285cf142b43 sp=0x000000bb9bcfd220 mode 3
Event: 3309.607 Thread 0x00000285d916b880 DEOPT PACKING pc=0x00000285cfce45c4 sp=0x000000bb9b4fbfb0
Event: 3309.607 Thread 0x00000285d916b880 DEOPT UNPACKING pc=0x00000285cf142b43 sp=0x000000bb9b4fb448 mode 3
Event: 4659.449 Thread 0x00000285d91718c0 DEOPT PACKING pc=0x00000285d01472e6 sp=0x000000bb9bffc5c0
Event: 4659.449 Thread 0x00000285d91718c0 DEOPT UNPACKING pc=0x00000285cf142b43 sp=0x000000bb9bffba88 mode 3
Event: 5310.727 Thread 0x00000285d916b880 DEOPT PACKING pc=0x00000285d02d53fb sp=0x000000bb9bdfcc40
Event: 5310.727 Thread 0x00000285d916b880 DEOPT UNPACKING pc=0x00000285cf142b43 sp=0x000000bb9bdfc168 mode 3

Classes unloaded (20 events):
Event: 26815.349 Thread 0x00000285d7be8570 Unloading class 0x0000000100952cf0 'com/algaworks/algafood/domain/repository/RestauranteRepository'
Event: 26815.349 Thread 0x00000285d7be8570 Unloading class 0x0000000100952a98 'com/algaworks/algafood/infrastructure/repository/PermissaoRepositoryImpl'
Event: 26815.349 Thread 0x00000285d7be8570 Unloading class 0x00000001009528a0 'com/algaworks/algafood/domain/repository/PermissaoRepository'
Event: 26815.349 Thread 0x00000285d7be8570 Unloading class 0x0000000100952648 'com/algaworks/algafood/infrastructure/repository/FormaPagamentoRepositoryImpl'
Event: 26815.349 Thread 0x00000285d7be8570 Unloading class 0x0000000100952450 'com/algaworks/algafood/domain/repository/FormaPagamentoRepository'
Event: 26815.349 Thread 0x00000285d7be8570 Unloading class 0x00000001009521f8 'com/algaworks/algafood/infrastructure/repository/EstadoRepositoryImpl'
Event: 26815.349 Thread 0x00000285d7be8570 Unloading class 0x0000000100952000 'com/algaworks/algafood/domain/repository/EstadoRepository'
Event: 26815.349 Thread 0x00000285d7be8570 Unloading class 0x000000010026dc90 'com/algaworks/algafood/infrastructure/repository/CozinhaRepositoryImpl'
Event: 26815.349 Thread 0x00000285d7be8570 Unloading class 0x000000010026da98 'com/algaworks/algafood/domain/repository/CozinhaRepository'
Event: 26815.349 Thread 0x00000285d7be8570 Unloading class 0x000000010026d840 'com/algaworks/algafood/infrastructure/repository/CidadeRepositoryImpl'
Event: 26815.349 Thread 0x00000285d7be8570 Unloading class 0x000000010026d648 'com/algaworks/algafood/domain/repository/CidadeRepository'
Event: 26815.349 Thread 0x00000285d7be8570 Unloading class 0x000000010026d430 'com/algaworks/algafood/domain/service/CadastroRestauranteService'
Event: 26815.349 Thread 0x00000285d7be8570 Unloading class 0x000000010026d218 'com/algaworks/algafood/domain/service/CadastroEstadoService'
Event: 26815.349 Thread 0x00000285d7be8570 Unloading class 0x000000010026d000 'com/algaworks/algafood/domain/service/CadastroCozinhaService'
Event: 26815.349 Thread 0x00000285d7be8570 Unloading class 0x000000010091bc58 'com/algaworks/algafood/domain/service/CadastroCidadeService'
Event: 26815.349 Thread 0x00000285d7be8570 Unloading class 0x000000010091ba28 'com/algaworks/algafood/api/controller/RestauranteController'
Event: 26815.349 Thread 0x00000285d7be8570 Unloading class 0x000000010091b800 'com/algaworks/algafood/api/controller/EstadoController'
Event: 26815.349 Thread 0x00000285d7be8570 Unloading class 0x0000000100143430 'com/algaworks/algafood/api/controller/CozinhaController'
Event: 26815.349 Thread 0x00000285d7be8570 Unloading class 0x0000000100143200 'com/algaworks/algafood/api/controller/CidadeController'
Event: 26815.349 Thread 0x00000285d7be8570 Unloading class 0x0000000100143000 'com/algaworks/algafood/AlgafoodApplication'

Classes redefined (0 events):
No events

Internal exceptions (20 events):
Event: 32156.842 Thread 0x00000285d8e3bc30 Exception <a 'java/io/IOException'{0x00000000a5a4e768}> (0x00000000a5a4e768) 
thrown [e:\jenkins\tmp\workspace\build\src\src\hotspot\share\prims\jni.cpp, line 516]
Event: 32164.867 Thread 0x00000285d8e3b290 Exception <a 'java/io/IOException'{0x00000000a57aa658}> (0x00000000a57aa658) 
thrown [e:\jenkins\tmp\workspace\build\src\src\hotspot\share\prims\jni.cpp, line 516]
Event: 32164.867 Thread 0x00000285d8e3b290 Exception <a 'java/io/IOException'{0x00000000a57ab190}> (0x00000000a57ab190) 
thrown [e:\jenkins\tmp\workspace\build\src\src\hotspot\share\prims\jni.cpp, line 516]
Event: 32175.259 Thread 0x00000285d8e39f50 Exception <a 'java/io/IOException'{0x00000000a544b730}> (0x00000000a544b730) 
thrown [e:\jenkins\tmp\workspace\build\src\src\hotspot\share\prims\jni.cpp, line 516]
Event: 32175.260 Thread 0x00000285d8e39f50 Exception <a 'java/io/IOException'{0x00000000a544c268}> (0x00000000a544c268) 
thrown [e:\jenkins\tmp\workspace\build\src\src\hotspot\share\prims\jni.cpp, line 516]
Event: 32176.321 Thread 0x00000285d8e39f50 Exception <a 'java/io/IOException'{0x00000000a544f050}> (0x00000000a544f050) 
thrown [e:\jenkins\tmp\workspace\build\src\src\hotspot\share\prims\jni.cpp, line 516]
Event: 32179.951 Thread 0x00000285d8e39f50 Exception <a 'java/net/SocketException'{0x00000000a5451df0}: Connection reset by peer: shutdown> (0x00000000a5451df0) 
thrown [e:\jenkins\tmp\workspace\build\src\src\hotspot\share\prims\jni.cpp, line 535]
Event: 32191.728 Thread 0x00000285d8e39f50 Exception <a 'java/net/SocketException'{0x00000000a4fde6a0}: Connection reset by peer: shutdown> (0x00000000a4fde6a0) 
thrown [e:\jenkins\tmp\workspace\build\src\src\hotspot\share\prims\jni.cpp, line 535]
Event: 33902.119 Thread 0x00000285d8e39f50 Exception <a 'java/net/SocketException'{0x00000000a5899d28}: Connection reset by peer: shutdown> (0x00000000a5899d28) 
thrown [e:\jenkins\tmp\workspace\build\src\src\hotspot\share\prims\jni.cpp, line 535]
Event: 33912.286 Thread 0x00000285d8e3c5d0 Exception <a 'java/io/IOException'{0x00000000a56e4eb8}> (0x00000000a56e4eb8) 
thrown [e:\jenkins\tmp\workspace\build\src\src\hotspot\share\prims\jni.cpp, line 516]
Event: 33919.006 Thread 0x00000285d8e3cf70 Exception <a 'java/io/IOException'{0x00000000a530f8c8}> (0x00000000a530f8c8) 
thrown [e:\jenkins\tmp\workspace\build\src\src\hotspot\share\prims\jni.cpp, line 516]
Event: 33940.463 Thread 0x00000285d8e3bc30 Exception <a 'java/net/SocketException'{0x00000000a5098488}: Connection reset by peer: shutdown> (0x00000000a5098488) 
thrown [e:\jenkins\tmp\workspace\build\src\src\hotspot\share\prims\jni.cpp, line 535]
Event: 33941.039 Thread 0x00000285d8e3bc30 Exception <a 'java/io/IOException'{0x00000000a5099ef8}> (0x00000000a5099ef8) 
thrown [e:\jenkins\tmp\workspace\build\src\src\hotspot\share\prims\jni.cpp, line 516]
Event: 33949.135 Thread 0x00000285d8e3bc30 Exception <a 'java/io/IOException'{0x00000000a4c4dcb0}> (0x00000000a4c4dcb0) 
thrown [e:\jenkins\tmp\workspace\build\src\src\hotspot\share\prims\jni.cpp, line 516]
Event: 33953.711 Thread 0x00000285d8e3bc30 Exception <a 'java/net/SocketException'{0x00000000a4c50a50}: Connection reset by peer: shutdown> (0x00000000a4c50a50) 
thrown [e:\jenkins\tmp\workspace\build\src\src\hotspot\share\prims\jni.cpp, line 535]
Event: 33955.044 Thread 0x00000285d8e3bc30 Exception <a 'java/net/SocketException'{0x00000000a4c52478}: Connection reset by peer: shutdown> (0x00000000a4c52478) 
thrown [e:\jenkins\tmp\workspace\build\src\src\hotspot\share\prims\jni.cpp, line 535]
Event: 33962.357 Thread 0x00000285d8e3c5d0 Exception <a 'java/io/IOException'{0x00000000a4798ed0}> (0x00000000a4798ed0) 
thrown [e:\jenkins\tmp\workspace\build\src\src\hotspot\share\prims\jni.cpp, line 516]
Event: 33972.972 Thread 0x00000285d8e3b290 Exception <a 'java/net/SocketException'{0x00000000a45e44f0}: Connection reset by peer: shutdown> (0x00000000a45e44f0) 
thrown [e:\jenkins\tmp\workspace\build\src\src\hotspot\share\prims\jni.cpp, line 535]
Event: 35705.117 Thread 0x00000285d8e39f50 Exception <a 'java/net/SocketException'{0x00000000a428be60}: Connection reset by peer: shutdown> (0x00000000a428be60) 
thrown [e:\jenkins\tmp\workspace\build\src\src\hotspot\share\prims\jni.cpp, line 535]
Event: 35706.796 Thread 0x00000285d8e39f50 Exception <a 'java/io/IOException'{0x00000000a428d8d0}> (0x00000000a428d8d0) 
thrown [e:\jenkins\tmp\workspace\build\src\src\hotspot\share\prims\jni.cpp, line 516]

VM Operations (20 events):
Event: 35674.445 Executing VM operation: Cleanup done
Event: 35675.445 Executing VM operation: Cleanup
Event: 35675.445 Executing VM operation: Cleanup done
Event: 35677.445 Executing VM operation: Cleanup
Event: 35677.445 Executing VM operation: Cleanup done
Event: 35679.445 Executing VM operation: Cleanup
Event: 35679.445 Executing VM operation: Cleanup done
Event: 35682.445 Executing VM operation: Cleanup
Event: 35682.445 Executing VM operation: Cleanup done
Event: 35686.447 Executing VM operation: Cleanup
Event: 35686.447 Executing VM operation: Cleanup done
Event: 35692.450 Executing VM operation: Cleanup
Event: 35692.450 Executing VM operation: Cleanup done
Event: 35694.451 Executing VM operation: Cleanup
Event: 35694.451 Executing VM operation: Cleanup done
Event: 35702.453 Executing VM operation: Cleanup
Event: 35702.453 Executing VM operation: Cleanup done
Event: 35707.512 Executing VM operation: Cleanup
Event: 35707.512 Executing VM operation: Cleanup done
Event: 35711.823 Executing VM operation: G1CollectForAllocation

Events (20 events):
Event: 33962.356 Thread 0x00000285d8e3bc30 Thread added: 0x00000285d8e3bc30
Event: 33967.366 Thread 0x00000285d8e3c5d0 Thread exited: 0x00000285d8e3c5d0
Event: 33967.381 Thread 0x00000285d8e3bc30 Thread exited: 0x00000285d8e3bc30
Event: 33972.971 Thread 0x00000285d8e3b290 Thread added: 0x00000285d8e3b290
Event: 33972.972 Thread 0x00000285d8e3bc30 Thread added: 0x00000285d8e3bc30
Event: 33977.974 Thread 0x00000285d8e3b290 Thread exited: 0x00000285d8e3b290
Event: 33977.989 Thread 0x00000285d8e3bc30 Thread exited: 0x00000285d8e3bc30
Event: 35673.418 Thread 0x00000285d8e3cf70 Thread added: 0x00000285d8e3cf70
Event: 35673.418 Thread 0x00000285d8e3b290 Thread added: 0x00000285d8e3b290
Event: 35673.426 loading class java/util/concurrent/ConcurrentLinkedQueue$Itr
Event: 35673.426 loading class java/util/concurrent/ConcurrentLinkedQueue$Itr done
Event: 35673.427 loading class java/net/BindException
Event: 35673.427 loading class java/net/BindException done
Event: 35673.429 loading class java/text/FieldPosition$Delegate
Event: 35673.429 loading class java/text/FieldPosition$Delegate done
Event: 35678.423 Thread 0x00000285d8e3cf70 Thread exited: 0x00000285d8e3cf70
Event: 35693.350 Thread 0x00000285d8e3cf70 Thread added: 0x00000285d8e3cf70
Event: 35698.351 Thread 0x00000285d8e3cf70 Thread exited: 0x00000285d8e3cf70
Event: 35705.116 Thread 0x00000285d8e39f50 Thread added: 0x00000285d8e39f50
Event: 35711.805 Thread 0x00000285d8e39f50 Thread exited: 0x00000285d8e39f50


Dynamic libraries:
0x00007ff798170000 - 0x00007ff79817e000 	D:\Doc_Meire Lopes\Desktop\NOVOS DOWLOADS\Software\SPRING_REST\Sts\sts-4.15.1.RELEASE\plugins\org.eclipse.justj.openjdk.hotspot.jre.full.win32.x86_64_17.0.3.v20220515-1416\jre\bin\javaw.exe
0x00007ffb0a890000 - 0x00007ffb0aa86000 	C:\Windows\SYSTEM32\ntdll.dll
0x00007ffb08b50000 - 0x00007ffb08c0d000 	C:\Windows\System32\KERNEL32.DLL
0x00007ffb08310000 - 0x00007ffb085d8000 	C:\Windows\System32\KERNELBASE.dll
0x00007ffb08100000 - 0x00007ffb08200000 	C:\Windows\System32\ucrtbase.dll
0x00007ffaf1ae0000 - 0x00007ffaf1af9000 	D:\Doc_Meire Lopes\Desktop\NOVOS DOWLOADS\Software\SPRING_REST\Sts\sts-4.15.1.RELEASE\plugins\org.eclipse.justj.openjdk.hotspot.jre.full.win32.x86_64_17.0.3.v20220515-1416\jre\bin\VCRUNTIME140.dll
0x00007ffaf3a40000 - 0x00007ffaf3a58000 	D:\Doc_Meire Lopes\Desktop\NOVOS DOWLOADS\Software\SPRING_REST\Sts\sts-4.15.1.RELEASE\plugins\org.eclipse.justj.openjdk.hotspot.jre.full.win32.x86_64_17.0.3.v20220515-1416\jre\bin\jli.dll
0x00007ffb090e0000 - 0x00007ffb09280000 	C:\Windows\System32\USER32.dll
0x00007ffb08770000 - 0x00007ffb08792000 	C:\Windows\System32\win32u.dll
0x00007ffaf3480000 - 0x00007ffaf371b000 	C:\Windows\WinSxS\amd64_microsoft.windows.common-controls_6595b64144ccf1df_6.0.19041.488_none_ca04af081b815d21\COMCTL32.dll
0x00007ffb09900000 - 0x00007ffb0992a000 	C:\Windows\System32\GDI32.dll
0x00007ffb08200000 - 0x00007ffb08309000 	C:\Windows\System32\gdi32full.dll
0x00007ffb08900000 - 0x00007ffb0899e000 	C:\Windows\System32\msvcrt.dll
0x00007ffb087a0000 - 0x00007ffb0883d000 	C:\Windows\System32\msvcp_win.dll
0x00007ffb08d50000 - 0x00007ffb08d80000 	C:\Windows\System32\IMM32.DLL
0x00007ffaf19a0000 - 0x00007ffaf19ac000 	D:\Doc_Meire Lopes\Desktop\NOVOS DOWLOADS\Software\SPRING_REST\Sts\sts-4.15.1.RELEASE\plugins\org.eclipse.justj.openjdk.hotspot.jre.full.win32.x86_64_17.0.3.v20220515-1416\jre\bin\vcruntime140_1.dll
0x00007ffab3690000 - 0x00007ffab3721000 	D:\Doc_Meire Lopes\Desktop\NOVOS DOWLOADS\Software\SPRING_REST\Sts\sts-4.15.1.RELEASE\plugins\org.eclipse.justj.openjdk.hotspot.jre.full.win32.x86_64_17.0.3.v20220515-1416\jre\bin\msvcp140.dll
0x00007ffaaab70000 - 0x00007ffaab7b8000 	D:\Doc_Meire Lopes\Desktop\NOVOS DOWLOADS\Software\SPRING_REST\Sts\sts-4.15.1.RELEASE\plugins\org.eclipse.justj.openjdk.hotspot.jre.full.win32.x86_64_17.0.3.v20220515-1416\jre\bin\server\jvm.dll
0x00007ffb09400000 - 0x00007ffb094ac000 	C:\Windows\System32\ADVAPI32.dll
0x00007ffb08ab0000 - 0x00007ffb08b4b000 	C:\Windows\System32\sechost.dll
0x00007ffb094b0000 - 0x00007ffb095d4000 	C:\Windows\System32\RPCRT4.dll
0x00007ffb0a140000 - 0x00007ffb0a148000 	C:\Windows\System32\PSAPI.DLL
0x00007ffb03ca0000 - 0x00007ffb03ca9000 	C:\Windows\SYSTEM32\WSOCK32.dll
0x00007ffaf8af0000 - 0x00007ffaf8b17000 	C:\Windows\SYSTEM32\WINMM.dll
0x00007ffb024f0000 - 0x00007ffb024fa000 	C:\Windows\SYSTEM32\VERSION.dll
0x00007ffb09760000 - 0x00007ffb097cb000 	C:\Windows\System32\WS2_32.dll
0x00007ffb05f40000 - 0x00007ffb05f52000 	C:\Windows\SYSTEM32\kernel.appcore.dll
0x00007ffb00b60000 - 0x00007ffb00b6a000 	D:\Doc_Meire Lopes\Desktop\NOVOS DOWLOADS\Software\SPRING_REST\Sts\sts-4.15.1.RELEASE\plugins\org.eclipse.justj.openjdk.hotspot.jre.full.win32.x86_64_17.0.3.v20220515-1416\jre\bin\jimage.dll
0x00007ffafa410000 - 0x00007ffafa5f4000 	C:\Windows\SYSTEM32\DBGHELP.DLL
0x00007ffaf9d50000 - 0x00007ffaf9d7c000 	C:\Windows\SYSTEM32\dbgcore.DLL
0x00007ffb08020000 - 0x00007ffb0809f000 	C:\Windows\System32\bcryptPrimitives.dll
0x00007ffaf3a60000 - 0x00007ffaf3a85000 	D:\Doc_Meire Lopes\Desktop\NOVOS DOWLOADS\Software\SPRING_REST\Sts\sts-4.15.1.RELEASE\plugins\org.eclipse.justj.openjdk.hotspot.jre.full.win32.x86_64_17.0.3.v20220515-1416\jre\bin\java.dll
0x00007ffaf3a20000 - 0x00007ffaf3a38000 	D:\Doc_Meire Lopes\Desktop\NOVOS DOWLOADS\Software\SPRING_REST\Sts\sts-4.15.1.RELEASE\plugins\org.eclipse.justj.openjdk.hotspot.jre.full.win32.x86_64_17.0.3.v20220515-1416\jre\bin\zip.dll
0x00007ffb099f0000 - 0x00007ffb0a131000 	C:\Windows\System32\SHELL32.dll
0x00007ffb06140000 - 0x00007ffb068d5000 	C:\Windows\SYSTEM32\windows.storage.dll
0x00007ffb08d80000 - 0x00007ffb090d5000 	C:\Windows\System32\combase.dll
0x00007ffb07970000 - 0x00007ffb0799c000 	C:\Windows\SYSTEM32\Wldp.dll
0x00007ffb09350000 - 0x00007ffb093fe000 	C:\Windows\System32\SHCORE.dll
0x00007ffb08a50000 - 0x00007ffb08aa5000 	C:\Windows\System32\shlwapi.dll
0x00007ffb07f00000 - 0x00007ffb07f26000 	C:\Windows\SYSTEM32\profapi.dll
0x00007ffaf3a00000 - 0x00007ffaf3a19000 	D:\Doc_Meire Lopes\Desktop\NOVOS DOWLOADS\Software\SPRING_REST\Sts\sts-4.15.1.RELEASE\plugins\org.eclipse.justj.openjdk.hotspot.jre.full.win32.x86_64_17.0.3.v20220515-1416\jre\bin\net.dll
0x00007ffb032b0000 - 0x00007ffb033b0000 	C:\Windows\SYSTEM32\WINHTTP.dll
0x00007ffb076f0000 - 0x00007ffb0775a000 	C:\Windows\system32\mswsock.dll
0x00007ffaf37b0000 - 0x00007ffaf37c5000 	D:\Doc_Meire Lopes\Desktop\NOVOS DOWLOADS\Software\SPRING_REST\Sts\sts-4.15.1.RELEASE\plugins\org.eclipse.justj.openjdk.hotspot.jre.full.win32.x86_64_17.0.3.v20220515-1416\jre\bin\nio.dll
0x00007ffaf1830000 - 0x00007ffaf1839000 	D:\Doc_Meire Lopes\Desktop\NOVOS DOWLOADS\Software\SPRING_REST\Sts\sts-4.15.1.RELEASE\plugins\org.eclipse.justj.openjdk.hotspot.jre.full.win32.x86_64_17.0.3.v20220515-1416\jre\bin\management.dll
0x00007ffaf1820000 - 0x00007ffaf182b000 	D:\Doc_Meire Lopes\Desktop\NOVOS DOWLOADS\Software\SPRING_REST\Sts\sts-4.15.1.RELEASE\plugins\org.eclipse.justj.openjdk.hotspot.jre.full.win32.x86_64_17.0.3.v20220515-1416\jre\bin\management_ext.dll
0x00007ffafc2f0000 - 0x00007ffafc307000 	C:\Windows\system32\napinsp.dll
0x00007ffafc1c0000 - 0x00007ffafc1db000 	C:\Windows\system32\pnrpnsp.dll
0x00007ffafbd50000 - 0x00007ffafbd65000 	C:\Windows\system32\wshbth.dll
0x00007ffb03b70000 - 0x00007ffb03b8d000 	C:\Windows\system32\NLAapi.dll
0x00007ffb073e0000 - 0x00007ffb0741b000 	C:\Windows\SYSTEM32\IPHLPAPI.DLL
0x00007ffb07420000 - 0x00007ffb074eb000 	C:\Windows\SYSTEM32\DNSAPI.dll
0x00007ffb09950000 - 0x00007ffb09958000 	C:\Windows\System32\NSI.dll
0x00007ffafbc10000 - 0x00007ffafbc22000 	C:\Windows\System32\winrnr.dll
0x00007ffb01830000 - 0x00007ffb0183a000 	C:\Windows\System32\rasadhlp.dll
0x00007ffb00500000 - 0x00007ffb0057f000 	C:\Windows\System32\fwpuclnt.dll
0x00007ffb085e0000 - 0x00007ffb08607000 	C:\Windows\System32\bcrypt.dll
0x00007ffb078c0000 - 0x00007ffb078d8000 	C:\Windows\SYSTEM32\CRYPTSP.dll
0x00007ffb07080000 - 0x00007ffb070b4000 	C:\Windows\system32\rsaenh.dll
0x00007ffb07ec0000 - 0x00007ffb07eee000 	C:\Windows\SYSTEM32\USERENV.dll
0x00007ffb078e0000 - 0x00007ffb078ec000 	C:\Windows\SYSTEM32\CRYPTBASE.dll
0x00007ffb02a60000 - 0x00007ffb02a77000 	C:\Windows\SYSTEM32\dhcpcsvc6.DLL
0x00007ffb02a30000 - 0x00007ffb02a4d000 	C:\Windows\SYSTEM32\dhcpcsvc.DLL
0x00007ffafa790000 - 0x00007ffafa7a0000 	D:\Doc_Meire Lopes\Desktop\NOVOS DOWLOADS\Software\SPRING_REST\Sts\sts-4.15.1.RELEASE\plugins\org.eclipse.justj.openjdk.hotspot.jre.full.win32.x86_64_17.0.3.v20220515-1416\jre\bin\verify.dll
0x00007ffaf3950000 - 0x00007ffaf395e000 	D:\Doc_Meire Lopes\Desktop\NOVOS DOWLOADS\Software\SPRING_REST\Sts\sts-4.15.1.RELEASE\plugins\org.eclipse.justj.openjdk.hotspot.jre.full.win32.x86_64_17.0.3.v20220515-1416\jre\bin\sunmscapi.dll
0x00007ffb08610000 - 0x00007ffb0876d000 	C:\Windows\System32\CRYPT32.dll
0x00007ffb079e0000 - 0x00007ffb07a07000 	C:\Windows\SYSTEM32\ncrypt.dll
0x00007ffb079a0000 - 0x00007ffb079db000 	C:\Windows\SYSTEM32\NTASN1.dll
0x00007ffaf1b00000 - 0x00007ffaf1b07000 	C:\Windows\system32\wshunix.dll

dbghelp: loaded successfully - version: 4.0.5 - missing functions: none
symbol engine: initialized successfully - sym options: 0x614 - pdb path: .;D:\Doc_Meire Lopes\Desktop\NOVOS DOWLOADS\Software\SPRING_REST\Sts\sts-4.15.1.RELEASE\plugins\org.eclipse.justj.openjdk.hotspot.jre.full.win32.x86_64_17.0.3.v20220515-1416\jre\bin;C:\Windows\SYSTEM32;C:\Windows\WinSxS\amd64_microsoft.windows.common-controls_6595b64144ccf1df_6.0.19041.488_none_ca04af081b815d21;D:\Doc_Meire Lopes\Desktop\NOVOS DOWLOADS\Software\SPRING_REST\Sts\sts-4.15.1.RELEASE\plugins\org.eclipse.justj.openjdk.hotspot.jre.full.win32.x86_64_17.0.3.v20220515-1416\jre\bin\server

VM Arguments:
jvm_args: -Dcom.sun.management.jmxremote -Dcom.sun.management.jmxremote.port=52875 -Dcom.sun.management.jmxremote.authenticate=false -Dcom.sun.management.jmxremote.ssl=false -Djava.rmi.server.hostname=localhost -Dspring.jmx.enabled=true -Dspring.application.admin.enabled=true -XX:TieredStopAtLevel=1 -Dspring.boot.project.name=algafood -Dfile.encoding=UTF-8 -XX:+ShowCodeDetailsInExceptionMessages 
java_command: com.algaworks.algafood.AlgafoodApplication --spring.output.ansi.enabled=always
java_class_path (initial): C:\Users\USUARIO\git\algafood\algafood\target\classes;C:\Users\USUARIO\.m2\repository\org\springframework\boot\spring-boot-starter-web\2.7.5\spring-boot-starter-web-2.7.5.jar;C:\Users\USUARIO\.m2\repository\org\springframework\boot\spring-boot-starter-json\2.7.5\spring-boot-starter-json-2.7.5.jar;C:\Users\USUARIO\.m2\repository\com\fasterxml\jackson\datatype\jackson-datatype-jdk8\2.13.4\jackson-datatype-jdk8-2.13.4.jar;C:\Users\USUARIO\.m2\repository\com\fasterxml\jackson\datatype\jackson-datatype-jsr310\2.13.4\jackson-datatype-jsr310-2.13.4.jar;C:\Users\USUARIO\.m2\repository\com\fasterxml\jackson\module\jackson-module-parameter-names\2.13.4\jackson-module-parameter-names-2.13.4.jar;C:\Users\USUARIO\.m2\repository\org\springframework\boot\spring-boot-starter-tomcat\2.7.5\spring-boot-starter-tomcat-2.7.5.jar;C:\Users\USUARIO\.m2\repository\org\apache\tomcat\embed\tomcat-embed-core\9.0.68\tomcat-embed-core-9.0.68.jar;C:\Users\USUARIO\.m2\repository\org\apache\tomcat\embed\tomcat-embed-el\9.0.68\tomcat-embed-el-9.0.68.jar;C:\Users\USUARIO\.m2\repository\org\apache\tomcat\embed\tomcat-embed-websocket\9.0.68\tomcat-embed-websocket-9.0.68.jar;C:\Users\USUARIO\.m2\repository\org\springframework\spring-web\5.3.23\spring-web-5.3.23.jar;C:\Users\USUARIO\.m2\repository\org\springframework\spring-beans\5.3.23\spring-beans-5.3.23.jar;C:\Users\USUARIO\.m2\repository\org\springframework\spring-webmvc\5.3.23\spring-webmvc-5.3.23.jar;C:\Users\USUARIO\.m2\repository\org\springframework\spring-aop\5.3.23\spring-aop-5.3.23.jar;C:\Users\USUARIO\.m2\repository\org\springframework\spring-context\5.3.23\spring-context-5.3.23.jar;C:\Users\USUARIO\.m2\repository\org\springframework\spring-expression\5.3.23\spring-expression-5.3.23.jar;C:\Users\USUARIO\.m2\repository\org\springframework\boot\spring-boot-devtools\2.7.5\spring-boot-devtools-2.7.5.jar;C:\Users\USUARIO\.m2\repository\org\springframework\boot\spring-boot\2.7.5\spring-boot-2.7.5.jar;C:\Users\USUARIO\.m
Launcher Type: SUN_STANDARD

[Global flags]
     intx CICompilerCount                          = 3                                         {product} {ergonomic}
     uint ConcGCThreads                            = 1                                         {product} {ergonomic}
     uint G1ConcRefinementThreads                  = 4                                         {product} {ergonomic}
   size_t G1HeapRegionSize                         = 1048576                                   {product} {ergonomic}
    uintx GCDrainStackTargetSize                   = 64                                        {product} {ergonomic}
   size_t InitialHeapSize                          = 100663296                                 {product} {ergonomic}
     bool ManagementServer                         = true                                      {product} {command line}
   size_t MarkStackSize                            = 4194304                                   {product} {ergonomic}
   size_t MaxHeapSize                              = 1581252608                                {product} {ergonomic}
   size_t MaxNewSize                               = 947912704                                 {product} {ergonomic}
   size_t MinHeapDeltaBytes                        = 1048576                                   {product} {ergonomic}
   size_t MinHeapSize                              = 8388608                                   {product} {ergonomic}
    uintx NonProfiledCodeHeapSize                  = 0                                      {pd product} {ergonomic}
     bool ProfileInterpreter                       = false                                  {pd product} {command line}
    uintx ProfiledCodeHeapSize                     = 0                                      {pd product} {ergonomic}
     bool ShowCodeDetailsInExceptionMessages       = true                                   {manageable} {command line}
   size_t SoftMaxHeapSize                          = 1581252608                             {manageable} {ergonomic}
     intx TieredStopAtLevel                        = 1                                         {product} {command line}
     bool UseCompressedClassPointers               = true                           {product lp64_product} {ergonomic}
     bool UseCompressedOops                        = true                           {product lp64_product} {ergonomic}
     bool UseG1GC                                  = true                                      {product} {ergonomic}
     bool UseLargePagesIndividualAllocation        = false                                  {pd product} {ergonomic}

Logging:
Log output configuration:
 #0: stdout all=warning uptime,level,tags
 #1: stderr all=off uptime,level,tags

Environment Variables:
PATH=D:/Doc_Meire Lopes/Desktop/NOVOS DOWLOADS/Software/SPRING_REST/Sts/sts-4.15.1.RELEASE//plugins/org.eclipse.justj.openjdk.hotspot.jre.full.win32.x86_64_17.0.3.v20220515-1416/jre/bin/server;D:/Doc_Meire Lopes/Desktop/NOVOS DOWLOADS/Software/SPRING_REST/Sts/sts-4.15.1.RELEASE//plugins/org.eclipse.justj.openjdk.hotspot.jre.full.win32.x86_64_17.0.3.v20220515-1416/jre/bin;C:\Program Files (x86)\Common Files\Intel\Shared Libraries\redist\intel64\compiler;C:\Windows\system32;C:\Windows;C:\Windows\System32\Wbem;C:\Windows\System32\WindowsPowerShell\v1.0\;C:\Windows\System32\OpenSSH\;C:\Program Files\Microsoft SQL Server\120\Tools\Binn\;C:\Program Files\Common Files\Autodesk Shared\;C:\MinGW\bin;C:\Program Files (x86)\HP\Common\HPDestPlgIn\;C:\Program Files\Git\cmd;C:\Program Files\Git;C:\Program Files\Java\jdk-14.0.1\bin;C:\Program Files\Java\jdk-11.0.15+10\bin;C:\Users\USUARIO\AppData\Local\Microsoft\WindowsApps;d:\Program Files\JetBrains\IntelliJ IDEA Community Edition 2021.1.3\bin;;C:\Program Files (x86)\HP\Common\HPDestPlgIn\;C:\Program Files\Java\jdk-14.0.1\bin;D:\Doc_Meire Lopes\Desktop\2022\Digital House\Softwares\apache-maven-3.8.5\bin;D:\Doc_Meire Lopes\Desktop\2022\JAVA\apache-maven-3.8.6\bin;C:\Users\USUARIO\AppData\Local\Programs\Microsoft VS Code\bin;C:\Program Files\Java\jdk-11.0.15+10\bin;D:\Doc_Meire Lopes\Desktop\NOVOS DOWLOADS\Software\apache-maven-3.8.6\bin;;D:\Doc_Meire Lopes\Desktop\NOVOS DOWLOADS\Software\SPRING_REST\Sts\sts-4.15.1.RELEASE;
USERNAME=USUARIO
OS=Windows_NT
PROCESSOR_IDENTIFIER=Intel64 Family 6 Model 60 Stepping 3, GenuineIntel



---------------  S Y S T E M  ---------------

OS:
 Windows 10 , 64 bit Build 19041 (10.0.19041.546)
OS uptime: 0 days 11:47 hours

CPU: total 4 (initial active 4) (4 cores per cpu, 1 threads per core) family 6 model 60 stepping 3 microcode 0x27, cx8, cmov, fxsr, mmx, sse, sse2, sse3, ssse3, sse4.1, sse4.2, popcnt, lzcnt, tsc, tscinvbit, avx, avx2, aes, erms, clmul, bmi1, bmi2, fma, vzeroupper, clflush

Memory: 4k page, system-wide physical 6027M (504M free)
TotalPageFile size 10297M (AvailPageFile size 1596M)
current process WorkingSet (physical memory assigned to process): 219M, peak: 230M
current process commit charge ("private bytes"): 254M, peak: 262M

vm_info: OpenJDK 64-Bit Server VM (17.0.3+7) for windows-amd64 JRE (17.0.3+7), built on Apr 19 2022 16:55:35 by "" with MS VC++ 16.7 (VS2019)

END.
