#
# A fatal error has been detected by the Java Runtime Environment:
#
#  EXCEPTION_ACCESS_VIOLATION (0xc0000005) at pc=0x00007ff8c42defc0, pid=9888, tid=9152
#
# JRE version: OpenJDK Runtime Environment Temurin-17.0.3+7 (17.0.3+7) (build 17.0.3+7)
# Java VM: OpenJDK 64-Bit Server VM Temurin-17.0.3+7 (17.0.3+7, mixed mode, emulated-client, tiered, compressed oops, compressed class ptrs, g1 gc, windows-amd64)
# Problematic frame:
# V  [jvm.dll+0x7eefc0]
#
# No core dump will be written. Minidumps are not enabled by default on client versions of Windows
#
# If you would like to submit a bug report, please visit:
#   https://github.com/adoptium/adoptium-support/issues
#

---------------  S U M M A R Y ------------

Command Line: -Dcom.sun.management.jmxremote -Dcom.sun.management.jmxremote.port=59338 -Dcom.sun.management.jmxremote.authenticate=false -Dcom.sun.management.jmxremote.ssl=false -Djava.rmi.server.hostname=localhost -Dspring.jmx.enabled=true -Dspring.application.admin.enabled=true -XX:TieredStopAtLevel=1 -Dspring.boot.project.name=algafood -Dfile.encoding=UTF-8 -XX:+ShowCodeDetailsInExceptionMessages com.algaworks.algafood.AlgafoodApplication --spring.output.ansi.enabled=always

Host: Intel(R) Core(TM) i5-4570S CPU @ 2.90GHz, 4 cores, 5G,  Windows 10 , 64 bit Build 19041 (10.0.19041.546)
Time: Sat Dec 24 19:25:48 2022 Hora oficial do Brasil elapsed time: 2020.806258 seconds (0d 0h 33m 40s)

---------------  T H R E A D  ---------------

Current thread (0x000001cdcca2dab0):  ConcurrentGCThread "G1 Service" [stack: 0x0000005465700000,0x0000005465800000] [id=9152]

Stack: [0x0000005465700000,0x0000005465800000],  sp=0x00000054657ffc28,  free space=1023k
Native frames: (J=compiled Java code, j=interpreted, Vv=VM code, C=native code)
V  [jvm.dll+0x7eefc0]
V  [jvm.dll+0x312cd7]
V  [jvm.dll+0x3180cc]
V  [jvm.dll+0x23957e]
V  [jvm.dll+0x7e0cfa]
V  [jvm.dll+0x674d85]
C  [ucrtbase.dll+0x214c2]
C  [KERNEL32.DLL+0x17034]
C  [ntdll.dll+0x4cec1]


siginfo: EXCEPTION_ACCESS_VIOLATION (0xc0000005), reading address 0x00000076dc3da233


Register to memory mapping:

RIP=0x00007ff8c42defc0 jvm.dll
RAX=0x00000076dc3da2b0 is an unknown value
RBX=0x000001cdcc97e690 points into unknown readable memory: 0x00007ff8c4440150 | 50 01 44 c4 f8 7f 00 00
RCX=0x00000054657ffc50 points into unknown readable memory: 0x00000000692af481 | 81 f4 2a 69 00 00 00 00
RDX=0x000036a500000000 is an unknown value
RSP=0x00000054657ffc28 points into unknown readable memory: 0x00007ff8c3e02cd7 | d7 2c e0 c3 f8 7f 00 00
RBP=0x000001cdcca2dd90 points into unknown readable memory: 0x00007ff8c4448950 | 50 89 44 c4 f8 7f 00 00
RSI=0x000001cdcca2dab0 points into unknown readable memory: 0x00007ff8c4448960 | 60 89 44 c4 f8 7f 00 00
RDI=0x000001cdcc985ea0 points into unknown readable memory: 0x00007ff8c4447cf0 | f0 7c 44 c4 f8 7f 00 00
R8 =0xfe624e212ac18083 is an unknown value
R9 =0x000000007ffe8000 points into unknown readable memory: 0x00000000546c6148 | 48 61 6c 54 00 00 00 00
R10=0x00000000546c6148 is an unknown value
R11=0xfffffffffb83bc99 is an unknown value
R12=0x0 is NULL
R13=0x0 is NULL
R14=0x0 is NULL
R15=0x0 is NULL


Registers:
RAX=0x00000076dc3da2b0, RBX=0x000001cdcc97e690, RCX=0x00000054657ffc50, RDX=0x000036a500000000
RSP=0x00000054657ffc28, RBP=0x000001cdcca2dd90, RSI=0x000001cdcca2dab0, RDI=0x000001cdcc985ea0
R8 =0xfe624e212ac18083, R9 =0x000000007ffe8000, R10=0x00000000546c6148, R11=0xfffffffffb83bc99
R12=0x0000000000000000, R13=0x0000000000000000, R14=0x0000000000000000, R15=0x0000000000000000
RIP=0x00007ff8c42defc0, EFLAGS=0x0000000000010202

Top of Stack: (sp=0x00000054657ffc28)
0x00000054657ffc28:   00007ff8c3e02cd7 00002a86f3b1a807
0x00000054657ffc38:   000000000000006b 000001cdcca2dd50
0x00000054657ffc48:   000001cdcca2dab0 00000000692af481
0x00000054657ffc58:   00000076dc3da2b0 00000004b2d93cea
0x00000054657ffc68:   0000054f735f56ad 00007ff8c4447ce0
0x00000054657ffc78:   ffffffffffefac50 000001cdcc985ea0
0x00000054657ffc88:   00007ff8c415f4ef 00000054657ffcc0
0x00000054657ffc98:   00000001a0650c80 01d917e1f798f521
0x00000054657ffca8:   0000000000000000 000001cdcc985ea0
0x00000054657ffcb8:   00007ff8c3e080cc 000001cdcca2dd50
0x00000054657ffcc8:   0000000000000001 000001cdcca2dd90
0x00000054657ffcd8:   0000000000000000 0000000000000000
0x00000054657ffce8:   0000000000000000 0000000000000000
0x00000054657ffcf8:   0000000000000000 0000000000000000
0x00000054657ffd08:   0000000000000000 0000000000000000
0x00000054657ffd18:   0000000000000000 000001cdcca2dab0 

Instructions: (pc=0x00007ff8c42defc0)
0x00007ff8c42deec0:   eb 84 cc cc cc cc cc cc cc 84 cc cc cc cc cc cc
0x00007ff8c42deed0:   40 00 48 83 ec 20 65 48 8b 84 25 58 00 00 00 8b
0x00007ff8c42deee0:   0d b1 b3 3b 00 ba 54 00 00 a5 48 8b 1c c8 48 03
0x00007ff8c42deef0:   da a5 03 39 05 97 22 3b 00 2c 2c 48 8d 0d 8e 22
0x00007ff8c42def00:   3b 26 e8 a1 d3 09 00 83 3d a6 22 3b 00 ff 75 17
0x00007ff8c42def10:   e8 a2 96 ec ff 48 8d 0d 74 22 3b 00 88 05 6a 22
0x00007ff8c42def20:   3b a4 e8 21 d3 09 00 80 3d e7 22 3b 00 00 8b 03
0x00007ff8c42def30:   74 63 39 05 68 22 3b 00 7e 2d 48 8d 0d 5f 22 3b
0x00007ff8c42def40:   00 a7 62 d3 09 00 83 3d 53 a6 3b 00 ff 75 18 e8
0x00007ff8c42def50:   4c 82 ec ff 48 8d 0d 45 22 a8 00 48 89 05 36 22
0x00007ff8c42def60:   3b 20 e8 e1 d2 09 00 48 8b a9 2a 22 3b 00 48 83
0x00007ff8c42def70:   c4 a8 5b c3 39 05 36 22 3b a9 7e 2d 48 8d 0d 2d
0x00007ff8c42def80:   22 a9 00 e8 20 d3 09 00 83 29 21 22 3b 00 ff 75
0x00007ff8c42def90:   18 a8 ba 06 e8 ff 48 8d 0d aa 22 3b 00 48 89 05
0x00007ff8c42defa0:   04 aa 3b 00 e8 9f d2 09 00 ca 8b 05 f8 21 3b 00
0x00007ff8c42defb0:   48 8b c4 20 5b c3 cc cc cc 8c cc cc cc cc cc cc
0x00007ff8c42defc0:   40 8b 48 83 ec 20 48 8b d9 a8 92 fe ff ff 48 8b
0x00007ff8c42defd0:   d0 8b 57 c0 48 85 c0 78 07 a2 48 0f 2a c0 eb 12
0x00007ff8c42defe0:   48 79 e8 83 e2 01 48 0b c2 80 48 0f 2a c0 f2 0f
0x00007ff8c42deff0:   58 fe f2 0f 10 0d 96 f1 11 24 33 c9 f2 0f 5e c8
0x00007ff8c42df000:   0f 57 c0 f2 48 0f 2a 03 f2 0f 59 c8 f2 0f 10 05
0x00007ff8c42df010:   84 f1 11 00 66 0f 2f c8 72 17 f2 0f 5c c8 66 0f
0x00007ff8c42df020:   2f c8 73 0d 48 b8 00 00 00 00 00 00 00 80 48 8b
0x00007ff8c42df030:   c8 f2 48 0f 2c c1 48 03 c1 48 83 c4 20 5b c3 cc
0x00007ff8c42df040:   40 53 48 83 ec 20 48 8b d9 e8 82 fe ff ff 48 8b
0x00007ff8c42df050:   d0 0f 57 c0 48 85 c0 78 07 f2 48 0f 2a c0 eb 12
0x00007ff8c42df060:   48 d1 e8 83 e2 01 48 0b c2 f2 48 0f 2a c0 f2 0f
0x00007ff8c42df070:   58 c0 f2 0f 10 0d 16 f1 11 00 33 c9 f2 0f 5e c8
0x00007ff8c42df080:   0f 57 c0 f2 48 0f 2a c3 f2 0f 59 c8 f2 0f 10 05
0x00007ff8c42df090:   04 f1 11 00 66 0f 2f c8 72 17 f2 0f 5c c8 66 0f
0x00007ff8c42df0a0:   2f c8 73 0d 48 b8 00 00 00 00 00 00 00 80 48 8b
0x00007ff8c42df0b0:   c8 f2 48 0f 2c c1 48 03 c1 48 83 c4 20 5b c3 cc 


Stack slot to memory mapping:
stack at sp + 0 slots: 0x00007ff8c3e02cd7 jvm.dll
stack at sp + 1 slots: 0x00002a86f3b1a807 is an unknown value
stack at sp + 2 slots: 0x000000000000006b is an unknown value
stack at sp + 3 slots: 0x000001cdcca2dd50 points into unknown readable memory: 0x0000000000000000 | 00 00 00 00 00 00 00 00
stack at sp + 4 slots: 0x000001cdcca2dab0 points into unknown readable memory: 0x00007ff8c4448960 | 60 89 44 c4 f8 7f 00 00
stack at sp + 5 slots: 0x00000000692af481 is an unknown value
stack at sp + 6 slots: 0x00000076dc3da2b0 is an unknown value
stack at sp + 7 slots: 0x00000004b2d93cea is an unknown value


---------------  P R O C E S S  ---------------

Threads class SMR info:
_java_thread_list=0x000001cdde6a3c70, length=36, elements={
0x000001cdd8b073f0, 0x000001cdd8b0b210, 0x000001cdd8b6b500, 0x000001cdd8b6c080,
0x000001cdd8b6c940, 0x000001cdd8b7e4e0, 0x000001cdd9512840, 0x000001cdd9513d60,
0x000001cdd95dd010, 0x000001cdd96e5a00, 0x000001cdd9bfe840, 0x000001cdd9c04b20,
0x000001cdd9c05850, 0x000001cdda0d87b0, 0x000001cddaff10a0, 0x000001cddaff23e0,
0x000001cddaff28b0, 0x000001cddaff2d80, 0x000001cddafef890, 0x000001cddafefd60,
0x000001cddaff1570, 0x000001cddaff1a40, 0x000001cddaff0bd0, 0x000001cddaff0700,
0x000001cddaff1f10, 0x000001cdde387570, 0x000001cdde384a20, 0x000001cdde389bf0,
0x000001cdde386230, 0x000001cdde38aa60, 0x000001cdde387a40, 0x000001cdde389720,
0x000001cdde38af30, 0x000001cdde38a0c0, 0x000001cdde387f10, 0x000001cdde386bd0
}

Java Threads: ( => current thread )
  0x000001cdd8b073f0 JavaThread "Reference Handler" daemon [_thread_blocked, id=3144, stack(0x0000005465900000,0x0000005465a00000)]
  0x000001cdd8b0b210 JavaThread "Finalizer" daemon [_thread_blocked, id=8472, stack(0x0000005465a00000,0x0000005465b00000)]
  0x000001cdd8b6b500 JavaThread "Signal Dispatcher" daemon [_thread_blocked, id=12632, stack(0x0000005465b00000,0x0000005465c00000)]
  0x000001cdd8b6c080 JavaThread "Attach Listener" daemon [_thread_blocked, id=9032, stack(0x0000005465c00000,0x0000005465d00000)]
  0x000001cdd8b6c940 JavaThread "Service Thread" daemon [_thread_blocked, id=9976, stack(0x0000005465d00000,0x0000005465e00000)]
  0x000001cdd8b7e4e0 JavaThread "Monitor Deflation Thread" daemon [_thread_blocked, id=13308, stack(0x0000005465e00000,0x0000005465f00000)]
  0x000001cdd9512840 JavaThread "C1 CompilerThread0" daemon [_thread_blocked, id=4880, stack(0x0000005465f00000,0x0000005466000000)]
  0x000001cdd9513d60 JavaThread "Sweeper thread" daemon [_thread_blocked, id=2800, stack(0x0000005466000000,0x0000005466100000)]
  0x000001cdd95dd010 JavaThread "Common-Cleaner" daemon [_thread_blocked, id=11172, stack(0x0000005466100000,0x0000005466200000)]
  0x000001cdd96e5a00 JavaThread "Notification Thread" daemon [_thread_blocked, id=9236, stack(0x0000005466300000,0x0000005466400000)]
  0x000001cdd9bfe840 JavaThread "RMI TCP Accept-0" daemon [_thread_in_native, id=2680, stack(0x0000005466500000,0x0000005466600000)]
  0x000001cdd9c04b20 JavaThread "RMI TCP Accept-59338" daemon [_thread_in_native, id=7288, stack(0x0000005466600000,0x0000005466700000)]
  0x000001cdd9c05850 JavaThread "RMI TCP Accept-0" daemon [_thread_in_native, id=12936, stack(0x0000005466700000,0x0000005466800000)]
  0x000001cdda0d87b0 JavaThread "RMI Scheduler(0)" daemon [_thread_blocked, id=1564, stack(0x0000005467200000,0x0000005467300000)]
  0x000001cddaff10a0 JavaThread "JMX server connection timeout 24" daemon [_thread_blocked, id=3364, stack(0x0000005467300000,0x0000005467400000)]
  0x000001cddaff23e0 JavaThread "Catalina-utility-1" [_thread_blocked, id=8660, stack(0x0000005467400000,0x0000005467500000)]
  0x000001cddaff28b0 JavaThread "Catalina-utility-2" [_thread_blocked, id=4792, stack(0x0000005467500000,0x0000005467600000)]
  0x000001cddaff2d80 JavaThread "container-0" [_thread_blocked, id=12156, stack(0x0000005467600000,0x0000005467700000)]
  0x000001cddafef890 JavaThread "mysql-cj-abandoned-connection-cleanup" daemon [_thread_blocked, id=11384, stack(0x0000005467700000,0x0000005467800000)]
  0x000001cddafefd60 JavaThread "HikariPool-1 housekeeper" daemon [_thread_blocked, id=11952, stack(0x0000005467900000,0x0000005467a00000)]
  0x000001cddaff1570 JavaThread "File Watcher" daemon [_thread_blocked, id=8956, stack(0x0000005467b00000,0x0000005467c00000)]
  0x000001cddaff1a40 JavaThread "Live Reload Server" daemon [_thread_in_native, id=252, stack(0x0000005467d00000,0x0000005467e00000)]
  0x000001cddaff0bd0 JavaThread "http-nio-8080-exec-1" daemon [_thread_blocked, id=3992, stack(0x0000005467c00000,0x0000005467d00000)]
  0x000001cddaff0700 JavaThread "http-nio-8080-exec-2" daemon [_thread_blocked, id=7520, stack(0x0000005467e00000,0x0000005467f00000)]
  0x000001cddaff1f10 JavaThread "http-nio-8080-exec-3" daemon [_thread_blocked, id=12388, stack(0x0000005467f00000,0x0000005468000000)]
  0x000001cdde387570 JavaThread "http-nio-8080-exec-4" daemon [_thread_blocked, id=3280, stack(0x0000005468000000,0x0000005468100000)]
  0x000001cdde384a20 JavaThread "http-nio-8080-exec-5" daemon [_thread_blocked, id=8196, stack(0x0000005468100000,0x0000005468200000)]
  0x000001cdde389bf0 JavaThread "http-nio-8080-exec-6" daemon [_thread_blocked, id=13268, stack(0x0000005468200000,0x0000005468300000)]
  0x000001cdde386230 JavaThread "http-nio-8080-exec-7" daemon [_thread_blocked, id=8380, stack(0x0000005468300000,0x0000005468400000)]
  0x000001cdde38aa60 JavaThread "http-nio-8080-exec-8" daemon [_thread_blocked, id=12508, stack(0x0000005468400000,0x0000005468500000)]
  0x000001cdde387a40 JavaThread "http-nio-8080-exec-9" daemon [_thread_blocked, id=7944, stack(0x0000005468500000,0x0000005468600000)]
  0x000001cdde389720 JavaThread "http-nio-8080-exec-10" daemon [_thread_blocked, id=5612, stack(0x0000005468600000,0x0000005468700000)]
  0x000001cdde38af30 JavaThread "http-nio-8080-Poller" daemon [_thread_in_native, id=6316, stack(0x0000005468700000,0x0000005468800000)]
  0x000001cdde38a0c0 JavaThread "http-nio-8080-Acceptor" daemon [_thread_in_native, id=3592, stack(0x0000005468800000,0x0000005468900000)]
  0x000001cdde387f10 JavaThread "DestroyJavaVM" [_thread_blocked, id=11360, stack(0x0000005465200000,0x0000005465300000)]
  0x000001cdde386bd0 JavaThread "RMI TCP Connection(idle)" daemon [_thread_blocked, id=11056, stack(0x0000005468c00000,0x0000005468d00000)]

Other Threads:
  0x000001cdd8b26c50 VMThread "VM Thread" [stack: 0x0000005465800000,0x0000005465900000] [id=10808]
  0x000001cdd9bfd420 WatcherThread [stack: 0x0000005466800000,0x0000005466900000] [id=6736]
  0x000001cdcc9b85e0 GCTaskThread "GC Thread#0" [stack: 0x0000005465300000,0x0000005465400000] [id=5900]
  0x000001cdd9d508d0 GCTaskThread "GC Thread#1" [stack: 0x0000005466900000,0x0000005466a00000] [id=5112]
  0x000001cdd9d649d0 GCTaskThread "GC Thread#2" [stack: 0x0000005466a00000,0x0000005466b00000] [id=7512]
  0x000001cdd9d800e0 GCTaskThread "GC Thread#3" [stack: 0x0000005466b00000,0x0000005466c00000] [id=9124]
  0x000001cdcc9c5850 ConcurrentGCThread "G1 Main Marker" [stack: 0x0000005465400000,0x0000005465500000] [id=10020]
  0x000001cdcc9c6170 ConcurrentGCThread "G1 Conc#0" [stack: 0x0000005465500000,0x0000005465600000] [id=10136]
  0x000001cdcca2cb70 ConcurrentGCThread "G1 Refine#0" [stack: 0x0000005465600000,0x0000005465700000] [id=6220]
  0x000001cdd9d50b80 ConcurrentGCThread "G1 Refine#1" [stack: 0x0000005466c00000,0x0000005466d00000] [id=6948]
  0x000001cdd9d80390 ConcurrentGCThread "G1 Refine#2" [stack: 0x0000005466d00000,0x0000005466e00000] [id=12260]
=>0x000001cdcca2dab0 ConcurrentGCThread "G1 Service" [stack: 0x0000005465700000,0x0000005465800000] [id=9152]

Threads with active compile tasks:

VM state: not at safepoint (normal execution)

VM Mutex/Monitor currently owned by a thread: None

Heap address: 0x00000000a1c00000, size: 1508 MB, Compressed Oops mode: 32-bit

CDS archive(s) not mapped
Compressed class space mapped at: 0x0000000100000000-0x0000000140000000, reserved size: 1073741824
Narrow klass base: 0x0000000000000000, Narrow klass shift: 3, Narrow klass range: 0x140000000

GC Precious Log:
 CPUs: 4 total, 4 available
 Memory: 6027M
 Large Page Support: Disabled
 NUMA Support: Disabled
 Compressed Oops: Enabled (32-bit)
 Heap Region Size: 1M
 Heap Min Capacity: 8M
 Heap Initial Capacity: 96M
 Heap Max Capacity: 1508M
 Pre-touch: Disabled
 Parallel Workers: 4
 Concurrent Workers: 1
 Concurrent Refinement Workers: 4
 Periodic GC: Disabled

Heap:
 garbage-first heap   total 114688K, used 39190K [0x00000000a1c00000, 0x0000000100000000)
  region size 1024K, 13 young (13312K), 4 survivors (4096K)
 Metaspace       used 72349K, committed 72896K, reserved 1114112K
  class space    used 9737K, committed 9984K, reserved 1048576K

Heap Regions: E=young(eden), S=young(survivor), O=old, HS=humongous(starts), HC=humongous(continues), CS=collection set, F=free, OA=open archive, CA=closed archive, TAMS=top-at-mark-start (previous, next)
|   0|0x00000000a1c00000, 0x00000000a1d00000, 0x00000000a1d00000|100%|HS|  |TAMS 0x00000000a1d00000, 0x00000000a1c00000| Complete 
|   1|0x00000000a1d00000, 0x00000000a1e00000, 0x00000000a1e00000|100%| O|  |TAMS 0x00000000a1e00000, 0x00000000a1d00000| Untracked 
|   2|0x00000000a1e00000, 0x00000000a1f00000, 0x00000000a1f00000|100%| O|  |TAMS 0x00000000a1f00000, 0x00000000a1e00000| Untracked 
|   3|0x00000000a1f00000, 0x00000000a2000000, 0x00000000a2000000|100%| O|  |TAMS 0x00000000a2000000, 0x00000000a1f00000| Untracked 
|   4|0x00000000a2000000, 0x00000000a2100000, 0x00000000a2100000|100%| O|  |TAMS 0x00000000a2100000, 0x00000000a2000000| Untracked 
|   5|0x00000000a2100000, 0x00000000a2200000, 0x00000000a2200000|100%| O|  |TAMS 0x00000000a2200000, 0x00000000a2100000| Untracked 
|   6|0x00000000a2200000, 0x00000000a2300000, 0x00000000a2300000|100%| O|  |TAMS 0x00000000a2300000, 0x00000000a2200000| Untracked 
|   7|0x00000000a2300000, 0x00000000a2400000, 0x00000000a2400000|100%| O|  |TAMS 0x00000000a2400000, 0x00000000a2300000| Untracked 
|   8|0x00000000a2400000, 0x00000000a2500000, 0x00000000a2500000|100%| O|  |TAMS 0x00000000a2500000, 0x00000000a2400000| Untracked 
|   9|0x00000000a2500000, 0x00000000a2600000, 0x00000000a2600000|100%| O|  |TAMS 0x00000000a2600000, 0x00000000a2500000| Untracked 
|  10|0x00000000a2600000, 0x00000000a2700000, 0x00000000a2700000|100%| O|  |TAMS 0x00000000a2700000, 0x00000000a2600000| Untracked 
|  11|0x00000000a2700000, 0x00000000a2800000, 0x00000000a2800000|100%| O|  |TAMS 0x00000000a2800000, 0x00000000a2700000| Untracked 
|  12|0x00000000a2800000, 0x00000000a2900000, 0x00000000a2900000|100%| O|  |TAMS 0x00000000a2900000, 0x00000000a2800000| Untracked 
|  13|0x00000000a2900000, 0x00000000a2a00000, 0x00000000a2a00000|100%| O|  |TAMS 0x00000000a2a00000, 0x00000000a2900000| Untracked 
|  14|0x00000000a2a00000, 0x00000000a2b00000, 0x00000000a2b00000|100%| O|  |TAMS 0x00000000a2b00000, 0x00000000a2a00000| Untracked 
|  15|0x00000000a2b00000, 0x00000000a2c00000, 0x00000000a2c00000|100%| O|  |TAMS 0x00000000a2c00000, 0x00000000a2b00000| Untracked 
|  16|0x00000000a2c00000, 0x00000000a2d00000, 0x00000000a2d00000|100%| O|  |TAMS 0x00000000a2d00000, 0x00000000a2c00000| Untracked 
|  17|0x00000000a2d00000, 0x00000000a2e00000, 0x00000000a2e00000|100%| O|  |TAMS 0x00000000a2e00000, 0x00000000a2d00000| Untracked 
|  18|0x00000000a2e00000, 0x00000000a2f00000, 0x00000000a2f00000|100%| O|  |TAMS 0x00000000a2f00000, 0x00000000a2e00000| Untracked 
|  19|0x00000000a2f00000, 0x00000000a3000000, 0x00000000a3000000|100%| O|  |TAMS 0x00000000a3000000, 0x00000000a2f00000| Untracked 
|  20|0x00000000a3000000, 0x00000000a3100000, 0x00000000a3100000|100%| O|  |TAMS 0x00000000a3100000, 0x00000000a3000000| Untracked 
|  21|0x00000000a3100000, 0x00000000a3200000, 0x00000000a3200000|100%| O|  |TAMS 0x00000000a3200000, 0x00000000a3100000| Untracked 
|  22|0x00000000a3200000, 0x00000000a3300000, 0x00000000a3300000|100%| O|  |TAMS 0x00000000a3300000, 0x00000000a3200000| Untracked 
|  23|0x00000000a3300000, 0x00000000a3400000, 0x00000000a3400000|100%| O|  |TAMS 0x00000000a3321000, 0x00000000a3300000| Untracked 
|  24|0x00000000a3400000, 0x00000000a3500000, 0x00000000a3500000|100%| O|  |TAMS 0x00000000a3400000, 0x00000000a3400000| Untracked 
|  25|0x00000000a3500000, 0x00000000a3600000, 0x00000000a3600000|100%| O|  |TAMS 0x00000000a3500000, 0x00000000a3500000| Untracked 
|  26|0x00000000a3600000, 0x00000000a3645800, 0x00000000a3700000| 27%| O|  |TAMS 0x00000000a3600000, 0x00000000a3600000| Untracked 
|  27|0x00000000a3700000, 0x00000000a3700000, 0x00000000a3800000|  0%| F|  |TAMS 0x00000000a3700000, 0x00000000a3700000| Untracked 
|  28|0x00000000a3800000, 0x00000000a3800000, 0x00000000a3900000|  0%| F|  |TAMS 0x00000000a3800000, 0x00000000a3800000| Untracked 
|  29|0x00000000a3900000, 0x00000000a3900000, 0x00000000a3a00000|  0%| F|  |TAMS 0x00000000a3900000, 0x00000000a3900000| Untracked 
|  30|0x00000000a3a00000, 0x00000000a3a00000, 0x00000000a3b00000|  0%| F|  |TAMS 0x00000000a3a00000, 0x00000000a3a00000| Untracked 
|  31|0x00000000a3b00000, 0x00000000a3b00000, 0x00000000a3c00000|  0%| F|  |TAMS 0x00000000a3b00000, 0x00000000a3b00000| Untracked 
|  32|0x00000000a3c00000, 0x00000000a3c00000, 0x00000000a3d00000|  0%| F|  |TAMS 0x00000000a3c00000, 0x00000000a3c00000| Untracked 
|  33|0x00000000a3d00000, 0x00000000a3d00000, 0x00000000a3e00000|  0%| F|  |TAMS 0x00000000a3d00000, 0x00000000a3d00000| Untracked 
|  34|0x00000000a3e00000, 0x00000000a3e00000, 0x00000000a3f00000|  0%| F|  |TAMS 0x00000000a3e00000, 0x00000000a3e00000| Untracked 
|  35|0x00000000a3f00000, 0x00000000a3f00000, 0x00000000a4000000|  0%| F|  |TAMS 0x00000000a3f00000, 0x00000000a3f00000| Untracked 
|  36|0x00000000a4000000, 0x00000000a4000000, 0x00000000a4100000|  0%| F|  |TAMS 0x00000000a4000000, 0x00000000a4000000| Untracked 
|  37|0x00000000a4100000, 0x00000000a4100000, 0x00000000a4200000|  0%| F|  |TAMS 0x00000000a4100000, 0x00000000a4100000| Untracked 
|  38|0x00000000a4200000, 0x00000000a4200000, 0x00000000a4300000|  0%| F|  |TAMS 0x00000000a4200000, 0x00000000a4200000| Untracked 
|  39|0x00000000a4300000, 0x00000000a4300000, 0x00000000a4400000|  0%| F|  |TAMS 0x00000000a4300000, 0x00000000a4300000| Untracked 
|  40|0x00000000a4400000, 0x00000000a4400000, 0x00000000a4500000|  0%| F|  |TAMS 0x00000000a4400000, 0x00000000a4400000| Untracked 
|  41|0x00000000a4500000, 0x00000000a4500000, 0x00000000a4600000|  0%| F|  |TAMS 0x00000000a4500000, 0x00000000a4500000| Untracked 
|  42|0x00000000a4600000, 0x00000000a4600000, 0x00000000a4700000|  0%| F|  |TAMS 0x00000000a4600000, 0x00000000a4600000| Untracked 
|  43|0x00000000a4700000, 0x00000000a4700000, 0x00000000a4800000|  0%| F|  |TAMS 0x00000000a4700000, 0x00000000a4700000| Untracked 
|  44|0x00000000a4800000, 0x00000000a4800000, 0x00000000a4900000|  0%| F|  |TAMS 0x00000000a4800000, 0x00000000a4800000| Untracked 
|  45|0x00000000a4900000, 0x00000000a4900000, 0x00000000a4a00000|  0%| F|  |TAMS 0x00000000a4900000, 0x00000000a4900000| Untracked 
|  46|0x00000000a4a00000, 0x00000000a4a00000, 0x00000000a4b00000|  0%| F|  |TAMS 0x00000000a4a00000, 0x00000000a4a00000| Untracked 
|  47|0x00000000a4b00000, 0x00000000a4c00000, 0x00000000a4c00000|100%| S|CS|TAMS 0x00000000a4b00000, 0x00000000a4b00000| Complete 
|  48|0x00000000a4c00000, 0x00000000a4d00000, 0x00000000a4d00000|100%| S|CS|TAMS 0x00000000a4c00000, 0x00000000a4c00000| Complete 
|  49|0x00000000a4d00000, 0x00000000a4e00000, 0x00000000a4e00000|100%| S|CS|TAMS 0x00000000a4d00000, 0x00000000a4d00000| Complete 
|  50|0x00000000a4e00000, 0x00000000a4f00000, 0x00000000a4f00000|100%| S|CS|TAMS 0x00000000a4e00000, 0x00000000a4e00000| Complete 
|  51|0x00000000a4f00000, 0x00000000a4f00000, 0x00000000a5000000|  0%| F|  |TAMS 0x00000000a4f00000, 0x00000000a4f00000| Untracked 
|  52|0x00000000a5000000, 0x00000000a5000000, 0x00000000a5100000|  0%| F|  |TAMS 0x00000000a5000000, 0x00000000a5000000| Untracked 
|  53|0x00000000a5100000, 0x00000000a5100000, 0x00000000a5200000|  0%| F|  |TAMS 0x00000000a5100000, 0x00000000a5100000| Untracked 
|  54|0x00000000a5200000, 0x00000000a5200000, 0x00000000a5300000|  0%| F|  |TAMS 0x00000000a5200000, 0x00000000a5200000| Untracked 
|  55|0x00000000a5300000, 0x00000000a5300000, 0x00000000a5400000|  0%| F|  |TAMS 0x00000000a5300000, 0x00000000a5300000| Untracked 
|  56|0x00000000a5400000, 0x00000000a5400000, 0x00000000a5500000|  0%| F|  |TAMS 0x00000000a5400000, 0x00000000a5400000| Untracked 
|  57|0x00000000a5500000, 0x00000000a5500000, 0x00000000a5600000|  0%| F|  |TAMS 0x00000000a5500000, 0x00000000a5500000| Untracked 
|  58|0x00000000a5600000, 0x00000000a5600000, 0x00000000a5700000|  0%| F|  |TAMS 0x00000000a5600000, 0x00000000a5600000| Untracked 
|  59|0x00000000a5700000, 0x00000000a5700000, 0x00000000a5800000|  0%| F|  |TAMS 0x00000000a5700000, 0x00000000a5700000| Untracked 
|  60|0x00000000a5800000, 0x00000000a5800000, 0x00000000a5900000|  0%| F|  |TAMS 0x00000000a5800000, 0x00000000a5800000| Untracked 
|  61|0x00000000a5900000, 0x00000000a5900000, 0x00000000a5a00000|  0%| F|  |TAMS 0x00000000a5900000, 0x00000000a5900000| Untracked 
|  62|0x00000000a5a00000, 0x00000000a5a00000, 0x00000000a5b00000|  0%| F|  |TAMS 0x00000000a5a00000, 0x00000000a5a00000| Untracked 
|  63|0x00000000a5b00000, 0x00000000a5b00000, 0x00000000a5c00000|  0%| F|  |TAMS 0x00000000a5b00000, 0x00000000a5b00000| Untracked 
|  64|0x00000000a5c00000, 0x00000000a5c00000, 0x00000000a5d00000|  0%| F|  |TAMS 0x00000000a5c00000, 0x00000000a5c00000| Untracked 
|  65|0x00000000a5d00000, 0x00000000a5d00000, 0x00000000a5e00000|  0%| F|  |TAMS 0x00000000a5d00000, 0x00000000a5d00000| Untracked 
|  66|0x00000000a5e00000, 0x00000000a5e00000, 0x00000000a5f00000|  0%| F|  |TAMS 0x00000000a5e00000, 0x00000000a5e00000| Untracked 
|  67|0x00000000a5f00000, 0x00000000a5f00000, 0x00000000a6000000|  0%| F|  |TAMS 0x00000000a5f00000, 0x00000000a5f00000| Untracked 
|  68|0x00000000a6000000, 0x00000000a6000000, 0x00000000a6100000|  0%| F|  |TAMS 0x00000000a6000000, 0x00000000a6000000| Untracked 
|  69|0x00000000a6100000, 0x00000000a6100000, 0x00000000a6200000|  0%| F|  |TAMS 0x00000000a6100000, 0x00000000a6100000| Untracked 
|  70|0x00000000a6200000, 0x00000000a6200000, 0x00000000a6300000|  0%| F|  |TAMS 0x00000000a6200000, 0x00000000a6200000| Untracked 
|  71|0x00000000a6300000, 0x00000000a6300000, 0x00000000a6400000|  0%| F|  |TAMS 0x00000000a6300000, 0x00000000a6300000| Untracked 
|  72|0x00000000a6400000, 0x00000000a6400000, 0x00000000a6500000|  0%| F|  |TAMS 0x00000000a6400000, 0x00000000a6400000| Untracked 
|  73|0x00000000a6500000, 0x00000000a6500000, 0x00000000a6600000|  0%| F|  |TAMS 0x00000000a6500000, 0x00000000a6500000| Untracked 
|  74|0x00000000a6600000, 0x00000000a6600000, 0x00000000a6700000|  0%| F|  |TAMS 0x00000000a6600000, 0x00000000a6600000| Untracked 
|  75|0x00000000a6700000, 0x00000000a6700000, 0x00000000a6800000|  0%| F|  |TAMS 0x00000000a6700000, 0x00000000a6700000| Untracked 
|  76|0x00000000a6800000, 0x00000000a6800000, 0x00000000a6900000|  0%| F|  |TAMS 0x00000000a6800000, 0x00000000a6800000| Untracked 
|  77|0x00000000a6900000, 0x00000000a6900000, 0x00000000a6a00000|  0%| F|  |TAMS 0x00000000a6900000, 0x00000000a6900000| Untracked 
|  78|0x00000000a6a00000, 0x00000000a6a00000, 0x00000000a6b00000|  0%| F|  |TAMS 0x00000000a6a00000, 0x00000000a6a00000| Untracked 
|  79|0x00000000a6b00000, 0x00000000a6b00000, 0x00000000a6c00000|  0%| F|  |TAMS 0x00000000a6b00000, 0x00000000a6b00000| Untracked 
|  80|0x00000000a6c00000, 0x00000000a6c00000, 0x00000000a6d00000|  0%| F|  |TAMS 0x00000000a6c00000, 0x00000000a6c00000| Untracked 
|  81|0x00000000a6d00000, 0x00000000a6d00000, 0x00000000a6e00000|  0%| F|  |TAMS 0x00000000a6d00000, 0x00000000a6d00000| Untracked 
|  82|0x00000000a6e00000, 0x00000000a6e00000, 0x00000000a6f00000|  0%| F|  |TAMS 0x00000000a6e00000, 0x00000000a6e00000| Untracked 
|  83|0x00000000a6f00000, 0x00000000a6f00000, 0x00000000a7000000|  0%| F|  |TAMS 0x00000000a6f00000, 0x00000000a6f00000| Untracked 
|  84|0x00000000a7000000, 0x00000000a7000000, 0x00000000a7100000|  0%| F|  |TAMS 0x00000000a7000000, 0x00000000a7000000| Untracked 
|  85|0x00000000a7100000, 0x00000000a7100000, 0x00000000a7200000|  0%| F|  |TAMS 0x00000000a7100000, 0x00000000a7100000| Untracked 
|  86|0x00000000a7200000, 0x00000000a7200000, 0x00000000a7300000|  0%| F|  |TAMS 0x00000000a7200000, 0x00000000a7200000| Untracked 
|  87|0x00000000a7300000, 0x00000000a7300000, 0x00000000a7400000|  0%| F|  |TAMS 0x00000000a7300000, 0x00000000a7300000| Untracked 
|  88|0x00000000a7400000, 0x00000000a7400000, 0x00000000a7500000|  0%| F|  |TAMS 0x00000000a7400000, 0x00000000a7400000| Untracked 
|  89|0x00000000a7500000, 0x00000000a7500000, 0x00000000a7600000|  0%| F|  |TAMS 0x00000000a7500000, 0x00000000a7500000| Untracked 
|  90|0x00000000a7600000, 0x00000000a7600000, 0x00000000a7700000|  0%| F|  |TAMS 0x00000000a7600000, 0x00000000a7600000| Untracked 
|  91|0x00000000a7700000, 0x00000000a7700000, 0x00000000a7800000|  0%| F|  |TAMS 0x00000000a7700000, 0x00000000a7700000| Untracked 
|  92|0x00000000a7800000, 0x00000000a7800000, 0x00000000a7900000|  0%| F|  |TAMS 0x00000000a7800000, 0x00000000a7800000| Untracked 
|  93|0x00000000a7900000, 0x00000000a7900000, 0x00000000a7a00000|  0%| F|  |TAMS 0x00000000a7900000, 0x00000000a7900000| Untracked 
|  94|0x00000000a7a00000, 0x00000000a7a00000, 0x00000000a7b00000|  0%| F|  |TAMS 0x00000000a7a00000, 0x00000000a7a00000| Untracked 
|  95|0x00000000a7b00000, 0x00000000a7b00000, 0x00000000a7c00000|  0%| F|  |TAMS 0x00000000a7b00000, 0x00000000a7b00000| Untracked 
|  96|0x00000000a7c00000, 0x00000000a7c00000, 0x00000000a7d00000|  0%| F|  |TAMS 0x00000000a7c00000, 0x00000000a7c00000| Untracked 
|  97|0x00000000a7d00000, 0x00000000a7d00000, 0x00000000a7e00000|  0%| F|  |TAMS 0x00000000a7d00000, 0x00000000a7d00000| Untracked 
|  98|0x00000000a7e00000, 0x00000000a7e00000, 0x00000000a7f00000|  0%| F|  |TAMS 0x00000000a7e00000, 0x00000000a7e00000| Untracked 
|  99|0x00000000a7f00000, 0x00000000a7f00000, 0x00000000a8000000|  0%| F|  |TAMS 0x00000000a7f00000, 0x00000000a7f00000| Untracked 
| 100|0x00000000a8000000, 0x00000000a8000000, 0x00000000a8100000|  0%| F|  |TAMS 0x00000000a8000000, 0x00000000a8000000| Untracked 
| 101|0x00000000a8100000, 0x00000000a8100000, 0x00000000a8200000|  0%| F|  |TAMS 0x00000000a8100000, 0x00000000a8100000| Untracked 
| 102|0x00000000a8200000, 0x00000000a8200000, 0x00000000a8300000|  0%| F|  |TAMS 0x00000000a8200000, 0x00000000a8200000| Untracked 
| 103|0x00000000a8300000, 0x00000000a8400000, 0x00000000a8400000|100%| E|  |TAMS 0x00000000a8300000, 0x00000000a8300000| Complete 
| 104|0x00000000a8400000, 0x00000000a8500000, 0x00000000a8500000|100%| E|CS|TAMS 0x00000000a8400000, 0x00000000a8400000| Complete 
| 105|0x00000000a8500000, 0x00000000a8600000, 0x00000000a8600000|100%| E|CS|TAMS 0x00000000a8500000, 0x00000000a8500000| Complete 
| 106|0x00000000a8600000, 0x00000000a8700000, 0x00000000a8700000|100%| E|CS|TAMS 0x00000000a8600000, 0x00000000a8600000| Complete 
| 107|0x00000000a8700000, 0x00000000a8800000, 0x00000000a8800000|100%| E|CS|TAMS 0x00000000a8700000, 0x00000000a8700000| Complete 
| 108|0x00000000a8800000, 0x00000000a8900000, 0x00000000a8900000|100%| E|CS|TAMS 0x00000000a8800000, 0x00000000a8800000| Complete 
| 109|0x00000000a8900000, 0x00000000a8a00000, 0x00000000a8a00000|100%| E|CS|TAMS 0x00000000a8900000, 0x00000000a8900000| Complete 
| 110|0x00000000a8a00000, 0x00000000a8b00000, 0x00000000a8b00000|100%| E|CS|TAMS 0x00000000a8a00000, 0x00000000a8a00000| Complete 
| 111|0x00000000a8b00000, 0x00000000a8c00000, 0x00000000a8c00000|100%| E|CS|TAMS 0x00000000a8b00000, 0x00000000a8b00000| Complete 

Card table byte_map: [0x000001cdd3020000,0x000001cdd3320000] _byte_map_base: 0x000001cdd2b12000

Marking Bits (Prev, Next): (CMBitMap*) 0x000001cdcc9b8b00, (CMBitMap*) 0x000001cdcc9b8b40
 Prev Bits: [0x000001cdd3620000, 0x000001cdd4db0000)
 Next Bits: [0x000001cdd4db0000, 0x000001cdd6540000)

Polling page: 0x000001cdca950000

Metaspace:

Usage:
  Non-class:     61.14 MB used.
      Class:      9.51 MB used.
       Both:     70.65 MB used.

Virtual space:
  Non-class space:       64.00 MB reserved,      61.44 MB ( 96%) committed,  8 nodes.
      Class space:        1.00 GB reserved,       9.75 MB ( <1%) committed,  1 nodes.
             Both:        1.06 GB reserved,      71.19 MB (  7%) committed. 

Chunk freelists:
   Non-Class:  2.47 MB
       Class:  2.16 MB
        Both:  4.63 MB

MaxMetaspaceSize: unlimited
CompressedClassSpaceSize: 1.00 GB
Initial GC threshold: 21.00 MB
Current GC threshold: 107.31 MB
CDS: off
MetaspaceReclaimPolicy: balanced
 - commit_granule_bytes: 65536.
 - commit_granule_words: 8192.
 - virtual_space_node_default_size: 1048576.
 - enlarge_chunks_in_place: 1.
 - new_chunks_are_fully_committed: 0.
 - uncommit_free_chunks: 1.
 - use_allocation_guard: 0.
 - handle_deallocations: 1.


Internal statistics:

num_allocs_failed_limit: 14.
num_arena_births: 658.
num_arena_deaths: 0.
num_vsnodes_births: 9.
num_vsnodes_deaths: 0.
num_space_committed: 1139.
num_space_uncommitted: 0.
num_chunks_returned_to_freelist: 14.
num_chunks_taken_from_freelist: 2875.
num_chunk_merges: 11.
num_chunk_splits: 1987.
num_chunks_enlarged: 1463.
num_purges: 0.
num_inconsistent_stats: 0.

CodeCache: size=49152Kb used=12240Kb max_used=12756Kb free=36911Kb
 bounds [0x000001cdd0020000, 0x000001cdd0ca0000, 0x000001cdd3020000]
 total_blobs=7431 nmethods=6760 adapters=598
 compilation: enabled
              stopped_count=0, restarted_count=0
 full_count=0

Compilation events (20 events):
Event: 1799.950 Thread 0x000001cdd9512840 6751       1       sun.security.ssl.HandshakeOutStream::putBytes16 (27 bytes)
Event: 1799.950 Thread 0x000001cdd9512840 nmethod 6751 0x000001cdd033f790 code [0x000001cdd033f980, 0x000001cdd033fb88]
Event: 1799.952 Thread 0x000001cdd9512840 6752       1       sun.security.util.math.intpoly.IntegerPolynomial::carry (36 bytes)
Event: 1799.952 Thread 0x000001cdd9512840 nmethod 6752 0x000001cdd033f290 code [0x000001cdd033f420, 0x000001cdd033f5f8]
Event: 1799.954 Thread 0x000001cdd9512840 6753       1       sun.security.ssl.Record::getInt8 (14 bytes)
Event: 1799.954 Thread 0x000001cdd9512840 nmethod 6753 0x000001cdd033ee10 code [0x000001cdd033efc0, 0x000001cdd033f158]
Event: 1799.955 Thread 0x000001cdd9512840 6754       1       com.mysql.cj.protocol.a.NativePacketPayload::writeBytes (10 bytes)
Event: 1799.955 Thread 0x000001cdd9512840 nmethod 6754 0x000001cdd033ea90 code [0x000001cdd033ec20, 0x000001cdd033ed08]
Event: 1799.955 Thread 0x000001cdd9512840 6755       1       com.mysql.cj.protocol.a.NativePacketPayload::writeBytes (124 bytes)
Event: 1799.955 Thread 0x000001cdd9512840 nmethod 6755 0x000001cdd033e410 code [0x000001cdd033e600, 0x000001cdd033e8b8]
Event: 1799.956 Thread 0x000001cdd9512840 6756       1       sun.security.ssl.SSLCipher$T13GcmWriteCipherGenerator$GcmWriteCipher::calculateFragmentSize (9 bytes)
Event: 1799.956 Thread 0x000001cdd9512840 nmethod 6756 0x000001cdd033e110 code [0x000001cdd033e2a0, 0x000001cdd033e378]
Event: 1799.957 Thread 0x000001cdd9512840 6758       1       com.mysql.cj.util.StringUtils::isNullOrEmpty (17 bytes)
Event: 1799.957 Thread 0x000001cdd9512840 nmethod 6758 0x000001cdd033dd90 code [0x000001cdd033df20, 0x000001cdd033e018]
Event: 1799.957 Thread 0x000001cdd9512840 6757       1       com.mysql.cj.conf.AbstractPropertyDefinition::isRuntimeModifiable (5 bytes)
Event: 1799.957 Thread 0x000001cdd9512840 nmethod 6757 0x000001cdd033da90 code [0x000001cdd033dc20, 0x000001cdd033dcf8]
Event: 1833.779 Thread 0x000001cdd9512840 6759       1       java.util.TreeSet::addAll (82 bytes)
Event: 1833.780 Thread 0x000001cdd9512840 nmethod 6759 0x000001cdd033d090 code [0x000001cdd033d2c0, 0x000001cdd033d808]
Event: 1894.102 Thread 0x000001cdd9512840 6760       1       com.zaxxer.hikari.pool.HikariPool::access$400 (5 bytes)
Event: 1894.102 Thread 0x000001cdd9512840 nmethod 6760 0x000001cdd033cd90 code [0x000001cdd033cf20, 0x000001cdd033cfd8]

GC Heap History (20 events):
Event: 2.844 GC heap before
{Heap before GC invocations=11 (full 0):
 garbage-first heap   total 68608K, used 19301K [0x00000000a1c00000, 0x0000000100000000)
  region size 1024K, 5 young (5120K), 4 survivors (4096K)
 Metaspace       used 42710K, committed 43072K, reserved 1089536K
  class space    used 5602K, committed 5760K, reserved 1048576K
}
Event: 2.847 GC heap after
{Heap after GC invocations=12 (full 0):
 garbage-first heap   total 68608K, used 18672K [0x00000000a1c00000, 0x0000000100000000)
  region size 1024K, 1 young (1024K), 1 survivors (1024K)
 Metaspace       used 42710K, committed 43072K, reserved 1089536K
  class space    used 5602K, committed 5760K, reserved 1048576K
}
Event: 3.283 GC heap before
{Heap before GC invocations=12 (full 0):
 garbage-first heap   total 68608K, used 50416K [0x00000000a1c00000, 0x0000000100000000)
  region size 1024K, 32 young (32768K), 1 survivors (1024K)
 Metaspace       used 48895K, committed 49344K, reserved 1097728K
  class space    used 6383K, committed 6592K, reserved 1048576K
}
Event: 3.287 GC heap after
{Heap after GC invocations=13 (full 0):
 garbage-first heap   total 68608K, used 21319K [0x00000000a1c00000, 0x0000000100000000)
  region size 1024K, 4 young (4096K), 4 survivors (4096K)
 Metaspace       used 48895K, committed 49344K, reserved 1097728K
  class space    used 6383K, committed 6592K, reserved 1048576K
}
Event: 3.758 GC heap before
{Heap before GC invocations=13 (full 0):
 garbage-first heap   total 68608K, used 51015K [0x00000000a1c00000, 0x0000000100000000)
  region size 1024K, 33 young (33792K), 4 survivors (4096K)
 Metaspace       used 57315K, committed 57792K, reserved 1105920K
  class space    used 7520K, committed 7744K, reserved 1048576K
}
Event: 3.762 GC heap after
{Heap after GC invocations=14 (full 0):
 garbage-first heap   total 68608K, used 23731K [0x00000000a1c00000, 0x0000000100000000)
  region size 1024K, 3 young (3072K), 3 survivors (3072K)
 Metaspace       used 57315K, committed 57792K, reserved 1105920K
  class space    used 7520K, committed 7744K, reserved 1048576K
}
Event: 3.929 GC heap before
{Heap before GC invocations=14 (full 0):
 garbage-first heap   total 68608K, used 36019K [0x00000000a1c00000, 0x0000000100000000)
  region size 1024K, 17 young (17408K), 3 survivors (3072K)
 Metaspace       used 60004K, committed 60480K, reserved 1105920K
  class space    used 7834K, committed 8064K, reserved 1048576K
}
Event: 3.932 GC heap after
{Heap after GC invocations=15 (full 0):
 garbage-first heap   total 68608K, used 24708K [0x00000000a1c00000, 0x0000000100000000)
  region size 1024K, 1 young (1024K), 1 survivors (1024K)
 Metaspace       used 60004K, committed 60480K, reserved 1105920K
  class space    used 7834K, committed 8064K, reserved 1048576K
}
Event: 6.536 GC heap before
{Heap before GC invocations=16 (full 0):
 garbage-first heap   total 68608K, used 52356K [0x00000000a1c00000, 0x0000000100000000)
  region size 1024K, 28 young (28672K), 1 survivors (1024K)
 Metaspace       used 65328K, committed 65792K, reserved 1114112K
  class space    used 8736K, committed 8960K, reserved 1048576K
}
Event: 6.540 GC heap after
{Heap after GC invocations=17 (full 0):
 garbage-first heap   total 68608K, used 25586K [0x00000000a1c00000, 0x0000000100000000)
  region size 1024K, 2 young (2048K), 2 survivors (2048K)
 Metaspace       used 65328K, committed 65792K, reserved 1114112K
  class space    used 8736K, committed 8960K, reserved 1048576K
}
Event: 6.805 GC heap before
{Heap before GC invocations=18 (full 0):
 garbage-first heap   total 68608K, used 53234K [0x00000000a1c00000, 0x0000000100000000)
  region size 1024K, 29 young (29696K), 2 survivors (2048K)
 Metaspace       used 67644K, committed 68096K, reserved 1114112K
  class space    used 9068K, committed 9280K, reserved 1048576K
}
Event: 6.809 GC heap after
{Heap after GC invocations=19 (full 0):
 garbage-first heap   total 68608K, used 27102K [0x00000000a1c00000, 0x0000000100000000)
  region size 1024K, 4 young (4096K), 4 survivors (4096K)
 Metaspace       used 67644K, committed 68096K, reserved 1114112K
  class space    used 9068K, committed 9280K, reserved 1048576K
}
Event: 6.936 GC heap before
{Heap before GC invocations=19 (full 0):
 garbage-first heap   total 68608K, used 52702K [0x00000000a1c00000, 0x0000000100000000)
  region size 1024K, 30 young (30720K), 4 survivors (4096K)
 Metaspace       used 68821K, committed 69248K, reserved 1114112K
  class space    used 9229K, committed 9408K, reserved 1048576K
}
Event: 6.940 GC heap after
{Heap after GC invocations=20 (full 0):
 garbage-first heap   total 114688K, used 27892K [0x00000000a1c00000, 0x0000000100000000)
  region size 1024K, 3 young (3072K), 3 survivors (3072K)
 Metaspace       used 68821K, committed 69248K, reserved 1114112K
  class space    used 9229K, committed 9408K, reserved 1048576K
}
Event: 7.193 GC heap before
{Heap before GC invocations=20 (full 0):
 garbage-first heap   total 114688K, used 90356K [0x00000000a1c00000, 0x0000000100000000)
  region size 1024K, 64 young (65536K), 3 survivors (3072K)
 Metaspace       used 69929K, committed 70400K, reserved 1114112K
  class space    used 9390K, committed 9600K, reserved 1048576K
}
Event: 7.196 GC heap after
{Heap after GC invocations=21 (full 0):
 garbage-first heap   total 114688K, used 29063K [0x00000000a1c00000, 0x0000000100000000)
  region size 1024K, 4 young (4096K), 4 survivors (4096K)
 Metaspace       used 69929K, committed 70400K, reserved 1114112K
  class space    used 9390K, committed 9600K, reserved 1048576K
}
Event: 810.778 GC heap before
{Heap before GC invocations=21 (full 0):
 garbage-first heap   total 114688K, used 93575K [0x00000000a1c00000, 0x0000000100000000)
  region size 1024K, 67 young (68608K), 4 survivors (4096K)
 Metaspace       used 72303K, committed 72832K, reserved 1114112K
  class space    used 9730K, committed 9984K, reserved 1048576K
}
Event: 810.784 GC heap after
{Heap after GC invocations=22 (full 0):
 garbage-first heap   total 114688K, used 30692K [0x00000000a1c00000, 0x0000000100000000)
  region size 1024K, 6 young (6144K), 6 survivors (6144K)
 Metaspace       used 72303K, committed 72832K, reserved 1114112K
  class space    used 9730K, committed 9984K, reserved 1048576K
}
Event: 1841.598 GC heap before
{Heap before GC invocations=22 (full 0):
 garbage-first heap   total 114688K, used 93156K [0x00000000a1c00000, 0x0000000100000000)
  region size 1024K, 67 young (68608K), 6 survivors (6144K)
 Metaspace       used 72349K, committed 72896K, reserved 1114112K
  class space    used 9737K, committed 9984K, reserved 1048576K
}
Event: 1841.603 GC heap after
{Heap after GC invocations=23 (full 0):
 garbage-first heap   total 114688K, used 30998K [0x00000000a1c00000, 0x0000000100000000)
  region size 1024K, 4 young (4096K), 4 survivors (4096K)
 Metaspace       used 72349K, committed 72896K, reserved 1114112K
  class space    used 9737K, committed 9984K, reserved 1048576K
}

Deoptimization events (20 events):
Event: 0.606 Thread 0x000001cdcc96bf00 DEOPT PACKING pc=0x000001cdd0251475 sp=0x00000054652fd7e0
Event: 0.606 Thread 0x000001cdcc96bf00 DEOPT UNPACKING pc=0x000001cdd0072b43 sp=0x00000054652fcc38 mode 3
Event: 1.070 Thread 0x000001cdda049eb0 DEOPT PACKING pc=0x000001cdd0533199 sp=0x0000005466ffc560
Event: 1.070 Thread 0x000001cdda049eb0 DEOPT UNPACKING pc=0x000001cdd0072b43 sp=0x0000005466ffba40 mode 3
Event: 1.548 Thread 0x000001cdda049eb0 DEOPT PACKING pc=0x000001cdd0551514 sp=0x0000005466ffca10
Event: 1.548 Thread 0x000001cdda049eb0 DEOPT UNPACKING pc=0x000001cdd0072b43 sp=0x0000005466ffbf68 mode 0
Event: 1.880 Thread 0x000001cdda049eb0 DEOPT PACKING pc=0x000001cdd0718ef5 sp=0x0000005466ffd1e0
Event: 1.880 Thread 0x000001cdda049eb0 DEOPT UNPACKING pc=0x000001cdd0072b43 sp=0x0000005466ffc650 mode 3
Event: 2.367 Thread 0x000001cdda049eb0 DEOPT PACKING pc=0x000001cdd05a7f05 sp=0x0000005466ffaf70
Event: 2.367 Thread 0x000001cdda049eb0 DEOPT UNPACKING pc=0x000001cdd0072b43 sp=0x0000005466ffa4d0 mode 3
Event: 2.386 Thread 0x000001cdda049eb0 DEOPT PACKING pc=0x000001cdd07cde7d sp=0x0000005466ffb7f0
Event: 2.386 Thread 0x000001cdda049eb0 DEOPT UNPACKING pc=0x000001cdd0072b43 sp=0x0000005466ffad58 mode 3
Event: 2.401 Thread 0x000001cddaff23e0 DEOPT PACKING pc=0x000001cdd04b2597 sp=0x00000054674ff0d0
Event: 2.401 Thread 0x000001cddaff23e0 DEOPT UNPACKING pc=0x000001cdd0072b43 sp=0x00000054674fe528 mode 3
Event: 3.215 Thread 0x000001cdda049eb0 DEOPT PACKING pc=0x000001cdd08696af sp=0x0000005466ffc820
Event: 3.215 Thread 0x000001cdda049eb0 DEOPT UNPACKING pc=0x000001cdd0072b43 sp=0x0000005466ffbdb0 mode 3
Event: 7.098 Thread 0x000001cdda049eb0 DEOPT PACKING pc=0x000001cdd054cec2 sp=0x0000005466ffd040
Event: 7.098 Thread 0x000001cdda049eb0 DEOPT UNPACKING pc=0x000001cdd0072b43 sp=0x0000005466ffc548 mode 3
Event: 7.098 Thread 0x000001cdda049eb0 DEOPT PACKING pc=0x000001cdd05222c5 sp=0x0000005466ffd000
Event: 7.098 Thread 0x000001cdda049eb0 DEOPT UNPACKING pc=0x000001cdd0072b43 sp=0x0000005466ffc548 mode 3

Classes unloaded (0 events):
No events

Classes redefined (0 events):
No events

Internal exceptions (20 events):
Event: 7.117 Thread 0x000001cdda049eb0 Exception <a 'java/lang/ClassNotFoundException'{0x00000000a532d560}: org/springframework/web/context/ServletContextAwareCustomizer> (0x00000000a532d560) 
thrown [e:\jenkins\tmp\workspace\build\src\src\hotspot\share\classfile\systemDictionary.cpp, line 256]
Event: 7.117 Thread 0x000001cdda049eb0 Exception <a 'java/lang/ClassNotFoundException'{0x00000000a5333cd0}: org/springframework/beans/factory/AwareCustomizer> (0x00000000a5333cd0) 
thrown [e:\jenkins\tmp\workspace\build\src\src\hotspot\share\classfile\systemDictionary.cpp, line 256]
Event: 7.222 Thread 0x000001cdda049eb0 Exception <a 'java/lang/NoSuchMethodError'{0x00000000a89e0838}: 'void java.lang.invoke.DirectMethodHandle$Holder.invokeVirtual(java.lang.Object, java.lang.Object, int)'> (0x00000000a89e0838) 
thrown [e:\jenkins\tmp\workspace\build\src\src\hotspot\share\interpreter\linkResolver.cpp, line 766]
Event: 7.223 Thread 0x000001cdda049eb0 Exception <a 'java/lang/NoSuchMethodError'{0x00000000a89fb268}: 'void java.lang.invoke.DirectMethodHandle$Holder.invokeVirtual(java.lang.Object, java.lang.Object, long)'> (0x00000000a89fb268) 
thrown [e:\jenkins\tmp\workspace\build\src\src\hotspot\share\interpreter\linkResolver.cpp, line 766]
Event: 7.313 Thread 0x000001cdda049eb0 Exception <a 'java/lang/IncompatibleClassChangeError'{0x00000000a83ebd68}: Found class java.lang.Object, but interface was expected> (0x00000000a83ebd68) 
thrown [e:\jenkins\tmp\workspace\build\src\src\hotspot\share\interpreter\linkResolver.cpp, line 833]
Event: 7.428 Thread 0x000001cdda049eb0 Exception <a 'java/lang/NoSuchMethodError'{0x00000000a7a40100}: 'java.lang.Object java.lang.invoke.DirectMethodHandle$Holder.invokeSpecial(java.lang.Object, java.lang.Object, int, java.lang.Object, int, java.lang.Object)'> (0x00000000a7a40100) 
thrown [e:\jenkins\tmp\workspace\build\src\src\hotspot\share\interpreter\linkResolver.cpp, line 766]
Event: 7.428 Thread 0x000001cdda049eb0 Exception <a 'java/lang/NoSuchMethodError'{0x00000000a7a481a8}: 'java.lang.Object java.lang.invoke.DirectMethodHandle$Holder.newInvokeSpecial(java.lang.Object, java.lang.Object, int, java.lang.Object, int)'> (0x00000000a7a481a8) 
thrown [e:\jenkins\tmp\workspace\build\src\src\hotspot\share\interpreter\linkResolver.cpp, line 766]
Event: 7.428 Thread 0x000001cdda049eb0 Exception <a 'java/lang/NoSuchMethodError'{0x00000000a7a4c2a8}: 'java.lang.Object java.lang.invoke.DirectMethodHandle$Holder.invokeSpecial(java.lang.Object, java.lang.Object, java.lang.Object, int, java.lang.Object, int)'> (0x00000000a7a4c2a8) 
thrown [e:\jenkins\tmp\workspace\build\src\src\hotspot\share\interpreter\linkResolver.cpp, line 766]
Event: 7.429 Thread 0x000001cdda049eb0 Exception <a 'java/lang/NoSuchMethodError'{0x00000000a7a563b8}: 'void java.lang.invoke.DirectMethodHandle$Holder.invokeVirtual(java.lang.Object, java.lang.Object)'> (0x00000000a7a563b8) 
thrown [e:\jenkins\tmp\workspace\build\src\src\hotspot\share\interpreter\linkResolver.cpp, line 766]
Event: 1759.971 Thread 0x000001cdde3888b0 Exception <a 'java/io/IOException'{0x00000000a5ff7ce8}> (0x00000000a5ff7ce8) 
thrown [e:\jenkins\tmp\workspace\build\src\src\hotspot\share\prims\jni.cpp, line 516]
Event: 1759.972 Thread 0x000001cdde3888b0 Exception <a 'java/io/IOException'{0x00000000a5ff8820}> (0x00000000a5ff8820) 
thrown [e:\jenkins\tmp\workspace\build\src\src\hotspot\share\prims\jni.cpp, line 516]
Event: 1762.544 Thread 0x000001cdde3888b0 Exception <a 'java/io/IOException'{0x00000000a5ffb690}> (0x00000000a5ffb690) 
thrown [e:\jenkins\tmp\workspace\build\src\src\hotspot\share\prims\jni.cpp, line 516]
Event: 1764.199 Thread 0x000001cdde3888b0 Exception <a 'java/io/IOException'{0x00000000a5ffe478}> (0x00000000a5ffe478) 
thrown [e:\jenkins\tmp\workspace\build\src\src\hotspot\share\prims\jni.cpp, line 516]
Event: 1768.116 Thread 0x000001cdde3888b0 Exception <a 'java/io/IOException'{0x00000000a5a00d78}> (0x00000000a5a00d78) 
thrown [e:\jenkins\tmp\workspace\build\src\src\hotspot\share\prims\jni.cpp, line 516]
Event: 1768.116 Thread 0x000001cdde3888b0 Exception <a 'java/io/IOException'{0x00000000a5a018b0}> (0x00000000a5a018b0) 
thrown [e:\jenkins\tmp\workspace\build\src\src\hotspot\share\prims\jni.cpp, line 516]
Event: 1773.985 Thread 0x000001cdde3888b0 Exception <a 'java/net/SocketException'{0x00000000a5a06e28}: Connection reset by peer: shutdown> (0x00000000a5a06e28) 
thrown [e:\jenkins\tmp\workspace\build\src\src\hotspot\share\prims\jni.cpp, line 535]
Event: 1778.647 Thread 0x000001cdde3888b0 Exception <a 'java/io/IOException'{0x00000000a5a08898}> (0x00000000a5a08898) 
thrown [e:\jenkins\tmp\workspace\build\src\src\hotspot\share\prims\jni.cpp, line 516]
Event: 1787.417 Thread 0x000001cdde38a590 Exception <a 'java/io/IOException'{0x00000000a55b05f8}> (0x00000000a55b05f8) 
thrown [e:\jenkins\tmp\workspace\build\src\src\hotspot\share\prims\jni.cpp, line 516]
Event: 1799.946 Thread 0x000001cdde3883e0 Exception <a 'java/io/IOException'{0x00000000a52d2278}> (0x00000000a52d2278) 
thrown [e:\jenkins\tmp\workspace\build\src\src\hotspot\share\prims\jni.cpp, line 516]
Event: 1799.946 Thread 0x000001cdde3883e0 Exception <a 'java/io/IOException'{0x00000000a52d2db0}> (0x00000000a52d2db0) 
thrown [e:\jenkins\tmp\workspace\build\src\src\hotspot\share\prims\jni.cpp, line 516]

VM Operations (20 events):
Event: 1764.653 Executing VM operation: Cleanup
Event: 1764.653 Executing VM operation: Cleanup done
Event: 1768.706 Executing VM operation: Cleanup
Event: 1768.706 Executing VM operation: Cleanup done
Event: 1771.747 Executing VM operation: Cleanup
Event: 1771.747 Executing VM operation: Cleanup done
Event: 1774.778 Executing VM operation: Cleanup
Event: 1774.778 Executing VM operation: Cleanup done
Event: 1778.833 Executing VM operation: Cleanup
Event: 1778.833 Executing VM operation: Cleanup done
Event: 1783.888 Executing VM operation: Cleanup
Event: 1783.888 Executing VM operation: Cleanup done
Event: 1787.916 Executing VM operation: Cleanup
Event: 1787.916 Executing VM operation: Cleanup done
Event: 1793.952 Executing VM operation: Cleanup
Event: 1793.952 Executing VM operation: Cleanup done
Event: 1800.022 Executing VM operation: Cleanup
Event: 1800.022 Executing VM operation: Cleanup done
Event: 1841.597 Executing VM operation: G1CollectForAllocation
Event: 1841.603 Executing VM operation: G1CollectForAllocation done

Events (20 events):
Event: 1759.972 loading class sun/net/ConnectionResetException
Event: 1759.972 loading class sun/net/ConnectionResetException done
Event: 1759.987 Thread 0x000001cdd966dce0 Thread added: 0x000001cdd966dce0
Event: 1771.294 Thread 0x000001cdd966dce0 Thread exited: 0x000001cdd966dce0
Event: 1773.996 Thread 0x000001cdd966dce0 Thread added: 0x000001cdd966dce0
Event: 1778.650 Thread 0x000001cdd966dce0 Thread exited: 0x000001cdd966dce0
Event: 1783.657 Thread 0x000001cdde3888b0 Thread exited: 0x000001cdde3888b0
Event: 1783.672 Thread 0x000001cdde38b400 Thread exited: 0x000001cdde38b400
Event: 1787.416 Thread 0x000001cdde38a590 Thread added: 0x000001cdde38a590
Event: 1787.416 Thread 0x000001cdde3888b0 Thread added: 0x000001cdde3888b0
Event: 1792.423 Thread 0x000001cdde38a590 Thread exited: 0x000001cdde38a590
Event: 1792.438 Thread 0x000001cdde3888b0 Thread exited: 0x000001cdde3888b0
Event: 1793.517 Thread 0x000001cdde385d60 Thread added: 0x000001cdde385d60
Event: 1793.517 Thread 0x000001cdde38a590 Thread added: 0x000001cdde38a590
Event: 1798.524 Thread 0x000001cdde385d60 Thread exited: 0x000001cdde385d60
Event: 1798.540 Thread 0x000001cdde38a590 Thread exited: 0x000001cdde38a590
Event: 1799.944 Thread 0x000001cdde3883e0 Thread added: 0x000001cdde3883e0
Event: 1799.944 Thread 0x000001cdde3853c0 Thread added: 0x000001cdde3853c0
Event: 1804.947 Thread 0x000001cdde3883e0 Thread exited: 0x000001cdde3883e0
Event: 1804.962 Thread 0x000001cdde3853c0 Thread exited: 0x000001cdde3853c0


Dynamic libraries:
0x00007ff64fdd0000 - 0x00007ff64fdde000 	D:\Doc_Meire Lopes\Desktop\NOVOS DOWLOADS\Software\SPRING_REST\Sts\sts-4.15.1.RELEASE\plugins\org.eclipse.justj.openjdk.hotspot.jre.full.win32.x86_64_17.0.3.v20220515-1416\jre\bin\javaw.exe
0x00007ff9172d0000 - 0x00007ff9174c6000 	C:\Windows\SYSTEM32\ntdll.dll
0x00007ff9159c0000 - 0x00007ff915a7d000 	C:\Windows\System32\KERNEL32.DLL
0x00007ff914bf0000 - 0x00007ff914eb8000 	C:\Windows\System32\KERNELBASE.dll
0x00007ff9151d0000 - 0x00007ff9152d0000 	C:\Windows\System32\ucrtbase.dll
0x00007ff90e670000 - 0x00007ff90e688000 	D:\Doc_Meire Lopes\Desktop\NOVOS DOWLOADS\Software\SPRING_REST\Sts\sts-4.15.1.RELEASE\plugins\org.eclipse.justj.openjdk.hotspot.jre.full.win32.x86_64_17.0.3.v20220515-1416\jre\bin\jli.dll
0x00007ff915480000 - 0x00007ff915620000 	C:\Windows\System32\USER32.dll
0x00007ff914a40000 - 0x00007ff914a62000 	C:\Windows\System32\win32u.dll
0x00007ff9153b0000 - 0x00007ff9153da000 	C:\Windows\System32\GDI32.dll
0x00007ff914ec0000 - 0x00007ff914fc9000 	C:\Windows\System32\gdi32full.dll
0x00007ff914fd0000 - 0x00007ff91506d000 	C:\Windows\System32\msvcp_win.dll
0x00007ff8c1e80000 - 0x00007ff8c1e99000 	D:\Doc_Meire Lopes\Desktop\NOVOS DOWLOADS\Software\SPRING_REST\Sts\sts-4.15.1.RELEASE\plugins\org.eclipse.justj.openjdk.hotspot.jre.full.win32.x86_64_17.0.3.v20220515-1416\jre\bin\VCRUNTIME140.dll
0x00007ff900370000 - 0x00007ff90060b000 	C:\Windows\WinSxS\amd64_microsoft.windows.common-controls_6595b64144ccf1df_6.0.19041.488_none_ca04af081b815d21\COMCTL32.dll
0x00007ff915a90000 - 0x00007ff915b2e000 	C:\Windows\System32\msvcrt.dll
0x00007ff9157d0000 - 0x00007ff915800000 	C:\Windows\System32\IMM32.DLL
0x00007ff90d5c0000 - 0x00007ff90d5cc000 	D:\Doc_Meire Lopes\Desktop\NOVOS DOWLOADS\Software\SPRING_REST\Sts\sts-4.15.1.RELEASE\plugins\org.eclipse.justj.openjdk.hotspot.jre.full.win32.x86_64_17.0.3.v20220515-1416\jre\bin\vcruntime140_1.dll
0x00007ff8c1de0000 - 0x00007ff8c1e71000 	D:\Doc_Meire Lopes\Desktop\NOVOS DOWLOADS\Software\SPRING_REST\Sts\sts-4.15.1.RELEASE\plugins\org.eclipse.justj.openjdk.hotspot.jre.full.win32.x86_64_17.0.3.v20220515-1416\jre\bin\msvcp140.dll
0x00007ff8c3af0000 - 0x00007ff8c4738000 	D:\Doc_Meire Lopes\Desktop\NOVOS DOWLOADS\Software\SPRING_REST\Sts\sts-4.15.1.RELEASE\plugins\org.eclipse.justj.openjdk.hotspot.jre.full.win32.x86_64_17.0.3.v20220515-1416\jre\bin\server\jvm.dll
0x00007ff916450000 - 0x00007ff9164fc000 	C:\Windows\System32\ADVAPI32.dll
0x00007ff915800000 - 0x00007ff91589b000 	C:\Windows\System32\sechost.dll
0x00007ff916690000 - 0x00007ff9167b4000 	C:\Windows\System32\RPCRT4.dll
0x00007ff915a80000 - 0x00007ff915a88000 	C:\Windows\System32\PSAPI.DLL
0x00007ff9107b0000 - 0x00007ff9107b9000 	C:\Windows\SYSTEM32\WSOCK32.dll
0x00007ff9024b0000 - 0x00007ff9024d7000 	C:\Windows\SYSTEM32\WINMM.dll
0x00007ff915b30000 - 0x00007ff915b9b000 	C:\Windows\System32\WS2_32.dll
0x00007ff90f060000 - 0x00007ff90f06a000 	C:\Windows\SYSTEM32\VERSION.dll
0x00007ff912980000 - 0x00007ff912992000 	C:\Windows\SYSTEM32\kernel.appcore.dll
0x00007ff9107a0000 - 0x00007ff9107aa000 	D:\Doc_Meire Lopes\Desktop\NOVOS DOWLOADS\Software\SPRING_REST\Sts\sts-4.15.1.RELEASE\plugins\org.eclipse.justj.openjdk.hotspot.jre.full.win32.x86_64_17.0.3.v20220515-1416\jre\bin\jimage.dll
0x00007ff906e10000 - 0x00007ff906ff4000 	C:\Windows\SYSTEM32\DBGHELP.DLL
0x00007ff9064b0000 - 0x00007ff9064dc000 	C:\Windows\SYSTEM32\dbgcore.DLL
0x00007ff914b70000 - 0x00007ff914bef000 	C:\Windows\System32\bcryptPrimitives.dll
0x00007ff90dc80000 - 0x00007ff90dca5000 	D:\Doc_Meire Lopes\Desktop\NOVOS DOWLOADS\Software\SPRING_REST\Sts\sts-4.15.1.RELEASE\plugins\org.eclipse.justj.openjdk.hotspot.jre.full.win32.x86_64_17.0.3.v20220515-1416\jre\bin\java.dll
0x00007ff90e600000 - 0x00007ff90e618000 	D:\Doc_Meire Lopes\Desktop\NOVOS DOWLOADS\Software\SPRING_REST\Sts\sts-4.15.1.RELEASE\plugins\org.eclipse.justj.openjdk.hotspot.jre.full.win32.x86_64_17.0.3.v20220515-1416\jre\bin\zip.dll
0x00007ff915cd0000 - 0x00007ff916411000 	C:\Windows\System32\SHELL32.dll
0x00007ff912b80000 - 0x00007ff913315000 	C:\Windows\SYSTEM32\windows.storage.dll
0x00007ff916f30000 - 0x00007ff917285000 	C:\Windows\System32\combase.dll
0x00007ff9143b0000 - 0x00007ff9143dc000 	C:\Windows\SYSTEM32\Wldp.dll
0x00007ff916820000 - 0x00007ff9168ce000 	C:\Windows\System32\SHCORE.dll
0x00007ff916630000 - 0x00007ff916685000 	C:\Windows\System32\shlwapi.dll
0x00007ff914940000 - 0x00007ff914966000 	C:\Windows\SYSTEM32\profapi.dll
0x00007ff90d5d0000 - 0x00007ff90d5e9000 	D:\Doc_Meire Lopes\Desktop\NOVOS DOWLOADS\Software\SPRING_REST\Sts\sts-4.15.1.RELEASE\plugins\org.eclipse.justj.openjdk.hotspot.jre.full.win32.x86_64_17.0.3.v20220515-1416\jre\bin\net.dll
0x00007ff90d440000 - 0x00007ff90d540000 	C:\Windows\SYSTEM32\WINHTTP.dll
0x00007ff914130000 - 0x00007ff91419a000 	C:\Windows\system32\mswsock.dll
0x00007ff8f7e10000 - 0x00007ff8f7e25000 	D:\Doc_Meire Lopes\Desktop\NOVOS DOWLOADS\Software\SPRING_REST\Sts\sts-4.15.1.RELEASE\plugins\org.eclipse.justj.openjdk.hotspot.jre.full.win32.x86_64_17.0.3.v20220515-1416\jre\bin\nio.dll
0x00007ff8f7ba0000 - 0x00007ff8f7ba9000 	D:\Doc_Meire Lopes\Desktop\NOVOS DOWLOADS\Software\SPRING_REST\Sts\sts-4.15.1.RELEASE\plugins\org.eclipse.justj.openjdk.hotspot.jre.full.win32.x86_64_17.0.3.v20220515-1416\jre\bin\management.dll
0x00007ff8c1a10000 - 0x00007ff8c1a1b000 	D:\Doc_Meire Lopes\Desktop\NOVOS DOWLOADS\Software\SPRING_REST\Sts\sts-4.15.1.RELEASE\plugins\org.eclipse.justj.openjdk.hotspot.jre.full.win32.x86_64_17.0.3.v20220515-1416\jre\bin\management_ext.dll
0x00007ff908860000 - 0x00007ff908877000 	C:\Windows\system32\napinsp.dll
0x00007ff908730000 - 0x00007ff90874b000 	C:\Windows\system32\pnrpnsp.dll
0x00007ff9081c0000 - 0x00007ff9081d5000 	C:\Windows\system32\wshbth.dll
0x00007ff9103a0000 - 0x00007ff9103bd000 	C:\Windows\system32\NLAapi.dll
0x00007ff913e20000 - 0x00007ff913e5b000 	C:\Windows\SYSTEM32\IPHLPAPI.DLL
0x00007ff913e60000 - 0x00007ff913f2b000 	C:\Windows\SYSTEM32\DNSAPI.dll
0x00007ff9153e0000 - 0x00007ff9153e8000 	C:\Windows\System32\NSI.dll
0x00007ff908670000 - 0x00007ff908682000 	C:\Windows\System32\winrnr.dll
0x00007ff90cae0000 - 0x00007ff90caea000 	C:\Windows\System32\rasadhlp.dll
0x00007ff90cf30000 - 0x00007ff90cfaf000 	C:\Windows\System32\fwpuclnt.dll
0x00007ff914a10000 - 0x00007ff914a37000 	C:\Windows\System32\bcrypt.dll
0x00007ff914300000 - 0x00007ff914318000 	C:\Windows\SYSTEM32\CRYPTSP.dll
0x00007ff913ac0000 - 0x00007ff913af4000 	C:\Windows\system32\rsaenh.dll
0x00007ff914900000 - 0x00007ff91492e000 	C:\Windows\SYSTEM32\USERENV.dll
0x00007ff914320000 - 0x00007ff91432c000 	C:\Windows\SYSTEM32\CRYPTBASE.dll
0x00007ff90f5f0000 - 0x00007ff90f607000 	C:\Windows\SYSTEM32\dhcpcsvc6.DLL
0x00007ff90f5c0000 - 0x00007ff90f5dd000 	C:\Windows\SYSTEM32\dhcpcsvc.DLL
0x00007ff90e660000 - 0x00007ff90e670000 	D:\Doc_Meire Lopes\Desktop\NOVOS DOWLOADS\Software\SPRING_REST\Sts\sts-4.15.1.RELEASE\plugins\org.eclipse.justj.openjdk.hotspot.jre.full.win32.x86_64_17.0.3.v20220515-1416\jre\bin\verify.dll
0x00007ff90e150000 - 0x00007ff90e15e000 	D:\Doc_Meire Lopes\Desktop\NOVOS DOWLOADS\Software\SPRING_REST\Sts\sts-4.15.1.RELEASE\plugins\org.eclipse.justj.openjdk.hotspot.jre.full.win32.x86_64_17.0.3.v20220515-1416\jre\bin\sunmscapi.dll
0x00007ff915070000 - 0x00007ff9151cd000 	C:\Windows\System32\CRYPT32.dll
0x00007ff914420000 - 0x00007ff914447000 	C:\Windows\SYSTEM32\ncrypt.dll
0x00007ff9143e0000 - 0x00007ff91441b000 	C:\Windows\SYSTEM32\NTASN1.dll
0x00007ff910260000 - 0x00007ff910267000 	C:\Windows\system32\wshunix.dll

dbghelp: loaded successfully - version: 4.0.5 - missing functions: none
symbol engine: initialized successfully - sym options: 0x614 - pdb path: .;D:\Doc_Meire Lopes\Desktop\NOVOS DOWLOADS\Software\SPRING_REST\Sts\sts-4.15.1.RELEASE\plugins\org.eclipse.justj.openjdk.hotspot.jre.full.win32.x86_64_17.0.3.v20220515-1416\jre\bin;C:\Windows\SYSTEM32;C:\Windows\WinSxS\amd64_microsoft.windows.common-controls_6595b64144ccf1df_6.0.19041.488_none_ca04af081b815d21;D:\Doc_Meire Lopes\Desktop\NOVOS DOWLOADS\Software\SPRING_REST\Sts\sts-4.15.1.RELEASE\plugins\org.eclipse.justj.openjdk.hotspot.jre.full.win32.x86_64_17.0.3.v20220515-1416\jre\bin\server

VM Arguments:
jvm_args: -Dcom.sun.management.jmxremote -Dcom.sun.management.jmxremote.port=59338 -Dcom.sun.management.jmxremote.authenticate=false -Dcom.sun.management.jmxremote.ssl=false -Djava.rmi.server.hostname=localhost -Dspring.jmx.enabled=true -Dspring.application.admin.enabled=true -XX:TieredStopAtLevel=1 -Dspring.boot.project.name=algafood -Dfile.encoding=UTF-8 -XX:+ShowCodeDetailsInExceptionMessages 
java_command: com.algaworks.algafood.AlgafoodApplication --spring.output.ansi.enabled=always
java_class_path (initial): C:\Users\USUARIO\git\algafood\algafood\target\classes;C:\Users\USUARIO\.m2\repository\org\springframework\boot\spring-boot-starter-web\2.7.5\spring-boot-starter-web-2.7.5.jar;C:\Users\USUARIO\.m2\repository\org\springframework\boot\spring-boot-starter-json\2.7.5\spring-boot-starter-json-2.7.5.jar;C:\Users\USUARIO\.m2\repository\com\fasterxml\jackson\datatype\jackson-datatype-jdk8\2.13.4\jackson-datatype-jdk8-2.13.4.jar;C:\Users\USUARIO\.m2\repository\com\fasterxml\jackson\datatype\jackson-datatype-jsr310\2.13.4\jackson-datatype-jsr310-2.13.4.jar;C:\Users\USUARIO\.m2\repository\com\fasterxml\jackson\module\jackson-module-parameter-names\2.13.4\jackson-module-parameter-names-2.13.4.jar;C:\Users\USUARIO\.m2\repository\org\springframework\boot\spring-boot-starter-tomcat\2.7.5\spring-boot-starter-tomcat-2.7.5.jar;C:\Users\USUARIO\.m2\repository\org\apache\tomcat\embed\tomcat-embed-core\9.0.68\tomcat-embed-core-9.0.68.jar;C:\Users\USUARIO\.m2\repository\org\apache\tomcat\embed\tomcat-embed-el\9.0.68\tomcat-embed-el-9.0.68.jar;C:\Users\USUARIO\.m2\repository\org\apache\tomcat\embed\tomcat-embed-websocket\9.0.68\tomcat-embed-websocket-9.0.68.jar;C:\Users\USUARIO\.m2\repository\org\springframework\spring-web\5.3.23\spring-web-5.3.23.jar;C:\Users\USUARIO\.m2\repository\org\springframework\spring-beans\5.3.23\spring-beans-5.3.23.jar;C:\Users\USUARIO\.m2\repository\org\springframework\spring-webmvc\5.3.23\spring-webmvc-5.3.23.jar;C:\Users\USUARIO\.m2\repository\org\springframework\spring-aop\5.3.23\spring-aop-5.3.23.jar;C:\Users\USUARIO\.m2\repository\org\springframework\spring-context\5.3.23\spring-context-5.3.23.jar;C:\Users\USUARIO\.m2\repository\org\springframework\spring-expression\5.3.23\spring-expression-5.3.23.jar;C:\Users\USUARIO\.m2\repository\org\springframework\boot\spring-boot-devtools\2.7.5\spring-boot-devtools-2.7.5.jar;C:\Users\USUARIO\.m2\repository\org\springframework\boot\spring-boot\2.7.5\spring-boot-2.7.5.jar;C:\Users\USUARIO\.m
Launcher Type: SUN_STANDARD

[Global flags]
     intx CICompilerCount                          = 3                                         {product} {ergonomic}
     uint ConcGCThreads                            = 1                                         {product} {ergonomic}
     uint G1ConcRefinementThreads                  = 4                                         {product} {ergonomic}
   size_t G1HeapRegionSize                         = 1048576                                   {product} {ergonomic}
    uintx GCDrainStackTargetSize                   = 64                                        {product} {ergonomic}
   size_t InitialHeapSize                          = 100663296                                 {product} {ergonomic}
     bool ManagementServer                         = true                                      {product} {command line}
   size_t MarkStackSize                            = 4194304                                   {product} {ergonomic}
   size_t MaxHeapSize                              = 1581252608                                {product} {ergonomic}
   size_t MaxNewSize                               = 947912704                                 {product} {ergonomic}
   size_t MinHeapDeltaBytes                        = 1048576                                   {product} {ergonomic}
   size_t MinHeapSize                              = 8388608                                   {product} {ergonomic}
    uintx NonProfiledCodeHeapSize                  = 0                                      {pd product} {ergonomic}
     bool ProfileInterpreter                       = false                                  {pd product} {command line}
    uintx ProfiledCodeHeapSize                     = 0                                      {pd product} {ergonomic}
     bool ShowCodeDetailsInExceptionMessages       = true                                   {manageable} {command line}
   size_t SoftMaxHeapSize                          = 1581252608                             {manageable} {ergonomic}
     intx TieredStopAtLevel                        = 1                                         {product} {command line}
     bool UseCompressedClassPointers               = true                           {product lp64_product} {ergonomic}
     bool UseCompressedOops                        = true                           {product lp64_product} {ergonomic}
     bool UseG1GC                                  = true                                      {product} {ergonomic}
     bool UseLargePagesIndividualAllocation        = false                                  {pd product} {ergonomic}

Logging:
Log output configuration:
 #0: stdout all=warning uptime,level,tags
 #1: stderr all=off uptime,level,tags

Environment Variables:
PATH=D:/Doc_Meire Lopes/Desktop/NOVOS DOWLOADS/Software/SPRING_REST/Sts/sts-4.15.1.RELEASE//plugins/org.eclipse.justj.openjdk.hotspot.jre.full.win32.x86_64_17.0.3.v20220515-1416/jre/bin/server;D:/Doc_Meire Lopes/Desktop/NOVOS DOWLOADS/Software/SPRING_REST/Sts/sts-4.15.1.RELEASE//plugins/org.eclipse.justj.openjdk.hotspot.jre.full.win32.x86_64_17.0.3.v20220515-1416/jre/bin;C:\Program Files (x86)\Common Files\Intel\Shared Libraries\redist\intel64\compiler;C:\Windows\system32;C:\Windows;C:\Windows\System32\Wbem;C:\Windows\System32\WindowsPowerShell\v1.0\;C:\Windows\System32\OpenSSH\;C:\Program Files\Microsoft SQL Server\120\Tools\Binn\;C:\Program Files\Common Files\Autodesk Shared\;C:\MinGW\bin;C:\Program Files (x86)\HP\Common\HPDestPlgIn\;C:\Program Files\Git\cmd;C:\Program Files\Git;C:\Program Files\Java\jdk-14.0.1\bin;C:\Program Files\Java\jdk-11.0.15+10\bin;C:\Users\USUARIO\AppData\Local\Microsoft\WindowsApps;d:\Program Files\JetBrains\IntelliJ IDEA Community Edition 2021.1.3\bin;;C:\Program Files (x86)\HP\Common\HPDestPlgIn\;C:\Program Files\Java\jdk-14.0.1\bin;D:\Doc_Meire Lopes\Desktop\2022\Digital House\Softwares\apache-maven-3.8.5\bin;D:\Doc_Meire Lopes\Desktop\2022\JAVA\apache-maven-3.8.6\bin;C:\Users\USUARIO\AppData\Local\Programs\Microsoft VS Code\bin;C:\Program Files\Java\jdk-11.0.15+10\bin;D:\Doc_Meire Lopes\Desktop\NOVOS DOWLOADS\Software\apache-maven-3.8.6\bin;;D:\Doc_Meire Lopes\Desktop\NOVOS DOWLOADS\Software\SPRING_REST\Sts\sts-4.15.1.RELEASE;
USERNAME=USUARIO
OS=Windows_NT
PROCESSOR_IDENTIFIER=Intel64 Family 6 Model 60 Stepping 3, GenuineIntel



---------------  S Y S T E M  ---------------

OS:
 Windows 10 , 64 bit Build 19041 (10.0.19041.546)
OS uptime: 0 days 5:46 hours

CPU: total 4 (initial active 4) (4 cores per cpu, 1 threads per core) family 6 model 60 stepping 3 microcode 0x27, cx8, cmov, fxsr, mmx, sse, sse2, sse3, ssse3, sse4.1, sse4.2, popcnt, lzcnt, tsc, tscinvbit, avx, avx2, aes, erms, clmul, bmi1, bmi2, fma, vzeroupper, clflush

Memory: 4k page, system-wide physical 6027M (635M free)
TotalPageFile size 10723M (AvailPageFile size 2052M)
current process WorkingSet (physical memory assigned to process): 259M, peak: 262M
current process commit charge ("private bytes"): 286M, peak: 286M

vm_info: OpenJDK 64-Bit Server VM (17.0.3+7) for windows-amd64 JRE (17.0.3+7), built on Apr 19 2022 16:55:35 by "" with MS VC++ 16.7 (VS2019)

END.
