#
# A fatal error has been detected by the Java Runtime Environment:
#
#  EXCEPTION_ACCESS_VIOLATION (0xc0000005) at pc=0x00007ffe7fc4b1ac, pid=10688, tid=4364
#
# JRE version: OpenJDK Runtime Environment Temurin-17.0.3+7 (17.0.3+7) (build 17.0.3+7)
# Java VM: OpenJDK 64-Bit Server VM Temurin-17.0.3+7 (17.0.3+7, mixed mode, emulated-client, tiered, compressed oops, compressed class ptrs, g1 gc, windows-amd64)
# Problematic frame:
# V  [jvm.dll+0x53b1ac]
#
# No core dump will be written. Minidumps are not enabled by default on client versions of Windows
#
# If you would like to submit a bug report, please visit:
#   https://github.com/adoptium/adoptium-support/issues
#

---------------  S U M M A R Y ------------

Command Line: -Dcom.sun.management.jmxremote -Dcom.sun.management.jmxremote.port=51641 -Dcom.sun.management.jmxremote.authenticate=false -Dcom.sun.management.jmxremote.ssl=false -Djava.rmi.server.hostname=localhost -Dspring.jmx.enabled=true -Dspring.application.admin.enabled=true -XX:TieredStopAtLevel=1 -Dspring.boot.project.name=algafood -Dfile.encoding=UTF-8 -XX:+ShowCodeDetailsInExceptionMessages com.algaworks.algafood.AlgafoodApplication --spring.output.ansi.enabled=always

Host: Intel(R) Core(TM) i5-4570S CPU @ 2.90GHz, 4 cores, 5G,  Windows 10 , 64 bit Build 19041 (10.0.19041.546)
Time: Sun Dec 18 00:18:05 2022 Hora oficial do Brasil elapsed time: 13480.742577 seconds (0d 3h 44m 40s)

---------------  T H R E A D  ---------------

Current thread (0x00000236bfd8c570):  JavaThread "RMI TCP Connection(305)-127.0.0.1" daemon [_thread_in_vm, id=4364, stack(0x0000006ac2200000,0x0000006ac2300000)]

Stack: [0x0000006ac2200000,0x0000006ac2300000],  sp=0x0000006ac22fd028,  free space=1012k
Native frames: (J=compiled Java code, j=interpreted, Vv=VM code, C=native code)
V  [jvm.dll+0x53b1ac]

Java frames: (J=compiled Java code, j=interpreted, Vv=VM code)
J 402  java.lang.Class.isAssignableFrom(Ljava/lang/Class;)Z java.base@17.0.3 (0 bytes) @ 0x00000236b13c316f [0x00000236b13c3120+0x000000000000004f]
J 2747 c1 org.springframework.util.ClassUtils.isAssignable(Ljava/lang/Class;Ljava/lang/Class;)Z (84 bytes) @ 0x00000236b1771644 [0x00000236b1771600+0x0000000000000044]
J 2760 c1 org.springframework.core.ResolvableType$1.isAssignableFrom(Ljava/lang/Class;)Z (24 bytes) @ 0x00000236b17750e4 [0x00000236b17750a0+0x0000000000000044]
J 3045 c1 org.springframework.beans.factory.support.AbstractBeanFactory.isTypeMatch(Ljava/lang/String;Lorg/springframework/core/ResolvableType;Z)Z (607 bytes) @ 0x00000236b17e33e4 [0x00000236b17e2880+0x0000000000000b64]
J 3077 c1 org.springframework.beans.factory.support.DefaultListableBeanFactory.doGetBeanNamesForType(Lorg/springframework/core/ResolvableType;ZZ)[Ljava/lang/String; (528 bytes) @ 0x00000236b17f8204 [0x00000236b17f7ca0+0x0000000000000564]
J 5128 c1 org.springframework.beans.factory.support.DefaultListableBeanFactory.getBeanNamesForType(Ljava/lang/Class;ZZ)[Ljava/lang/String; (101 bytes) @ 0x00000236b1b2c6a4 [0x00000236b1b2c3a0+0x0000000000000304]
j  org.springframework.context.support.DefaultLifecycleProcessor.getLifecycleBeans()Ljava/util/Map;+18
j  org.springframework.context.support.DefaultLifecycleProcessor.stopBeans()V+1
j  org.springframework.context.support.DefaultLifecycleProcessor.onClose()V+1
j  org.springframework.context.support.AbstractApplicationContext.doClose()V+111
j  org.springframework.boot.web.servlet.context.ServletWebServerApplicationContext.doClose()V+15
j  org.springframework.context.support.AbstractApplicationContext.close()V+8
j  org.springframework.boot.admin.SpringApplicationAdminMXBeanRegistrar$SpringApplicationAdmin.shutdown()V+17
v  ~StubRoutines::call_stub
J 2503  jdk.internal.reflect.NativeMethodAccessorImpl.invoke0(Ljava/lang/reflect/Method;Ljava/lang/Object;[Ljava/lang/Object;)Ljava/lang/Object; java.base@17.0.3 (0 bytes) @ 0x00000236b170621f [0x00000236b17061a0+0x000000000000007f]
J 2502 c1 jdk.internal.reflect.NativeMethodAccessorImpl.invoke(Ljava/lang/Object;[Ljava/lang/Object;)Ljava/lang/Object; java.base@17.0.3 (137 bytes) @ 0x00000236b170706c [0x00000236b1706d80+0x00000000000002ec]
J 2379 c1 jdk.internal.reflect.DelegatingMethodAccessorImpl.invoke(Ljava/lang/Object;[Ljava/lang/Object;)Ljava/lang/Object; java.base@17.0.3 (10 bytes) @ 0x00000236b16ccae4 [0x00000236b16ccaa0+0x0000000000000044]
J 2392 c1 java.lang.reflect.Method.invoke(Ljava/lang/Object;[Ljava/lang/Object;)Ljava/lang/Object; java.base@17.0.3 (65 bytes) @ 0x00000236b16d4554 [0x00000236b16d4460+0x00000000000000f4]
j  sun.reflect.misc.Trampoline.invoke(Ljava/lang/reflect/Method;Ljava/lang/Object;[Ljava/lang/Object;)Ljava/lang/Object;+7
j  jdk.internal.reflect.GeneratedMethodAccessor67.invoke(Ljava/lang/Object;[Ljava/lang/Object;)Ljava/lang/Object;+40
J 2379 c1 jdk.internal.reflect.DelegatingMethodAccessorImpl.invoke(Ljava/lang/Object;[Ljava/lang/Object;)Ljava/lang/Object; java.base@17.0.3 (10 bytes) @ 0x00000236b16ccae4 [0x00000236b16ccaa0+0x0000000000000044]
J 2392 c1 java.lang.reflect.Method.invoke(Ljava/lang/Object;[Ljava/lang/Object;)Ljava/lang/Object; java.base@17.0.3 (65 bytes) @ 0x00000236b16d4554 [0x00000236b16d4460+0x00000000000000f4]
j  sun.reflect.misc.MethodUtil.invoke(Ljava/lang/reflect/Method;Ljava/lang/Object;[Ljava/lang/Object;)Ljava/lang/Object;+20 java.base@17.0.3
j  com.sun.jmx.mbeanserver.ConvertingMethod.invokeWithOpenReturn(Ljava/lang/Object;[Ljava/lang/Object;)Ljava/lang/Object;+42 java.management@17.0.3
j  com.sun.jmx.mbeanserver.ConvertingMethod.invokeWithOpenReturn(Lcom/sun/jmx/mbeanserver/MXBeanLookup;Ljava/lang/Object;[Ljava/lang/Object;)Ljava/lang/Object;+12 java.management@17.0.3
j  com.sun.jmx.mbeanserver.MXBeanIntrospector.invokeM2(Lcom/sun/jmx/mbeanserver/ConvertingMethod;Ljava/lang/Object;[Ljava/lang/Object;Ljava/lang/Object;)Ljava/lang/Object;+8 java.management@17.0.3
j  com.sun.jmx.mbeanserver.MXBeanIntrospector.invokeM2(Ljava/lang/Object;Ljava/lang/Object;[Ljava/lang/Object;Ljava/lang/Object;)Ljava/lang/Object;+9 java.management@17.0.3
j  com.sun.jmx.mbeanserver.MBeanIntrospector.invokeM(Ljava/lang/Object;Ljava/lang/Object;[Ljava/lang/Object;Ljava/lang/Object;)Ljava/lang/Object;+6 java.management@17.0.3
j  com.sun.jmx.mbeanserver.PerInterface.invoke(Ljava/lang/Object;Ljava/lang/String;[Ljava/lang/Object;[Ljava/lang/String;Ljava/lang/Object;)Ljava/lang/Object;+202 java.management@17.0.3
j  com.sun.jmx.mbeanserver.MBeanSupport.invoke(Ljava/lang/String;[Ljava/lang/Object;[Ljava/lang/String;)Ljava/lang/Object;+15 java.management@17.0.3
j  com.sun.jmx.interceptor.DefaultMBeanServerInterceptor.invoke(Ljavax/management/ObjectName;Ljava/lang/String;[Ljava/lang/Object;[Ljava/lang/String;)Ljava/lang/Object;+29 java.management@17.0.3
j  com.sun.jmx.mbeanserver.JmxMBeanServer.invoke(Ljavax/management/ObjectName;Ljava/lang/String;[Ljava/lang/Object;[Ljava/lang/String;)Ljava/lang/Object;+13 java.management@17.0.3
J 11620 c1 javax.management.remote.rmi.RMIConnectionImpl.doOperation(I[Ljava/lang/Object;)Ljava/lang/Object; java.management.rmi@17.0.3 (683 bytes) @ 0x00000236b244da34 [0x00000236b244d1a0+0x0000000000000894]
J 11617 c1 javax.management.remote.rmi.RMIConnectionImpl.doPrivilegedOperation(I[Ljava/lang/Object;Ljavax/security/auth/Subject;)Ljava/lang/Object; java.management.rmi@17.0.3 (173 bytes) @ 0x00000236b245038c [0x00000236b2450140+0x000000000000024c]
j  javax.management.remote.rmi.RMIConnectionImpl.invoke(Ljavax/management/ObjectName;Ljava/lang/String;Ljava/rmi/MarshalledObject;[Ljava/lang/String;Ljavax/security/auth/Subject;)Ljava/lang/Object;+136 java.management.rmi@17.0.3
j  jdk.internal.reflect.GeneratedMethodAccessor66.invoke(Ljava/lang/Object;[Ljava/lang/Object;)Ljava/lang/Object;+72 java.base@17.0.3
J 2379 c1 jdk.internal.reflect.DelegatingMethodAccessorImpl.invoke(Ljava/lang/Object;[Ljava/lang/Object;)Ljava/lang/Object; java.base@17.0.3 (10 bytes) @ 0x00000236b16ccae4 [0x00000236b16ccaa0+0x0000000000000044]
J 11346 c1 sun.rmi.server.UnicastServerRef.dispatch(Ljava/rmi/Remote;Ljava/rmi/server/RemoteCall;)V java.rmi@17.0.3 (492 bytes) @ 0x00000236b2510ffc [0x00000236b2510980+0x000000000000067c]
J 10182 c1 sun.rmi.transport.Transport$1.run()Ljava/lang/Void; java.rmi@17.0.3 (30 bytes) @ 0x00000236b23ab9cc [0x00000236b23ab940+0x000000000000008c]
J 10170 c1 sun.rmi.transport.Transport.serviceCall(Ljava/rmi/server/RemoteCall;)Z java.rmi@17.0.3 (349 bytes) @ 0x00000236b23a48e4 [0x00000236b23a4060+0x0000000000000884]
j  sun.rmi.transport.tcp.TCPTransport.handleMessages(Lsun/rmi/transport/Connection;Z)V+145 java.rmi@17.0.3
j  sun.rmi.transport.tcp.TCPTransport$ConnectionHandler.run0()V+522 java.rmi@17.0.3
J 13493 c1 sun.rmi.transport.tcp.TCPTransport$ConnectionHandler$$Lambda$180+0x00000001001cf328.run()Ljava/lang/Object; java.rmi@17.0.3 (8 bytes) @ 0x00000236b288015c [0x00000236b2880120+0x000000000000003c]
J 13492 c1 sun.rmi.transport.tcp.TCPTransport$ConnectionHandler.run()V java.rmi@17.0.3 (58 bytes) @ 0x00000236b2880874 [0x00000236b28805a0+0x00000000000002d4]
J 11621 c1 java.util.concurrent.ThreadPoolExecutor.runWorker(Ljava/util/concurrent/ThreadPoolExecutor$Worker;)V java.base@17.0.3 (187 bytes) @ 0x00000236b244c3e4 [0x00000236b244c140+0x00000000000002a4]
j  java.util.concurrent.ThreadPoolExecutor$Worker.run()V+5 java.base@17.0.3
J 10958 c1 java.lang.Thread.run()V java.base@17.0.3 (17 bytes) @ 0x00000236b241d7ec [0x00000236b241d7a0+0x000000000000004c]
v  ~StubRoutines::call_stub

siginfo: EXCEPTION_ACCESS_VIOLATION (0xc0000005), reading address 0x0000000000000000


Register to memory mapping:

RIP=0x00007ffe7fc4b1ac jvm.dll
RAX=0x0 is NULL
RBX=0x00000236bfd8c570 is a thread
RCX=0x00000001003ad860 is pointing into metadata
RDX=0x0000000100158628 is a pointer to class: 
org.springframework.context.Lifecycle {0x0000000100158630}
 - instance size:     2
 - klass size:        63
 - access:            public interface abstract 
 - state:             linked
 - name:              'org/springframework/context/Lifecycle'
 - super:             'java/lang/Object'
 - sub:               
 - nof implementors:  2
 - arrays:            NULL
 - methods:           Array<T>(0x00000236bb81ac08)
 - method ordering:   Array<T>(0x00000236ba000018)
 - default_methods:   Array<T>(0x0000000000000000)
 - local interfaces:  Array<T>(0x00000236ba000058)
 - trans. interfaces: Array<T>(0x00000236ba000058)
 - constants:         constant pool [12] {0x00000236bb81ab40} for 'org/springframework/context/Lifecycle' cache=0x00000236bd55a158
 - class loader data:  loader data: 0x00000236b9c9c970 for instance a 'jdk/internal/loader/ClassLoaders$AppClassLoader'{0x00000000a203a250}
 - source file:       'Lifecycle.java'
 - class annotations:       Array<T>(0x0000000000000000)
 - class type annotations:  Array<T>(0x0000000000000000)
 - field annotations:       Array<T>(0x0000000000000000)
 - field type annotations:  Array<T>(0x0000000000000000)
 - inner classes:     Array<T>(0x00000236ba000028)
 - nest members:     Array<T>(0x00000236ba000028)
 - permitted subclasses:     Array<T>(0x00000236ba000028)
 - java mirror:       a 'java/lang/Class'{0x00000000a2518cd8} = 'org/springframework/context/Lifecycle'
 - vtable length      5  (start addr: 0x00000001001587f0)
 - itable length      0 (start addr: 0x0000000100158818)
 - ---- static fields (0 words):
 - ---- non-static fields (0 words):
 - non-static oop maps: 
RSP=0x0000006ac22fd028 is pointing into the stack for thread: 0x00000236bfd8c570
RBP=0x0000006ac22fd080 is pointing into the stack for thread: 0x00000236bfd8c570
RSI=0x00000001003ad860 is pointing into metadata
RDI=0x00000000a2518cd8 is an oop: java.lang.Class 
{0x00000000a2518cd8} - klass: 'java/lang/Class'
 - ---- fields (total size 14 words):
 - private volatile transient 'classRedefinedCount' 'I' @12  0
 - private volatile transient 'cachedConstructor' 'Ljava/lang/reflect/Constructor;' @40  NULL (0)
 - private transient 'name' 'Ljava/lang/String;' @44  "org.springframework.context.Lifecycle"{0x00000000a2518e48} (a2518e48)
 - private transient 'module' 'Ljava/lang/Module;' @48  a 'java/lang/Module'{0x00000000a20318d8} (a20318d8)
 - private final 'classLoader' 'Ljava/lang/ClassLoader;' @52  a 'jdk/internal/loader/ClassLoaders$AppClassLoader'{0x00000000a203a250} (a203a250)
 - private transient 'classData' 'Ljava/lang/Object;' @56  NULL (0)
 - private transient 'packageName' 'Ljava/lang/String;' @60  "org.springframework.context"{0x00000000a1ed6fd0} (a1ed6fd0)
 - private final 'componentType' 'Ljava/lang/Class;' @64  [I{0x00000000a2518e98} (a2518e98)
 - private volatile transient 'reflectionData' 'Ljava/lang/ref/SoftReference;' @68  a 'java/lang/ref/SoftReference'{0x00000000a2e5b610} (a2e5b610)
 - private volatile transient 'genericInfo' 'Lsun/reflect/generics/repository/ClassRepository;' @72  NULL (0)
 - private volatile transient 'enumConstants' '[Ljava/lang/Object;' @76  NULL (0)
 - private volatile transient 'enumConstantDirectory' 'Ljava/util/Map;' @80  NULL (0)
 - private volatile transient 'annotationData' 'Ljava/lang/Class$AnnotationData;' @84  a 'java/lang/Class$AnnotationData'{0x00000000a26b12f0} (a26b12f0)
 - private volatile transient 'annotationType' 'Lsun/reflect/annotation/AnnotationType;' @88  NULL (0)
 - transient 'classValueMap' 'Ljava/lang/ClassValue$ClassValueMap;' @92  NULL (0)
 - signature: Lorg/springframework/context/Lifecycle;
 - fake entry for mirror: 'org/springframework/context/Lifecycle'
 - fake entry for array: NULL
 - fake entry for oop_size: 14
 - fake entry for static_oop_field_count: 0
R8 =0x0000006ac22fd080 is pointing into the stack for thread: 0x00000236bfd8c570
R9 =0x00000001003ad860 is pointing into metadata
R10=0x00007ffec11414ac java.dll
R11=0x000000000000004d is an unknown value
R12=0x0 is NULL
R13=0x0000000000000001 is an unknown value
R14=0x0000006ac22fd1d8 is pointing into the stack for thread: 0x00000236bfd8c570
R15=0x00000236bfd8c570 is a thread


Registers:
RAX=0x0000000000000000, RBX=0x00000236bfd8c570, RCX=0x00000001003ad860, RDX=0x0000000100158628
RSP=0x0000006ac22fd028, RBP=0x0000006ac22fd080, RSI=0x00000001003ad860, RDI=0x00000000a2518cd8
R8 =0x0000006ac22fd080, R9 =0x00000001003ad860, R10=0x00007ffec11414ac, R11=0x000000000000004d
R12=0x0000000000000000, R13=0x0000000000000001, R14=0x0000006ac22fd1d8, R15=0x00000236bfd8c570
RIP=0x00007ffe7fc4b1ac, EFLAGS=0x0000000000010212

Top of Stack: (sp=0x0000006ac22fd028)
0x0000006ac22fd028:   00007ffe7fae921a 0000006ac22fd5a0
0x0000006ac22fd038:   00000236b121bb0c 00000000a2277080
0x0000006ac22fd048:   00000000a659e3c8 00000000a2518cd8
0x0000006ac22fd058:   00000236b13c320b 00000236bb8bf150
0x0000006ac22fd068:   0000006ac22fd0c0 00000000a2679608
0x0000006ac22fd078:   00000236b123a4d4 00000000a2518cd8
0x0000006ac22fd088:   00000000a2679608 00000000a27c8740
0x0000006ac22fd098:   00000000a3661f20 00000000a360fde8
0x0000006ac22fd0a8:   00000000a3661f20 00000000a4ad24e0
0x0000006ac22fd0b8:   0000023618f013cc 0000006ac22fd5a0
0x0000006ac22fd0c8:   00000236b1771644 0000006ac22fd5a0
0x0000006ac22fd0d8:   00000236b16f347c 0000000000000001
0x0000006ac22fd0e8:   00000000a27c86a0 0000006ac22fd5a0
0x0000006ac22fd0f8:   00000000a3661f20 0000006ac22fd5a0
0x0000006ac22fd108:   00000000a2518cd8 00000000a2679608
0x0000006ac22fd118:   00000000a360fb78 00000000a3661f20 

Instructions: (pc=0x00007ffe7fc4b1ac)
0x00007ffe7fc4b0ac:   76 17 45 33 c0 48 8b cd 41 8d 50 08 e8 13 12 b7
0x00007ffe7fc4b0bc:   ff 48 8b d8 4c 89 38 eb 0b 48 89 45 18 4c 89 3b
0x00007ffe7fc4b0cc:   eb 02 33 db 49 8b 4e 70 48 85 c9 74 0f ff 15 41
0x00007ffe7fc4b0dc:   bf 5b 00 48 85 c0 0f 85 95 00 00 00 48 83 3d a0
0x00007ffe7fc4b0ec:   54 63 00 00 49 8b ad 30 02 00 00 48 8b 45 28 4c
0x00007ffe7fc4b0fc:   8b 7d 10 4c 8b 65 18 4c 8b 6d 20 48 89 44 24 70
0x00007ffe7fc4b10c:   74 17 49 8b ce e8 3a ee ff ff 48 8b d0 48 8d 0d
0x00007ffe7fc4b11c:   c0 17 45 00 e8 db e1 ff ff 48 8b 84 24 88 00 00
0x00007ffe7fc4b12c:   00 4c 8b ce 48 89 44 24 28 4c 8b c3 48 8b d7 48
0x00007ffe7fc4b13c:   c7 44 24 20 00 00 00 00 49 8b ce e8 34 1a e5 ff
0x00007ffe7fc4b14c:   49 8b 07 48 8b 8c 24 88 00 00 00 48 85 c0 74 15
0x00007ffe7fc4b15c:   48 8b 54 24 70 48 8b cd e8 67 14 b7 ff 49 8b cf
0x00007ffe7fc4b16c:   e8 cf 13 b7 ff 4c 89 6d 20 4c 89 65 18 4c 89 7d
0x00007ffe7fc4b17c:   10 48 8b 5c 24 78 48 83 c4 30 41 5f 41 5e 41 5d
0x00007ffe7fc4b18c:   41 5c 5f 5e 5d c3 cc cc cc cc cc cc cc cc cc cc
0x00007ffe7fc4b19c:   cc cc cc cc 4c 8b c9 48 3b ca 74 30 48 8b 41 28
0x00007ffe7fc4b1ac:   48 63 08 85 c9 7e 1e 4c 8b c1 33 c9 48 83 c0 08
0x00007ffe7fc4b1bc:   0f 1f 40 00 48 39 10 74 0f 48 ff c1 48 83 c0 08
0x00007ffe7fc4b1cc:   49 3b c8 7c ef 32 c0 c3 49 89 51 20 b0 01 c3 cc
0x00007ffe7fc4b1dc:   cc cc cc cc 48 8b 05 e9 fa 64 00 48 39 41 18 74
0x00007ffe7fc4b1ec:   20 83 79 08 00 7e 09 80 b9 34 01 00 00 00 75 11
0x00007ffe7fc4b1fc:   48 81 c1 a4 00 00 00 ba 00 00 00 80 e9 f3 1e ad
0x00007ffe7fc4b20c:   ff c3 cc cc 40 53 48 83 ec 20 48 8b d9 4c 8b c2
0x00007ffe7fc4b21c:   48 8b 89 98 00 00 00 48 8d 54 24 30 e8 b3 8a cb
0x00007ffe7fc4b22c:   ff 48 8b 10 48 89 53 70 48 83 c4 20 5b c3 cc cc
0x00007ffe7fc4b23c:   cc cc cc cc 40 53 48 83 ec 20 48 89 51 18 48 8b
0x00007ffe7fc4b24c:   d9 48 85 d2 74 08 48 8b ca e8 06 33 26 00 80 3d
0x00007ffe7fc4b25c:   59 01 63 00 00 75 09 80 3d 51 01 63 00 00 74 13
0x00007ffe7fc4b26c:   83 7b 08 00 7e 0d 48 8b cb 48 83 c4 20 5b e9 51
0x00007ffe7fc4b27c:   69 27 00 48 83 c4 20 5b c3 cc cc cc cc cc cc cc
0x00007ffe7fc4b28c:   cc cc cc cc 40 56 48 83 ec 20 48 8b 51 18 48 8b
0x00007ffe7fc4b29c:   f1 48 85 d2 75 0d 48 8d 05 1f 5f 3d 00 48 83 c4 


Stack slot to memory mapping:
stack at sp + 0 slots: 0x00007ffe7fae921a jvm.dll
stack at sp + 1 slots: 0x0000006ac22fd5a0 is pointing into the stack for thread: 0x00000236bfd8c570
stack at sp + 2 slots: 0x00000236b121bb0c is at entry_point+204 in (nmethod*)0x00000236b121b890
stack at sp + 3 slots: 0x00000000a2277080 is an oop: java.util.concurrent.ConcurrentHashMap 
{0x00000000a2277080} - klass: 'java/util/concurrent/ConcurrentHashMap'
 - ---- fields (total size 8 words):
 - transient 'keySet' 'Ljava/util/Set;' @12  NULL (0)
 - transient 'values' 'Ljava/util/Collection;' @16  NULL (0)
 - private volatile transient 'sizeCtl' 'I' @20  12 (c)
 - private volatile transient 'baseCount' 'J' @24  9 (9 0)
 - private volatile transient 'transferIndex' 'I' @32  0
 - private volatile transient 'cellsBusy' 'I' @36  0
 - volatile transient 'table' '[Ljava/util/concurrent/ConcurrentHashMap$Node;' @40  a 'java/util/concurrent/ConcurrentHashMap$Node'[16] {0x00000000a22770c0} (a22770c0)
 - private volatile transient 'nextTable' '[Ljava/util/concurrent/ConcurrentHashMap$Node;' @44  NULL (0)
 - private volatile transient 'counterCells' '[Ljava/util/concurrent/ConcurrentHashMap$CounterCell;' @48  NULL (0)
 - private transient 'keySet' 'Ljava/util/concurrent/ConcurrentHashMap$KeySetView;' @52  NULL (0)
 - private transient 'values' 'Ljava/util/concurrent/ConcurrentHashMap$ValuesView;' @56  NULL (0)
 - private transient 'entrySet' 'Ljava/util/concurrent/ConcurrentHashMap$EntrySetView;' @60  NULL (0)
stack at sp + 4 slots: 0x00000000a659e3c8 is an oop: java.lang.String 
{0x00000000a659e3c8} - klass: 'java/lang/String'
 - string: "&restauranteRepository"
stack at sp + 5 slots: 0x00000000a2518cd8 is an oop: java.lang.Class 
{0x00000000a2518cd8} - klass: 'java/lang/Class'
 - ---- fields (total size 14 words):
 - private volatile transient 'classRedefinedCount' 'I' @12  0
 - private volatile transient 'cachedConstructor' 'Ljava/lang/reflect/Constructor;' @40  NULL (0)
 - private transient 'name' 'Ljava/lang/String;' @44  "org.springframework.context.Lifecycle"{0x00000000a2518e48} (a2518e48)
 - private transient 'module' 'Ljava/lang/Module;' @48  a 'java/lang/Module'{0x00000000a20318d8} (a20318d8)
 - private final 'classLoader' 'Ljava/lang/ClassLoader;' @52  a 'jdk/internal/loader/ClassLoaders$AppClassLoader'{0x00000000a203a250} (a203a250)
 - private transient 'classData' 'Ljava/lang/Object;' @56  NULL (0)
 - private transient 'packageName' 'Ljava/lang/String;' @60  "org.springframework.context"{0x00000000a1ed6fd0} (a1ed6fd0)
 - private final 'componentType' 'Ljava/lang/Class;' @64  [I{0x00000000a2518e98} (a2518e98)
 - private volatile transient 'reflectionData' 'Ljava/lang/ref/SoftReference;' @68  a 'java/lang/ref/SoftReference'{0x00000000a2e5b610} (a2e5b610)
 - private volatile transient 'genericInfo' 'Lsun/reflect/generics/repository/ClassRepository;' @72  NULL (0)
 - private volatile transient 'enumConstants' '[Ljava/lang/Object;' @76  NULL (0)
 - private volatile transient 'enumConstantDirectory' 'Ljava/util/Map;' @80  NULL (0)
 - private volatile transient 'annotationData' 'Ljava/lang/Class$AnnotationData;' @84  a 'java/lang/Class$AnnotationData'{0x00000000a26b12f0} (a26b12f0)
 - private volatile transient 'annotationType' 'Lsun/reflect/annotation/AnnotationType;' @88  NULL (0)
 - transient 'classValueMap' 'Ljava/lang/ClassValue$ClassValueMap;' @92  NULL (0)
 - signature: Lorg/springframework/context/Lifecycle;
 - fake entry for mirror: 'org/springframework/context/Lifecycle'
 - fake entry for array: NULL
 - fake entry for oop_size: 14
 - fake entry for static_oop_field_count: 0
stack at sp + 6 slots: 0x00000236b13c320b is at entry_point+235 in (nmethod*)0x00000236b13c2f90
stack at sp + 7 slots: {method} {0x00000236bb8bf158} 'isAssignableFrom' '(Ljava/lang/Class;)Z' in 'org/springframework/core/ResolvableType$1'


---------------  P R O C E S S  ---------------

Threads class SMR info:
_java_thread_list=0x00000236bfdcfd60, length=40, elements={
0x00000236b9c2d8c0, 0x00000236b9c5b4e0, 0x00000236b9c2a410, 0x00000236b9c2af90,
0x00000236b9c2b850, 0x00000236ba80d0a0, 0x00000236ba8173f0, 0x00000236b9c78ea0,
0x00000236ba8d4820, 0x00000236ba9c5180, 0x00000236baefb090, 0x00000236baefd230,
0x00000236bb0ce3e0, 0x00000236bb3fc140, 0x00000236bc12c1f0, 0x00000236bc12d060,
0x00000236bc12a9e0, 0x00000236bf8f50a0, 0x00000236bc12d530, 0x00000236bc12da00,
0x00000236bfd8c570, 0x00000236bf8f33c0, 0x00000236bf8f5a40, 0x00000236bf8f2a20,
0x00000236bf8f5f10, 0x00000236bf8f2080, 0x00000236bf8f0870, 0x00000236bf8f63e0,
0x00000236bf8f68b0, 0x00000236bf8ef060, 0x00000236bf8efa00, 0x00000236bf8f1210,
0x00000236bf8f0d40, 0x00000236bf8f1bb0, 0x00000236bfd8a890, 0x00000236bfd8c0a0,
0x00000236bfd8ad60, 0x00000236bfd8f590, 0x00000236bfd8ca40, 0x00000236bfd89a20
}

Java Threads: ( => current thread )
  0x00000236b9c2d8c0 JavaThread "Reference Handler" daemon [_thread_blocked, id=10356, stack(0x0000006abf700000,0x0000006abf800000)]
  0x00000236b9c5b4e0 JavaThread "Finalizer" daemon [_thread_blocked, id=3484, stack(0x0000006abf800000,0x0000006abf900000)]
  0x00000236b9c2a410 JavaThread "Signal Dispatcher" daemon [_thread_blocked, id=4072, stack(0x0000006abf900000,0x0000006abfa00000)]
  0x00000236b9c2af90 JavaThread "Attach Listener" daemon [_thread_blocked, id=6148, stack(0x0000006abfa00000,0x0000006abfb00000)]
  0x00000236b9c2b850 JavaThread "Service Thread" daemon [_thread_blocked, id=7992, stack(0x0000006abfb00000,0x0000006abfc00000)]
  0x00000236ba80d0a0 JavaThread "Monitor Deflation Thread" daemon [_thread_blocked, id=5904, stack(0x0000006abfc00000,0x0000006abfd00000)]
  0x00000236ba8173f0 JavaThread "C1 CompilerThread0" daemon [_thread_blocked, id=3376, stack(0x0000006abfd00000,0x0000006abfe00000)]
  0x00000236b9c78ea0 JavaThread "Sweeper thread" daemon [_thread_blocked, id=10508, stack(0x0000006abfe00000,0x0000006abff00000)]
  0x00000236ba8d4820 JavaThread "Common-Cleaner" daemon [_thread_blocked, id=9832, stack(0x0000006abff00000,0x0000006ac0000000)]
  0x00000236ba9c5180 JavaThread "Notification Thread" daemon [_thread_blocked, id=6312, stack(0x0000006ac0200000,0x0000006ac0300000)]
  0x00000236baefb090 JavaThread "RMI TCP Accept-0" daemon [_thread_in_native, id=4780, stack(0x0000006ac0300000,0x0000006ac0400000)]
  0x00000236baefd230 JavaThread "RMI TCP Accept-51641" daemon [_thread_in_native, id=10500, stack(0x0000006ac0400000,0x0000006ac0500000)]
  0x00000236bb0ce3e0 JavaThread "RMI TCP Accept-0" daemon [_thread_in_native, id=2224, stack(0x0000006ac0500000,0x0000006ac0600000)]
  0x00000236bb3fc140 JavaThread "RMI Scheduler(0)" daemon [_thread_blocked, id=8588, stack(0x0000006ac0f00000,0x0000006ac1000000)]
  0x00000236bc12c1f0 JavaThread "JMX server connection timeout 24" daemon [_thread_blocked, id=10264, stack(0x0000006ac1100000,0x0000006ac1200000)]
  0x00000236bc12d060 JavaThread "mysql-cj-abandoned-connection-cleanup" daemon [_thread_blocked, id=912, stack(0x0000006ac1500000,0x0000006ac1600000)]
  0x00000236bc12a9e0 JavaThread "Live Reload Server" daemon [_thread_in_native, id=8088, stack(0x0000006ac1b00000,0x0000006ac1c00000)]
  0x00000236bf8f50a0 JavaThread "DestroyJavaVM" [_thread_blocked, id=8344, stack(0x0000006abf000000,0x0000006abf100000)]
  0x00000236bc12d530 JavaThread "File Watcher" daemon [_thread_blocked, id=11392, stack(0x0000006abef00000,0x0000006abf000000)]
  0x00000236bc12da00 JavaThread "File Watcher" daemon [_thread_blocked, id=1496, stack(0x0000006ac0000000,0x0000006ac0100000)]
=>0x00000236bfd8c570 JavaThread "RMI TCP Connection(305)-127.0.0.1" daemon [_thread_in_vm, id=4364, stack(0x0000006ac2200000,0x0000006ac2300000)]
  0x00000236bf8f33c0 JavaThread "Catalina-utility-1" [_thread_blocked, id=10412, stack(0x0000006ac0100000,0x0000006ac0200000)]
  0x00000236bf8f5a40 JavaThread "Catalina-utility-2" [_thread_blocked, id=6616, stack(0x0000006ac0e00000,0x0000006ac0f00000)]
  0x00000236bf8f2a20 JavaThread "container-2" [_thread_blocked, id=4328, stack(0x0000006ac1000000,0x0000006ac1100000)]
  0x00000236bf8f5f10 JavaThread "HikariPool-17 housekeeper" daemon [_thread_blocked, id=12176, stack(0x0000006ac1400000,0x0000006ac1500000)]
  0x00000236bf8f2080 JavaThread "File Watcher" daemon [_thread_blocked, id=11556, stack(0x0000006ac1700000,0x0000006ac1800000)]
  0x00000236bf8f0870 JavaThread "http-nio-8080-exec-1" daemon [_thread_blocked, id=6988, stack(0x0000006ac1800000,0x0000006ac1900000)]
  0x00000236bf8f63e0 JavaThread "http-nio-8080-exec-2" daemon [_thread_blocked, id=5400, stack(0x0000006ac1900000,0x0000006ac1a00000)]
  0x00000236bf8f68b0 JavaThread "http-nio-8080-exec-3" daemon [_thread_blocked, id=4756, stack(0x0000006ac1a00000,0x0000006ac1b00000)]
  0x00000236bf8ef060 JavaThread "http-nio-8080-exec-4" daemon [_thread_blocked, id=7852, stack(0x0000006ac1c00000,0x0000006ac1d00000)]
  0x00000236bf8efa00 JavaThread "http-nio-8080-exec-5" daemon [_thread_blocked, id=11212, stack(0x0000006ac1d00000,0x0000006ac1e00000)]
  0x00000236bf8f1210 JavaThread "http-nio-8080-exec-6" daemon [_thread_blocked, id=11016, stack(0x0000006ac1e00000,0x0000006ac1f00000)]
  0x00000236bf8f0d40 JavaThread "http-nio-8080-exec-7" daemon [_thread_blocked, id=1040, stack(0x0000006ac1f00000,0x0000006ac2000000)]
  0x00000236bf8f1bb0 JavaThread "http-nio-8080-exec-8" daemon [_thread_blocked, id=132, stack(0x0000006ac2000000,0x0000006ac2100000)]
  0x00000236bfd8a890 JavaThread "http-nio-8080-exec-9" daemon [_thread_blocked, id=1708, stack(0x0000006ac2100000,0x0000006ac2200000)]
  0x00000236bfd8c0a0 JavaThread "http-nio-8080-exec-10" daemon [_thread_blocked, id=11352, stack(0x0000006ac2500000,0x0000006ac2600000)]
  0x00000236bfd8ad60 JavaThread "http-nio-8080-Poller" daemon [_thread_in_native, id=11308, stack(0x0000006ac2700000,0x0000006ac2800000)]
  0x00000236bfd8f590 JavaThread "http-nio-8080-Acceptor" daemon [_thread_in_native, id=11504, stack(0x0000006ac2800000,0x0000006ac2900000)]
  0x00000236bfd8ca40 JavaThread "RMI TCP Connection(306)-127.0.0.1" daemon [_thread_in_native, id=11116, stack(0x0000006abed00000,0x0000006abee00000)]
  0x00000236bfd89a20 JavaThread "JMX server connection timeout 518" daemon [_thread_blocked, id=10748, stack(0x0000006abee00000,0x0000006abef00000)]

Other Threads:
  0x00000236b9c45b40 VMThread "VM Thread" [stack: 0x0000006abf600000,0x0000006abf700000] [id=10200]
  0x00000236adad1470 WatcherThread [stack: 0x0000006ac0600000,0x0000006ac0700000] [id=6704]
  0x00000236adab7f70 GCTaskThread "GC Thread#0" [stack: 0x0000006abf100000,0x0000006abf200000] [id=10736]
  0x00000236bb0dcb40 GCTaskThread "GC Thread#1" [stack: 0x0000006ac0700000,0x0000006ac0800000] [id=3152]
  0x00000236bb144f90 GCTaskThread "GC Thread#2" [stack: 0x0000006ac0800000,0x0000006ac0900000] [id=3928]
  0x00000236bb145a50 GCTaskThread "GC Thread#3" [stack: 0x0000006ac0900000,0x0000006ac0a00000] [id=8976]
  0x00000236adac61f0 ConcurrentGCThread "G1 Main Marker" [stack: 0x0000006abf200000,0x0000006abf300000] [id=11204]
  0x00000236adac6b10 ConcurrentGCThread "G1 Conc#0" [stack: 0x0000006abf300000,0x0000006abf400000] [id=6936]
  0x00000236adb2ecb0 ConcurrentGCThread "G1 Refine#0" [stack: 0x0000006abf400000,0x0000006abf500000] [id=3860]
  0x00000236baa69c40 ConcurrentGCThread "G1 Refine#1" [stack: 0x0000006ac0a00000,0x0000006ac0b00000] [id=5784]
  0x00000236baa69f20 ConcurrentGCThread "G1 Refine#2" [stack: 0x0000006ac0b00000,0x0000006ac0c00000] [id=8456]
  0x00000236adb2f5e0 ConcurrentGCThread "G1 Service" [stack: 0x0000006abf500000,0x0000006abf600000] [id=6596]

Threads with active compile tasks:

VM state: not at safepoint (normal execution)

VM Mutex/Monitor currently owned by a thread: None

Heap address: 0x00000000a1c00000, size: 1508 MB, Compressed Oops mode: 32-bit

CDS archive(s) not mapped
Compressed class space mapped at: 0x0000000100000000-0x0000000140000000, reserved size: 1073741824
Narrow klass base: 0x0000000000000000, Narrow klass shift: 3, Narrow klass range: 0x140000000

GC Precious Log:
 CPUs: 4 total, 4 available
 Memory: 6027M
 Large Page Support: Disabled
 NUMA Support: Disabled
 Compressed Oops: Enabled (32-bit)
 Heap Region Size: 1M
 Heap Min Capacity: 8M
 Heap Initial Capacity: 96M
 Heap Max Capacity: 1508M
 Pre-touch: Disabled
 Parallel Workers: 4
 Concurrent Workers: 1
 Concurrent Refinement Workers: 4
 Periodic GC: Disabled

Heap:
 garbage-first heap   total 86016K, used 42105K [0x00000000a1c00000, 0x0000000100000000)
  region size 1024K, 14 young (14336K), 3 survivors (3072K)
 Metaspace       used 76997K, committed 77696K, reserved 1122304K
  class space    used 10281K, committed 10624K, reserved 1048576K

Heap Regions: E=young(eden), S=young(survivor), O=old, HS=humongous(starts), HC=humongous(continues), CS=collection set, F=free, OA=open archive, CA=closed archive, TAMS=top-at-mark-start (previous, next)
|   0|0x00000000a1c00000, 0x00000000a1d00000, 0x00000000a1d00000|100%|HS|  |TAMS 0x00000000a1d00000, 0x00000000a1c00000| Untracked 
|   1|0x00000000a1d00000, 0x00000000a1e00000, 0x00000000a1e00000|100%| O|  |TAMS 0x00000000a1e00000, 0x00000000a1d00000| Untracked 
|   2|0x00000000a1e00000, 0x00000000a1f00000, 0x00000000a1f00000|100%| O|  |TAMS 0x00000000a1f00000, 0x00000000a1e00000| Untracked 
|   3|0x00000000a1f00000, 0x00000000a1fffff8, 0x00000000a2000000| 99%| O|  |TAMS 0x00000000a1fffff8, 0x00000000a1f00000| Untracked 
|   4|0x00000000a2000000, 0x00000000a2100000, 0x00000000a2100000|100%| O|  |TAMS 0x00000000a2100000, 0x00000000a2000000| Untracked 
|   5|0x00000000a2100000, 0x00000000a2200000, 0x00000000a2200000|100%| O|  |TAMS 0x00000000a2200000, 0x00000000a2100000| Untracked 
|   6|0x00000000a2200000, 0x00000000a22ff030, 0x00000000a2300000| 99%| O|  |TAMS 0x00000000a22ff030, 0x00000000a2200000| Untracked 
|   7|0x00000000a2300000, 0x00000000a23ffff0, 0x00000000a2400000| 99%| O|  |TAMS 0x00000000a23ffff0, 0x00000000a2300000| Untracked 
|   8|0x00000000a2400000, 0x00000000a24fffe8, 0x00000000a2500000| 99%| O|  |TAMS 0x00000000a24fffe8, 0x00000000a2400000| Untracked 
|   9|0x00000000a2500000, 0x00000000a2600000, 0x00000000a2600000|100%| O|  |TAMS 0x00000000a2600000, 0x00000000a2500000| Untracked 
|  10|0x00000000a2600000, 0x00000000a26ff800, 0x00000000a2700000| 99%| O|  |TAMS 0x00000000a26ff800, 0x00000000a2600000| Untracked 
|  11|0x00000000a2700000, 0x00000000a27fffb8, 0x00000000a2800000| 99%| O|  |TAMS 0x00000000a27fffb8, 0x00000000a2700000| Untracked 
|  12|0x00000000a2800000, 0x00000000a28fffe8, 0x00000000a2900000| 99%| O|  |TAMS 0x00000000a28fffe8, 0x00000000a2800000| Untracked 
|  13|0x00000000a2900000, 0x00000000a29fff70, 0x00000000a2a00000| 99%| O|  |TAMS 0x00000000a29fff70, 0x00000000a2900000| Untracked 
|  14|0x00000000a2a00000, 0x00000000a2aff238, 0x00000000a2b00000| 99%| O|  |TAMS 0x00000000a2aff238, 0x00000000a2a00000| Untracked 
|  15|0x00000000a2b00000, 0x00000000a2c00000, 0x00000000a2c00000|100%| O|  |TAMS 0x00000000a2c00000, 0x00000000a2b00000| Untracked 
|  16|0x00000000a2c00000, 0x00000000a2cfffc0, 0x00000000a2d00000| 99%| O|  |TAMS 0x00000000a2cfffc0, 0x00000000a2c00000| Untracked 
|  17|0x00000000a2d00000, 0x00000000a2dfffe8, 0x00000000a2e00000| 99%| O|  |TAMS 0x00000000a2dfffe8, 0x00000000a2d00000| Untracked 
|  18|0x00000000a2e00000, 0x00000000a2efffd8, 0x00000000a2f00000| 99%| O|  |TAMS 0x00000000a2efffd8, 0x00000000a2e00000| Untracked 
|  19|0x00000000a2f00000, 0x00000000a2fffff0, 0x00000000a3000000| 99%| O|  |TAMS 0x00000000a2f00000, 0x00000000a2f00000| Untracked 
|  20|0x00000000a3000000, 0x00000000a30fffd0, 0x00000000a3100000| 99%| O|  |TAMS 0x00000000a3000000, 0x00000000a3000000| Untracked 
|  21|0x00000000a3100000, 0x00000000a31fffc0, 0x00000000a3200000| 99%| O|  |TAMS 0x00000000a3100000, 0x00000000a3100000| Untracked 
|  22|0x00000000a3200000, 0x00000000a32fffe8, 0x00000000a3300000| 99%| O|  |TAMS 0x00000000a3200000, 0x00000000a3200000| Untracked 
|  23|0x00000000a3300000, 0x00000000a33fffb8, 0x00000000a3400000| 99%| O|  |TAMS 0x00000000a3300000, 0x00000000a3300000| Untracked 
|  24|0x00000000a3400000, 0x00000000a340b050, 0x00000000a3500000|  4%| O|  |TAMS 0x00000000a3400000, 0x00000000a3400000| Untracked 
|  25|0x00000000a3500000, 0x00000000a3547a30, 0x00000000a3600000| 27%| O|  |TAMS 0x00000000a3500000, 0x00000000a3500000| Untracked 
|  26|0x00000000a3600000, 0x00000000a3700000, 0x00000000a3700000|100%| O|  |TAMS 0x00000000a3600000, 0x00000000a3600000| Untracked 
|  27|0x00000000a3700000, 0x00000000a3800000, 0x00000000a3800000|100%| O|  |TAMS 0x00000000a3700000, 0x00000000a3700000| Untracked 
|  28|0x00000000a3800000, 0x00000000a3878770, 0x00000000a3900000| 47%| O|  |TAMS 0x00000000a3800000, 0x00000000a3800000| Untracked 
|  29|0x00000000a3900000, 0x00000000a3a00000, 0x00000000a3a00000|100%| O|  |TAMS 0x00000000a3900000, 0x00000000a3900000| Untracked 
|  30|0x00000000a3a00000, 0x00000000a3b00000, 0x00000000a3b00000|100%| O|  |TAMS 0x00000000a3a00000, 0x00000000a3a00000| Untracked 
|  31|0x00000000a3b00000, 0x00000000a3b0d400, 0x00000000a3c00000|  5%| O|  |TAMS 0x00000000a3b00000, 0x00000000a3b00000| Untracked 
|  32|0x00000000a3c00000, 0x00000000a3c00000, 0x00000000a3d00000|  0%| F|  |TAMS 0x00000000a3c00000, 0x00000000a3c00000| Untracked 
|  33|0x00000000a3d00000, 0x00000000a3d00000, 0x00000000a3e00000|  0%| F|  |TAMS 0x00000000a3d00000, 0x00000000a3d00000| Untracked 
|  34|0x00000000a3e00000, 0x00000000a3e00000, 0x00000000a3f00000|  0%| F|  |TAMS 0x00000000a3e00000, 0x00000000a3e00000| Untracked 
|  35|0x00000000a3f00000, 0x00000000a3f00000, 0x00000000a4000000|  0%| F|  |TAMS 0x00000000a3f00000, 0x00000000a3f00000| Untracked 
|  36|0x00000000a4000000, 0x00000000a4000000, 0x00000000a4100000|  0%| F|  |TAMS 0x00000000a4000000, 0x00000000a4000000| Untracked 
|  37|0x00000000a4100000, 0x00000000a4100000, 0x00000000a4200000|  0%| F|  |TAMS 0x00000000a4100000, 0x00000000a4100000| Untracked 
|  38|0x00000000a4200000, 0x00000000a4200000, 0x00000000a4300000|  0%| F|  |TAMS 0x00000000a4200000, 0x00000000a4200000| Untracked 
|  39|0x00000000a4300000, 0x00000000a4300000, 0x00000000a4400000|  0%| F|  |TAMS 0x00000000a4300000, 0x00000000a4300000| Untracked 
|  40|0x00000000a4400000, 0x00000000a4400000, 0x00000000a4500000|  0%| F|  |TAMS 0x00000000a4400000, 0x00000000a4400000| Untracked 
|  41|0x00000000a4500000, 0x00000000a4500000, 0x00000000a4600000|  0%| F|  |TAMS 0x00000000a4500000, 0x00000000a4500000| Untracked 
|  42|0x00000000a4600000, 0x00000000a46486f0, 0x00000000a4700000| 28%| S|CS|TAMS 0x00000000a4600000, 0x00000000a4600000| Complete 
|  43|0x00000000a4700000, 0x00000000a4700000, 0x00000000a4800000|  0%| F|  |TAMS 0x00000000a4700000, 0x00000000a4700000| Untracked 
|  44|0x00000000a4800000, 0x00000000a4800000, 0x00000000a4900000|  0%| F|  |TAMS 0x00000000a4800000, 0x00000000a4800000| Untracked 
|  45|0x00000000a4900000, 0x00000000a4a00000, 0x00000000a4a00000|100%| S|CS|TAMS 0x00000000a4900000, 0x00000000a4900000| Complete 
|  46|0x00000000a4a00000, 0x00000000a4b00000, 0x00000000a4b00000|100%| S|CS|TAMS 0x00000000a4a00000, 0x00000000a4a00000| Complete 
|  47|0x00000000a4b00000, 0x00000000a4b00000, 0x00000000a4c00000|  0%| F|  |TAMS 0x00000000a4b00000, 0x00000000a4b00000| Untracked 
|  48|0x00000000a4c00000, 0x00000000a4c00000, 0x00000000a4d00000|  0%| F|  |TAMS 0x00000000a4c00000, 0x00000000a4c00000| Untracked 
|  49|0x00000000a4d00000, 0x00000000a4d00000, 0x00000000a4e00000|  0%| F|  |TAMS 0x00000000a4d00000, 0x00000000a4d00000| Untracked 
|  50|0x00000000a4e00000, 0x00000000a4e00000, 0x00000000a4f00000|  0%| F|  |TAMS 0x00000000a4e00000, 0x00000000a4e00000| Untracked 
|  51|0x00000000a4f00000, 0x00000000a4f00000, 0x00000000a5000000|  0%| F|  |TAMS 0x00000000a4f00000, 0x00000000a4f00000| Untracked 
|  52|0x00000000a5000000, 0x00000000a5000000, 0x00000000a5100000|  0%| F|  |TAMS 0x00000000a5000000, 0x00000000a5000000| Untracked 
|  53|0x00000000a5100000, 0x00000000a5100000, 0x00000000a5200000|  0%| F|  |TAMS 0x00000000a5100000, 0x00000000a5100000| Untracked 
|  54|0x00000000a5200000, 0x00000000a5200000, 0x00000000a5300000|  0%| F|  |TAMS 0x00000000a5200000, 0x00000000a5200000| Untracked 
|  55|0x00000000a5300000, 0x00000000a5300000, 0x00000000a5400000|  0%| F|  |TAMS 0x00000000a5300000, 0x00000000a5300000| Untracked 
|  56|0x00000000a5400000, 0x00000000a5400000, 0x00000000a5500000|  0%| F|  |TAMS 0x00000000a5400000, 0x00000000a5400000| Untracked 
|  57|0x00000000a5500000, 0x00000000a5500000, 0x00000000a5600000|  0%| F|  |TAMS 0x00000000a5500000, 0x00000000a5500000| Untracked 
|  58|0x00000000a5600000, 0x00000000a5600000, 0x00000000a5700000|  0%| F|  |TAMS 0x00000000a5600000, 0x00000000a5600000| Untracked 
|  59|0x00000000a5700000, 0x00000000a5700000, 0x00000000a5800000|  0%| F|  |TAMS 0x00000000a5700000, 0x00000000a5700000| Untracked 
|  60|0x00000000a5800000, 0x00000000a5800000, 0x00000000a5900000|  0%| F|  |TAMS 0x00000000a5800000, 0x00000000a5800000| Untracked 
|  61|0x00000000a5900000, 0x00000000a5900000, 0x00000000a5a00000|  0%| F|  |TAMS 0x00000000a5900000, 0x00000000a5900000| Untracked 
|  62|0x00000000a5a00000, 0x00000000a5a00000, 0x00000000a5b00000|  0%| F|  |TAMS 0x00000000a5a00000, 0x00000000a5a00000| Untracked 
|  63|0x00000000a5b00000, 0x00000000a5b00000, 0x00000000a5c00000|  0%| F|  |TAMS 0x00000000a5b00000, 0x00000000a5b00000| Untracked 
|  64|0x00000000a5c00000, 0x00000000a5c00000, 0x00000000a5d00000|  0%| F|  |TAMS 0x00000000a5c00000, 0x00000000a5c00000| Untracked 
|  65|0x00000000a5d00000, 0x00000000a5d00000, 0x00000000a5e00000|  0%| F|  |TAMS 0x00000000a5d00000, 0x00000000a5d00000| Untracked 
|  66|0x00000000a5e00000, 0x00000000a5e00000, 0x00000000a5f00000|  0%| F|  |TAMS 0x00000000a5e00000, 0x00000000a5e00000| Untracked 
|  67|0x00000000a5f00000, 0x00000000a5f00000, 0x00000000a6000000|  0%| F|  |TAMS 0x00000000a5f00000, 0x00000000a5f00000| Untracked 
|  68|0x00000000a6000000, 0x00000000a6000000, 0x00000000a6100000|  0%| F|  |TAMS 0x00000000a6000000, 0x00000000a6000000| Untracked 
|  69|0x00000000a6100000, 0x00000000a6100000, 0x00000000a6200000|  0%| F|  |TAMS 0x00000000a6100000, 0x00000000a6100000| Untracked 
|  70|0x00000000a6200000, 0x00000000a6200000, 0x00000000a6300000|  0%| F|  |TAMS 0x00000000a6200000, 0x00000000a6200000| Untracked 
|  71|0x00000000a6300000, 0x00000000a6300000, 0x00000000a6400000|  0%| F|  |TAMS 0x00000000a6300000, 0x00000000a6300000| Untracked 
|  72|0x00000000a6400000, 0x00000000a6400000, 0x00000000a6500000|  0%| F|  |TAMS 0x00000000a6400000, 0x00000000a6400000| Untracked 
|  73|0x00000000a6500000, 0x00000000a659e7f0, 0x00000000a6600000| 61%| E|  |TAMS 0x00000000a6500000, 0x00000000a6500000| Complete 
|  74|0x00000000a6600000, 0x00000000a6700000, 0x00000000a6700000|100%| E|CS|TAMS 0x00000000a6600000, 0x00000000a6600000| Complete 
|  75|0x00000000a6700000, 0x00000000a6800000, 0x00000000a6800000|100%| E|CS|TAMS 0x00000000a6700000, 0x00000000a6700000| Complete 
|  76|0x00000000a6800000, 0x00000000a6900000, 0x00000000a6900000|100%| E|CS|TAMS 0x00000000a6800000, 0x00000000a6800000| Complete 
|  77|0x00000000a6900000, 0x00000000a6a00000, 0x00000000a6a00000|100%| E|CS|TAMS 0x00000000a6900000, 0x00000000a6900000| Complete 
|  78|0x00000000a6a00000, 0x00000000a6b00000, 0x00000000a6b00000|100%| E|CS|TAMS 0x00000000a6a00000, 0x00000000a6a00000| Complete 
|  79|0x00000000a6b00000, 0x00000000a6c00000, 0x00000000a6c00000|100%| E|CS|TAMS 0x00000000a6b00000, 0x00000000a6b00000| Complete 
|  80|0x00000000a6c00000, 0x00000000a6d00000, 0x00000000a6d00000|100%| E|CS|TAMS 0x00000000a6c00000, 0x00000000a6c00000| Complete 
|  81|0x00000000a6d00000, 0x00000000a6e00000, 0x00000000a6e00000|100%| E|CS|TAMS 0x00000000a6d00000, 0x00000000a6d00000| Complete 
|  82|0x00000000a6e00000, 0x00000000a6f00000, 0x00000000a6f00000|100%| E|CS|TAMS 0x00000000a6e00000, 0x00000000a6e00000| Complete 
|  83|0x00000000a6f00000, 0x00000000a7000000, 0x00000000a7000000|100%| E|CS|TAMS 0x00000000a6f00000, 0x00000000a6f00000| Complete 

Card table byte_map: [0x00000236b4120000,0x00000236b4420000] _byte_map_base: 0x00000236b3c12000

Marking Bits (Prev, Next): (CMBitMap*) 0x00000236adab94e0, (CMBitMap*) 0x00000236adab94a0
 Prev Bits: [0x00000236b5eb0000, 0x00000236b7640000)
 Next Bits: [0x00000236b4720000, 0x00000236b5eb0000)

Polling page: 0x00000236ab9d0000

Metaspace:

Usage:
  Non-class:     65.15 MB used.
      Class:     10.04 MB used.
       Both:     75.19 MB used.

Virtual space:
  Non-class space:       72.00 MB reserved,      65.50 MB ( 91%) committed,  9 nodes.
      Class space:        1.00 GB reserved,      10.38 MB (  1%) committed,  1 nodes.
             Both:        1.07 GB reserved,      75.88 MB (  7%) committed. 

Chunk freelists:
   Non-Class:  2.08 MB
       Class:  1.46 MB
        Both:  3.53 MB

MaxMetaspaceSize: unlimited
CompressedClassSpaceSize: 1.00 GB
Initial GC threshold: 21.00 MB
Current GC threshold: 125.25 MB
CDS: off
MetaspaceReclaimPolicy: balanced
 - commit_granule_bytes: 65536.
 - commit_granule_words: 8192.
 - virtual_space_node_default_size: 1048576.
 - enlarge_chunks_in_place: 1.
 - new_chunks_are_fully_committed: 0.
 - uncommit_free_chunks: 1.
 - use_allocation_guard: 0.
 - handle_deallocations: 1.


Internal statistics:

num_allocs_failed_limit: 11.
num_arena_births: 2426.
num_arena_deaths: 1438.
num_vsnodes_births: 10.
num_vsnodes_deaths: 0.
num_space_committed: 1222.
num_space_uncommitted: 8.
num_chunks_returned_to_freelist: 2313.
num_chunks_taken_from_freelist: 5924.
num_chunk_merges: 421.
num_chunk_splits: 2747.
num_chunks_enlarged: 1650.
num_purges: 32.
num_inconsistent_stats: 0.

CodeCache: size=49152Kb used=23761Kb max_used=24840Kb free=25390Kb
 bounds [0x00000236b1120000, 0x00000236b29d0000, 0x00000236b4120000]
 total_blobs=14137 nmethods=13453 adapters=610
 compilation: enabled
              stopped_count=0, restarted_count=0
 full_count=0

Compilation events (20 events):
Event: 13125.709 Thread 0x00000236ba8173f0 13573       1       com.mysql.cj.jdbc.DatabaseMetaData::<init> (264 bytes)
Event: 13125.710 Thread 0x00000236ba8173f0 nmethod 13573 0x00000236b2858510 code [0x00000236b28587e0, 0x00000236b28593d8]
Event: 13125.710 Thread 0x00000236ba8173f0 13574       1       com.mysql.cj.NativeSession::getIdentifierQuoteString (34 bytes)
Event: 13125.710 Thread 0x00000236ba8173f0 nmethod 13574 0x00000236b2857f90 code [0x00000236b2858160, 0x00000236b2858378]
Event: 13125.717 Thread 0x00000236ba8173f0 13575       1       com.mysql.cj.protocol.a.NativeAuthenticationProvider::appendConnectionAttributes (127 bytes)
Event: 13125.718 Thread 0x00000236ba8173f0 nmethod 13575 0x00000236b2857610 code [0x00000236b2857860, 0x00000236b2857c88]
Event: 13130.377 Thread 0x00000236ba8173f0 13576       1       jdk.internal.util.random.RandomSupport::mixMurmur64 (29 bytes)
Event: 13130.377 Thread 0x00000236ba8173f0 nmethod 13576 0x00000236b2857310 code [0x00000236b28574a0, 0x00000236b2857598]
Event: 13135.772 Thread 0x00000236ba8173f0 13577       1       com.zaxxer.hikari.util.FastList::<init> (22 bytes)
Event: 13135.772 Thread 0x00000236ba8173f0 nmethod 13577 0x00000236b2856e90 code [0x00000236b2857040, 0x00000236b2857208]
Event: 13159.196 Thread 0x00000236ba8173f0 13578       1       com.zaxxer.hikari.util.FastList::remove (77 bytes)
Event: 13159.196 Thread 0x00000236ba8173f0 nmethod 13578 0x00000236b2856910 code [0x00000236b2856ac0, 0x00000236b2856d08]
Event: 13175.562 Thread 0x00000236ba8173f0 13579       1       java.util.concurrent.SynchronousQueue$TransferStack$SNode::tryMatch (52 bytes)
Event: 13175.564 Thread 0x00000236ba8173f0 nmethod 13579 0x00000236b2856110 code [0x00000236b2856300, 0x00000236b2856708]
Event: 13175.564 Thread 0x00000236ba8173f0 13580       1       java.util.concurrent.locks.LockSupport::unpark (12 bytes)
Event: 13175.564 Thread 0x00000236ba8173f0 nmethod 13580 0x00000236b2855e10 code [0x00000236b2855fa0, 0x00000236b2856068]
Event: 13480.629 Thread 0x00000236ba8173f0 13581   !   1       sun.rmi.transport.tcp.TCPTransport::handleMessages (412 bytes)
Event: 13480.634 Thread 0x00000236ba8173f0 nmethod 13581 0x00000236b2852210 code [0x00000236b28526c0, 0x00000236b2854408]
Event: 13480.648 Thread 0x00000236ba8173f0 13582       1       sun.util.calendar.CalendarDate::setLeapYear (6 bytes)
Event: 13480.649 Thread 0x00000236ba8173f0 nmethod 13582 0x00000236b2851f10 code [0x00000236b28520a0, 0x00000236b2852178]

GC Heap History (20 events):
Event: 10585.038 GC heap before
{Heap before GC invocations=108 (full 15):
 garbage-first heap   total 86016K, used 68898K [0x00000000a1c00000, 0x0000000100000000)
  region size 1024K, 39 young (39936K), 2 survivors (2048K)
 Metaspace       used 76997K, committed 77696K, reserved 1122304K
  class space    used 10281K, committed 10624K, reserved 1048576K
}
Event: 10585.040 GC heap after
{Heap after GC invocations=109 (full 15):
 garbage-first heap   total 86016K, used 31015K [0x00000000a1c00000, 0x0000000100000000)
  region size 1024K, 2 young (2048K), 2 survivors (2048K)
 Metaspace       used 76997K, committed 77696K, reserved 1122304K
  class space    used 10281K, committed 10624K, reserved 1048576K
}
Event: 10915.575 GC heap before
{Heap before GC invocations=109 (full 15):
 garbage-first heap   total 86016K, used 69927K [0x00000000a1c00000, 0x0000000100000000)
  region size 1024K, 40 young (40960K), 2 survivors (2048K)
 Metaspace       used 76997K, committed 77696K, reserved 1122304K
  class space    used 10281K, committed 10624K, reserved 1048576K
}
Event: 10915.577 GC heap after
{Heap after GC invocations=110 (full 15):
 garbage-first heap   total 86016K, used 30928K [0x00000000a1c00000, 0x0000000100000000)
  region size 1024K, 2 young (2048K), 2 survivors (2048K)
 Metaspace       used 76997K, committed 77696K, reserved 1122304K
  class space    used 10281K, committed 10624K, reserved 1048576K
}
Event: 11246.608 GC heap before
{Heap before GC invocations=110 (full 15):
 garbage-first heap   total 86016K, used 69840K [0x00000000a1c00000, 0x0000000100000000)
  region size 1024K, 40 young (40960K), 2 survivors (2048K)
 Metaspace       used 76997K, committed 77696K, reserved 1122304K
  class space    used 10281K, committed 10624K, reserved 1048576K
}
Event: 11246.610 GC heap after
{Heap after GC invocations=111 (full 15):
 garbage-first heap   total 86016K, used 30979K [0x00000000a1c00000, 0x0000000100000000)
  region size 1024K, 2 young (2048K), 2 survivors (2048K)
 Metaspace       used 76997K, committed 77696K, reserved 1122304K
  class space    used 10281K, committed 10624K, reserved 1048576K
}
Event: 11479.109 GC heap before
{Heap before GC invocations=111 (full 15):
 garbage-first heap   total 86016K, used 70915K [0x00000000a1c00000, 0x0000000100000000)
  region size 1024K, 41 young (41984K), 2 survivors (2048K)
 Metaspace       used 76997K, committed 77696K, reserved 1122304K
  class space    used 10281K, committed 10624K, reserved 1048576K
}
Event: 11479.112 GC heap after
{Heap after GC invocations=112 (full 15):
 garbage-first heap   total 86016K, used 31470K [0x00000000a1c00000, 0x0000000100000000)
  region size 1024K, 2 young (2048K), 2 survivors (2048K)
 Metaspace       used 76997K, committed 77696K, reserved 1122304K
  class space    used 10281K, committed 10624K, reserved 1048576K
}
Event: 11819.620 GC heap before
{Heap before GC invocations=112 (full 15):
 garbage-first heap   total 86016K, used 71406K [0x00000000a1c00000, 0x0000000100000000)
  region size 1024K, 41 young (41984K), 2 survivors (2048K)
 Metaspace       used 76997K, committed 77696K, reserved 1122304K
  class space    used 10281K, committed 10624K, reserved 1048576K
}
Event: 11819.622 GC heap after
{Heap after GC invocations=113 (full 15):
 garbage-first heap   total 86016K, used 31553K [0x00000000a1c00000, 0x0000000100000000)
  region size 1024K, 2 young (2048K), 2 survivors (2048K)
 Metaspace       used 76997K, committed 77696K, reserved 1122304K
  class space    used 10281K, committed 10624K, reserved 1048576K
}
Event: 12159.789 GC heap before
{Heap before GC invocations=113 (full 15):
 garbage-first heap   total 86016K, used 71489K [0x00000000a1c00000, 0x0000000100000000)
  region size 1024K, 41 young (41984K), 2 survivors (2048K)
 Metaspace       used 76997K, committed 77696K, reserved 1122304K
  class space    used 10281K, committed 10624K, reserved 1048576K
}
Event: 12159.792 GC heap after
{Heap after GC invocations=114 (full 15):
 garbage-first heap   total 86016K, used 31575K [0x00000000a1c00000, 0x0000000100000000)
  region size 1024K, 2 young (2048K), 2 survivors (2048K)
 Metaspace       used 76997K, committed 77696K, reserved 1122304K
  class space    used 10281K, committed 10624K, reserved 1048576K
}
Event: 12500.708 GC heap before
{Heap before GC invocations=114 (full 15):
 garbage-first heap   total 86016K, used 71511K [0x00000000a1c00000, 0x0000000100000000)
  region size 1024K, 41 young (41984K), 2 survivors (2048K)
 Metaspace       used 76997K, committed 77696K, reserved 1122304K
  class space    used 10281K, committed 10624K, reserved 1048576K
}
Event: 12500.710 GC heap after
{Heap after GC invocations=115 (full 15):
 garbage-first heap   total 86016K, used 31575K [0x00000000a1c00000, 0x0000000100000000)
  region size 1024K, 2 young (2048K), 2 survivors (2048K)
 Metaspace       used 76997K, committed 77696K, reserved 1122304K
  class space    used 10281K, committed 10624K, reserved 1048576K
}
Event: 12840.982 GC heap before
{Heap before GC invocations=115 (full 15):
 garbage-first heap   total 86016K, used 70487K [0x00000000a1c00000, 0x0000000100000000)
  region size 1024K, 41 young (41984K), 2 survivors (2048K)
 Metaspace       used 76997K, committed 77696K, reserved 1122304K
  class space    used 10281K, committed 10624K, reserved 1048576K
}
Event: 12840.984 GC heap after
{Heap after GC invocations=116 (full 15):
 garbage-first heap   total 86016K, used 31575K [0x00000000a1c00000, 0x0000000100000000)
  region size 1024K, 2 young (2048K), 2 survivors (2048K)
 Metaspace       used 76997K, committed 77696K, reserved 1122304K
  class space    used 10281K, committed 10624K, reserved 1048576K
}
Event: 13125.713 GC heap before
{Heap before GC invocations=116 (full 15):
 garbage-first heap   total 86016K, used 71511K [0x00000000a1c00000, 0x0000000100000000)
  region size 1024K, 41 young (41984K), 2 survivors (2048K)
 Metaspace       used 76997K, committed 77696K, reserved 1122304K
  class space    used 10281K, committed 10624K, reserved 1048576K
}
Event: 13125.716 GC heap after
{Heap after GC invocations=117 (full 15):
 garbage-first heap   total 86016K, used 31844K [0x00000000a1c00000, 0x0000000100000000)
  region size 1024K, 3 young (3072K), 3 survivors (3072K)
 Metaspace       used 76997K, committed 77696K, reserved 1122304K
  class space    used 10281K, committed 10624K, reserved 1048576K
}
Event: 13392.151 GC heap before
{Heap before GC invocations=117 (full 15):
 garbage-first heap   total 86016K, used 69732K [0x00000000a1c00000, 0x0000000100000000)
  region size 1024K, 40 young (40960K), 3 survivors (3072K)
 Metaspace       used 76997K, committed 77696K, reserved 1122304K
  class space    used 10281K, committed 10624K, reserved 1048576K
}
Event: 13392.191 GC heap after
{Heap after GC invocations=118 (full 15):
 garbage-first heap   total 86016K, used 31865K [0x00000000a1c00000, 0x0000000100000000)
  region size 1024K, 3 young (3072K), 3 survivors (3072K)
 Metaspace       used 76997K, committed 77696K, reserved 1122304K
  class space    used 10281K, committed 10624K, reserved 1048576K
}

Deoptimization events (20 events):
Event: 2.319 Thread 0x00000236bb38be10 DEOPT PACKING pc=0x00000236b181cb75 sp=0x0000006ac0dfc5b0
Event: 2.319 Thread 0x00000236bb38be10 DEOPT UNPACKING pc=0x00000236b1172b43 sp=0x0000006ac0dfba20 mode 3
Event: 2.803 Thread 0x00000236bb38be10 DEOPT PACKING pc=0x00000236b169b505 sp=0x0000006ac0dfb720
Event: 2.803 Thread 0x00000236bb38be10 DEOPT UNPACKING pc=0x00000236b1172b43 sp=0x0000006ac0dfac80 mode 3
Event: 2.822 Thread 0x00000236bb38be10 DEOPT PACKING pc=0x00000236b18ceafd sp=0x0000006ac0dfbfa0
Event: 2.822 Thread 0x00000236bb38be10 DEOPT UNPACKING pc=0x00000236b1172b43 sp=0x0000006ac0dfb508 mode 3
Event: 6.826 Thread 0x00000236bb38be10 DEOPT PACKING pc=0x00000236b1659dc2 sp=0x0000006ac0dfd810
Event: 6.826 Thread 0x00000236bb38be10 DEOPT UNPACKING pc=0x00000236b1172b43 sp=0x0000006ac0dfcd18 mode 3
Event: 6.827 Thread 0x00000236bb38be10 DEOPT PACKING pc=0x00000236b1638445 sp=0x0000006ac0dfd7d0
Event: 6.827 Thread 0x00000236bb38be10 DEOPT UNPACKING pc=0x00000236b1172b43 sp=0x0000006ac0dfcd18 mode 3
Event: 2083.951 Thread 0x00000236bf8f03a0 DEOPT PACKING pc=0x00000236b128a4e3 sp=0x0000006abeefd810
Event: 2083.951 Thread 0x00000236bf8f03a0 DEOPT UNPACKING pc=0x00000236b1172b43 sp=0x0000006abeefcca0 mode 3
Event: 8616.582 Thread 0x00000236bc12c6c0 DEOPT PACKING pc=0x00000236b26a1b2f sp=0x0000006ac0cfca80
Event: 8616.582 Thread 0x00000236bc12c6c0 DEOPT UNPACKING pc=0x00000236b1172b43 sp=0x0000006ac0cfc010 mode 3
Event: 8616.609 Thread 0x00000236bc12c6c0 DEOPT PACKING pc=0x00000236b19dbd8c sp=0x0000006ac0cfd5c0
Event: 8616.609 Thread 0x00000236bc12c6c0 DEOPT UNPACKING pc=0x00000236b1172b43 sp=0x0000006ac0cfca00 mode 0
Event: 9458.911 Thread 0x00000236bfd8bbd0 DEOPT PACKING pc=0x00000236b24be666 sp=0x0000006ac19fca70
Event: 9458.911 Thread 0x00000236bfd8bbd0 DEOPT UNPACKING pc=0x00000236b1172b43 sp=0x0000006ac19fbf38 mode 3
Event: 9531.170 Thread 0x00000236bfd908d0 DEOPT PACKING pc=0x00000236b25b8899 sp=0x0000006ac0cfd090
Event: 9531.170 Thread 0x00000236bfd908d0 DEOPT UNPACKING pc=0x00000236b1172b43 sp=0x0000006ac0cfc570 mode 3

Classes unloaded (20 events):
Event: 9530.913 Thread 0x00000236b9c45b40 Unloading class 0x000000010098aeb8 'com/algaworks/algafood/domain/repository/PermissaoRepository'
Event: 9530.913 Thread 0x00000236b9c45b40 Unloading class 0x000000010098ac88 'com/algaworks/algafood/domain/model/FormaPagamento'
Event: 9530.913 Thread 0x00000236b9c45b40 Unloading class 0x000000010098aa90 'com/algaworks/algafood/domain/repository/FormaPagamentoRepository'
Event: 9530.913 Thread 0x00000236b9c45b40 Unloading class 0x000000010098a860 'com/algaworks/algafood/domain/model/Estado'
Event: 9530.913 Thread 0x00000236b9c45b40 Unloading class 0x000000010098a668 'com/algaworks/algafood/domain/repository/EstadoRepository'
Event: 9530.913 Thread 0x00000236b9c45b40 Unloading class 0x000000010098a438 'com/algaworks/algafood/domain/model/Cozinha'
Event: 9530.913 Thread 0x00000236b9c45b40 Unloading class 0x000000010098a240 'com/algaworks/algafood/domain/repository/CozinhaRepository'
Event: 9530.913 Thread 0x00000236b9c45b40 Unloading class 0x000000010098a000 'com/algaworks/algafood/domain/model/Cidade'
Event: 9530.913 Thread 0x00000236b9c45b40 Unloading class 0x0000000100988ce0 'com/algaworks/algafood/domain/repository/CidadeRepository'
Event: 9530.913 Thread 0x00000236b9c45b40 Unloading class 0x0000000100988ac8 'com/algaworks/algafood/domain/service/CadastroRestauranteService'
Event: 9530.913 Thread 0x00000236b9c45b40 Unloading class 0x00000001009888b0 'com/algaworks/algafood/domain/service/CadastroEstadoService'
Event: 9530.913 Thread 0x00000236b9c45b40 Unloading class 0x0000000100988698 'com/algaworks/algafood/domain/service/CadastroCozinhaService'
Event: 9530.913 Thread 0x00000236b9c45b40 Unloading class 0x0000000100988480 'com/algaworks/algafood/domain/service/CadastroCidadeService'
Event: 9530.913 Thread 0x00000236b9c45b40 Unloading class 0x0000000100988230 'com/algaworks/algafood/api/controller/TesteController'
Event: 9530.913 Thread 0x00000236b9c45b40 Unloading class 0x0000000100988000 'com/algaworks/algafood/api/controller/RestauranteController'
Event: 9530.913 Thread 0x00000236b9c45b40 Unloading class 0x0000000100983c00 'com/algaworks/algafood/api/controller/EstadoController'
Event: 9530.913 Thread 0x00000236b9c45b40 Unloading class 0x0000000100982430 'com/algaworks/algafood/api/controller/CozinhaController'
Event: 9530.913 Thread 0x00000236b9c45b40 Unloading class 0x0000000100982200 'com/algaworks/algafood/api/controller/CidadeController'
Event: 9530.913 Thread 0x00000236b9c45b40 Unloading class 0x0000000100982000 'com/algaworks/algafood/AlgafoodApplication'
Event: 9573.374 Thread 0x00000236b9c45b40 Unloading class 0x0000000100969800 'org/apache/catalina/loader/JdbcLeakPrevention'

Classes redefined (0 events):
No events

Internal exceptions (20 events):
Event: 9573.653 Thread 0x00000236bf8f5570 Exception <a 'sun/nio/fs/WindowsException'{0x00000000a53b4040}> (0x00000000a53b4040) 
thrown [e:\jenkins\tmp\workspace\build\src\src\hotspot\share\prims\jni.cpp, line 516]
Event: 9573.653 Thread 0x00000236bf8f5570 Exception <a 'sun/nio/fs/WindowsException'{0x00000000a53b4750}> (0x00000000a53b4750) 
thrown [e:\jenkins\tmp\workspace\build\src\src\hotspot\share\prims\jni.cpp, line 516]
Event: 9573.653 Thread 0x00000236bf8f5570 Exception <a 'sun/nio/fs/WindowsException'{0x00000000a53b4e48}> (0x00000000a53b4e48) 
thrown [e:\jenkins\tmp\workspace\build\src\src\hotspot\share\prims\jni.cpp, line 516]
Event: 9573.660 Thread 0x00000236bf8f5570 Exception <a 'java/io/FileNotFoundException'{0x00000000a53e88a8}> (0x00000000a53e88a8) 
thrown [e:\jenkins\tmp\workspace\build\src\src\hotspot\share\prims\jni.cpp, line 516]
Event: 9573.679 Thread 0x00000236bf8f5570 Exception <a 'java/io/FileNotFoundException'{0x00000000a5193438}> (0x00000000a5193438) 
thrown [e:\jenkins\tmp\workspace\build\src\src\hotspot\share\prims\jni.cpp, line 516]
Event: 9575.311 Thread 0x00000236bf8f5570 Exception <a 'java/lang/ClassNotFoundException'{0x00000000a5f3dd40}: java/lang/ObjectCustomizer> (0x00000000a5f3dd40) 
thrown [e:\jenkins\tmp\workspace\build\src\src\hotspot\share\classfile\systemDictionary.cpp, line 256]
Event: 9575.311 Thread 0x00000236bf8f5570 Exception <a 'java/lang/ClassNotFoundException'{0x00000000a5f48770}: com/algaworks/algafood/domain/model/CidadeCustomizer> (0x00000000a5f48770) 
thrown [e:\jenkins\tmp\workspace\build\src\src\hotspot\share\classfile\systemDictionary.cpp, line 256]
Event: 9575.313 Thread 0x00000236bf8f5570 Exception <a 'java/lang/ClassNotFoundException'{0x00000000a5f72bc0}: java/lang/ObjectCustomizer> (0x00000000a5f72bc0) 
thrown [e:\jenkins\tmp\workspace\build\src\src\hotspot\share\classfile\systemDictionary.cpp, line 256]
Event: 9575.313 Thread 0x00000236bf8f5570 Exception <a 'java/lang/ClassNotFoundException'{0x00000000a5f7d138}: com/algaworks/algafood/domain/model/EstadoCustomizer> (0x00000000a5f7d138) 
thrown [e:\jenkins\tmp\workspace\build\src\src\hotspot\share\classfile\systemDictionary.cpp, line 256]
Event: 9575.347 Thread 0x00000236bf8f5570 Exception <a 'java/lang/ClassNotFoundException'{0x00000000a5614cc8}: java/lang/ObjectCustomizer> (0x00000000a5614cc8) 
thrown [e:\jenkins\tmp\workspace\build\src\src\hotspot\share\classfile\systemDictionary.cpp, line 256]
Event: 9575.347 Thread 0x00000236bf8f5570 Exception <a 'java/lang/ClassNotFoundException'{0x00000000a561ea88}: com/algaworks/algafood/domain/model/CozinhaCustomizer> (0x00000000a561ea88) 
thrown [e:\jenkins\tmp\workspace\build\src\src\hotspot\share\classfile\systemDictionary.cpp, line 256]
Event: 9575.373 Thread 0x00000236bf8f5570 Exception <a 'java/lang/ClassNotFoundException'{0x00000000a4e56990}: java/lang/ObjectCustomizer> (0x00000000a4e56990) 
thrown [e:\jenkins\tmp\workspace\build\src\src\hotspot\share\classfile\systemDictionary.cpp, line 256]
Event: 9575.373 Thread 0x00000236bf8f5570 Exception <a 'java/lang/ClassNotFoundException'{0x00000000a4e60980}: com/algaworks/algafood/domain/model/RestauranteCustomizer> (0x00000000a4e60980) 
thrown [e:\jenkins\tmp\workspace\build\src\src\hotspot\share\classfile\systemDictionary.cpp, line 256]
Event: 9575.492 Thread 0x00000236bf8f5570 Exception <a 'java/lang/ClassNotFoundException'{0x00000000a5ffbd08}: java/lang/ObjectCustomizer> (0x00000000a5ffbd08) 
thrown [e:\jenkins\tmp\workspace\build\src\src\hotspot\share\classfile\systemDictionary.cpp, line 256]
Event: 9575.493 Thread 0x00000236bf8f5570 Exception <a 'java/lang/ClassNotFoundException'{0x00000000a5e058c8}: com/algaworks/algafood/domain/model/FormaPagamentoCustomizer> (0x00000000a5e058c8) 
thrown [e:\jenkins\tmp\workspace\build\src\src\hotspot\share\classfile\systemDictionary.cpp, line 256]
Event: 9575.505 Thread 0x00000236bf8f5570 Exception <a 'java/lang/ClassNotFoundException'{0x00000000a5a11998}: java/lang/ObjectCustomizer> (0x00000000a5a11998) 
thrown [e:\jenkins\tmp\workspace\build\src\src\hotspot\share\classfile\systemDictionary.cpp, line 256]
Event: 9575.506 Thread 0x00000236bf8f5570 Exception <a 'java/lang/ClassNotFoundException'{0x00000000a5a1b388}: com/algaworks/algafood/domain/model/PermissaoCustomizer> (0x00000000a5a1b388) 
thrown [e:\jenkins\tmp\workspace\build\src\src\hotspot\share\classfile\systemDictionary.cpp, line 256]
Event: 13114.923 Thread 0x00000236bfd8ff30 Exception <a 'java/io/IOException'{0x00000000a4fc51c8}> (0x00000000a4fc51c8) 
thrown [e:\jenkins\tmp\workspace\build\src\src\hotspot\share\prims\jni.cpp, line 516]
Event: 13130.325 Thread 0x00000236bfd8ca40 Exception <a 'java/net/SocketException'{0x00000000a6fe1b20}: Connection reset by peer: shutdown> (0x00000000a6fe1b20) 
thrown [e:\jenkins\tmp\workspace\build\src\src\hotspot\share\prims\jni.cpp, line 535]
Event: 13159.196 Thread 0x00000236bfd90400 Exception <a 'java/io/IOException'{0x00000000a6675008}> (0x00000000a6675008) 
thrown [e:\jenkins\tmp\workspace\build\src\src\hotspot\share\prims\jni.cpp, line 516]

VM Operations (20 events):
Event: 13114.219 Executing VM operation: Cleanup
Event: 13114.219 Executing VM operation: Cleanup done
Event: 13115.231 Executing VM operation: Cleanup
Event: 13115.231 Executing VM operation: Cleanup done
Event: 13119.268 Executing VM operation: Cleanup
Event: 13119.268 Executing VM operation: Cleanup done
Event: 13125.713 Executing VM operation: G1CollectForAllocation
Event: 13125.716 Executing VM operation: G1CollectForAllocation done
Event: 13128.741 Executing VM operation: Cleanup
Event: 13128.742 Executing VM operation: Cleanup done
Event: 13130.763 Executing VM operation: Cleanup
Event: 13130.763 Executing VM operation: Cleanup done
Event: 13135.822 Executing VM operation: Cleanup
Event: 13135.822 Executing VM operation: Cleanup done
Event: 13150.989 Executing VM operation: Cleanup
Event: 13150.989 Executing VM operation: Cleanup done
Event: 13160.079 Executing VM operation: Cleanup
Event: 13160.080 Executing VM operation: Cleanup done
Event: 13392.151 Executing VM operation: G1CollectForAllocation
Event: 13392.192 Executing VM operation: G1CollectForAllocation done

Events (20 events):
Event: 13123.946 Thread 0x00000236bfd8ff30 Thread exited: 0x00000236bfd8ff30
Event: 13123.961 Thread 0x00000236bfd8ca40 Thread exited: 0x00000236bfd8ca40
Event: 13125.704 Thread 0x00000236bfd8ca40 Thread added: 0x00000236bfd8ca40
Event: 13125.704 Thread 0x00000236bfd8b230 Thread added: 0x00000236bfd8b230
Event: 13135.339 Thread 0x00000236bfd8ca40 Thread exited: 0x00000236bfd8ca40
Event: 13135.385 Thread 0x00000236bfd8b230 Thread exited: 0x00000236bfd8b230
Event: 13135.760 Thread 0x00000236bfd8ca40 Thread added: 0x00000236bfd8ca40
Event: 13135.760 Thread 0x00000236bfd8fa60 Thread added: 0x00000236bfd8fa60
Event: 13140.767 Thread 0x00000236bfd8ca40 Thread exited: 0x00000236bfd8ca40
Event: 13140.782 Thread 0x00000236bfd8fa60 Thread exited: 0x00000236bfd8fa60
Event: 13150.027 Thread 0x00000236bfd8ebf0 Thread added: 0x00000236bfd8ebf0
Event: 13150.027 Thread 0x00000236bfd89a20 Thread added: 0x00000236bfd89a20
Event: 13155.041 Thread 0x00000236bfd89a20 Thread exited: 0x00000236bfd89a20
Event: 13155.041 Thread 0x00000236bfd8ebf0 Thread exited: 0x00000236bfd8ebf0
Event: 13159.196 Thread 0x00000236bfd90400 Thread added: 0x00000236bfd90400
Event: 13159.196 Thread 0x00000236bfd89550 Thread added: 0x00000236bfd89550
Event: 13164.207 Thread 0x00000236bfd89550 Thread exited: 0x00000236bfd89550
Event: 13164.207 Thread 0x00000236bfd90400 Thread exited: 0x00000236bfd90400
Event: 13480.601 Thread 0x00000236bfd8ca40 Thread added: 0x00000236bfd8ca40
Event: 13480.622 Thread 0x00000236bfd89a20 Thread added: 0x00000236bfd89a20


Dynamic libraries:
0x00007ff69d6e0000 - 0x00007ff69d6ee000 	D:\Doc_Meire Lopes\Desktop\NOVOS DOWLOADS\Software\SPRING_REST\Sts\sts-4.15.1.RELEASE\plugins\org.eclipse.justj.openjdk.hotspot.jre.full.win32.x86_64_17.0.3.v20220515-1416\jre\bin\javaw.exe
0x00007ffeda870000 - 0x00007ffedaa66000 	C:\Windows\SYSTEM32\ntdll.dll
0x00007ffed8b50000 - 0x00007ffed8c0d000 	C:\Windows\System32\KERNEL32.DLL
0x00007ffed8340000 - 0x00007ffed8608000 	C:\Windows\System32\KERNELBASE.dll
0x00007ffed8720000 - 0x00007ffed8820000 	C:\Windows\System32\ucrtbase.dll
0x00007ffebfa20000 - 0x00007ffebfa38000 	D:\Doc_Meire Lopes\Desktop\NOVOS DOWLOADS\Software\SPRING_REST\Sts\sts-4.15.1.RELEASE\plugins\org.eclipse.justj.openjdk.hotspot.jre.full.win32.x86_64_17.0.3.v20220515-1416\jre\bin\jli.dll
0x00007ffec0ac0000 - 0x00007ffec0ad9000 	D:\Doc_Meire Lopes\Desktop\NOVOS DOWLOADS\Software\SPRING_REST\Sts\sts-4.15.1.RELEASE\plugins\org.eclipse.justj.openjdk.hotspot.jre.full.win32.x86_64_17.0.3.v20220515-1416\jre\bin\VCRUNTIME140.dll
0x00007ffed89b0000 - 0x00007ffed8b50000 	C:\Windows\System32\USER32.dll
0x00007ffed88a0000 - 0x00007ffed88c2000 	C:\Windows\System32\win32u.dll
0x00007ffed7370000 - 0x00007ffed760b000 	C:\Windows\WinSxS\amd64_microsoft.windows.common-controls_6595b64144ccf1df_6.0.19041.488_none_ca04af081b815d21\COMCTL32.dll
0x00007ffed9cc0000 - 0x00007ffed9cea000 	C:\Windows\System32\GDI32.dll
0x00007ffed8ef0000 - 0x00007ffed8f8e000 	C:\Windows\System32\msvcrt.dll
0x00007ffed8610000 - 0x00007ffed8719000 	C:\Windows\System32\gdi32full.dll
0x00007ffed7fb0000 - 0x00007ffed804d000 	C:\Windows\System32\msvcp_win.dll
0x00007ffed8ec0000 - 0x00007ffed8ef0000 	C:\Windows\System32\IMM32.DLL
0x00007ffeb6a20000 - 0x00007ffeb6a2c000 	D:\Doc_Meire Lopes\Desktop\NOVOS DOWLOADS\Software\SPRING_REST\Sts\sts-4.15.1.RELEASE\plugins\org.eclipse.justj.openjdk.hotspot.jre.full.win32.x86_64_17.0.3.v20220515-1416\jre\bin\vcruntime140_1.dll
0x00007ffe7f5a0000 - 0x00007ffe7f631000 	D:\Doc_Meire Lopes\Desktop\NOVOS DOWLOADS\Software\SPRING_REST\Sts\sts-4.15.1.RELEASE\plugins\org.eclipse.justj.openjdk.hotspot.jre.full.win32.x86_64_17.0.3.v20220515-1416\jre\bin\msvcp140.dll
0x00007ffe7f710000 - 0x00007ffe80358000 	D:\Doc_Meire Lopes\Desktop\NOVOS DOWLOADS\Software\SPRING_REST\Sts\sts-4.15.1.RELEASE\plugins\org.eclipse.justj.openjdk.hotspot.jre.full.win32.x86_64_17.0.3.v20220515-1416\jre\bin\server\jvm.dll
0x00007ffed8d50000 - 0x00007ffed8dfc000 	C:\Windows\System32\ADVAPI32.dll
0x00007ffed9b60000 - 0x00007ffed9bfb000 	C:\Windows\System32\sechost.dll
0x00007ffed8c10000 - 0x00007ffed8d34000 	C:\Windows\System32\RPCRT4.dll
0x00007ffed9cb0000 - 0x00007ffed9cb8000 	C:\Windows\System32\PSAPI.DLL
0x00007ffed3630000 - 0x00007ffed3639000 	C:\Windows\SYSTEM32\WSOCK32.dll
0x00007ffed1a60000 - 0x00007ffed1a87000 	C:\Windows\SYSTEM32\WINMM.dll
0x00007ffed9520000 - 0x00007ffed958b000 	C:\Windows\System32\WS2_32.dll
0x00007ffecfe70000 - 0x00007ffecfe7a000 	C:\Windows\SYSTEM32\VERSION.dll
0x00007ffed58d0000 - 0x00007ffed58e2000 	C:\Windows\SYSTEM32\kernel.appcore.dll
0x00007ffec3270000 - 0x00007ffec327a000 	D:\Doc_Meire Lopes\Desktop\NOVOS DOWLOADS\Software\SPRING_REST\Sts\sts-4.15.1.RELEASE\plugins\org.eclipse.justj.openjdk.hotspot.jre.full.win32.x86_64_17.0.3.v20220515-1416\jre\bin\jimage.dll
0x00007ffed7740000 - 0x00007ffed7924000 	C:\Windows\SYSTEM32\DBGHELP.DLL
0x00007ffed7710000 - 0x00007ffed773c000 	C:\Windows\SYSTEM32\dbgcore.DLL
0x00007ffed82c0000 - 0x00007ffed833f000 	C:\Windows\System32\bcryptPrimitives.dll
0x00007ffec1140000 - 0x00007ffec1165000 	D:\Doc_Meire Lopes\Desktop\NOVOS DOWLOADS\Software\SPRING_REST\Sts\sts-4.15.1.RELEASE\plugins\org.eclipse.justj.openjdk.hotspot.jre.full.win32.x86_64_17.0.3.v20220515-1416\jre\bin\java.dll
0x00007ffeba0e0000 - 0x00007ffeba0f8000 	D:\Doc_Meire Lopes\Desktop\NOVOS DOWLOADS\Software\SPRING_REST\Sts\sts-4.15.1.RELEASE\plugins\org.eclipse.justj.openjdk.hotspot.jre.full.win32.x86_64_17.0.3.v20220515-1416\jre\bin\zip.dll
0x00007ffed9f50000 - 0x00007ffeda691000 	C:\Windows\System32\SHELL32.dll
0x00007ffed5ad0000 - 0x00007ffed6265000 	C:\Windows\SYSTEM32\windows.storage.dll
0x00007ffed9800000 - 0x00007ffed9b55000 	C:\Windows\System32\combase.dll
0x00007ffed72d0000 - 0x00007ffed72fc000 	C:\Windows\SYSTEM32\Wldp.dll
0x00007ffed9c00000 - 0x00007ffed9cae000 	C:\Windows\System32\SHCORE.dll
0x00007ffeda7d0000 - 0x00007ffeda825000 	C:\Windows\System32\shlwapi.dll
0x00007ffed7ee0000 - 0x00007ffed7f06000 	C:\Windows\SYSTEM32\profapi.dll
0x00007ffeb7490000 - 0x00007ffeb74a9000 	D:\Doc_Meire Lopes\Desktop\NOVOS DOWLOADS\Software\SPRING_REST\Sts\sts-4.15.1.RELEASE\plugins\org.eclipse.justj.openjdk.hotspot.jre.full.win32.x86_64_17.0.3.v20220515-1416\jre\bin\net.dll
0x00007ffecfb20000 - 0x00007ffecfc20000 	C:\Windows\SYSTEM32\WINHTTP.dll
0x00007ffed7040000 - 0x00007ffed70aa000 	C:\Windows\system32\mswsock.dll
0x00007ffeb6a30000 - 0x00007ffeb6a45000 	D:\Doc_Meire Lopes\Desktop\NOVOS DOWLOADS\Software\SPRING_REST\Sts\sts-4.15.1.RELEASE\plugins\org.eclipse.justj.openjdk.hotspot.jre.full.win32.x86_64_17.0.3.v20220515-1416\jre\bin\nio.dll
0x00007ffeb68f0000 - 0x00007ffeb68f9000 	D:\Doc_Meire Lopes\Desktop\NOVOS DOWLOADS\Software\SPRING_REST\Sts\sts-4.15.1.RELEASE\plugins\org.eclipse.justj.openjdk.hotspot.jre.full.win32.x86_64_17.0.3.v20220515-1416\jre\bin\management.dll
0x00007ffeb12f0000 - 0x00007ffeb12fb000 	D:\Doc_Meire Lopes\Desktop\NOVOS DOWLOADS\Software\SPRING_REST\Sts\sts-4.15.1.RELEASE\plugins\org.eclipse.justj.openjdk.hotspot.jre.full.win32.x86_64_17.0.3.v20220515-1416\jre\bin\management_ext.dll
0x00007ffec6420000 - 0x00007ffec6437000 	C:\Windows\system32\napinsp.dll
0x00007ffec6380000 - 0x00007ffec639b000 	C:\Windows\system32\pnrpnsp.dll
0x00007ffec6500000 - 0x00007ffec6515000 	C:\Windows\system32\wshbth.dll
0x00007ffed34a0000 - 0x00007ffed34bd000 	C:\Windows\system32\NLAapi.dll
0x00007ffed6d40000 - 0x00007ffed6d7b000 	C:\Windows\SYSTEM32\IPHLPAPI.DLL
0x00007ffed6d80000 - 0x00007ffed6e4b000 	C:\Windows\SYSTEM32\DNSAPI.dll
0x00007ffed8d40000 - 0x00007ffed8d48000 	C:\Windows\System32\NSI.dll
0x00007ffec6440000 - 0x00007ffec6452000 	C:\Windows\System32\winrnr.dll
0x00007ffece4f0000 - 0x00007ffece4fa000 	C:\Windows\System32\rasadhlp.dll
0x00007ffecfaa0000 - 0x00007ffecfb1f000 	C:\Windows\System32\fwpuclnt.dll
0x00007ffed8820000 - 0x00007ffed8847000 	C:\Windows\System32\bcrypt.dll
0x00007ffed7c70000 - 0x00007ffed7c88000 	C:\Windows\SYSTEM32\CRYPTSP.dll
0x00007ffed6a00000 - 0x00007ffed6a34000 	C:\Windows\system32\rsaenh.dll
0x00007ffed7ea0000 - 0x00007ffed7ece000 	C:\Windows\SYSTEM32\USERENV.dll
0x00007ffed72c0000 - 0x00007ffed72cc000 	C:\Windows\SYSTEM32\CRYPTBASE.dll
0x00007ffed2300000 - 0x00007ffed2317000 	C:\Windows\SYSTEM32\dhcpcsvc6.DLL
0x00007ffed21e0000 - 0x00007ffed21fd000 	C:\Windows\SYSTEM32\dhcpcsvc.DLL
0x00007ffec1410000 - 0x00007ffec1420000 	D:\Doc_Meire Lopes\Desktop\NOVOS DOWLOADS\Software\SPRING_REST\Sts\sts-4.15.1.RELEASE\plugins\org.eclipse.justj.openjdk.hotspot.jre.full.win32.x86_64_17.0.3.v20220515-1416\jre\bin\verify.dll
0x00007ffeb7480000 - 0x00007ffeb748e000 	D:\Doc_Meire Lopes\Desktop\NOVOS DOWLOADS\Software\SPRING_REST\Sts\sts-4.15.1.RELEASE\plugins\org.eclipse.justj.openjdk.hotspot.jre.full.win32.x86_64_17.0.3.v20220515-1416\jre\bin\sunmscapi.dll
0x00007ffed8160000 - 0x00007ffed82bd000 	C:\Windows\System32\CRYPT32.dll
0x00007ffed7340000 - 0x00007ffed7367000 	C:\Windows\SYSTEM32\ncrypt.dll
0x00007ffed7300000 - 0x00007ffed733b000 	C:\Windows\SYSTEM32\NTASN1.dll
0x00007ffec5ef0000 - 0x00007ffec5ef7000 	C:\Windows\system32\wshunix.dll

dbghelp: loaded successfully - version: 4.0.5 - missing functions: none
symbol engine: initialized successfully - sym options: 0x614 - pdb path: .;D:\Doc_Meire Lopes\Desktop\NOVOS DOWLOADS\Software\SPRING_REST\Sts\sts-4.15.1.RELEASE\plugins\org.eclipse.justj.openjdk.hotspot.jre.full.win32.x86_64_17.0.3.v20220515-1416\jre\bin;C:\Windows\SYSTEM32;C:\Windows\WinSxS\amd64_microsoft.windows.common-controls_6595b64144ccf1df_6.0.19041.488_none_ca04af081b815d21;D:\Doc_Meire Lopes\Desktop\NOVOS DOWLOADS\Software\SPRING_REST\Sts\sts-4.15.1.RELEASE\plugins\org.eclipse.justj.openjdk.hotspot.jre.full.win32.x86_64_17.0.3.v20220515-1416\jre\bin\server

VM Arguments:
jvm_args: -Dcom.sun.management.jmxremote -Dcom.sun.management.jmxremote.port=51641 -Dcom.sun.management.jmxremote.authenticate=false -Dcom.sun.management.jmxremote.ssl=false -Djava.rmi.server.hostname=localhost -Dspring.jmx.enabled=true -Dspring.application.admin.enabled=true -XX:TieredStopAtLevel=1 -Dspring.boot.project.name=algafood -Dfile.encoding=UTF-8 -XX:+ShowCodeDetailsInExceptionMessages 
java_command: com.algaworks.algafood.AlgafoodApplication --spring.output.ansi.enabled=always
java_class_path (initial): C:\Users\USUARIO\git\algafood\algafood\target\classes;C:\Users\USUARIO\.m2\repository\org\springframework\boot\spring-boot-starter-web\2.7.5\spring-boot-starter-web-2.7.5.jar;C:\Users\USUARIO\.m2\repository\org\springframework\boot\spring-boot-starter-json\2.7.5\spring-boot-starter-json-2.7.5.jar;C:\Users\USUARIO\.m2\repository\com\fasterxml\jackson\datatype\jackson-datatype-jdk8\2.13.4\jackson-datatype-jdk8-2.13.4.jar;C:\Users\USUARIO\.m2\repository\com\fasterxml\jackson\datatype\jackson-datatype-jsr310\2.13.4\jackson-datatype-jsr310-2.13.4.jar;C:\Users\USUARIO\.m2\repository\com\fasterxml\jackson\module\jackson-module-parameter-names\2.13.4\jackson-module-parameter-names-2.13.4.jar;C:\Users\USUARIO\.m2\repository\org\springframework\boot\spring-boot-starter-tomcat\2.7.5\spring-boot-starter-tomcat-2.7.5.jar;C:\Users\USUARIO\.m2\repository\org\apache\tomcat\embed\tomcat-embed-core\9.0.68\tomcat-embed-core-9.0.68.jar;C:\Users\USUARIO\.m2\repository\org\apache\tomcat\embed\tomcat-embed-el\9.0.68\tomcat-embed-el-9.0.68.jar;C:\Users\USUARIO\.m2\repository\org\apache\tomcat\embed\tomcat-embed-websocket\9.0.68\tomcat-embed-websocket-9.0.68.jar;C:\Users\USUARIO\.m2\repository\org\springframework\spring-web\5.3.23\spring-web-5.3.23.jar;C:\Users\USUARIO\.m2\repository\org\springframework\spring-beans\5.3.23\spring-beans-5.3.23.jar;C:\Users\USUARIO\.m2\repository\org\springframework\spring-webmvc\5.3.23\spring-webmvc-5.3.23.jar;C:\Users\USUARIO\.m2\repository\org\springframework\spring-aop\5.3.23\spring-aop-5.3.23.jar;C:\Users\USUARIO\.m2\repository\org\springframework\spring-context\5.3.23\spring-context-5.3.23.jar;C:\Users\USUARIO\.m2\repository\org\springframework\spring-expression\5.3.23\spring-expression-5.3.23.jar;C:\Users\USUARIO\.m2\repository\org\springframework\boot\spring-boot-devtools\2.7.5\spring-boot-devtools-2.7.5.jar;C:\Users\USUARIO\.m2\repository\org\springframework\boot\spring-boot\2.7.5\spring-boot-2.7.5.jar;C:\Users\USUARIO\.m
Launcher Type: SUN_STANDARD

[Global flags]
     intx CICompilerCount                          = 3                                         {product} {ergonomic}
     uint ConcGCThreads                            = 1                                         {product} {ergonomic}
     uint G1ConcRefinementThreads                  = 4                                         {product} {ergonomic}
   size_t G1HeapRegionSize                         = 1048576                                   {product} {ergonomic}
    uintx GCDrainStackTargetSize                   = 64                                        {product} {ergonomic}
   size_t InitialHeapSize                          = 100663296                                 {product} {ergonomic}
     bool ManagementServer                         = true                                      {product} {command line}
   size_t MarkStackSize                            = 4194304                                   {product} {ergonomic}
   size_t MaxHeapSize                              = 1581252608                                {product} {ergonomic}
   size_t MaxNewSize                               = 947912704                                 {product} {ergonomic}
   size_t MinHeapDeltaBytes                        = 1048576                                   {product} {ergonomic}
   size_t MinHeapSize                              = 8388608                                   {product} {ergonomic}
    uintx NonProfiledCodeHeapSize                  = 0                                      {pd product} {ergonomic}
     bool ProfileInterpreter                       = false                                  {pd product} {command line}
    uintx ProfiledCodeHeapSize                     = 0                                      {pd product} {ergonomic}
     bool ShowCodeDetailsInExceptionMessages       = true                                   {manageable} {command line}
   size_t SoftMaxHeapSize                          = 1581252608                             {manageable} {ergonomic}
     intx TieredStopAtLevel                        = 1                                         {product} {command line}
     bool UseCompressedClassPointers               = true                           {product lp64_product} {ergonomic}
     bool UseCompressedOops                        = true                           {product lp64_product} {ergonomic}
     bool UseG1GC                                  = true                                      {product} {ergonomic}
     bool UseLargePagesIndividualAllocation        = false                                  {pd product} {ergonomic}

Logging:
Log output configuration:
 #0: stdout all=warning uptime,level,tags
 #1: stderr all=off uptime,level,tags

Environment Variables:
PATH=D:/Doc_Meire Lopes/Desktop/NOVOS DOWLOADS/Software/SPRING_REST/Sts/sts-4.15.1.RELEASE//plugins/org.eclipse.justj.openjdk.hotspot.jre.full.win32.x86_64_17.0.3.v20220515-1416/jre/bin/server;D:/Doc_Meire Lopes/Desktop/NOVOS DOWLOADS/Software/SPRING_REST/Sts/sts-4.15.1.RELEASE//plugins/org.eclipse.justj.openjdk.hotspot.jre.full.win32.x86_64_17.0.3.v20220515-1416/jre/bin;C:\Program Files (x86)\Common Files\Intel\Shared Libraries\redist\intel64\compiler;C:\Windows\system32;C:\Windows;C:\Windows\System32\Wbem;C:\Windows\System32\WindowsPowerShell\v1.0\;C:\Windows\System32\OpenSSH\;C:\Program Files\Microsoft SQL Server\120\Tools\Binn\;C:\Program Files\Common Files\Autodesk Shared\;C:\MinGW\bin;C:\Program Files (x86)\HP\Common\HPDestPlgIn\;C:\Program Files\Git\cmd;C:\Program Files\Git;C:\Program Files\Java\jdk-14.0.1\bin;C:\Program Files\Java\jdk-11.0.15+10\bin;C:\Users\USUARIO\AppData\Local\Microsoft\WindowsApps;d:\Program Files\JetBrains\IntelliJ IDEA Community Edition 2021.1.3\bin;;C:\Program Files (x86)\HP\Common\HPDestPlgIn\;C:\Program Files\Java\jdk-14.0.1\bin;D:\Doc_Meire Lopes\Desktop\2022\Digital House\Softwares\apache-maven-3.8.5\bin;D:\Doc_Meire Lopes\Desktop\2022\JAVA\apache-maven-3.8.6\bin;C:\Users\USUARIO\AppData\Local\Programs\Microsoft VS Code\bin;C:\Program Files\Java\jdk-11.0.15+10\bin;D:\Doc_Meire Lopes\Desktop\NOVOS DOWLOADS\Software\apache-maven-3.8.6\bin;;D:\Doc_Meire Lopes\Desktop\NOVOS DOWLOADS\Software\SPRING_REST\Sts\sts-4.15.1.RELEASE;
USERNAME=USUARIO
OS=Windows_NT
PROCESSOR_IDENTIFIER=Intel64 Family 6 Model 60 Stepping 3, GenuineIntel



---------------  S Y S T E M  ---------------

OS:
 Windows 10 , 64 bit Build 19041 (10.0.19041.546)
OS uptime: 0 days 4:44 hours

CPU: total 4 (initial active 4) (4 cores per cpu, 1 threads per core) family 6 model 60 stepping 3 microcode 0x27, cx8, cmov, fxsr, mmx, sse, sse2, sse3, ssse3, sse4.1, sse4.2, popcnt, lzcnt, tsc, tscinvbit, avx, avx2, aes, erms, clmul, bmi1, bmi2, fma, vzeroupper, clflush

Memory: 4k page, system-wide physical 6027M (3419M free)
TotalPageFile size 9483M (AvailPageFile size 3896M)
current process WorkingSet (physical memory assigned to process): 147M, peak: 240M
current process commit charge ("private bytes"): 280M, peak: 286M

vm_info: OpenJDK 64-Bit Server VM (17.0.3+7) for windows-amd64 JRE (17.0.3+7), built on Apr 19 2022 16:55:35 by "" with MS VC++ 16.7 (VS2019)

END.
